2024-11-14 01:36:20,759 - root - INFO - Finetune stage...
2024-11-14 01:36:21,298 - root - INFO - In train()-> Train Ep. #1 loss: 1.610, accuracy: 19.04, lr: 0.01, sparsity: 0.000, network_width_mpl: 1.0
2024-11-14 01:36:21,411 - root - INFO - In validate()-> Val Ep. #1 loss: 1.609, accuracy: 20.00, sparsity: 0.000, task1 ratio: 1.000, zero ratio: 0.000, mpl: 1.0
2024-11-14 01:36:21,746 - root - INFO - In train()-> Train Ep. #2 loss: 1.609, accuracy: 20.12, lr: 0.01, sparsity: 0.000, network_width_mpl: 1.0
2024-11-14 01:36:21,871 - root - INFO - In validate()-> Val Ep. #2 loss: 1.603, accuracy: 20.00, sparsity: 0.000, task1 ratio: 1.000, zero ratio: 0.000, mpl: 1.0
2024-11-14 01:36:22,210 - root - INFO - In train()-> Train Ep. #3 loss: 1.566, accuracy: 26.80, lr: 0.01, sparsity: 0.000, network_width_mpl: 1.0
2024-11-14 01:36:22,322 - root - INFO - In validate()-> Val Ep. #3 loss: 1.529, accuracy: 27.00, sparsity: 0.000, task1 ratio: 1.000, zero ratio: 0.000, mpl: 1.0
2024-11-14 01:36:22,673 - root - INFO - In train()-> Train Ep. #4 loss: 1.503, accuracy: 30.72, lr: 0.01, sparsity: 0.000, network_width_mpl: 1.0
2024-11-14 01:36:22,781 - root - INFO - In validate()-> Val Ep. #4 loss: 1.471, accuracy: 31.80, sparsity: 0.000, task1 ratio: 1.000, zero ratio: 0.000, mpl: 1.0
2024-11-14 01:36:23,120 - root - INFO - In train()-> Train Ep. #5 loss: 1.436, accuracy: 37.40, lr: 0.01, sparsity: 0.000, network_width_mpl: 1.0
2024-11-14 01:36:23,234 - root - INFO - In validate()-> Val Ep. #5 loss: 1.422, accuracy: 40.40, sparsity: 0.000, task1 ratio: 1.000, zero ratio: 0.000, mpl: 1.0
2024-11-14 01:36:23,558 - root - INFO - In train()-> Train Ep. #6 loss: 1.399, accuracy: 39.92, lr: 0.01, sparsity: 0.000, network_width_mpl: 1.0
2024-11-14 01:36:23,674 - root - INFO - In validate()-> Val Ep. #6 loss: 1.431, accuracy: 37.40, sparsity: 0.000, task1 ratio: 1.000, zero ratio: 0.000, mpl: 1.0
2024-11-14 01:36:23,985 - root - INFO - In train()-> Train Ep. #7 loss: 1.359, accuracy: 40.84, lr: 0.01, sparsity: 0.000, network_width_mpl: 1.0
2024-11-14 01:36:24,105 - root - INFO - In validate()-> Val Ep. #7 loss: 1.441, accuracy: 41.00, sparsity: 0.000, task1 ratio: 1.000, zero ratio: 0.000, mpl: 1.0
2024-11-14 01:36:24,431 - root - INFO - In train()-> Train Ep. #8 loss: 1.325, accuracy: 43.44, lr: 0.01, sparsity: 0.000, network_width_mpl: 1.0
2024-11-14 01:36:24,545 - root - INFO - In validate()-> Val Ep. #8 loss: 1.453, accuracy: 39.00, sparsity: 0.000, task1 ratio: 1.000, zero ratio: 0.000, mpl: 1.0
2024-11-14 01:36:24,897 - root - INFO - In train()-> Train Ep. #9 loss: 1.293, accuracy: 45.20, lr: 0.01, sparsity: 0.000, network_width_mpl: 1.0
2024-11-14 01:36:25,013 - root - INFO - In validate()-> Val Ep. #9 loss: 1.328, accuracy: 44.40, sparsity: 0.000, task1 ratio: 1.000, zero ratio: 0.000, mpl: 1.0
2024-11-14 01:36:25,318 - root - INFO - In train()-> Train Ep. #10 loss: 1.274, accuracy: 46.48, lr: 0.01, sparsity: 0.000, network_width_mpl: 1.0
2024-11-14 01:36:25,435 - root - INFO - In validate()-> Val Ep. #10 loss: 1.289, accuracy: 46.40, sparsity: 0.000, task1 ratio: 1.000, zero ratio: 0.000, mpl: 1.0
2024-11-14 01:36:25,762 - root - INFO - In train()-> Train Ep. #11 loss: 1.243, accuracy: 48.44, lr: 0.01, sparsity: 0.000, network_width_mpl: 1.0
2024-11-14 01:36:25,875 - root - INFO - In validate()-> Val Ep. #11 loss: 1.269, accuracy: 46.40, sparsity: 0.000, task1 ratio: 1.000, zero ratio: 0.000, mpl: 1.0
2024-11-14 01:36:26,204 - root - INFO - In train()-> Train Ep. #12 loss: 1.240, accuracy: 48.12, lr: 0.01, sparsity: 0.000, network_width_mpl: 1.0
2024-11-14 01:36:26,323 - root - INFO - In validate()-> Val Ep. #12 loss: 1.271, accuracy: 48.20, sparsity: 0.000, task1 ratio: 1.000, zero ratio: 0.000, mpl: 1.0
2024-11-14 01:36:26,633 - root - INFO - In train()-> Train Ep. #13 loss: 1.235, accuracy: 47.32, lr: 0.01, sparsity: 0.000, network_width_mpl: 1.0
2024-11-14 01:36:26,754 - root - INFO - In validate()-> Val Ep. #13 loss: 1.274, accuracy: 47.80, sparsity: 0.000, task1 ratio: 1.000, zero ratio: 0.000, mpl: 1.0
2024-11-14 01:36:27,052 - root - INFO - In train()-> Train Ep. #14 loss: 1.226, accuracy: 48.44, lr: 0.01, sparsity: 0.000, network_width_mpl: 1.0
2024-11-14 01:36:27,177 - root - INFO - In validate()-> Val Ep. #14 loss: 1.230, accuracy: 48.00, sparsity: 0.000, task1 ratio: 1.000, zero ratio: 0.000, mpl: 1.0
2024-11-14 01:36:27,490 - root - INFO - In train()-> Train Ep. #15 loss: 1.206, accuracy: 49.88, lr: 0.01, sparsity: 0.000, network_width_mpl: 1.0
2024-11-14 01:36:27,601 - root - INFO - In validate()-> Val Ep. #15 loss: 1.204, accuracy: 53.00, sparsity: 0.000, task1 ratio: 1.000, zero ratio: 0.000, mpl: 1.0
2024-11-14 01:36:27,898 - root - INFO - In train()-> Train Ep. #16 loss: 1.191, accuracy: 50.68, lr: 0.01, sparsity: 0.000, network_width_mpl: 1.0
2024-11-14 01:36:28,011 - root - INFO - In validate()-> Val Ep. #16 loss: 1.233, accuracy: 47.80, sparsity: 0.000, task1 ratio: 1.000, zero ratio: 0.000, mpl: 1.0
2024-11-14 01:36:28,337 - root - INFO - In train()-> Train Ep. #17 loss: 1.202, accuracy: 51.20, lr: 0.01, sparsity: 0.000, network_width_mpl: 1.0
2024-11-14 01:36:28,462 - root - INFO - In validate()-> Val Ep. #17 loss: 1.183, accuracy: 52.20, sparsity: 0.000, task1 ratio: 1.000, zero ratio: 0.000, mpl: 1.0
2024-11-14 01:36:28,777 - root - INFO - In train()-> Train Ep. #18 loss: 1.185, accuracy: 50.80, lr: 0.01, sparsity: 0.000, network_width_mpl: 1.0
2024-11-14 01:36:28,895 - root - INFO - In validate()-> Val Ep. #18 loss: 1.193, accuracy: 49.40, sparsity: 0.000, task1 ratio: 1.000, zero ratio: 0.000, mpl: 1.0
2024-11-14 01:36:29,216 - root - INFO - In train()-> Train Ep. #19 loss: 1.171, accuracy: 51.44, lr: 0.01, sparsity: 0.000, network_width_mpl: 1.0
2024-11-14 01:36:29,338 - root - INFO - In validate()-> Val Ep. #19 loss: 1.212, accuracy: 49.40, sparsity: 0.000, task1 ratio: 1.000, zero ratio: 0.000, mpl: 1.0
2024-11-14 01:36:29,644 - root - INFO - In train()-> Train Ep. #20 loss: 1.168, accuracy: 52.92, lr: 0.01, sparsity: 0.000, network_width_mpl: 1.0
2024-11-14 01:36:29,757 - root - INFO - In validate()-> Val Ep. #20 loss: 1.227, accuracy: 51.00, sparsity: 0.000, task1 ratio: 1.000, zero ratio: 0.000, mpl: 1.0
2024-11-14 01:36:30,090 - root - INFO - In train()-> Train Ep. #21 loss: 1.163, accuracy: 52.20, lr: 0.01, sparsity: 0.000, network_width_mpl: 1.0
2024-11-14 01:36:30,201 - root - INFO - In validate()-> Val Ep. #21 loss: 1.161, accuracy: 51.60, sparsity: 0.000, task1 ratio: 1.000, zero ratio: 0.000, mpl: 1.0
2024-11-14 01:36:30,523 - root - INFO - In train()-> Train Ep. #22 loss: 1.165, accuracy: 52.48, lr: 0.01, sparsity: 0.000, network_width_mpl: 1.0
2024-11-14 01:36:30,638 - root - INFO - In validate()-> Val Ep. #22 loss: 1.222, accuracy: 51.20, sparsity: 0.000, task1 ratio: 1.000, zero ratio: 0.000, mpl: 1.0
2024-11-14 01:36:30,972 - root - INFO - In train()-> Train Ep. #23 loss: 1.160, accuracy: 52.80, lr: 0.01, sparsity: 0.000, network_width_mpl: 1.0
2024-11-14 01:36:31,082 - root - INFO - In validate()-> Val Ep. #23 loss: 1.142, accuracy: 54.60, sparsity: 0.000, task1 ratio: 1.000, zero ratio: 0.000, mpl: 1.0
2024-11-14 01:36:31,400 - root - INFO - In train()-> Train Ep. #24 loss: 1.125, accuracy: 54.12, lr: 0.01, sparsity: 0.000, network_width_mpl: 1.0
2024-11-14 01:36:31,526 - root - INFO - In validate()-> Val Ep. #24 loss: 1.188, accuracy: 49.80, sparsity: 0.000, task1 ratio: 1.000, zero ratio: 0.000, mpl: 1.0
2024-11-14 01:36:31,847 - root - INFO - In train()-> Train Ep. #25 loss: 1.127, accuracy: 54.76, lr: 0.01, sparsity: 0.000, network_width_mpl: 1.0
2024-11-14 01:36:31,971 - root - INFO - In validate()-> Val Ep. #25 loss: 1.124, accuracy: 55.40, sparsity: 0.000, task1 ratio: 1.000, zero ratio: 0.000, mpl: 1.0
2024-11-14 01:36:32,278 - root - INFO - In train()-> Train Ep. #26 loss: 1.111, accuracy: 54.88, lr: 0.01, sparsity: 0.000, network_width_mpl: 1.0
2024-11-14 01:36:32,405 - root - INFO - In validate()-> Val Ep. #26 loss: 1.173, accuracy: 52.60, sparsity: 0.000, task1 ratio: 1.000, zero ratio: 0.000, mpl: 1.0
2024-11-14 01:36:32,715 - root - INFO - In train()-> Train Ep. #27 loss: 1.106, accuracy: 54.96, lr: 0.01, sparsity: 0.000, network_width_mpl: 1.0
2024-11-14 01:36:32,836 - root - INFO - In validate()-> Val Ep. #27 loss: 1.140, accuracy: 56.60, sparsity: 0.000, task1 ratio: 1.000, zero ratio: 0.000, mpl: 1.0
2024-11-14 01:36:33,182 - root - INFO - In train()-> Train Ep. #28 loss: 1.093, accuracy: 56.28, lr: 0.01, sparsity: 0.000, network_width_mpl: 1.0
2024-11-14 01:36:33,294 - root - INFO - In validate()-> Val Ep. #28 loss: 1.124, accuracy: 53.80, sparsity: 0.000, task1 ratio: 1.000, zero ratio: 0.000, mpl: 1.0
2024-11-14 01:36:33,607 - root - INFO - In train()-> Train Ep. #29 loss: 1.090, accuracy: 56.80, lr: 0.01, sparsity: 0.000, network_width_mpl: 1.0
2024-11-14 01:36:33,743 - root - INFO - In validate()-> Val Ep. #29 loss: 1.159, accuracy: 51.80, sparsity: 0.000, task1 ratio: 1.000, zero ratio: 0.000, mpl: 1.0
2024-11-14 01:36:34,106 - root - INFO - In train()-> Train Ep. #30 loss: 1.088, accuracy: 56.08, lr: 0.01, sparsity: 0.000, network_width_mpl: 1.0
2024-11-14 01:36:34,234 - root - INFO - In validate()-> Val Ep. #30 loss: 1.141, accuracy: 54.40, sparsity: 0.000, task1 ratio: 1.000, zero ratio: 0.000, mpl: 1.0
2024-11-14 01:36:34,547 - root - INFO - In train()-> Train Ep. #31 loss: 1.064, accuracy: 57.56, lr: 0.01, sparsity: 0.000, network_width_mpl: 1.0
2024-11-14 01:36:34,673 - root - INFO - In validate()-> Val Ep. #31 loss: 1.118, accuracy: 55.20, sparsity: 0.000, task1 ratio: 1.000, zero ratio: 0.000, mpl: 1.0
2024-11-14 01:36:34,995 - root - INFO - In train()-> Train Ep. #32 loss: 1.050, accuracy: 58.56, lr: 0.01, sparsity: 0.000, network_width_mpl: 1.0
2024-11-14 01:36:35,105 - root - INFO - In validate()-> Val Ep. #32 loss: 1.300, accuracy: 50.80, sparsity: 0.000, task1 ratio: 1.000, zero ratio: 0.000, mpl: 1.0
2024-11-14 01:36:35,444 - root - INFO - In train()-> Train Ep. #33 loss: 1.066, accuracy: 56.92, lr: 0.01, sparsity: 0.000, network_width_mpl: 1.0
2024-11-14 01:36:35,554 - root - INFO - In validate()-> Val Ep. #33 loss: 1.126, accuracy: 54.80, sparsity: 0.000, task1 ratio: 1.000, zero ratio: 0.000, mpl: 1.0
2024-11-14 01:36:35,874 - root - INFO - In train()-> Train Ep. #34 loss: 1.061, accuracy: 58.48, lr: 0.01, sparsity: 0.000, network_width_mpl: 1.0
2024-11-14 01:36:35,991 - root - INFO - In validate()-> Val Ep. #34 loss: 1.135, accuracy: 53.20, sparsity: 0.000, task1 ratio: 1.000, zero ratio: 0.000, mpl: 1.0
2024-11-14 01:36:36,301 - root - INFO - In train()-> Train Ep. #35 loss: 1.045, accuracy: 58.24, lr: 0.01, sparsity: 0.000, network_width_mpl: 1.0
2024-11-14 01:36:36,413 - root - INFO - In validate()-> Val Ep. #35 loss: 1.170, accuracy: 54.20, sparsity: 0.000, task1 ratio: 1.000, zero ratio: 0.000, mpl: 1.0
2024-11-14 01:36:36,731 - root - INFO - In train()-> Train Ep. #36 loss: 1.033, accuracy: 58.92, lr: 0.01, sparsity: 0.000, network_width_mpl: 1.0
2024-11-14 01:36:36,844 - root - INFO - In validate()-> Val Ep. #36 loss: 1.113, accuracy: 54.20, sparsity: 0.000, task1 ratio: 1.000, zero ratio: 0.000, mpl: 1.0
2024-11-14 01:36:37,167 - root - INFO - In train()-> Train Ep. #37 loss: 1.031, accuracy: 59.00, lr: 0.01, sparsity: 0.000, network_width_mpl: 1.0
2024-11-14 01:36:37,293 - root - INFO - In validate()-> Val Ep. #37 loss: 1.119, accuracy: 55.60, sparsity: 0.000, task1 ratio: 1.000, zero ratio: 0.000, mpl: 1.0
2024-11-14 01:36:37,605 - root - INFO - In train()-> Train Ep. #38 loss: 1.024, accuracy: 59.08, lr: 0.01, sparsity: 0.000, network_width_mpl: 1.0
2024-11-14 01:36:37,717 - root - INFO - In validate()-> Val Ep. #38 loss: 1.134, accuracy: 53.40, sparsity: 0.000, task1 ratio: 1.000, zero ratio: 0.000, mpl: 1.0
2024-11-14 01:36:38,059 - root - INFO - In train()-> Train Ep. #39 loss: 1.023, accuracy: 59.00, lr: 0.01, sparsity: 0.000, network_width_mpl: 1.0
2024-11-14 01:36:38,176 - root - INFO - In validate()-> Val Ep. #39 loss: 1.113, accuracy: 56.20, sparsity: 0.000, task1 ratio: 1.000, zero ratio: 0.000, mpl: 1.0
2024-11-14 01:36:38,505 - root - INFO - In train()-> Train Ep. #40 loss: 1.003, accuracy: 61.52, lr: 0.01, sparsity: 0.000, network_width_mpl: 1.0
2024-11-14 01:36:38,619 - root - INFO - In validate()-> Val Ep. #40 loss: 1.202, accuracy: 54.80, sparsity: 0.000, task1 ratio: 1.000, zero ratio: 0.000, mpl: 1.0
2024-11-14 01:36:38,940 - root - INFO - In train()-> Train Ep. #41 loss: 1.008, accuracy: 60.32, lr: 0.01, sparsity: 0.000, network_width_mpl: 1.0
2024-11-14 01:36:39,058 - root - INFO - In validate()-> Val Ep. #41 loss: 1.156, accuracy: 54.40, sparsity: 0.000, task1 ratio: 1.000, zero ratio: 0.000, mpl: 1.0
2024-11-14 01:36:39,388 - root - INFO - In train()-> Train Ep. #42 loss: 0.978, accuracy: 61.96, lr: 0.01, sparsity: 0.000, network_width_mpl: 1.0
2024-11-14 01:36:39,502 - root - INFO - In validate()-> Val Ep. #42 loss: 1.076, accuracy: 58.00, sparsity: 0.000, task1 ratio: 1.000, zero ratio: 0.000, mpl: 1.0
2024-11-14 01:36:39,819 - root - INFO - In train()-> Train Ep. #43 loss: 0.994, accuracy: 59.96, lr: 0.01, sparsity: 0.000, network_width_mpl: 1.0
2024-11-14 01:36:39,942 - root - INFO - In validate()-> Val Ep. #43 loss: 1.119, accuracy: 55.00, sparsity: 0.000, task1 ratio: 1.000, zero ratio: 0.000, mpl: 1.0
2024-11-14 01:36:40,276 - root - INFO - In train()-> Train Ep. #44 loss: 0.981, accuracy: 61.60, lr: 0.01, sparsity: 0.000, network_width_mpl: 1.0
2024-11-14 01:36:40,402 - root - INFO - In validate()-> Val Ep. #44 loss: 1.130, accuracy: 55.20, sparsity: 0.000, task1 ratio: 1.000, zero ratio: 0.000, mpl: 1.0
2024-11-14 01:36:40,713 - root - INFO - In train()-> Train Ep. #45 loss: 0.990, accuracy: 61.60, lr: 0.01, sparsity: 0.000, network_width_mpl: 1.0
2024-11-14 01:36:40,828 - root - INFO - In validate()-> Val Ep. #45 loss: 1.118, accuracy: 54.80, sparsity: 0.000, task1 ratio: 1.000, zero ratio: 0.000, mpl: 1.0
2024-11-14 01:36:41,148 - root - INFO - In train()-> Train Ep. #46 loss: 0.976, accuracy: 61.92, lr: 0.01, sparsity: 0.000, network_width_mpl: 1.0
2024-11-14 01:36:41,281 - root - INFO - In validate()-> Val Ep. #46 loss: 1.090, accuracy: 55.00, sparsity: 0.000, task1 ratio: 1.000, zero ratio: 0.000, mpl: 1.0
2024-11-14 01:36:41,552 - root - INFO - In train()-> Train Ep. #47 loss: 0.959, accuracy: 62.48, lr: 0.01, sparsity: 0.000, network_width_mpl: 1.0
2024-11-14 01:36:41,672 - root - INFO - In validate()-> Val Ep. #47 loss: 1.090, accuracy: 58.20, sparsity: 0.000, task1 ratio: 1.000, zero ratio: 0.000, mpl: 1.0
2024-11-14 01:36:41,967 - root - INFO - In train()-> Train Ep. #48 loss: 0.939, accuracy: 63.48, lr: 0.01, sparsity: 0.000, network_width_mpl: 1.0
2024-11-14 01:36:42,082 - root - INFO - In validate()-> Val Ep. #48 loss: 1.172, accuracy: 56.00, sparsity: 0.000, task1 ratio: 1.000, zero ratio: 0.000, mpl: 1.0
2024-11-14 01:36:42,436 - root - INFO - In train()-> Train Ep. #49 loss: 0.950, accuracy: 63.00, lr: 0.01, sparsity: 0.000, network_width_mpl: 1.0
2024-11-14 01:36:42,548 - root - INFO - In validate()-> Val Ep. #49 loss: 1.139, accuracy: 58.80, sparsity: 0.000, task1 ratio: 1.000, zero ratio: 0.000, mpl: 1.0
2024-11-14 01:36:42,853 - root - INFO - In train()-> Train Ep. #50 loss: 0.964, accuracy: 61.64, lr: 0.01, sparsity: 0.000, network_width_mpl: 1.0
2024-11-14 01:36:42,973 - root - INFO - In validate()-> Val Ep. #50 loss: 1.118, accuracy: 56.40, sparsity: 0.000, task1 ratio: 1.000, zero ratio: 0.000, mpl: 1.0
2024-11-14 01:36:43,326 - root - INFO - In train()-> Train Ep. #51 loss: 0.939, accuracy: 63.48, lr: 0.001, sparsity: 0.000, network_width_mpl: 1.0
2024-11-14 01:36:43,444 - root - INFO - In validate()-> Val Ep. #51 loss: 1.072, accuracy: 57.40, sparsity: 0.000, task1 ratio: 1.000, zero ratio: 0.000, mpl: 1.0
2024-11-14 01:36:43,765 - root - INFO - In train()-> Train Ep. #52 loss: 0.878, accuracy: 66.48, lr: 0.001, sparsity: 0.000, network_width_mpl: 1.0
2024-11-14 01:36:43,887 - root - INFO - In validate()-> Val Ep. #52 loss: 1.066, accuracy: 58.20, sparsity: 0.000, task1 ratio: 1.000, zero ratio: 0.000, mpl: 1.0
2024-11-14 01:36:44,209 - root - INFO - In train()-> Train Ep. #53 loss: 0.864, accuracy: 66.24, lr: 0.001, sparsity: 0.000, network_width_mpl: 1.0
2024-11-14 01:36:44,347 - root - INFO - In validate()-> Val Ep. #53 loss: 1.070, accuracy: 59.20, sparsity: 0.000, task1 ratio: 1.000, zero ratio: 0.000, mpl: 1.0
2024-11-14 01:36:44,662 - root - INFO - In train()-> Train Ep. #54 loss: 0.856, accuracy: 67.68, lr: 0.001, sparsity: 0.000, network_width_mpl: 1.0
2024-11-14 01:36:44,786 - root - INFO - In validate()-> Val Ep. #54 loss: 1.076, accuracy: 58.00, sparsity: 0.000, task1 ratio: 1.000, zero ratio: 0.000, mpl: 1.0
2024-11-14 01:36:45,111 - root - INFO - In train()-> Train Ep. #55 loss: 0.848, accuracy: 67.12, lr: 0.001, sparsity: 0.000, network_width_mpl: 1.0
2024-11-14 01:36:45,222 - root - INFO - In validate()-> Val Ep. #55 loss: 1.077, accuracy: 57.40, sparsity: 0.000, task1 ratio: 1.000, zero ratio: 0.000, mpl: 1.0
2024-11-14 01:36:45,530 - root - INFO - In train()-> Train Ep. #56 loss: 0.854, accuracy: 67.88, lr: 0.001, sparsity: 0.000, network_width_mpl: 1.0
2024-11-14 01:36:45,640 - root - INFO - In validate()-> Val Ep. #56 loss: 1.067, accuracy: 59.40, sparsity: 0.000, task1 ratio: 1.000, zero ratio: 0.000, mpl: 1.0
2024-11-14 01:36:45,947 - root - INFO - In train()-> Train Ep. #57 loss: 0.846, accuracy: 67.24, lr: 0.001, sparsity: 0.000, network_width_mpl: 1.0
2024-11-14 01:36:46,058 - root - INFO - In validate()-> Val Ep. #57 loss: 1.088, accuracy: 58.20, sparsity: 0.000, task1 ratio: 1.000, zero ratio: 0.000, mpl: 1.0
2024-11-14 01:36:46,391 - root - INFO - In train()-> Train Ep. #58 loss: 0.861, accuracy: 66.88, lr: 0.001, sparsity: 0.000, network_width_mpl: 1.0
2024-11-14 01:36:46,513 - root - INFO - In validate()-> Val Ep. #58 loss: 1.063, accuracy: 58.80, sparsity: 0.000, task1 ratio: 1.000, zero ratio: 0.000, mpl: 1.0
2024-11-14 01:36:46,816 - root - INFO - In train()-> Train Ep. #59 loss: 0.845, accuracy: 67.68, lr: 0.001, sparsity: 0.000, network_width_mpl: 1.0
2024-11-14 01:36:46,939 - root - INFO - In validate()-> Val Ep. #59 loss: 1.077, accuracy: 58.60, sparsity: 0.000, task1 ratio: 1.000, zero ratio: 0.000, mpl: 1.0
2024-11-14 01:36:47,266 - root - INFO - In train()-> Train Ep. #60 loss: 0.848, accuracy: 67.28, lr: 0.001, sparsity: 0.000, network_width_mpl: 1.0
2024-11-14 01:36:47,384 - root - INFO - In validate()-> Val Ep. #60 loss: 1.076, accuracy: 58.00, sparsity: 0.000, task1 ratio: 1.000, zero ratio: 0.000, mpl: 1.0
2024-11-14 01:36:47,725 - root - INFO - In train()-> Train Ep. #61 loss: 0.841, accuracy: 67.16, lr: 0.001, sparsity: 0.000, network_width_mpl: 1.0
2024-11-14 01:36:47,847 - root - INFO - In validate()-> Val Ep. #61 loss: 1.072, accuracy: 59.60, sparsity: 0.000, task1 ratio: 1.000, zero ratio: 0.000, mpl: 1.0
2024-11-14 01:36:48,151 - root - INFO - In train()-> Train Ep. #62 loss: 0.830, accuracy: 67.72, lr: 0.001, sparsity: 0.000, network_width_mpl: 1.0
2024-11-14 01:36:48,266 - root - INFO - In validate()-> Val Ep. #62 loss: 1.068, accuracy: 57.60, sparsity: 0.000, task1 ratio: 1.000, zero ratio: 0.000, mpl: 1.0
2024-11-14 01:36:48,601 - root - INFO - In train()-> Train Ep. #63 loss: 0.846, accuracy: 67.40, lr: 0.001, sparsity: 0.000, network_width_mpl: 1.0
2024-11-14 01:36:48,722 - root - INFO - In validate()-> Val Ep. #63 loss: 1.063, accuracy: 57.80, sparsity: 0.000, task1 ratio: 1.000, zero ratio: 0.000, mpl: 1.0
2024-11-14 01:36:49,058 - root - INFO - In train()-> Train Ep. #64 loss: 0.836, accuracy: 67.40, lr: 0.001, sparsity: 0.000, network_width_mpl: 1.0
2024-11-14 01:36:49,167 - root - INFO - In validate()-> Val Ep. #64 loss: 1.052, accuracy: 58.40, sparsity: 0.000, task1 ratio: 1.000, zero ratio: 0.000, mpl: 1.0
2024-11-14 01:36:49,486 - root - INFO - In train()-> Train Ep. #65 loss: 0.843, accuracy: 67.44, lr: 0.001, sparsity: 0.000, network_width_mpl: 1.0
2024-11-14 01:36:49,607 - root - INFO - In validate()-> Val Ep. #65 loss: 1.062, accuracy: 58.00, sparsity: 0.000, task1 ratio: 1.000, zero ratio: 0.000, mpl: 1.0
2024-11-14 01:36:49,926 - root - INFO - In train()-> Train Ep. #66 loss: 0.839, accuracy: 67.40, lr: 0.001, sparsity: 0.000, network_width_mpl: 1.0
2024-11-14 01:36:50,042 - root - INFO - In validate()-> Val Ep. #66 loss: 1.072, accuracy: 58.00, sparsity: 0.000, task1 ratio: 1.000, zero ratio: 0.000, mpl: 1.0
2024-11-14 01:36:50,389 - root - INFO - In train()-> Train Ep. #67 loss: 0.820, accuracy: 68.88, lr: 0.001, sparsity: 0.000, network_width_mpl: 1.0
2024-11-14 01:36:50,500 - root - INFO - In validate()-> Val Ep. #67 loss: 1.077, accuracy: 58.60, sparsity: 0.000, task1 ratio: 1.000, zero ratio: 0.000, mpl: 1.0
2024-11-14 01:36:50,820 - root - INFO - In train()-> Train Ep. #68 loss: 0.832, accuracy: 69.08, lr: 0.001, sparsity: 0.000, network_width_mpl: 1.0
2024-11-14 01:36:50,944 - root - INFO - In validate()-> Val Ep. #68 loss: 1.074, accuracy: 58.60, sparsity: 0.000, task1 ratio: 1.000, zero ratio: 0.000, mpl: 1.0
2024-11-14 01:36:51,302 - root - INFO - In train()-> Train Ep. #69 loss: 0.839, accuracy: 68.96, lr: 0.001, sparsity: 0.000, network_width_mpl: 1.0
2024-11-14 01:36:51,413 - root - INFO - In validate()-> Val Ep. #69 loss: 1.065, accuracy: 58.60, sparsity: 0.000, task1 ratio: 1.000, zero ratio: 0.000, mpl: 1.0
2024-11-14 01:36:51,741 - root - INFO - In train()-> Train Ep. #70 loss: 0.813, accuracy: 69.04, lr: 0.001, sparsity: 0.000, network_width_mpl: 1.0
2024-11-14 01:36:51,867 - root - INFO - In validate()-> Val Ep. #70 loss: 1.068, accuracy: 58.80, sparsity: 0.000, task1 ratio: 1.000, zero ratio: 0.000, mpl: 1.0
2024-11-14 01:36:52,215 - root - INFO - In train()-> Train Ep. #71 loss: 0.799, accuracy: 69.60, lr: 0.001, sparsity: 0.000, network_width_mpl: 1.0
2024-11-14 01:36:52,330 - root - INFO - In validate()-> Val Ep. #71 loss: 1.068, accuracy: 60.00, sparsity: 0.000, task1 ratio: 1.000, zero ratio: 0.000, mpl: 1.0
2024-11-14 01:36:52,651 - root - INFO - In train()-> Train Ep. #72 loss: 0.830, accuracy: 68.00, lr: 0.001, sparsity: 0.000, network_width_mpl: 1.0
2024-11-14 01:36:52,762 - root - INFO - In validate()-> Val Ep. #72 loss: 1.067, accuracy: 59.00, sparsity: 0.000, task1 ratio: 1.000, zero ratio: 0.000, mpl: 1.0
2024-11-14 01:36:53,079 - root - INFO - In train()-> Train Ep. #73 loss: 0.825, accuracy: 67.92, lr: 0.001, sparsity: 0.000, network_width_mpl: 1.0
2024-11-14 01:36:53,195 - root - INFO - In validate()-> Val Ep. #73 loss: 1.065, accuracy: 59.60, sparsity: 0.000, task1 ratio: 1.000, zero ratio: 0.000, mpl: 1.0
2024-11-14 01:36:53,523 - root - INFO - In train()-> Train Ep. #74 loss: 0.819, accuracy: 69.08, lr: 0.001, sparsity: 0.000, network_width_mpl: 1.0
2024-11-14 01:36:53,631 - root - INFO - In validate()-> Val Ep. #74 loss: 1.074, accuracy: 59.40, sparsity: 0.000, task1 ratio: 1.000, zero ratio: 0.000, mpl: 1.0
2024-11-14 01:36:53,967 - root - INFO - In train()-> Train Ep. #75 loss: 0.825, accuracy: 68.20, lr: 0.001, sparsity: 0.000, network_width_mpl: 1.0
2024-11-14 01:36:54,093 - root - INFO - In validate()-> Val Ep. #75 loss: 1.071, accuracy: 57.80, sparsity: 0.000, task1 ratio: 1.000, zero ratio: 0.000, mpl: 1.0
2024-11-14 01:36:54,412 - root - INFO - In train()-> Train Ep. #76 loss: 0.824, accuracy: 68.12, lr: 0.001, sparsity: 0.000, network_width_mpl: 1.0
2024-11-14 01:36:54,527 - root - INFO - In validate()-> Val Ep. #76 loss: 1.075, accuracy: 59.00, sparsity: 0.000, task1 ratio: 1.000, zero ratio: 0.000, mpl: 1.0
2024-11-14 01:36:54,835 - root - INFO - In train()-> Train Ep. #77 loss: 0.817, accuracy: 68.80, lr: 0.001, sparsity: 0.000, network_width_mpl: 1.0
2024-11-14 01:36:54,968 - root - INFO - In validate()-> Val Ep. #77 loss: 1.051, accuracy: 59.80, sparsity: 0.000, task1 ratio: 1.000, zero ratio: 0.000, mpl: 1.0
2024-11-14 01:36:55,305 - root - INFO - In train()-> Train Ep. #78 loss: 0.809, accuracy: 69.00, lr: 0.001, sparsity: 0.000, network_width_mpl: 1.0
2024-11-14 01:36:55,431 - root - INFO - In validate()-> Val Ep. #78 loss: 1.075, accuracy: 59.60, sparsity: 0.000, task1 ratio: 1.000, zero ratio: 0.000, mpl: 1.0
2024-11-14 01:36:55,751 - root - INFO - In train()-> Train Ep. #79 loss: 0.815, accuracy: 68.08, lr: 0.001, sparsity: 0.000, network_width_mpl: 1.0
2024-11-14 01:36:55,871 - root - INFO - In validate()-> Val Ep. #79 loss: 1.056, accuracy: 60.40, sparsity: 0.000, task1 ratio: 1.000, zero ratio: 0.000, mpl: 1.0
2024-11-14 01:36:56,184 - root - INFO - In train()-> Train Ep. #80 loss: 0.784, accuracy: 71.00, lr: 0.001, sparsity: 0.000, network_width_mpl: 1.0
2024-11-14 01:36:56,297 - root - INFO - In validate()-> Val Ep. #80 loss: 1.072, accuracy: 59.40, sparsity: 0.000, task1 ratio: 1.000, zero ratio: 0.000, mpl: 1.0
2024-11-14 01:36:56,609 - root - INFO - In train()-> Train Ep. #81 loss: 0.824, accuracy: 68.76, lr: 0.0001, sparsity: 0.000, network_width_mpl: 1.0
2024-11-14 01:36:56,728 - root - INFO - In validate()-> Val Ep. #81 loss: 1.067, accuracy: 58.00, sparsity: 0.000, task1 ratio: 1.000, zero ratio: 0.000, mpl: 1.0
2024-11-14 01:36:57,034 - root - INFO - In train()-> Train Ep. #82 loss: 0.806, accuracy: 69.48, lr: 0.0001, sparsity: 0.000, network_width_mpl: 1.0
2024-11-14 01:36:57,145 - root - INFO - In validate()-> Val Ep. #82 loss: 1.066, accuracy: 59.40, sparsity: 0.000, task1 ratio: 1.000, zero ratio: 0.000, mpl: 1.0
2024-11-14 01:36:57,476 - root - INFO - In train()-> Train Ep. #83 loss: 0.801, accuracy: 69.36, lr: 0.0001, sparsity: 0.000, network_width_mpl: 1.0
2024-11-14 01:36:57,590 - root - INFO - In validate()-> Val Ep. #83 loss: 1.068, accuracy: 59.40, sparsity: 0.000, task1 ratio: 1.000, zero ratio: 0.000, mpl: 1.0
2024-11-14 01:36:57,905 - root - INFO - In train()-> Train Ep. #84 loss: 0.785, accuracy: 70.52, lr: 0.0001, sparsity: 0.000, network_width_mpl: 1.0
2024-11-14 01:36:58,019 - root - INFO - In validate()-> Val Ep. #84 loss: 1.055, accuracy: 59.00, sparsity: 0.000, task1 ratio: 1.000, zero ratio: 0.000, mpl: 1.0
2024-11-14 01:36:58,342 - root - INFO - In train()-> Train Ep. #85 loss: 0.789, accuracy: 70.44, lr: 0.0001, sparsity: 0.000, network_width_mpl: 1.0
2024-11-14 01:36:58,458 - root - INFO - In validate()-> Val Ep. #85 loss: 1.061, accuracy: 60.00, sparsity: 0.000, task1 ratio: 1.000, zero ratio: 0.000, mpl: 1.0
2024-11-14 01:36:58,783 - root - INFO - In train()-> Train Ep. #86 loss: 0.795, accuracy: 69.92, lr: 0.0001, sparsity: 0.000, network_width_mpl: 1.0
2024-11-14 01:36:58,894 - root - INFO - In validate()-> Val Ep. #86 loss: 1.072, accuracy: 59.60, sparsity: 0.000, task1 ratio: 1.000, zero ratio: 0.000, mpl: 1.0
2024-11-14 01:36:59,203 - root - INFO - In train()-> Train Ep. #87 loss: 0.787, accuracy: 70.48, lr: 0.0001, sparsity: 0.000, network_width_mpl: 1.0
2024-11-14 01:36:59,318 - root - INFO - In validate()-> Val Ep. #87 loss: 1.063, accuracy: 59.20, sparsity: 0.000, task1 ratio: 1.000, zero ratio: 0.000, mpl: 1.0
2024-11-14 01:36:59,631 - root - INFO - In train()-> Train Ep. #88 loss: 0.796, accuracy: 69.04, lr: 0.0001, sparsity: 0.000, network_width_mpl: 1.0
2024-11-14 01:36:59,761 - root - INFO - In validate()-> Val Ep. #88 loss: 1.057, accuracy: 59.00, sparsity: 0.000, task1 ratio: 1.000, zero ratio: 0.000, mpl: 1.0
2024-11-14 01:37:00,105 - root - INFO - In train()-> Train Ep. #89 loss: 0.787, accuracy: 69.00, lr: 0.0001, sparsity: 0.000, network_width_mpl: 1.0
2024-11-14 01:37:00,222 - root - INFO - In validate()-> Val Ep. #89 loss: 1.061, accuracy: 58.80, sparsity: 0.000, task1 ratio: 1.000, zero ratio: 0.000, mpl: 1.0
2024-11-14 01:37:00,558 - root - INFO - In train()-> Train Ep. #90 loss: 0.784, accuracy: 70.76, lr: 0.0001, sparsity: 0.000, network_width_mpl: 1.0
2024-11-14 01:37:00,684 - root - INFO - In validate()-> Val Ep. #90 loss: 1.054, accuracy: 59.80, sparsity: 0.000, task1 ratio: 1.000, zero ratio: 0.000, mpl: 1.0
2024-11-14 01:37:01,032 - root - INFO - In train()-> Train Ep. #91 loss: 0.814, accuracy: 67.96, lr: 0.0001, sparsity: 0.000, network_width_mpl: 1.0
2024-11-14 01:37:01,144 - root - INFO - In validate()-> Val Ep. #91 loss: 1.063, accuracy: 59.80, sparsity: 0.000, task1 ratio: 1.000, zero ratio: 0.000, mpl: 1.0
2024-11-14 01:37:01,466 - root - INFO - In train()-> Train Ep. #92 loss: 0.778, accuracy: 70.40, lr: 0.0001, sparsity: 0.000, network_width_mpl: 1.0
2024-11-14 01:37:01,578 - root - INFO - In validate()-> Val Ep. #92 loss: 1.060, accuracy: 60.40, sparsity: 0.000, task1 ratio: 1.000, zero ratio: 0.000, mpl: 1.0
2024-11-14 01:37:01,896 - root - INFO - In train()-> Train Ep. #93 loss: 0.787, accuracy: 70.00, lr: 0.0001, sparsity: 0.000, network_width_mpl: 1.0
2024-11-14 01:37:02,005 - root - INFO - In validate()-> Val Ep. #93 loss: 1.058, accuracy: 59.80, sparsity: 0.000, task1 ratio: 1.000, zero ratio: 0.000, mpl: 1.0
2024-11-14 01:37:02,366 - root - INFO - In train()-> Train Ep. #94 loss: 0.784, accuracy: 69.84, lr: 0.0001, sparsity: 0.000, network_width_mpl: 1.0
2024-11-14 01:37:02,488 - root - INFO - In validate()-> Val Ep. #94 loss: 1.070, accuracy: 59.00, sparsity: 0.000, task1 ratio: 1.000, zero ratio: 0.000, mpl: 1.0
2024-11-14 01:37:02,828 - root - INFO - In train()-> Train Ep. #95 loss: 0.773, accuracy: 70.84, lr: 0.0001, sparsity: 0.000, network_width_mpl: 1.0
2024-11-14 01:37:02,957 - root - INFO - In validate()-> Val Ep. #95 loss: 1.067, accuracy: 60.00, sparsity: 0.000, task1 ratio: 1.000, zero ratio: 0.000, mpl: 1.0
2024-11-14 01:37:03,255 - root - INFO - In train()-> Train Ep. #96 loss: 0.787, accuracy: 70.24, lr: 0.0001, sparsity: 0.000, network_width_mpl: 1.0
2024-11-14 01:37:03,380 - root - INFO - In validate()-> Val Ep. #96 loss: 1.066, accuracy: 60.40, sparsity: 0.000, task1 ratio: 1.000, zero ratio: 0.000, mpl: 1.0
2024-11-14 01:37:03,694 - root - INFO - In train()-> Train Ep. #97 loss: 0.790, accuracy: 70.88, lr: 0.0001, sparsity: 0.000, network_width_mpl: 1.0
2024-11-14 01:37:03,807 - root - INFO - In validate()-> Val Ep. #97 loss: 1.083, accuracy: 58.60, sparsity: 0.000, task1 ratio: 1.000, zero ratio: 0.000, mpl: 1.0
2024-11-14 01:37:04,144 - root - INFO - In train()-> Train Ep. #98 loss: 0.783, accuracy: 70.40, lr: 0.0001, sparsity: 0.000, network_width_mpl: 1.0
2024-11-14 01:37:04,264 - root - INFO - In validate()-> Val Ep. #98 loss: 1.059, accuracy: 60.80, sparsity: 0.000, task1 ratio: 1.000, zero ratio: 0.000, mpl: 1.0
2024-11-14 01:37:04,592 - root - INFO - In train()-> Train Ep. #99 loss: 0.796, accuracy: 69.12, lr: 0.0001, sparsity: 0.000, network_width_mpl: 1.0
2024-11-14 01:37:04,720 - root - INFO - In validate()-> Val Ep. #99 loss: 1.061, accuracy: 58.60, sparsity: 0.000, task1 ratio: 1.000, zero ratio: 0.000, mpl: 1.0
2024-11-14 01:37:05,044 - root - INFO - In train()-> Train Ep. #100 loss: 0.793, accuracy: 70.04, lr: 0.0001, sparsity: 0.000, network_width_mpl: 1.0
2024-11-14 01:37:05,161 - root - INFO - In validate()-> Val Ep. #100 loss: 1.064, accuracy: 59.40, sparsity: 0.000, task1 ratio: 1.000, zero ratio: 0.000, mpl: 1.0
2024-11-14 01:37:05,163 - root - INFO - ----------------
2024-11-14 01:37:05,164 - root - INFO - It's time to expand the Network
2024-11-14 01:37:05,164 - root - INFO - Auto expand network
2024-11-14 01:37:07,510 - root - INFO - 
2024-11-14 01:37:07,511 - root - INFO - Before pruning: 
2024-11-14 01:37:07,511 - root - INFO - Sparsity range: 0.0 -> 0.1
2024-11-14 01:37:07,792 - root - INFO - In validate()-> Val Ep. #0 loss: 1.064, accuracy: 59.40, sparsity: 0.000, task1 ratio: 1.000, zero ratio: 0.000, mpl: 1.0
2024-11-14 01:37:07,793 - root - INFO - 
2024-11-14 01:37:08,156 - root - INFO - In train()-> Train Ep. #1 loss: 0.806, accuracy: 69.40, lr: 0.001, sparsity: 0.053, network_width_mpl: 1.0
2024-11-14 01:37:08,269 - root - INFO - In validate()-> Val Ep. #1 loss: 1.061, accuracy: 59.80, sparsity: 0.053, task1 ratio: 0.947, zero ratio: 0.053, mpl: 1.0
2024-11-14 01:37:08,595 - root - INFO - In train()-> Train Ep. #2 loss: 0.803, accuracy: 69.12, lr: 0.001, sparsity: 0.086, network_width_mpl: 1.0
2024-11-14 01:37:08,730 - root - INFO - In validate()-> Val Ep. #2 loss: 1.067, accuracy: 59.80, sparsity: 0.086, task1 ratio: 0.914, zero ratio: 0.086, mpl: 1.0
2024-11-14 01:37:09,060 - root - INFO - In train()-> Train Ep. #3 loss: 0.801, accuracy: 69.92, lr: 0.001, sparsity: 0.098, network_width_mpl: 1.0
2024-11-14 01:37:09,170 - root - INFO - In validate()-> Val Ep. #3 loss: 1.055, accuracy: 59.80, sparsity: 0.098, task1 ratio: 0.902, zero ratio: 0.098, mpl: 1.0
2024-11-14 01:37:09,510 - root - INFO - In train()-> Train Ep. #4 loss: 0.777, accuracy: 70.76, lr: 0.001, sparsity: 0.101, network_width_mpl: 1.0
2024-11-14 01:37:09,629 - root - INFO - In validate()-> Val Ep. #4 loss: 1.058, accuracy: 60.80, sparsity: 0.101, task1 ratio: 0.899, zero ratio: 0.101, mpl: 1.0
2024-11-14 01:37:09,951 - root - INFO - In train()-> Train Ep. #5 loss: 0.792, accuracy: 69.84, lr: 0.001, sparsity: 0.101, network_width_mpl: 1.0
2024-11-14 01:37:10,083 - root - INFO - In validate()-> Val Ep. #5 loss: 1.069, accuracy: 60.20, sparsity: 0.101, task1 ratio: 0.899, zero ratio: 0.101, mpl: 1.0
2024-11-14 01:37:10,425 - root - INFO - In train()-> Train Ep. #6 loss: 0.781, accuracy: 70.80, lr: 0.001, sparsity: 0.101, network_width_mpl: 1.0
2024-11-14 01:37:10,541 - root - INFO - In validate()-> Val Ep. #6 loss: 1.074, accuracy: 59.40, sparsity: 0.101, task1 ratio: 0.899, zero ratio: 0.101, mpl: 1.0
2024-11-14 01:37:10,873 - root - INFO - In train()-> Train Ep. #7 loss: 0.802, accuracy: 69.56, lr: 0.001, sparsity: 0.101, network_width_mpl: 1.0
2024-11-14 01:37:10,998 - root - INFO - In validate()-> Val Ep. #7 loss: 1.087, accuracy: 59.80, sparsity: 0.101, task1 ratio: 0.899, zero ratio: 0.101, mpl: 1.0
2024-11-14 01:37:11,336 - root - INFO - In train()-> Train Ep. #8 loss: 0.786, accuracy: 70.84, lr: 0.001, sparsity: 0.101, network_width_mpl: 1.0
2024-11-14 01:37:11,458 - root - INFO - In validate()-> Val Ep. #8 loss: 1.068, accuracy: 57.80, sparsity: 0.101, task1 ratio: 0.899, zero ratio: 0.101, mpl: 1.0
2024-11-14 01:37:11,800 - root - INFO - In train()-> Train Ep. #9 loss: 0.782, accuracy: 69.60, lr: 0.001, sparsity: 0.101, network_width_mpl: 1.0
2024-11-14 01:37:11,922 - root - INFO - In validate()-> Val Ep. #9 loss: 1.063, accuracy: 60.00, sparsity: 0.101, task1 ratio: 0.899, zero ratio: 0.101, mpl: 1.0
2024-11-14 01:37:12,220 - root - INFO - In train()-> Train Ep. #10 loss: 0.794, accuracy: 69.16, lr: 0.001, sparsity: 0.101, network_width_mpl: 1.0
2024-11-14 01:37:12,344 - root - INFO - In validate()-> Val Ep. #10 loss: 1.083, accuracy: 59.60, sparsity: 0.101, task1 ratio: 0.899, zero ratio: 0.101, mpl: 1.0
2024-11-14 01:37:12,664 - root - INFO - In train()-> Train Ep. #11 loss: 0.775, accuracy: 71.16, lr: 0.001, sparsity: 0.101, network_width_mpl: 1.0
2024-11-14 01:37:12,788 - root - INFO - In validate()-> Val Ep. #11 loss: 1.071, accuracy: 60.20, sparsity: 0.101, task1 ratio: 0.899, zero ratio: 0.101, mpl: 1.0
2024-11-14 01:37:13,097 - root - INFO - In train()-> Train Ep. #12 loss: 0.787, accuracy: 69.32, lr: 0.001, sparsity: 0.101, network_width_mpl: 1.0
2024-11-14 01:37:13,209 - root - INFO - In validate()-> Val Ep. #12 loss: 1.088, accuracy: 59.60, sparsity: 0.101, task1 ratio: 0.899, zero ratio: 0.101, mpl: 1.0
2024-11-14 01:37:13,530 - root - INFO - In train()-> Train Ep. #13 loss: 0.776, accuracy: 71.60, lr: 0.001, sparsity: 0.101, network_width_mpl: 1.0
2024-11-14 01:37:13,653 - root - INFO - In validate()-> Val Ep. #13 loss: 1.074, accuracy: 59.80, sparsity: 0.101, task1 ratio: 0.899, zero ratio: 0.101, mpl: 1.0
2024-11-14 01:37:13,984 - root - INFO - In train()-> Train Ep. #14 loss: 0.786, accuracy: 70.60, lr: 0.001, sparsity: 0.101, network_width_mpl: 1.0
2024-11-14 01:37:14,098 - root - INFO - In validate()-> Val Ep. #14 loss: 1.084, accuracy: 59.60, sparsity: 0.101, task1 ratio: 0.899, zero ratio: 0.101, mpl: 1.0
2024-11-14 01:37:14,423 - root - INFO - In train()-> Train Ep. #15 loss: 0.786, accuracy: 71.16, lr: 0.001, sparsity: 0.101, network_width_mpl: 1.0
2024-11-14 01:37:14,538 - root - INFO - In validate()-> Val Ep. #15 loss: 1.083, accuracy: 60.00, sparsity: 0.101, task1 ratio: 0.899, zero ratio: 0.101, mpl: 1.0
2024-11-14 01:37:14,868 - root - INFO - In train()-> Train Ep. #16 loss: 0.787, accuracy: 70.08, lr: 0.001, sparsity: 0.101, network_width_mpl: 1.0
2024-11-14 01:37:14,982 - root - INFO - In validate()-> Val Ep. #16 loss: 1.069, accuracy: 60.80, sparsity: 0.101, task1 ratio: 0.899, zero ratio: 0.101, mpl: 1.0
2024-11-14 01:37:15,336 - root - INFO - In train()-> Train Ep. #17 loss: 0.779, accuracy: 70.08, lr: 0.001, sparsity: 0.101, network_width_mpl: 1.0
2024-11-14 01:37:15,447 - root - INFO - In validate()-> Val Ep. #17 loss: 1.066, accuracy: 60.20, sparsity: 0.101, task1 ratio: 0.899, zero ratio: 0.101, mpl: 1.0
2024-11-14 01:37:15,769 - root - INFO - In train()-> Train Ep. #18 loss: 0.778, accuracy: 71.60, lr: 0.001, sparsity: 0.101, network_width_mpl: 1.0
2024-11-14 01:37:15,883 - root - INFO - In validate()-> Val Ep. #18 loss: 1.061, accuracy: 61.60, sparsity: 0.101, task1 ratio: 0.899, zero ratio: 0.101, mpl: 1.0
2024-11-14 01:37:16,206 - root - INFO - In train()-> Train Ep. #19 loss: 0.763, accuracy: 71.00, lr: 0.001, sparsity: 0.101, network_width_mpl: 1.0
2024-11-14 01:37:16,338 - root - INFO - In validate()-> Val Ep. #19 loss: 1.078, accuracy: 60.20, sparsity: 0.101, task1 ratio: 0.899, zero ratio: 0.101, mpl: 1.0
2024-11-14 01:37:16,635 - root - INFO - In train()-> Train Ep. #20 loss: 0.769, accuracy: 70.76, lr: 0.001, sparsity: 0.101, network_width_mpl: 1.0
2024-11-14 01:37:16,761 - root - INFO - In validate()-> Val Ep. #20 loss: 1.071, accuracy: 59.60, sparsity: 0.101, task1 ratio: 0.899, zero ratio: 0.101, mpl: 1.0
2024-11-14 01:37:16,764 - root - INFO - ----------------
2024-11-14 01:37:19,125 - root - INFO - 
2024-11-14 01:37:19,126 - root - INFO - Before pruning: 
2024-11-14 01:37:19,126 - root - INFO - Sparsity range: 0.1 -> 0.2
2024-11-14 01:37:19,399 - root - INFO - In validate()-> Val Ep. #0 loss: 1.071, accuracy: 59.60, sparsity: 0.101, task1 ratio: 0.899, zero ratio: 0.101, mpl: 1.0
2024-11-14 01:37:19,399 - root - INFO - 
2024-11-14 01:37:19,790 - root - INFO - In train()-> Train Ep. #1 loss: 0.764, accuracy: 71.00, lr: 0.001, sparsity: 0.153, network_width_mpl: 1.0
2024-11-14 01:37:19,907 - root - INFO - In validate()-> Val Ep. #1 loss: 1.069, accuracy: 60.40, sparsity: 0.153, task1 ratio: 0.847, zero ratio: 0.153, mpl: 1.0
2024-11-14 01:37:20,245 - root - INFO - In train()-> Train Ep. #2 loss: 0.765, accuracy: 70.76, lr: 0.001, sparsity: 0.186, network_width_mpl: 1.0
2024-11-14 01:37:20,368 - root - INFO - In validate()-> Val Ep. #2 loss: 1.076, accuracy: 60.40, sparsity: 0.186, task1 ratio: 0.814, zero ratio: 0.186, mpl: 1.0
2024-11-14 01:37:20,717 - root - INFO - In train()-> Train Ep. #3 loss: 0.761, accuracy: 72.08, lr: 0.001, sparsity: 0.198, network_width_mpl: 1.0
2024-11-14 01:37:20,840 - root - INFO - In validate()-> Val Ep. #3 loss: 1.074, accuracy: 60.20, sparsity: 0.198, task1 ratio: 0.802, zero ratio: 0.198, mpl: 1.0
2024-11-14 01:37:21,174 - root - INFO - In train()-> Train Ep. #4 loss: 0.733, accuracy: 72.76, lr: 0.001, sparsity: 0.201, network_width_mpl: 1.0
2024-11-14 01:37:21,309 - root - INFO - In validate()-> Val Ep. #4 loss: 1.073, accuracy: 60.40, sparsity: 0.201, task1 ratio: 0.799, zero ratio: 0.201, mpl: 1.0
2024-11-14 01:37:21,635 - root - INFO - In train()-> Train Ep. #5 loss: 0.751, accuracy: 71.52, lr: 0.001, sparsity: 0.201, network_width_mpl: 1.0
2024-11-14 01:37:21,775 - root - INFO - In validate()-> Val Ep. #5 loss: 1.086, accuracy: 60.80, sparsity: 0.201, task1 ratio: 0.799, zero ratio: 0.201, mpl: 1.0
2024-11-14 01:37:22,134 - root - INFO - In train()-> Train Ep. #6 loss: 0.740, accuracy: 72.84, lr: 0.001, sparsity: 0.201, network_width_mpl: 1.0
2024-11-14 01:37:22,263 - root - INFO - In validate()-> Val Ep. #6 loss: 1.093, accuracy: 59.80, sparsity: 0.201, task1 ratio: 0.799, zero ratio: 0.201, mpl: 1.0
2024-11-14 01:37:22,544 - root - INFO - In train()-> Train Ep. #7 loss: 0.759, accuracy: 71.56, lr: 0.001, sparsity: 0.201, network_width_mpl: 1.0
2024-11-14 01:37:22,656 - root - INFO - In validate()-> Val Ep. #7 loss: 1.104, accuracy: 60.40, sparsity: 0.201, task1 ratio: 0.799, zero ratio: 0.201, mpl: 1.0
2024-11-14 01:37:22,998 - root - INFO - In train()-> Train Ep. #8 loss: 0.747, accuracy: 72.32, lr: 0.001, sparsity: 0.201, network_width_mpl: 1.0
2024-11-14 01:37:23,112 - root - INFO - In validate()-> Val Ep. #8 loss: 1.082, accuracy: 59.00, sparsity: 0.201, task1 ratio: 0.799, zero ratio: 0.201, mpl: 1.0
2024-11-14 01:37:23,452 - root - INFO - In train()-> Train Ep. #9 loss: 0.739, accuracy: 72.08, lr: 0.001, sparsity: 0.201, network_width_mpl: 1.0
2024-11-14 01:37:23,571 - root - INFO - In validate()-> Val Ep. #9 loss: 1.081, accuracy: 60.80, sparsity: 0.201, task1 ratio: 0.799, zero ratio: 0.201, mpl: 1.0
2024-11-14 01:37:23,897 - root - INFO - In train()-> Train Ep. #10 loss: 0.753, accuracy: 70.92, lr: 0.001, sparsity: 0.201, network_width_mpl: 1.0
2024-11-14 01:37:24,017 - root - INFO - In validate()-> Val Ep. #10 loss: 1.101, accuracy: 59.60, sparsity: 0.201, task1 ratio: 0.799, zero ratio: 0.201, mpl: 1.0
2024-11-14 01:37:24,360 - root - INFO - In train()-> Train Ep. #11 loss: 0.730, accuracy: 73.16, lr: 0.001, sparsity: 0.201, network_width_mpl: 1.0
2024-11-14 01:37:24,490 - root - INFO - In validate()-> Val Ep. #11 loss: 1.094, accuracy: 60.60, sparsity: 0.201, task1 ratio: 0.799, zero ratio: 0.201, mpl: 1.0
2024-11-14 01:37:24,835 - root - INFO - In train()-> Train Ep. #12 loss: 0.745, accuracy: 71.48, lr: 0.001, sparsity: 0.201, network_width_mpl: 1.0
2024-11-14 01:37:24,953 - root - INFO - In validate()-> Val Ep. #12 loss: 1.110, accuracy: 59.80, sparsity: 0.201, task1 ratio: 0.799, zero ratio: 0.201, mpl: 1.0
2024-11-14 01:37:25,256 - root - INFO - In train()-> Train Ep. #13 loss: 0.730, accuracy: 72.64, lr: 0.001, sparsity: 0.201, network_width_mpl: 1.0
2024-11-14 01:37:25,368 - root - INFO - In validate()-> Val Ep. #13 loss: 1.093, accuracy: 60.60, sparsity: 0.201, task1 ratio: 0.799, zero ratio: 0.201, mpl: 1.0
2024-11-14 01:37:25,749 - root - INFO - In train()-> Train Ep. #14 loss: 0.747, accuracy: 72.32, lr: 0.001, sparsity: 0.201, network_width_mpl: 1.0
2024-11-14 01:37:25,863 - root - INFO - In validate()-> Val Ep. #14 loss: 1.109, accuracy: 60.40, sparsity: 0.201, task1 ratio: 0.799, zero ratio: 0.201, mpl: 1.0
2024-11-14 01:37:26,195 - root - INFO - In train()-> Train Ep. #15 loss: 0.744, accuracy: 72.84, lr: 0.001, sparsity: 0.201, network_width_mpl: 1.0
2024-11-14 01:37:26,314 - root - INFO - In validate()-> Val Ep. #15 loss: 1.106, accuracy: 60.40, sparsity: 0.201, task1 ratio: 0.799, zero ratio: 0.201, mpl: 1.0
2024-11-14 01:37:26,630 - root - INFO - In train()-> Train Ep. #16 loss: 0.744, accuracy: 72.16, lr: 0.001, sparsity: 0.201, network_width_mpl: 1.0
2024-11-14 01:37:26,745 - root - INFO - In validate()-> Val Ep. #16 loss: 1.096, accuracy: 60.40, sparsity: 0.201, task1 ratio: 0.799, zero ratio: 0.201, mpl: 1.0
2024-11-14 01:37:27,087 - root - INFO - In train()-> Train Ep. #17 loss: 0.738, accuracy: 72.28, lr: 0.001, sparsity: 0.201, network_width_mpl: 1.0
2024-11-14 01:37:27,200 - root - INFO - In validate()-> Val Ep. #17 loss: 1.093, accuracy: 59.80, sparsity: 0.201, task1 ratio: 0.799, zero ratio: 0.201, mpl: 1.0
2024-11-14 01:37:27,525 - root - INFO - In train()-> Train Ep. #18 loss: 0.737, accuracy: 73.36, lr: 0.001, sparsity: 0.201, network_width_mpl: 1.0
2024-11-14 01:37:27,638 - root - INFO - In validate()-> Val Ep. #18 loss: 1.083, accuracy: 60.60, sparsity: 0.201, task1 ratio: 0.799, zero ratio: 0.201, mpl: 1.0
2024-11-14 01:37:27,974 - root - INFO - In train()-> Train Ep. #19 loss: 0.721, accuracy: 72.60, lr: 0.001, sparsity: 0.201, network_width_mpl: 1.0
2024-11-14 01:37:28,096 - root - INFO - In validate()-> Val Ep. #19 loss: 1.103, accuracy: 59.60, sparsity: 0.201, task1 ratio: 0.799, zero ratio: 0.201, mpl: 1.0
2024-11-14 01:37:28,404 - root - INFO - In train()-> Train Ep. #20 loss: 0.730, accuracy: 72.48, lr: 0.001, sparsity: 0.201, network_width_mpl: 1.0
2024-11-14 01:37:28,524 - root - INFO - In validate()-> Val Ep. #20 loss: 1.096, accuracy: 59.60, sparsity: 0.201, task1 ratio: 0.799, zero ratio: 0.201, mpl: 1.0
2024-11-14 01:37:28,526 - root - INFO - ----------------
2024-11-14 01:37:30,850 - root - INFO - 
2024-11-14 01:37:30,850 - root - INFO - Before pruning: 
2024-11-14 01:37:30,850 - root - INFO - Sparsity range: 0.2 -> 0.3
2024-11-14 01:37:31,124 - root - INFO - In validate()-> Val Ep. #0 loss: 1.096, accuracy: 59.60, sparsity: 0.201, task1 ratio: 0.799, zero ratio: 0.201, mpl: 1.0
2024-11-14 01:37:31,125 - root - INFO - 
2024-11-14 01:37:31,506 - root - INFO - In train()-> Train Ep. #1 loss: 0.728, accuracy: 72.68, lr: 0.001, sparsity: 0.253, network_width_mpl: 1.0
2024-11-14 01:37:31,617 - root - INFO - In validate()-> Val Ep. #1 loss: 1.129, accuracy: 58.80, sparsity: 0.253, task1 ratio: 0.747, zero ratio: 0.253, mpl: 1.0
2024-11-14 01:37:31,959 - root - INFO - In train()-> Train Ep. #2 loss: 0.735, accuracy: 71.40, lr: 0.001, sparsity: 0.286, network_width_mpl: 1.0
2024-11-14 01:37:32,069 - root - INFO - In validate()-> Val Ep. #2 loss: 1.104, accuracy: 60.80, sparsity: 0.286, task1 ratio: 0.714, zero ratio: 0.286, mpl: 1.0
2024-11-14 01:37:32,441 - root - INFO - In train()-> Train Ep. #3 loss: 0.726, accuracy: 73.16, lr: 0.001, sparsity: 0.298, network_width_mpl: 1.0
2024-11-14 01:37:32,562 - root - INFO - In validate()-> Val Ep. #3 loss: 1.140, accuracy: 59.60, sparsity: 0.298, task1 ratio: 0.702, zero ratio: 0.298, mpl: 1.0
2024-11-14 01:37:32,893 - root - INFO - In train()-> Train Ep. #4 loss: 0.694, accuracy: 74.36, lr: 0.001, sparsity: 0.301, network_width_mpl: 1.0
2024-11-14 01:37:33,009 - root - INFO - In validate()-> Val Ep. #4 loss: 1.094, accuracy: 60.80, sparsity: 0.301, task1 ratio: 0.699, zero ratio: 0.301, mpl: 1.0
2024-11-14 01:37:33,304 - root - INFO - In train()-> Train Ep. #5 loss: 0.713, accuracy: 72.80, lr: 0.001, sparsity: 0.301, network_width_mpl: 1.0
2024-11-14 01:37:33,417 - root - INFO - In validate()-> Val Ep. #5 loss: 1.114, accuracy: 62.40, sparsity: 0.301, task1 ratio: 0.699, zero ratio: 0.301, mpl: 1.0
2024-11-14 01:37:33,715 - root - INFO - In train()-> Train Ep. #6 loss: 0.702, accuracy: 74.20, lr: 0.001, sparsity: 0.301, network_width_mpl: 1.0
2024-11-14 01:37:33,832 - root - INFO - In validate()-> Val Ep. #6 loss: 1.119, accuracy: 58.80, sparsity: 0.301, task1 ratio: 0.699, zero ratio: 0.301, mpl: 1.0
2024-11-14 01:37:34,156 - root - INFO - In train()-> Train Ep. #7 loss: 0.720, accuracy: 72.24, lr: 0.001, sparsity: 0.301, network_width_mpl: 1.0
2024-11-14 01:37:34,271 - root - INFO - In validate()-> Val Ep. #7 loss: 1.126, accuracy: 59.20, sparsity: 0.301, task1 ratio: 0.699, zero ratio: 0.301, mpl: 1.0
2024-11-14 01:37:34,575 - root - INFO - In train()-> Train Ep. #8 loss: 0.708, accuracy: 73.92, lr: 0.001, sparsity: 0.301, network_width_mpl: 1.0
2024-11-14 01:37:34,689 - root - INFO - In validate()-> Val Ep. #8 loss: 1.098, accuracy: 60.00, sparsity: 0.301, task1 ratio: 0.699, zero ratio: 0.301, mpl: 1.0
2024-11-14 01:37:35,012 - root - INFO - In train()-> Train Ep. #9 loss: 0.700, accuracy: 73.68, lr: 0.001, sparsity: 0.301, network_width_mpl: 1.0
2024-11-14 01:37:35,134 - root - INFO - In validate()-> Val Ep. #9 loss: 1.100, accuracy: 61.00, sparsity: 0.301, task1 ratio: 0.699, zero ratio: 0.301, mpl: 1.0
2024-11-14 01:37:35,463 - root - INFO - In train()-> Train Ep. #10 loss: 0.712, accuracy: 72.84, lr: 0.001, sparsity: 0.301, network_width_mpl: 1.0
2024-11-14 01:37:35,577 - root - INFO - In validate()-> Val Ep. #10 loss: 1.120, accuracy: 60.40, sparsity: 0.301, task1 ratio: 0.699, zero ratio: 0.301, mpl: 1.0
2024-11-14 01:37:35,900 - root - INFO - In train()-> Train Ep. #11 loss: 0.692, accuracy: 74.52, lr: 0.001, sparsity: 0.301, network_width_mpl: 1.0
2024-11-14 01:37:36,027 - root - INFO - In validate()-> Val Ep. #11 loss: 1.117, accuracy: 60.80, sparsity: 0.301, task1 ratio: 0.699, zero ratio: 0.301, mpl: 1.0
2024-11-14 01:37:36,330 - root - INFO - In train()-> Train Ep. #12 loss: 0.708, accuracy: 73.24, lr: 0.001, sparsity: 0.301, network_width_mpl: 1.0
2024-11-14 01:37:36,452 - root - INFO - In validate()-> Val Ep. #12 loss: 1.134, accuracy: 60.00, sparsity: 0.301, task1 ratio: 0.699, zero ratio: 0.301, mpl: 1.0
2024-11-14 01:37:36,764 - root - INFO - In train()-> Train Ep. #13 loss: 0.691, accuracy: 74.24, lr: 0.001, sparsity: 0.301, network_width_mpl: 1.0
2024-11-14 01:37:36,889 - root - INFO - In validate()-> Val Ep. #13 loss: 1.118, accuracy: 61.00, sparsity: 0.301, task1 ratio: 0.699, zero ratio: 0.301, mpl: 1.0
2024-11-14 01:37:37,206 - root - INFO - In train()-> Train Ep. #14 loss: 0.709, accuracy: 73.60, lr: 0.001, sparsity: 0.301, network_width_mpl: 1.0
2024-11-14 01:37:37,316 - root - INFO - In validate()-> Val Ep. #14 loss: 1.129, accuracy: 60.40, sparsity: 0.301, task1 ratio: 0.699, zero ratio: 0.301, mpl: 1.0
2024-11-14 01:37:37,610 - root - INFO - In train()-> Train Ep. #15 loss: 0.706, accuracy: 74.20, lr: 0.001, sparsity: 0.301, network_width_mpl: 1.0
2024-11-14 01:37:37,729 - root - INFO - In validate()-> Val Ep. #15 loss: 1.126, accuracy: 60.40, sparsity: 0.301, task1 ratio: 0.699, zero ratio: 0.301, mpl: 1.0
2024-11-14 01:37:38,038 - root - INFO - In train()-> Train Ep. #16 loss: 0.703, accuracy: 73.36, lr: 0.001, sparsity: 0.301, network_width_mpl: 1.0
2024-11-14 01:37:38,158 - root - INFO - In validate()-> Val Ep. #16 loss: 1.116, accuracy: 60.80, sparsity: 0.301, task1 ratio: 0.699, zero ratio: 0.301, mpl: 1.0
2024-11-14 01:37:38,528 - root - INFO - In train()-> Train Ep. #17 loss: 0.700, accuracy: 73.48, lr: 0.001, sparsity: 0.301, network_width_mpl: 1.0
2024-11-14 01:37:38,636 - root - INFO - In validate()-> Val Ep. #17 loss: 1.115, accuracy: 59.00, sparsity: 0.301, task1 ratio: 0.699, zero ratio: 0.301, mpl: 1.0
2024-11-14 01:37:38,942 - root - INFO - In train()-> Train Ep. #18 loss: 0.699, accuracy: 74.64, lr: 0.001, sparsity: 0.301, network_width_mpl: 1.0
2024-11-14 01:37:39,066 - root - INFO - In validate()-> Val Ep. #18 loss: 1.108, accuracy: 61.40, sparsity: 0.301, task1 ratio: 0.699, zero ratio: 0.301, mpl: 1.0
2024-11-14 01:37:39,391 - root - INFO - In train()-> Train Ep. #19 loss: 0.680, accuracy: 74.32, lr: 0.001, sparsity: 0.301, network_width_mpl: 1.0
2024-11-14 01:37:39,502 - root - INFO - In validate()-> Val Ep. #19 loss: 1.130, accuracy: 59.60, sparsity: 0.301, task1 ratio: 0.699, zero ratio: 0.301, mpl: 1.0
2024-11-14 01:37:39,862 - root - INFO - In train()-> Train Ep. #20 loss: 0.693, accuracy: 73.96, lr: 0.001, sparsity: 0.301, network_width_mpl: 1.0
2024-11-14 01:37:40,006 - root - INFO - In validate()-> Val Ep. #20 loss: 1.118, accuracy: 60.00, sparsity: 0.301, task1 ratio: 0.699, zero ratio: 0.301, mpl: 1.0
2024-11-14 01:37:40,009 - root - INFO - ----------------
2024-11-14 01:37:42,366 - root - INFO - 
2024-11-14 01:37:42,366 - root - INFO - Before pruning: 
2024-11-14 01:37:42,366 - root - INFO - Sparsity range: 0.3 -> 0.4
2024-11-14 01:37:42,652 - root - INFO - In validate()-> Val Ep. #0 loss: 1.118, accuracy: 60.00, sparsity: 0.301, task1 ratio: 0.699, zero ratio: 0.301, mpl: 1.0
2024-11-14 01:37:42,652 - root - INFO - 
2024-11-14 01:37:43,033 - root - INFO - In train()-> Train Ep. #1 loss: 0.693, accuracy: 74.20, lr: 0.001, sparsity: 0.353, network_width_mpl: 1.0
2024-11-14 01:37:43,141 - root - INFO - In validate()-> Val Ep. #1 loss: 1.093, accuracy: 61.40, sparsity: 0.353, task1 ratio: 0.647, zero ratio: 0.353, mpl: 1.0
2024-11-14 01:37:43,460 - root - INFO - In train()-> Train Ep. #2 loss: 0.700, accuracy: 73.56, lr: 0.001, sparsity: 0.386, network_width_mpl: 1.0
2024-11-14 01:37:43,573 - root - INFO - In validate()-> Val Ep. #2 loss: 1.148, accuracy: 57.60, sparsity: 0.386, task1 ratio: 0.614, zero ratio: 0.386, mpl: 1.0
2024-11-14 01:37:43,931 - root - INFO - In train()-> Train Ep. #3 loss: 0.698, accuracy: 73.72, lr: 0.001, sparsity: 0.398, network_width_mpl: 1.0
2024-11-14 01:37:44,049 - root - INFO - In validate()-> Val Ep. #3 loss: 1.145, accuracy: 59.80, sparsity: 0.398, task1 ratio: 0.602, zero ratio: 0.398, mpl: 1.0
2024-11-14 01:37:44,368 - root - INFO - In train()-> Train Ep. #4 loss: 0.662, accuracy: 75.32, lr: 0.001, sparsity: 0.401, network_width_mpl: 1.0
2024-11-14 01:37:44,488 - root - INFO - In validate()-> Val Ep. #4 loss: 1.111, accuracy: 60.80, sparsity: 0.401, task1 ratio: 0.599, zero ratio: 0.401, mpl: 1.0
2024-11-14 01:37:44,799 - root - INFO - In train()-> Train Ep. #5 loss: 0.682, accuracy: 74.44, lr: 0.001, sparsity: 0.401, network_width_mpl: 1.0
2024-11-14 01:37:44,920 - root - INFO - In validate()-> Val Ep. #5 loss: 1.128, accuracy: 60.40, sparsity: 0.401, task1 ratio: 0.599, zero ratio: 0.401, mpl: 1.0
2024-11-14 01:37:45,255 - root - INFO - In train()-> Train Ep. #6 loss: 0.667, accuracy: 75.40, lr: 0.001, sparsity: 0.401, network_width_mpl: 1.0
2024-11-14 01:37:45,371 - root - INFO - In validate()-> Val Ep. #6 loss: 1.139, accuracy: 59.80, sparsity: 0.401, task1 ratio: 0.599, zero ratio: 0.401, mpl: 1.0
2024-11-14 01:37:45,704 - root - INFO - In train()-> Train Ep. #7 loss: 0.686, accuracy: 73.48, lr: 0.001, sparsity: 0.401, network_width_mpl: 1.0
2024-11-14 01:37:45,823 - root - INFO - In validate()-> Val Ep. #7 loss: 1.146, accuracy: 58.80, sparsity: 0.401, task1 ratio: 0.599, zero ratio: 0.401, mpl: 1.0
2024-11-14 01:37:46,139 - root - INFO - In train()-> Train Ep. #8 loss: 0.670, accuracy: 75.52, lr: 0.001, sparsity: 0.401, network_width_mpl: 1.0
2024-11-14 01:37:46,259 - root - INFO - In validate()-> Val Ep. #8 loss: 1.121, accuracy: 60.40, sparsity: 0.401, task1 ratio: 0.599, zero ratio: 0.401, mpl: 1.0
2024-11-14 01:37:46,593 - root - INFO - In train()-> Train Ep. #9 loss: 0.663, accuracy: 75.40, lr: 0.001, sparsity: 0.401, network_width_mpl: 1.0
2024-11-14 01:37:46,712 - root - INFO - In validate()-> Val Ep. #9 loss: 1.117, accuracy: 61.80, sparsity: 0.401, task1 ratio: 0.599, zero ratio: 0.401, mpl: 1.0
2024-11-14 01:37:47,019 - root - INFO - In train()-> Train Ep. #10 loss: 0.674, accuracy: 74.72, lr: 0.001, sparsity: 0.401, network_width_mpl: 1.0
2024-11-14 01:37:47,137 - root - INFO - In validate()-> Val Ep. #10 loss: 1.142, accuracy: 60.20, sparsity: 0.401, task1 ratio: 0.599, zero ratio: 0.401, mpl: 1.0
2024-11-14 01:37:47,469 - root - INFO - In train()-> Train Ep. #11 loss: 0.657, accuracy: 75.88, lr: 0.001, sparsity: 0.401, network_width_mpl: 1.0
2024-11-14 01:37:47,585 - root - INFO - In validate()-> Val Ep. #11 loss: 1.141, accuracy: 60.80, sparsity: 0.401, task1 ratio: 0.599, zero ratio: 0.401, mpl: 1.0
2024-11-14 01:37:47,916 - root - INFO - In train()-> Train Ep. #12 loss: 0.673, accuracy: 75.28, lr: 0.001, sparsity: 0.401, network_width_mpl: 1.0
2024-11-14 01:37:48,040 - root - INFO - In validate()-> Val Ep. #12 loss: 1.158, accuracy: 59.40, sparsity: 0.401, task1 ratio: 0.599, zero ratio: 0.401, mpl: 1.0
2024-11-14 01:37:48,382 - root - INFO - In train()-> Train Ep. #13 loss: 0.654, accuracy: 75.68, lr: 0.001, sparsity: 0.401, network_width_mpl: 1.0
2024-11-14 01:37:48,501 - root - INFO - In validate()-> Val Ep. #13 loss: 1.137, accuracy: 61.00, sparsity: 0.401, task1 ratio: 0.599, zero ratio: 0.401, mpl: 1.0
2024-11-14 01:37:48,816 - root - INFO - In train()-> Train Ep. #14 loss: 0.674, accuracy: 75.72, lr: 0.001, sparsity: 0.401, network_width_mpl: 1.0
2024-11-14 01:37:48,941 - root - INFO - In validate()-> Val Ep. #14 loss: 1.151, accuracy: 60.40, sparsity: 0.401, task1 ratio: 0.599, zero ratio: 0.401, mpl: 1.0
2024-11-14 01:37:49,278 - root - INFO - In train()-> Train Ep. #15 loss: 0.672, accuracy: 75.80, lr: 0.001, sparsity: 0.401, network_width_mpl: 1.0
2024-11-14 01:37:49,414 - root - INFO - In validate()-> Val Ep. #15 loss: 1.151, accuracy: 60.00, sparsity: 0.401, task1 ratio: 0.599, zero ratio: 0.401, mpl: 1.0
2024-11-14 01:37:49,754 - root - INFO - In train()-> Train Ep. #16 loss: 0.665, accuracy: 75.08, lr: 0.001, sparsity: 0.401, network_width_mpl: 1.0
2024-11-14 01:37:49,866 - root - INFO - In validate()-> Val Ep. #16 loss: 1.143, accuracy: 61.00, sparsity: 0.401, task1 ratio: 0.599, zero ratio: 0.401, mpl: 1.0
2024-11-14 01:37:50,194 - root - INFO - In train()-> Train Ep. #17 loss: 0.662, accuracy: 75.32, lr: 0.001, sparsity: 0.401, network_width_mpl: 1.0
2024-11-14 01:37:50,318 - root - INFO - In validate()-> Val Ep. #17 loss: 1.144, accuracy: 59.40, sparsity: 0.401, task1 ratio: 0.599, zero ratio: 0.401, mpl: 1.0
2024-11-14 01:37:50,626 - root - INFO - In train()-> Train Ep. #18 loss: 0.662, accuracy: 76.48, lr: 0.001, sparsity: 0.401, network_width_mpl: 1.0
2024-11-14 01:37:50,764 - root - INFO - In validate()-> Val Ep. #18 loss: 1.133, accuracy: 60.20, sparsity: 0.401, task1 ratio: 0.599, zero ratio: 0.401, mpl: 1.0
2024-11-14 01:37:51,066 - root - INFO - In train()-> Train Ep. #19 loss: 0.643, accuracy: 75.56, lr: 0.001, sparsity: 0.401, network_width_mpl: 1.0
2024-11-14 01:37:51,177 - root - INFO - In validate()-> Val Ep. #19 loss: 1.155, accuracy: 59.40, sparsity: 0.401, task1 ratio: 0.599, zero ratio: 0.401, mpl: 1.0
2024-11-14 01:37:51,507 - root - INFO - In train()-> Train Ep. #20 loss: 0.657, accuracy: 75.48, lr: 0.001, sparsity: 0.401, network_width_mpl: 1.0
2024-11-14 01:37:51,632 - root - INFO - In validate()-> Val Ep. #20 loss: 1.138, accuracy: 59.20, sparsity: 0.401, task1 ratio: 0.599, zero ratio: 0.401, mpl: 1.0
2024-11-14 01:37:51,634 - root - INFO - ----------------
2024-11-14 01:37:53,966 - root - INFO - 
2024-11-14 01:37:53,966 - root - INFO - Before pruning: 
2024-11-14 01:37:53,966 - root - INFO - Sparsity range: 0.4 -> 0.5
2024-11-14 01:37:54,250 - root - INFO - In validate()-> Val Ep. #0 loss: 1.138, accuracy: 59.20, sparsity: 0.401, task1 ratio: 0.599, zero ratio: 0.401, mpl: 1.0
2024-11-14 01:37:54,250 - root - INFO - 
2024-11-14 01:37:54,633 - root - INFO - In train()-> Train Ep. #1 loss: 0.657, accuracy: 75.36, lr: 0.001, sparsity: 0.453, network_width_mpl: 1.0
2024-11-14 01:37:54,745 - root - INFO - In validate()-> Val Ep. #1 loss: 1.184, accuracy: 57.20, sparsity: 0.453, task1 ratio: 0.547, zero ratio: 0.453, mpl: 1.0
2024-11-14 01:37:55,053 - root - INFO - In train()-> Train Ep. #2 loss: 0.674, accuracy: 73.92, lr: 0.001, sparsity: 0.486, network_width_mpl: 1.0
2024-11-14 01:37:55,163 - root - INFO - In validate()-> Val Ep. #2 loss: 1.146, accuracy: 60.20, sparsity: 0.486, task1 ratio: 0.514, zero ratio: 0.486, mpl: 1.0
2024-11-14 01:37:55,486 - root - INFO - In train()-> Train Ep. #3 loss: 0.669, accuracy: 74.88, lr: 0.001, sparsity: 0.498, network_width_mpl: 1.0
2024-11-14 01:37:55,621 - root - INFO - In validate()-> Val Ep. #3 loss: 1.210, accuracy: 58.80, sparsity: 0.498, task1 ratio: 0.502, zero ratio: 0.498, mpl: 1.0
2024-11-14 01:37:55,932 - root - INFO - In train()-> Train Ep. #4 loss: 0.636, accuracy: 75.72, lr: 0.001, sparsity: 0.501, network_width_mpl: 1.0
2024-11-14 01:37:56,055 - root - INFO - In validate()-> Val Ep. #4 loss: 1.128, accuracy: 60.80, sparsity: 0.501, task1 ratio: 0.499, zero ratio: 0.501, mpl: 1.0
2024-11-14 01:37:56,421 - root - INFO - In train()-> Train Ep. #5 loss: 0.651, accuracy: 75.80, lr: 0.001, sparsity: 0.501, network_width_mpl: 1.0
2024-11-14 01:37:56,538 - root - INFO - In validate()-> Val Ep. #5 loss: 1.138, accuracy: 61.00, sparsity: 0.501, task1 ratio: 0.499, zero ratio: 0.501, mpl: 1.0
2024-11-14 01:37:56,871 - root - INFO - In train()-> Train Ep. #6 loss: 0.641, accuracy: 76.24, lr: 0.001, sparsity: 0.501, network_width_mpl: 1.0
2024-11-14 01:37:56,995 - root - INFO - In validate()-> Val Ep. #6 loss: 1.151, accuracy: 60.40, sparsity: 0.501, task1 ratio: 0.499, zero ratio: 0.501, mpl: 1.0
2024-11-14 01:37:57,318 - root - INFO - In train()-> Train Ep. #7 loss: 0.649, accuracy: 76.00, lr: 0.001, sparsity: 0.501, network_width_mpl: 1.0
2024-11-14 01:37:57,444 - root - INFO - In validate()-> Val Ep. #7 loss: 1.167, accuracy: 59.00, sparsity: 0.501, task1 ratio: 0.499, zero ratio: 0.501, mpl: 1.0
2024-11-14 01:37:57,783 - root - INFO - In train()-> Train Ep. #8 loss: 0.639, accuracy: 76.52, lr: 0.001, sparsity: 0.501, network_width_mpl: 1.0
2024-11-14 01:37:57,903 - root - INFO - In validate()-> Val Ep. #8 loss: 1.139, accuracy: 60.60, sparsity: 0.501, task1 ratio: 0.499, zero ratio: 0.501, mpl: 1.0
2024-11-14 01:37:58,241 - root - INFO - In train()-> Train Ep. #9 loss: 0.636, accuracy: 76.48, lr: 0.001, sparsity: 0.501, network_width_mpl: 1.0
2024-11-14 01:37:58,374 - root - INFO - In validate()-> Val Ep. #9 loss: 1.143, accuracy: 61.40, sparsity: 0.501, task1 ratio: 0.499, zero ratio: 0.501, mpl: 1.0
2024-11-14 01:37:58,705 - root - INFO - In train()-> Train Ep. #10 loss: 0.642, accuracy: 76.56, lr: 0.001, sparsity: 0.501, network_width_mpl: 1.0
2024-11-14 01:37:58,818 - root - INFO - In validate()-> Val Ep. #10 loss: 1.172, accuracy: 60.60, sparsity: 0.501, task1 ratio: 0.499, zero ratio: 0.501, mpl: 1.0
2024-11-14 01:37:59,145 - root - INFO - In train()-> Train Ep. #11 loss: 0.623, accuracy: 77.32, lr: 0.001, sparsity: 0.501, network_width_mpl: 1.0
2024-11-14 01:37:59,262 - root - INFO - In validate()-> Val Ep. #11 loss: 1.167, accuracy: 60.20, sparsity: 0.501, task1 ratio: 0.499, zero ratio: 0.501, mpl: 1.0
2024-11-14 01:37:59,583 - root - INFO - In train()-> Train Ep. #12 loss: 0.640, accuracy: 76.44, lr: 0.001, sparsity: 0.501, network_width_mpl: 1.0
2024-11-14 01:37:59,707 - root - INFO - In validate()-> Val Ep. #12 loss: 1.183, accuracy: 60.60, sparsity: 0.501, task1 ratio: 0.499, zero ratio: 0.501, mpl: 1.0
2024-11-14 01:38:00,049 - root - INFO - In train()-> Train Ep. #13 loss: 0.622, accuracy: 77.28, lr: 0.001, sparsity: 0.501, network_width_mpl: 1.0
2024-11-14 01:38:00,165 - root - INFO - In validate()-> Val Ep. #13 loss: 1.157, accuracy: 61.60, sparsity: 0.501, task1 ratio: 0.499, zero ratio: 0.501, mpl: 1.0
2024-11-14 01:38:00,494 - root - INFO - In train()-> Train Ep. #14 loss: 0.645, accuracy: 76.52, lr: 0.001, sparsity: 0.501, network_width_mpl: 1.0
2024-11-14 01:38:00,606 - root - INFO - In validate()-> Val Ep. #14 loss: 1.177, accuracy: 60.80, sparsity: 0.501, task1 ratio: 0.499, zero ratio: 0.501, mpl: 1.0
2024-11-14 01:38:00,930 - root - INFO - In train()-> Train Ep. #15 loss: 0.640, accuracy: 77.08, lr: 0.001, sparsity: 0.501, network_width_mpl: 1.0
2024-11-14 01:38:01,048 - root - INFO - In validate()-> Val Ep. #15 loss: 1.171, accuracy: 59.00, sparsity: 0.501, task1 ratio: 0.499, zero ratio: 0.501, mpl: 1.0
2024-11-14 01:38:01,368 - root - INFO - In train()-> Train Ep. #16 loss: 0.630, accuracy: 77.16, lr: 0.001, sparsity: 0.501, network_width_mpl: 1.0
2024-11-14 01:38:01,480 - root - INFO - In validate()-> Val Ep. #16 loss: 1.166, accuracy: 61.00, sparsity: 0.501, task1 ratio: 0.499, zero ratio: 0.501, mpl: 1.0
2024-11-14 01:38:01,798 - root - INFO - In train()-> Train Ep. #17 loss: 0.631, accuracy: 77.08, lr: 0.001, sparsity: 0.501, network_width_mpl: 1.0
2024-11-14 01:38:01,918 - root - INFO - In validate()-> Val Ep. #17 loss: 1.165, accuracy: 60.00, sparsity: 0.501, task1 ratio: 0.499, zero ratio: 0.501, mpl: 1.0
2024-11-14 01:38:02,221 - root - INFO - In train()-> Train Ep. #18 loss: 0.628, accuracy: 77.72, lr: 0.001, sparsity: 0.501, network_width_mpl: 1.0
2024-11-14 01:38:02,333 - root - INFO - In validate()-> Val Ep. #18 loss: 1.155, accuracy: 59.80, sparsity: 0.501, task1 ratio: 0.499, zero ratio: 0.501, mpl: 1.0
2024-11-14 01:38:02,676 - root - INFO - In train()-> Train Ep. #19 loss: 0.612, accuracy: 76.92, lr: 0.001, sparsity: 0.501, network_width_mpl: 1.0
2024-11-14 01:38:02,801 - root - INFO - In validate()-> Val Ep. #19 loss: 1.179, accuracy: 59.80, sparsity: 0.501, task1 ratio: 0.499, zero ratio: 0.501, mpl: 1.0
2024-11-14 01:38:03,133 - root - INFO - In train()-> Train Ep. #20 loss: 0.626, accuracy: 76.64, lr: 0.001, sparsity: 0.501, network_width_mpl: 1.0
2024-11-14 01:38:03,256 - root - INFO - In validate()-> Val Ep. #20 loss: 1.167, accuracy: 60.60, sparsity: 0.501, task1 ratio: 0.499, zero ratio: 0.501, mpl: 1.0
2024-11-14 01:38:03,258 - root - INFO - ----------------
2024-11-14 01:38:05,621 - root - INFO - 
2024-11-14 01:38:05,621 - root - INFO - Before pruning: 
2024-11-14 01:38:05,621 - root - INFO - Sparsity range: 0.5 -> 0.6
2024-11-14 01:38:05,897 - root - INFO - In validate()-> Val Ep. #0 loss: 1.167, accuracy: 60.60, sparsity: 0.501, task1 ratio: 0.499, zero ratio: 0.501, mpl: 1.0
2024-11-14 01:38:05,897 - root - INFO - 
2024-11-14 01:38:06,284 - root - INFO - In train()-> Train Ep. #1 loss: 0.625, accuracy: 76.32, lr: 0.001, sparsity: 0.553, network_width_mpl: 1.0
2024-11-14 01:38:06,391 - root - INFO - In validate()-> Val Ep. #1 loss: 1.226, accuracy: 58.20, sparsity: 0.553, task1 ratio: 0.447, zero ratio: 0.553, mpl: 1.0
2024-11-14 01:38:06,744 - root - INFO - In train()-> Train Ep. #2 loss: 0.663, accuracy: 75.72, lr: 0.001, sparsity: 0.586, network_width_mpl: 1.0
2024-11-14 01:38:06,854 - root - INFO - In validate()-> Val Ep. #2 loss: 1.242, accuracy: 57.60, sparsity: 0.586, task1 ratio: 0.414, zero ratio: 0.586, mpl: 1.0
2024-11-14 01:38:07,198 - root - INFO - In train()-> Train Ep. #3 loss: 0.653, accuracy: 76.12, lr: 0.001, sparsity: 0.598, network_width_mpl: 1.0
2024-11-14 01:38:07,319 - root - INFO - In validate()-> Val Ep. #3 loss: 1.200, accuracy: 57.40, sparsity: 0.598, task1 ratio: 0.402, zero ratio: 0.598, mpl: 1.0
2024-11-14 01:38:07,664 - root - INFO - In train()-> Train Ep. #4 loss: 0.618, accuracy: 76.80, lr: 0.001, sparsity: 0.601, network_width_mpl: 1.0
2024-11-14 01:38:07,777 - root - INFO - In validate()-> Val Ep. #4 loss: 1.173, accuracy: 58.00, sparsity: 0.601, task1 ratio: 0.399, zero ratio: 0.601, mpl: 1.0
2024-11-14 01:38:08,098 - root - INFO - In train()-> Train Ep. #5 loss: 0.636, accuracy: 76.60, lr: 0.001, sparsity: 0.601, network_width_mpl: 1.0
2024-11-14 01:38:08,207 - root - INFO - In validate()-> Val Ep. #5 loss: 1.184, accuracy: 59.00, sparsity: 0.601, task1 ratio: 0.399, zero ratio: 0.601, mpl: 1.0
2024-11-14 01:38:08,539 - root - INFO - In train()-> Train Ep. #6 loss: 0.619, accuracy: 76.64, lr: 0.001, sparsity: 0.601, network_width_mpl: 1.0
2024-11-14 01:38:08,660 - root - INFO - In validate()-> Val Ep. #6 loss: 1.195, accuracy: 57.60, sparsity: 0.601, task1 ratio: 0.399, zero ratio: 0.601, mpl: 1.0
2024-11-14 01:38:09,001 - root - INFO - In train()-> Train Ep. #7 loss: 0.628, accuracy: 77.28, lr: 0.001, sparsity: 0.601, network_width_mpl: 1.0
2024-11-14 01:38:09,119 - root - INFO - In validate()-> Val Ep. #7 loss: 1.194, accuracy: 57.40, sparsity: 0.601, task1 ratio: 0.399, zero ratio: 0.601, mpl: 1.0
2024-11-14 01:38:09,472 - root - INFO - In train()-> Train Ep. #8 loss: 0.610, accuracy: 78.04, lr: 0.001, sparsity: 0.601, network_width_mpl: 1.0
2024-11-14 01:38:09,584 - root - INFO - In validate()-> Val Ep. #8 loss: 1.175, accuracy: 58.40, sparsity: 0.601, task1 ratio: 0.399, zero ratio: 0.601, mpl: 1.0
2024-11-14 01:38:09,916 - root - INFO - In train()-> Train Ep. #9 loss: 0.610, accuracy: 77.92, lr: 0.001, sparsity: 0.601, network_width_mpl: 1.0
2024-11-14 01:38:10,033 - root - INFO - In validate()-> Val Ep. #9 loss: 1.172, accuracy: 58.40, sparsity: 0.601, task1 ratio: 0.399, zero ratio: 0.601, mpl: 1.0
2024-11-14 01:38:10,356 - root - INFO - In train()-> Train Ep. #10 loss: 0.621, accuracy: 77.12, lr: 0.001, sparsity: 0.601, network_width_mpl: 1.0
2024-11-14 01:38:10,468 - root - INFO - In validate()-> Val Ep. #10 loss: 1.207, accuracy: 57.40, sparsity: 0.601, task1 ratio: 0.399, zero ratio: 0.601, mpl: 1.0
2024-11-14 01:38:10,775 - root - INFO - In train()-> Train Ep. #11 loss: 0.604, accuracy: 78.80, lr: 0.001, sparsity: 0.601, network_width_mpl: 1.0
2024-11-14 01:38:10,903 - root - INFO - In validate()-> Val Ep. #11 loss: 1.205, accuracy: 58.00, sparsity: 0.601, task1 ratio: 0.399, zero ratio: 0.601, mpl: 1.0
2024-11-14 01:38:11,209 - root - INFO - In train()-> Train Ep. #12 loss: 0.614, accuracy: 77.80, lr: 0.001, sparsity: 0.601, network_width_mpl: 1.0
2024-11-14 01:38:11,326 - root - INFO - In validate()-> Val Ep. #12 loss: 1.208, accuracy: 56.60, sparsity: 0.601, task1 ratio: 0.399, zero ratio: 0.601, mpl: 1.0
2024-11-14 01:38:11,619 - root - INFO - In train()-> Train Ep. #13 loss: 0.594, accuracy: 77.84, lr: 0.001, sparsity: 0.601, network_width_mpl: 1.0
2024-11-14 01:38:11,748 - root - INFO - In validate()-> Val Ep. #13 loss: 1.198, accuracy: 59.40, sparsity: 0.601, task1 ratio: 0.399, zero ratio: 0.601, mpl: 1.0
2024-11-14 01:38:12,065 - root - INFO - In train()-> Train Ep. #14 loss: 0.622, accuracy: 77.84, lr: 0.001, sparsity: 0.601, network_width_mpl: 1.0
2024-11-14 01:38:12,178 - root - INFO - In validate()-> Val Ep. #14 loss: 1.198, accuracy: 58.00, sparsity: 0.601, task1 ratio: 0.399, zero ratio: 0.601, mpl: 1.0
2024-11-14 01:38:12,501 - root - INFO - In train()-> Train Ep. #15 loss: 0.618, accuracy: 77.28, lr: 0.001, sparsity: 0.601, network_width_mpl: 1.0
2024-11-14 01:38:12,646 - root - INFO - In validate()-> Val Ep. #15 loss: 1.191, accuracy: 58.60, sparsity: 0.601, task1 ratio: 0.399, zero ratio: 0.601, mpl: 1.0
2024-11-14 01:38:13,003 - root - INFO - In train()-> Train Ep. #16 loss: 0.604, accuracy: 77.36, lr: 0.001, sparsity: 0.601, network_width_mpl: 1.0
2024-11-14 01:38:13,117 - root - INFO - In validate()-> Val Ep. #16 loss: 1.198, accuracy: 59.60, sparsity: 0.601, task1 ratio: 0.399, zero ratio: 0.601, mpl: 1.0
2024-11-14 01:38:13,463 - root - INFO - In train()-> Train Ep. #17 loss: 0.603, accuracy: 78.52, lr: 0.001, sparsity: 0.601, network_width_mpl: 1.0
2024-11-14 01:38:13,582 - root - INFO - In validate()-> Val Ep. #17 loss: 1.190, accuracy: 58.20, sparsity: 0.601, task1 ratio: 0.399, zero ratio: 0.601, mpl: 1.0
2024-11-14 01:38:13,898 - root - INFO - In train()-> Train Ep. #18 loss: 0.598, accuracy: 79.12, lr: 0.001, sparsity: 0.601, network_width_mpl: 1.0
2024-11-14 01:38:14,016 - root - INFO - In validate()-> Val Ep. #18 loss: 1.183, accuracy: 57.80, sparsity: 0.601, task1 ratio: 0.399, zero ratio: 0.601, mpl: 1.0
2024-11-14 01:38:14,367 - root - INFO - In train()-> Train Ep. #19 loss: 0.590, accuracy: 78.04, lr: 0.001, sparsity: 0.601, network_width_mpl: 1.0
2024-11-14 01:38:14,486 - root - INFO - In validate()-> Val Ep. #19 loss: 1.209, accuracy: 57.40, sparsity: 0.601, task1 ratio: 0.399, zero ratio: 0.601, mpl: 1.0
2024-11-14 01:38:14,813 - root - INFO - In train()-> Train Ep. #20 loss: 0.600, accuracy: 78.20, lr: 0.001, sparsity: 0.601, network_width_mpl: 1.0
2024-11-14 01:38:14,936 - root - INFO - In validate()-> Val Ep. #20 loss: 1.194, accuracy: 59.80, sparsity: 0.601, task1 ratio: 0.399, zero ratio: 0.601, mpl: 1.0
2024-11-14 01:38:14,938 - root - INFO - ----------------
2024-11-14 01:38:17,296 - root - INFO - 
2024-11-14 01:38:17,296 - root - INFO - Before pruning: 
2024-11-14 01:38:17,296 - root - INFO - Sparsity range: 0.6 -> 0.7
2024-11-14 01:38:17,576 - root - INFO - In validate()-> Val Ep. #0 loss: 1.194, accuracy: 59.80, sparsity: 0.601, task1 ratio: 0.399, zero ratio: 0.601, mpl: 1.0
2024-11-14 01:38:17,577 - root - INFO - 
2024-11-14 01:38:17,955 - root - INFO - In train()-> Train Ep. #1 loss: 0.601, accuracy: 76.80, lr: 0.001, sparsity: 0.653, network_width_mpl: 1.0
2024-11-14 01:38:18,067 - root - INFO - In validate()-> Val Ep. #1 loss: 1.562, accuracy: 53.60, sparsity: 0.653, task1 ratio: 0.347, zero ratio: 0.653, mpl: 1.0
2024-11-14 01:38:18,393 - root - INFO - In train()-> Train Ep. #2 loss: 0.676, accuracy: 73.64, lr: 0.001, sparsity: 0.686, network_width_mpl: 1.0
2024-11-14 01:38:18,515 - root - INFO - In validate()-> Val Ep. #2 loss: 1.230, accuracy: 56.00, sparsity: 0.686, task1 ratio: 0.314, zero ratio: 0.686, mpl: 1.0
2024-11-14 01:38:18,833 - root - INFO - In train()-> Train Ep. #3 loss: 0.685, accuracy: 74.56, lr: 0.001, sparsity: 0.698, network_width_mpl: 1.0
2024-11-14 01:38:18,952 - root - INFO - In validate()-> Val Ep. #3 loss: 1.323, accuracy: 56.40, sparsity: 0.698, task1 ratio: 0.302, zero ratio: 0.698, mpl: 1.0
2024-11-14 01:38:19,308 - root - INFO - In train()-> Train Ep. #4 loss: 0.651, accuracy: 75.88, lr: 0.001, sparsity: 0.701, network_width_mpl: 1.0
2024-11-14 01:38:19,427 - root - INFO - In validate()-> Val Ep. #4 loss: 1.186, accuracy: 58.60, sparsity: 0.701, task1 ratio: 0.299, zero ratio: 0.701, mpl: 1.0
2024-11-14 01:38:19,771 - root - INFO - In train()-> Train Ep. #5 loss: 0.645, accuracy: 75.88, lr: 0.001, sparsity: 0.701, network_width_mpl: 1.0
2024-11-14 01:38:19,890 - root - INFO - In validate()-> Val Ep. #5 loss: 1.170, accuracy: 59.00, sparsity: 0.701, task1 ratio: 0.299, zero ratio: 0.701, mpl: 1.0
2024-11-14 01:38:20,203 - root - INFO - In train()-> Train Ep. #6 loss: 0.627, accuracy: 77.20, lr: 0.001, sparsity: 0.701, network_width_mpl: 1.0
2024-11-14 01:38:20,331 - root - INFO - In validate()-> Val Ep. #6 loss: 1.188, accuracy: 58.80, sparsity: 0.701, task1 ratio: 0.299, zero ratio: 0.701, mpl: 1.0
2024-11-14 01:38:20,652 - root - INFO - In train()-> Train Ep. #7 loss: 0.634, accuracy: 76.80, lr: 0.001, sparsity: 0.701, network_width_mpl: 1.0
2024-11-14 01:38:20,784 - root - INFO - In validate()-> Val Ep. #7 loss: 1.205, accuracy: 59.20, sparsity: 0.701, task1 ratio: 0.299, zero ratio: 0.701, mpl: 1.0
2024-11-14 01:38:21,118 - root - INFO - In train()-> Train Ep. #8 loss: 0.618, accuracy: 78.24, lr: 0.001, sparsity: 0.701, network_width_mpl: 1.0
2024-11-14 01:38:21,229 - root - INFO - In validate()-> Val Ep. #8 loss: 1.187, accuracy: 58.20, sparsity: 0.701, task1 ratio: 0.299, zero ratio: 0.701, mpl: 1.0
2024-11-14 01:38:21,574 - root - INFO - In train()-> Train Ep. #9 loss: 0.616, accuracy: 77.60, lr: 0.001, sparsity: 0.701, network_width_mpl: 1.0
2024-11-14 01:38:21,684 - root - INFO - In validate()-> Val Ep. #9 loss: 1.172, accuracy: 59.20, sparsity: 0.701, task1 ratio: 0.299, zero ratio: 0.701, mpl: 1.0
2024-11-14 01:38:22,012 - root - INFO - In train()-> Train Ep. #10 loss: 0.613, accuracy: 77.60, lr: 0.001, sparsity: 0.701, network_width_mpl: 1.0
2024-11-14 01:38:22,126 - root - INFO - In validate()-> Val Ep. #10 loss: 1.215, accuracy: 57.60, sparsity: 0.701, task1 ratio: 0.299, zero ratio: 0.701, mpl: 1.0
2024-11-14 01:38:22,464 - root - INFO - In train()-> Train Ep. #11 loss: 0.610, accuracy: 77.76, lr: 0.001, sparsity: 0.701, network_width_mpl: 1.0
2024-11-14 01:38:22,598 - root - INFO - In validate()-> Val Ep. #11 loss: 1.207, accuracy: 58.40, sparsity: 0.701, task1 ratio: 0.299, zero ratio: 0.701, mpl: 1.0
2024-11-14 01:38:22,922 - root - INFO - In train()-> Train Ep. #12 loss: 0.616, accuracy: 77.12, lr: 0.001, sparsity: 0.701, network_width_mpl: 1.0
2024-11-14 01:38:23,050 - root - INFO - In validate()-> Val Ep. #12 loss: 1.205, accuracy: 59.00, sparsity: 0.701, task1 ratio: 0.299, zero ratio: 0.701, mpl: 1.0
2024-11-14 01:38:23,384 - root - INFO - In train()-> Train Ep. #13 loss: 0.597, accuracy: 78.00, lr: 0.001, sparsity: 0.701, network_width_mpl: 1.0
2024-11-14 01:38:23,505 - root - INFO - In validate()-> Val Ep. #13 loss: 1.197, accuracy: 58.00, sparsity: 0.701, task1 ratio: 0.299, zero ratio: 0.701, mpl: 1.0
2024-11-14 01:38:23,848 - root - INFO - In train()-> Train Ep. #14 loss: 0.608, accuracy: 78.60, lr: 0.001, sparsity: 0.701, network_width_mpl: 1.0
2024-11-14 01:38:23,968 - root - INFO - In validate()-> Val Ep. #14 loss: 1.199, accuracy: 59.60, sparsity: 0.701, task1 ratio: 0.299, zero ratio: 0.701, mpl: 1.0
2024-11-14 01:38:24,267 - root - INFO - In train()-> Train Ep. #15 loss: 0.612, accuracy: 77.52, lr: 0.001, sparsity: 0.701, network_width_mpl: 1.0
2024-11-14 01:38:24,391 - root - INFO - In validate()-> Val Ep. #15 loss: 1.210, accuracy: 58.60, sparsity: 0.701, task1 ratio: 0.299, zero ratio: 0.701, mpl: 1.0
2024-11-14 01:38:24,736 - root - INFO - In train()-> Train Ep. #16 loss: 0.600, accuracy: 77.52, lr: 0.001, sparsity: 0.701, network_width_mpl: 1.0
2024-11-14 01:38:24,847 - root - INFO - In validate()-> Val Ep. #16 loss: 1.199, accuracy: 60.00, sparsity: 0.701, task1 ratio: 0.299, zero ratio: 0.701, mpl: 1.0
2024-11-14 01:38:25,192 - root - INFO - In train()-> Train Ep. #17 loss: 0.599, accuracy: 79.12, lr: 0.001, sparsity: 0.701, network_width_mpl: 1.0
2024-11-14 01:38:25,312 - root - INFO - In validate()-> Val Ep. #17 loss: 1.198, accuracy: 59.60, sparsity: 0.701, task1 ratio: 0.299, zero ratio: 0.701, mpl: 1.0
2024-11-14 01:38:25,647 - root - INFO - In train()-> Train Ep. #18 loss: 0.600, accuracy: 79.04, lr: 0.001, sparsity: 0.701, network_width_mpl: 1.0
2024-11-14 01:38:25,777 - root - INFO - In validate()-> Val Ep. #18 loss: 1.187, accuracy: 58.20, sparsity: 0.701, task1 ratio: 0.299, zero ratio: 0.701, mpl: 1.0
2024-11-14 01:38:26,105 - root - INFO - In train()-> Train Ep. #19 loss: 0.594, accuracy: 78.52, lr: 0.001, sparsity: 0.701, network_width_mpl: 1.0
2024-11-14 01:38:26,229 - root - INFO - In validate()-> Val Ep. #19 loss: 1.210, accuracy: 58.60, sparsity: 0.701, task1 ratio: 0.299, zero ratio: 0.701, mpl: 1.0
2024-11-14 01:38:26,538 - root - INFO - In train()-> Train Ep. #20 loss: 0.603, accuracy: 77.76, lr: 0.001, sparsity: 0.701, network_width_mpl: 1.0
2024-11-14 01:38:26,659 - root - INFO - In validate()-> Val Ep. #20 loss: 1.196, accuracy: 59.80, sparsity: 0.701, task1 ratio: 0.299, zero ratio: 0.701, mpl: 1.0
2024-11-14 01:38:26,662 - root - INFO - ----------------
2024-11-14 01:38:28,973 - root - INFO - 
2024-11-14 01:38:28,973 - root - INFO - Before pruning: 
2024-11-14 01:38:28,973 - root - INFO - Sparsity range: 0.7 -> 0.8
2024-11-14 01:38:29,244 - root - INFO - In validate()-> Val Ep. #0 loss: 1.196, accuracy: 59.80, sparsity: 0.701, task1 ratio: 0.299, zero ratio: 0.701, mpl: 1.0
2024-11-14 01:38:29,244 - root - INFO - 
2024-11-14 01:38:29,648 - root - INFO - In train()-> Train Ep. #1 loss: 0.601, accuracy: 77.28, lr: 0.001, sparsity: 0.753, network_width_mpl: 1.0
2024-11-14 01:38:29,783 - root - INFO - In validate()-> Val Ep. #1 loss: 1.545, accuracy: 48.40, sparsity: 0.753, task1 ratio: 0.247, zero ratio: 0.753, mpl: 1.0
2024-11-14 01:38:30,091 - root - INFO - In train()-> Train Ep. #2 loss: 0.758, accuracy: 70.28, lr: 0.001, sparsity: 0.786, network_width_mpl: 1.0
2024-11-14 01:38:30,199 - root - INFO - In validate()-> Val Ep. #2 loss: 1.596, accuracy: 48.20, sparsity: 0.786, task1 ratio: 0.214, zero ratio: 0.786, mpl: 1.0
2024-11-14 01:38:30,510 - root - INFO - In train()-> Train Ep. #3 loss: 0.843, accuracy: 67.60, lr: 0.001, sparsity: 0.798, network_width_mpl: 1.0
2024-11-14 01:38:30,629 - root - INFO - In validate()-> Val Ep. #3 loss: 1.683, accuracy: 43.60, sparsity: 0.798, task1 ratio: 0.202, zero ratio: 0.798, mpl: 1.0
2024-11-14 01:38:30,960 - root - INFO - In train()-> Train Ep. #4 loss: 0.791, accuracy: 69.76, lr: 0.001, sparsity: 0.801, network_width_mpl: 1.0
2024-11-14 01:38:31,085 - root - INFO - In validate()-> Val Ep. #4 loss: 1.140, accuracy: 56.20, sparsity: 0.801, task1 ratio: 0.199, zero ratio: 0.801, mpl: 1.0
2024-11-14 01:38:31,411 - root - INFO - In train()-> Train Ep. #5 loss: 0.734, accuracy: 71.68, lr: 0.001, sparsity: 0.801, network_width_mpl: 1.0
2024-11-14 01:38:31,521 - root - INFO - In validate()-> Val Ep. #5 loss: 1.135, accuracy: 57.20, sparsity: 0.801, task1 ratio: 0.199, zero ratio: 0.801, mpl: 1.0
2024-11-14 01:38:31,850 - root - INFO - In train()-> Train Ep. #6 loss: 0.711, accuracy: 73.08, lr: 0.001, sparsity: 0.801, network_width_mpl: 1.0
2024-11-14 01:38:31,970 - root - INFO - In validate()-> Val Ep. #6 loss: 1.155, accuracy: 56.20, sparsity: 0.801, task1 ratio: 0.199, zero ratio: 0.801, mpl: 1.0
2024-11-14 01:38:32,287 - root - INFO - In train()-> Train Ep. #7 loss: 0.723, accuracy: 72.80, lr: 0.001, sparsity: 0.801, network_width_mpl: 1.0
2024-11-14 01:38:32,425 - root - INFO - In validate()-> Val Ep. #7 loss: 1.153, accuracy: 57.80, sparsity: 0.801, task1 ratio: 0.199, zero ratio: 0.801, mpl: 1.0
2024-11-14 01:38:32,784 - root - INFO - In train()-> Train Ep. #8 loss: 0.681, accuracy: 74.12, lr: 0.001, sparsity: 0.801, network_width_mpl: 1.0
2024-11-14 01:38:32,908 - root - INFO - In validate()-> Val Ep. #8 loss: 1.128, accuracy: 58.20, sparsity: 0.801, task1 ratio: 0.199, zero ratio: 0.801, mpl: 1.0
2024-11-14 01:38:33,199 - root - INFO - In train()-> Train Ep. #9 loss: 0.679, accuracy: 74.52, lr: 0.001, sparsity: 0.801, network_width_mpl: 1.0
2024-11-14 01:38:33,311 - root - INFO - In validate()-> Val Ep. #9 loss: 1.133, accuracy: 59.60, sparsity: 0.801, task1 ratio: 0.199, zero ratio: 0.801, mpl: 1.0
2024-11-14 01:38:33,658 - root - INFO - In train()-> Train Ep. #10 loss: 0.694, accuracy: 73.12, lr: 0.001, sparsity: 0.801, network_width_mpl: 1.0
2024-11-14 01:38:33,781 - root - INFO - In validate()-> Val Ep. #10 loss: 1.152, accuracy: 57.40, sparsity: 0.801, task1 ratio: 0.199, zero ratio: 0.801, mpl: 1.0
2024-11-14 01:38:34,112 - root - INFO - In train()-> Train Ep. #11 loss: 0.674, accuracy: 75.24, lr: 0.001, sparsity: 0.801, network_width_mpl: 1.0
2024-11-14 01:38:34,228 - root - INFO - In validate()-> Val Ep. #11 loss: 1.149, accuracy: 59.00, sparsity: 0.801, task1 ratio: 0.199, zero ratio: 0.801, mpl: 1.0
2024-11-14 01:38:34,543 - root - INFO - In train()-> Train Ep. #12 loss: 0.672, accuracy: 75.16, lr: 0.001, sparsity: 0.801, network_width_mpl: 1.0
2024-11-14 01:38:34,666 - root - INFO - In validate()-> Val Ep. #12 loss: 1.163, accuracy: 58.80, sparsity: 0.801, task1 ratio: 0.199, zero ratio: 0.801, mpl: 1.0
2024-11-14 01:38:34,982 - root - INFO - In train()-> Train Ep. #13 loss: 0.647, accuracy: 76.08, lr: 0.001, sparsity: 0.801, network_width_mpl: 1.0
2024-11-14 01:38:35,099 - root - INFO - In validate()-> Val Ep. #13 loss: 1.150, accuracy: 59.80, sparsity: 0.801, task1 ratio: 0.199, zero ratio: 0.801, mpl: 1.0
2024-11-14 01:38:35,407 - root - INFO - In train()-> Train Ep. #14 loss: 0.677, accuracy: 74.96, lr: 0.001, sparsity: 0.801, network_width_mpl: 1.0
2024-11-14 01:38:35,526 - root - INFO - In validate()-> Val Ep. #14 loss: 1.151, accuracy: 59.60, sparsity: 0.801, task1 ratio: 0.199, zero ratio: 0.801, mpl: 1.0
2024-11-14 01:38:35,863 - root - INFO - In train()-> Train Ep. #15 loss: 0.666, accuracy: 75.24, lr: 0.001, sparsity: 0.801, network_width_mpl: 1.0
2024-11-14 01:38:35,990 - root - INFO - In validate()-> Val Ep. #15 loss: 1.166, accuracy: 57.60, sparsity: 0.801, task1 ratio: 0.199, zero ratio: 0.801, mpl: 1.0
2024-11-14 01:38:36,314 - root - INFO - In train()-> Train Ep. #16 loss: 0.659, accuracy: 75.16, lr: 0.001, sparsity: 0.801, network_width_mpl: 1.0
2024-11-14 01:38:36,426 - root - INFO - In validate()-> Val Ep. #16 loss: 1.163, accuracy: 58.60, sparsity: 0.801, task1 ratio: 0.199, zero ratio: 0.801, mpl: 1.0
2024-11-14 01:38:36,755 - root - INFO - In train()-> Train Ep. #17 loss: 0.654, accuracy: 75.84, lr: 0.001, sparsity: 0.801, network_width_mpl: 1.0
2024-11-14 01:38:36,866 - root - INFO - In validate()-> Val Ep. #17 loss: 1.162, accuracy: 58.60, sparsity: 0.801, task1 ratio: 0.199, zero ratio: 0.801, mpl: 1.0
2024-11-14 01:38:37,203 - root - INFO - In train()-> Train Ep. #18 loss: 0.640, accuracy: 76.12, lr: 0.001, sparsity: 0.801, network_width_mpl: 1.0
2024-11-14 01:38:37,315 - root - INFO - In validate()-> Val Ep. #18 loss: 1.163, accuracy: 58.40, sparsity: 0.801, task1 ratio: 0.199, zero ratio: 0.801, mpl: 1.0
2024-11-14 01:38:37,641 - root - INFO - In train()-> Train Ep. #19 loss: 0.643, accuracy: 75.76, lr: 0.001, sparsity: 0.801, network_width_mpl: 1.0
2024-11-14 01:38:37,752 - root - INFO - In validate()-> Val Ep. #19 loss: 1.177, accuracy: 57.40, sparsity: 0.801, task1 ratio: 0.199, zero ratio: 0.801, mpl: 1.0
2024-11-14 01:38:38,071 - root - INFO - In train()-> Train Ep. #20 loss: 0.649, accuracy: 75.48, lr: 0.001, sparsity: 0.801, network_width_mpl: 1.0
2024-11-14 01:38:38,188 - root - INFO - In validate()-> Val Ep. #20 loss: 1.157, accuracy: 59.20, sparsity: 0.801, task1 ratio: 0.199, zero ratio: 0.801, mpl: 1.0
2024-11-14 01:38:38,189 - root - INFO - ----------------
2024-11-14 01:38:40,548 - root - INFO - 
2024-11-14 01:38:40,548 - root - INFO - Before pruning: 
2024-11-14 01:38:40,548 - root - INFO - Sparsity range: 0.8 -> 0.9
2024-11-14 01:38:40,823 - root - INFO - In validate()-> Val Ep. #0 loss: 1.157, accuracy: 59.20, sparsity: 0.801, task1 ratio: 0.199, zero ratio: 0.801, mpl: 1.0
2024-11-14 01:38:40,823 - root - INFO - 
2024-11-14 01:38:41,214 - root - INFO - In train()-> Train Ep. #1 loss: 0.636, accuracy: 75.92, lr: 0.001, sparsity: 0.853, network_width_mpl: 1.0
2024-11-14 01:38:41,330 - root - INFO - In validate()-> Val Ep. #1 loss: 1.833, accuracy: 45.80, sparsity: 0.853, task1 ratio: 0.147, zero ratio: 0.853, mpl: 1.0
2024-11-14 01:38:41,667 - root - INFO - In train()-> Train Ep. #2 loss: 0.970, accuracy: 62.32, lr: 0.001, sparsity: 0.886, network_width_mpl: 1.0
2024-11-14 01:38:41,792 - root - INFO - In validate()-> Val Ep. #2 loss: 2.186, accuracy: 34.80, sparsity: 0.886, task1 ratio: 0.114, zero ratio: 0.886, mpl: 1.0
2024-11-14 01:38:42,119 - root - INFO - In train()-> Train Ep. #3 loss: 1.138, accuracy: 55.16, lr: 0.001, sparsity: 0.898, network_width_mpl: 1.0
2024-11-14 01:38:42,240 - root - INFO - In validate()-> Val Ep. #3 loss: 1.493, accuracy: 48.00, sparsity: 0.898, task1 ratio: 0.102, zero ratio: 0.898, mpl: 1.0
2024-11-14 01:38:42,562 - root - INFO - In train()-> Train Ep. #4 loss: 1.078, accuracy: 58.40, lr: 0.001, sparsity: 0.901, network_width_mpl: 1.0
2024-11-14 01:38:42,680 - root - INFO - In validate()-> Val Ep. #4 loss: 1.194, accuracy: 52.00, sparsity: 0.901, task1 ratio: 0.099, zero ratio: 0.901, mpl: 1.0
2024-11-14 01:38:43,050 - root - INFO - In train()-> Train Ep. #5 loss: 1.007, accuracy: 60.84, lr: 0.001, sparsity: 0.901, network_width_mpl: 1.0
2024-11-14 01:38:43,159 - root - INFO - In validate()-> Val Ep. #5 loss: 1.124, accuracy: 56.80, sparsity: 0.901, task1 ratio: 0.099, zero ratio: 0.901, mpl: 1.0
2024-11-14 01:38:43,467 - root - INFO - In train()-> Train Ep. #6 loss: 0.969, accuracy: 62.64, lr: 0.001, sparsity: 0.901, network_width_mpl: 1.0
2024-11-14 01:38:43,584 - root - INFO - In validate()-> Val Ep. #6 loss: 1.106, accuracy: 55.40, sparsity: 0.901, task1 ratio: 0.099, zero ratio: 0.901, mpl: 1.0
2024-11-14 01:38:43,886 - root - INFO - In train()-> Train Ep. #7 loss: 0.954, accuracy: 63.12, lr: 0.001, sparsity: 0.901, network_width_mpl: 1.0
2024-11-14 01:38:44,005 - root - INFO - In validate()-> Val Ep. #7 loss: 1.108, accuracy: 55.60, sparsity: 0.901, task1 ratio: 0.099, zero ratio: 0.901, mpl: 1.0
2024-11-14 01:38:44,327 - root - INFO - In train()-> Train Ep. #8 loss: 0.931, accuracy: 64.40, lr: 0.001, sparsity: 0.901, network_width_mpl: 1.0
2024-11-14 01:38:44,441 - root - INFO - In validate()-> Val Ep. #8 loss: 1.087, accuracy: 57.20, sparsity: 0.901, task1 ratio: 0.099, zero ratio: 0.901, mpl: 1.0
2024-11-14 01:38:44,783 - root - INFO - In train()-> Train Ep. #9 loss: 0.926, accuracy: 63.76, lr: 0.001, sparsity: 0.901, network_width_mpl: 1.0
2024-11-14 01:38:44,898 - root - INFO - In validate()-> Val Ep. #9 loss: 1.087, accuracy: 58.00, sparsity: 0.901, task1 ratio: 0.099, zero ratio: 0.901, mpl: 1.0
2024-11-14 01:38:45,200 - root - INFO - In train()-> Train Ep. #10 loss: 0.923, accuracy: 63.60, lr: 0.001, sparsity: 0.901, network_width_mpl: 1.0
2024-11-14 01:38:45,327 - root - INFO - In validate()-> Val Ep. #10 loss: 1.089, accuracy: 58.00, sparsity: 0.901, task1 ratio: 0.099, zero ratio: 0.901, mpl: 1.0
2024-11-14 01:38:45,654 - root - INFO - In train()-> Train Ep. #11 loss: 0.931, accuracy: 64.44, lr: 0.001, sparsity: 0.901, network_width_mpl: 1.0
2024-11-14 01:38:45,775 - root - INFO - In validate()-> Val Ep. #11 loss: 1.087, accuracy: 58.20, sparsity: 0.901, task1 ratio: 0.099, zero ratio: 0.901, mpl: 1.0
2024-11-14 01:38:46,088 - root - INFO - In train()-> Train Ep. #12 loss: 0.919, accuracy: 64.12, lr: 0.001, sparsity: 0.901, network_width_mpl: 1.0
2024-11-14 01:38:46,200 - root - INFO - In validate()-> Val Ep. #12 loss: 1.081, accuracy: 58.80, sparsity: 0.901, task1 ratio: 0.099, zero ratio: 0.901, mpl: 1.0
2024-11-14 01:38:46,528 - root - INFO - In train()-> Train Ep. #13 loss: 0.904, accuracy: 65.08, lr: 0.001, sparsity: 0.901, network_width_mpl: 1.0
2024-11-14 01:38:46,649 - root - INFO - In validate()-> Val Ep. #13 loss: 1.080, accuracy: 57.60, sparsity: 0.901, task1 ratio: 0.099, zero ratio: 0.901, mpl: 1.0
2024-11-14 01:38:47,007 - root - INFO - In train()-> Train Ep. #14 loss: 0.921, accuracy: 64.44, lr: 0.001, sparsity: 0.901, network_width_mpl: 1.0
2024-11-14 01:38:47,125 - root - INFO - In validate()-> Val Ep. #14 loss: 1.073, accuracy: 58.40, sparsity: 0.901, task1 ratio: 0.099, zero ratio: 0.901, mpl: 1.0
2024-11-14 01:38:47,466 - root - INFO - In train()-> Train Ep. #15 loss: 0.890, accuracy: 66.68, lr: 0.001, sparsity: 0.901, network_width_mpl: 1.0
2024-11-14 01:38:47,584 - root - INFO - In validate()-> Val Ep. #15 loss: 1.078, accuracy: 57.40, sparsity: 0.901, task1 ratio: 0.099, zero ratio: 0.901, mpl: 1.0
2024-11-14 01:38:47,914 - root - INFO - In train()-> Train Ep. #16 loss: 0.877, accuracy: 65.44, lr: 0.001, sparsity: 0.901, network_width_mpl: 1.0
2024-11-14 01:38:48,029 - root - INFO - In validate()-> Val Ep. #16 loss: 1.079, accuracy: 57.00, sparsity: 0.901, task1 ratio: 0.099, zero ratio: 0.901, mpl: 1.0
2024-11-14 01:38:48,346 - root - INFO - In train()-> Train Ep. #17 loss: 0.887, accuracy: 66.32, lr: 0.001, sparsity: 0.901, network_width_mpl: 1.0
2024-11-14 01:38:48,457 - root - INFO - In validate()-> Val Ep. #17 loss: 1.084, accuracy: 57.40, sparsity: 0.901, task1 ratio: 0.099, zero ratio: 0.901, mpl: 1.0
2024-11-14 01:38:48,774 - root - INFO - In train()-> Train Ep. #18 loss: 0.891, accuracy: 66.16, lr: 0.001, sparsity: 0.901, network_width_mpl: 1.0
2024-11-14 01:38:48,902 - root - INFO - In validate()-> Val Ep. #18 loss: 1.075, accuracy: 57.60, sparsity: 0.901, task1 ratio: 0.099, zero ratio: 0.901, mpl: 1.0
2024-11-14 01:38:49,206 - root - INFO - In train()-> Train Ep. #19 loss: 0.871, accuracy: 66.52, lr: 0.001, sparsity: 0.901, network_width_mpl: 1.0
2024-11-14 01:38:49,326 - root - INFO - In validate()-> Val Ep. #19 loss: 1.079, accuracy: 59.00, sparsity: 0.901, task1 ratio: 0.099, zero ratio: 0.901, mpl: 1.0
2024-11-14 01:38:49,657 - root - INFO - In train()-> Train Ep. #20 loss: 0.867, accuracy: 66.32, lr: 0.001, sparsity: 0.901, network_width_mpl: 1.0
2024-11-14 01:38:49,802 - root - INFO - In validate()-> Val Ep. #20 loss: 1.076, accuracy: 57.20, sparsity: 0.901, task1 ratio: 0.099, zero ratio: 0.901, mpl: 1.0
2024-11-14 01:38:49,804 - root - INFO - ----------------
2024-11-14 01:38:52,129 - root - INFO - 
2024-11-14 01:38:52,129 - root - INFO - Before pruning: 
2024-11-14 01:38:52,129 - root - INFO - Sparsity range: 0.9 -> 0.95
2024-11-14 01:38:52,415 - root - INFO - In validate()-> Val Ep. #0 loss: 1.076, accuracy: 57.20, sparsity: 0.901, task1 ratio: 0.099, zero ratio: 0.901, mpl: 1.0
2024-11-14 01:38:52,415 - root - INFO - 
2024-11-14 01:38:52,799 - root - INFO - In train()-> Train Ep. #1 loss: 0.872, accuracy: 66.48, lr: 0.001, sparsity: 0.926, network_width_mpl: 1.0
2024-11-14 01:38:52,913 - root - INFO - In validate()-> Val Ep. #1 loss: 2.480, accuracy: 34.60, sparsity: 0.926, task1 ratio: 0.074, zero ratio: 0.926, mpl: 1.0
2024-11-14 01:38:53,242 - root - INFO - In train()-> Train Ep. #2 loss: 1.122, accuracy: 56.48, lr: 0.001, sparsity: 0.943, network_width_mpl: 1.0
2024-11-14 01:38:53,348 - root - INFO - In validate()-> Val Ep. #2 loss: 1.701, accuracy: 38.20, sparsity: 0.943, task1 ratio: 0.057, zero ratio: 0.943, mpl: 1.0
2024-11-14 01:38:53,652 - root - INFO - In train()-> Train Ep. #3 loss: 1.242, accuracy: 49.32, lr: 0.001, sparsity: 0.949, network_width_mpl: 1.0
2024-11-14 01:38:53,777 - root - INFO - In validate()-> Val Ep. #3 loss: 1.404, accuracy: 42.20, sparsity: 0.949, task1 ratio: 0.051, zero ratio: 0.949, mpl: 1.0
2024-11-14 01:38:54,098 - root - INFO - In train()-> Train Ep. #4 loss: 1.216, accuracy: 50.28, lr: 0.001, sparsity: 0.950, network_width_mpl: 1.0
2024-11-14 01:38:54,212 - root - INFO - In validate()-> Val Ep. #4 loss: 1.243, accuracy: 50.60, sparsity: 0.950, task1 ratio: 0.050, zero ratio: 0.950, mpl: 1.0
2024-11-14 01:38:54,570 - root - INFO - In train()-> Train Ep. #5 loss: 1.193, accuracy: 50.24, lr: 0.001, sparsity: 0.950, network_width_mpl: 1.0
2024-11-14 01:38:54,710 - root - INFO - In validate()-> Val Ep. #5 loss: 1.182, accuracy: 52.60, sparsity: 0.950, task1 ratio: 0.050, zero ratio: 0.950, mpl: 1.0
2024-11-14 01:38:55,025 - root - INFO - In train()-> Train Ep. #6 loss: 1.150, accuracy: 53.48, lr: 0.001, sparsity: 0.950, network_width_mpl: 1.0
2024-11-14 01:38:55,132 - root - INFO - In validate()-> Val Ep. #6 loss: 1.171, accuracy: 53.40, sparsity: 0.950, task1 ratio: 0.050, zero ratio: 0.950, mpl: 1.0
2024-11-14 01:38:55,450 - root - INFO - In train()-> Train Ep. #7 loss: 1.135, accuracy: 55.44, lr: 0.001, sparsity: 0.950, network_width_mpl: 1.0
2024-11-14 01:38:55,559 - root - INFO - In validate()-> Val Ep. #7 loss: 1.164, accuracy: 51.80, sparsity: 0.950, task1 ratio: 0.050, zero ratio: 0.950, mpl: 1.0
2024-11-14 01:38:55,886 - root - INFO - In train()-> Train Ep. #8 loss: 1.110, accuracy: 55.88, lr: 0.001, sparsity: 0.950, network_width_mpl: 1.0
2024-11-14 01:38:55,996 - root - INFO - In validate()-> Val Ep. #8 loss: 1.149, accuracy: 53.60, sparsity: 0.950, task1 ratio: 0.050, zero ratio: 0.950, mpl: 1.0
2024-11-14 01:38:56,312 - root - INFO - In train()-> Train Ep. #9 loss: 1.115, accuracy: 54.68, lr: 0.001, sparsity: 0.950, network_width_mpl: 1.0
2024-11-14 01:38:56,425 - root - INFO - In validate()-> Val Ep. #9 loss: 1.140, accuracy: 52.40, sparsity: 0.950, task1 ratio: 0.050, zero ratio: 0.950, mpl: 1.0
2024-11-14 01:38:56,730 - root - INFO - In train()-> Train Ep. #10 loss: 1.110, accuracy: 54.96, lr: 0.001, sparsity: 0.950, network_width_mpl: 1.0
2024-11-14 01:38:56,862 - root - INFO - In validate()-> Val Ep. #10 loss: 1.149, accuracy: 52.40, sparsity: 0.950, task1 ratio: 0.050, zero ratio: 0.950, mpl: 1.0
2024-11-14 01:38:57,151 - root - INFO - In train()-> Train Ep. #11 loss: 1.097, accuracy: 56.32, lr: 0.001, sparsity: 0.950, network_width_mpl: 1.0
2024-11-14 01:38:57,261 - root - INFO - In validate()-> Val Ep. #11 loss: 1.129, accuracy: 54.20, sparsity: 0.950, task1 ratio: 0.050, zero ratio: 0.950, mpl: 1.0
2024-11-14 01:38:57,552 - root - INFO - In train()-> Train Ep. #12 loss: 1.112, accuracy: 54.72, lr: 0.001, sparsity: 0.950, network_width_mpl: 1.0
2024-11-14 01:38:57,671 - root - INFO - In validate()-> Val Ep. #12 loss: 1.131, accuracy: 53.40, sparsity: 0.950, task1 ratio: 0.050, zero ratio: 0.950, mpl: 1.0
2024-11-14 01:38:57,973 - root - INFO - In train()-> Train Ep. #13 loss: 1.074, accuracy: 57.00, lr: 0.001, sparsity: 0.950, network_width_mpl: 1.0
2024-11-14 01:38:58,090 - root - INFO - In validate()-> Val Ep. #13 loss: 1.119, accuracy: 52.40, sparsity: 0.950, task1 ratio: 0.050, zero ratio: 0.950, mpl: 1.0
2024-11-14 01:38:58,387 - root - INFO - In train()-> Train Ep. #14 loss: 1.091, accuracy: 57.20, lr: 0.001, sparsity: 0.950, network_width_mpl: 1.0
2024-11-14 01:38:58,495 - root - INFO - In validate()-> Val Ep. #14 loss: 1.115, accuracy: 53.80, sparsity: 0.950, task1 ratio: 0.050, zero ratio: 0.950, mpl: 1.0
2024-11-14 01:38:58,833 - root - INFO - In train()-> Train Ep. #15 loss: 1.066, accuracy: 57.88, lr: 0.001, sparsity: 0.950, network_width_mpl: 1.0
2024-11-14 01:38:58,949 - root - INFO - In validate()-> Val Ep. #15 loss: 1.128, accuracy: 53.60, sparsity: 0.950, task1 ratio: 0.050, zero ratio: 0.950, mpl: 1.0
2024-11-14 01:38:59,237 - root - INFO - In train()-> Train Ep. #16 loss: 1.068, accuracy: 57.96, lr: 0.001, sparsity: 0.950, network_width_mpl: 1.0
2024-11-14 01:38:59,348 - root - INFO - In validate()-> Val Ep. #16 loss: 1.112, accuracy: 54.60, sparsity: 0.950, task1 ratio: 0.050, zero ratio: 0.950, mpl: 1.0
2024-11-14 01:38:59,659 - root - INFO - In train()-> Train Ep. #17 loss: 1.052, accuracy: 58.08, lr: 0.001, sparsity: 0.950, network_width_mpl: 1.0
2024-11-14 01:38:59,767 - root - INFO - In validate()-> Val Ep. #17 loss: 1.112, accuracy: 53.00, sparsity: 0.950, task1 ratio: 0.050, zero ratio: 0.950, mpl: 1.0
2024-11-14 01:39:00,085 - root - INFO - In train()-> Train Ep. #18 loss: 1.064, accuracy: 57.04, lr: 0.001, sparsity: 0.950, network_width_mpl: 1.0
2024-11-14 01:39:00,205 - root - INFO - In validate()-> Val Ep. #18 loss: 1.118, accuracy: 55.00, sparsity: 0.950, task1 ratio: 0.050, zero ratio: 0.950, mpl: 1.0
2024-11-14 01:39:00,530 - root - INFO - In train()-> Train Ep. #19 loss: 1.068, accuracy: 56.72, lr: 0.001, sparsity: 0.950, network_width_mpl: 1.0
2024-11-14 01:39:00,651 - root - INFO - In validate()-> Val Ep. #19 loss: 1.112, accuracy: 55.00, sparsity: 0.950, task1 ratio: 0.050, zero ratio: 0.950, mpl: 1.0
2024-11-14 01:39:00,958 - root - INFO - In train()-> Train Ep. #20 loss: 1.056, accuracy: 57.28, lr: 0.001, sparsity: 0.950, network_width_mpl: 1.0
2024-11-14 01:39:01,066 - root - INFO - In validate()-> Val Ep. #20 loss: 1.108, accuracy: 54.80, sparsity: 0.950, task1 ratio: 0.050, zero ratio: 0.950, mpl: 1.0
2024-11-14 01:39:01,068 - root - INFO - ----------------
