2024-11-14 01:06:11,689 - root - INFO - Finetune stage...
2024-11-14 01:06:12,187 - root - INFO - In train()-> Train Ep. #1 loss: 1.610, accuracy: 18.80, lr: 0.01, sparsity: 0.000, network_width_mpl: 1.0
2024-11-14 01:06:12,294 - root - INFO - In validate()-> Val Ep. #1 loss: 1.609, accuracy: 20.00, sparsity: 0.000, task1 ratio: 1.000, zero ratio: 0.000, mpl: 1.0
2024-11-14 01:06:12,604 - root - INFO - In train()-> Train Ep. #2 loss: 1.609, accuracy: 21.64, lr: 0.01, sparsity: 0.000, network_width_mpl: 1.0
2024-11-14 01:06:12,707 - root - INFO - In validate()-> Val Ep. #2 loss: 1.601, accuracy: 34.80, sparsity: 0.000, task1 ratio: 1.000, zero ratio: 0.000, mpl: 1.0
2024-11-14 01:06:13,000 - root - INFO - In train()-> Train Ep. #3 loss: 1.530, accuracy: 33.12, lr: 0.01, sparsity: 0.000, network_width_mpl: 1.0
2024-11-14 01:06:13,102 - root - INFO - In validate()-> Val Ep. #3 loss: 1.346, accuracy: 38.20, sparsity: 0.000, task1 ratio: 1.000, zero ratio: 0.000, mpl: 1.0
2024-11-14 01:06:13,397 - root - INFO - In train()-> Train Ep. #4 loss: 1.319, accuracy: 41.36, lr: 0.01, sparsity: 0.000, network_width_mpl: 1.0
2024-11-14 01:06:13,515 - root - INFO - In validate()-> Val Ep. #4 loss: 1.275, accuracy: 47.00, sparsity: 0.000, task1 ratio: 1.000, zero ratio: 0.000, mpl: 1.0
2024-11-14 01:06:13,819 - root - INFO - In train()-> Train Ep. #5 loss: 1.290, accuracy: 44.88, lr: 0.01, sparsity: 0.000, network_width_mpl: 1.0
2024-11-14 01:06:13,935 - root - INFO - In validate()-> Val Ep. #5 loss: 1.252, accuracy: 46.20, sparsity: 0.000, task1 ratio: 1.000, zero ratio: 0.000, mpl: 1.0
2024-11-14 01:06:14,241 - root - INFO - In train()-> Train Ep. #6 loss: 1.242, accuracy: 48.72, lr: 0.01, sparsity: 0.000, network_width_mpl: 1.0
2024-11-14 01:06:14,348 - root - INFO - In validate()-> Val Ep. #6 loss: 1.096, accuracy: 58.00, sparsity: 0.000, task1 ratio: 1.000, zero ratio: 0.000, mpl: 1.0
2024-11-14 01:06:14,658 - root - INFO - In train()-> Train Ep. #7 loss: 1.162, accuracy: 52.96, lr: 0.01, sparsity: 0.000, network_width_mpl: 1.0
2024-11-14 01:06:14,780 - root - INFO - In validate()-> Val Ep. #7 loss: 1.044, accuracy: 59.40, sparsity: 0.000, task1 ratio: 1.000, zero ratio: 0.000, mpl: 1.0
2024-11-14 01:06:15,090 - root - INFO - In train()-> Train Ep. #8 loss: 1.087, accuracy: 54.48, lr: 0.01, sparsity: 0.000, network_width_mpl: 1.0
2024-11-14 01:06:15,195 - root - INFO - In validate()-> Val Ep. #8 loss: 0.995, accuracy: 61.20, sparsity: 0.000, task1 ratio: 1.000, zero ratio: 0.000, mpl: 1.0
2024-11-14 01:06:15,517 - root - INFO - In train()-> Train Ep. #9 loss: 1.028, accuracy: 56.96, lr: 0.01, sparsity: 0.000, network_width_mpl: 1.0
2024-11-14 01:06:15,626 - root - INFO - In validate()-> Val Ep. #9 loss: 0.944, accuracy: 60.60, sparsity: 0.000, task1 ratio: 1.000, zero ratio: 0.000, mpl: 1.0
2024-11-14 01:06:15,924 - root - INFO - In train()-> Train Ep. #10 loss: 1.001, accuracy: 58.48, lr: 0.01, sparsity: 0.000, network_width_mpl: 1.0
2024-11-14 01:06:16,028 - root - INFO - In validate()-> Val Ep. #10 loss: 0.998, accuracy: 58.40, sparsity: 0.000, task1 ratio: 1.000, zero ratio: 0.000, mpl: 1.0
2024-11-14 01:06:16,358 - root - INFO - In train()-> Train Ep. #11 loss: 0.997, accuracy: 59.72, lr: 0.01, sparsity: 0.000, network_width_mpl: 1.0
2024-11-14 01:06:16,461 - root - INFO - In validate()-> Val Ep. #11 loss: 0.970, accuracy: 63.80, sparsity: 0.000, task1 ratio: 1.000, zero ratio: 0.000, mpl: 1.0
2024-11-14 01:06:16,788 - root - INFO - In train()-> Train Ep. #12 loss: 0.944, accuracy: 61.76, lr: 0.01, sparsity: 0.000, network_width_mpl: 1.0
2024-11-14 01:06:16,906 - root - INFO - In validate()-> Val Ep. #12 loss: 0.889, accuracy: 65.40, sparsity: 0.000, task1 ratio: 1.000, zero ratio: 0.000, mpl: 1.0
2024-11-14 01:06:17,206 - root - INFO - In train()-> Train Ep. #13 loss: 0.939, accuracy: 63.20, lr: 0.01, sparsity: 0.000, network_width_mpl: 1.0
2024-11-14 01:06:17,313 - root - INFO - In validate()-> Val Ep. #13 loss: 0.908, accuracy: 64.20, sparsity: 0.000, task1 ratio: 1.000, zero ratio: 0.000, mpl: 1.0
2024-11-14 01:06:17,605 - root - INFO - In train()-> Train Ep. #14 loss: 0.928, accuracy: 63.48, lr: 0.01, sparsity: 0.000, network_width_mpl: 1.0
2024-11-14 01:06:17,706 - root - INFO - In validate()-> Val Ep. #14 loss: 0.847, accuracy: 67.60, sparsity: 0.000, task1 ratio: 1.000, zero ratio: 0.000, mpl: 1.0
2024-11-14 01:06:17,990 - root - INFO - In train()-> Train Ep. #15 loss: 0.870, accuracy: 66.12, lr: 0.01, sparsity: 0.000, network_width_mpl: 1.0
2024-11-14 01:06:18,094 - root - INFO - In validate()-> Val Ep. #15 loss: 0.844, accuracy: 69.40, sparsity: 0.000, task1 ratio: 1.000, zero ratio: 0.000, mpl: 1.0
2024-11-14 01:06:18,388 - root - INFO - In train()-> Train Ep. #16 loss: 0.871, accuracy: 66.76, lr: 0.01, sparsity: 0.000, network_width_mpl: 1.0
2024-11-14 01:06:18,506 - root - INFO - In validate()-> Val Ep. #16 loss: 0.920, accuracy: 67.60, sparsity: 0.000, task1 ratio: 1.000, zero ratio: 0.000, mpl: 1.0
2024-11-14 01:06:18,822 - root - INFO - In train()-> Train Ep. #17 loss: 0.873, accuracy: 66.84, lr: 0.01, sparsity: 0.000, network_width_mpl: 1.0
2024-11-14 01:06:18,933 - root - INFO - In validate()-> Val Ep. #17 loss: 0.860, accuracy: 67.40, sparsity: 0.000, task1 ratio: 1.000, zero ratio: 0.000, mpl: 1.0
2024-11-14 01:06:19,266 - root - INFO - In train()-> Train Ep. #18 loss: 0.845, accuracy: 67.12, lr: 0.01, sparsity: 0.000, network_width_mpl: 1.0
2024-11-14 01:06:19,396 - root - INFO - In validate()-> Val Ep. #18 loss: 0.816, accuracy: 65.60, sparsity: 0.000, task1 ratio: 1.000, zero ratio: 0.000, mpl: 1.0
2024-11-14 01:06:19,701 - root - INFO - In train()-> Train Ep. #19 loss: 0.835, accuracy: 68.32, lr: 0.01, sparsity: 0.000, network_width_mpl: 1.0
2024-11-14 01:06:19,807 - root - INFO - In validate()-> Val Ep. #19 loss: 0.838, accuracy: 67.20, sparsity: 0.000, task1 ratio: 1.000, zero ratio: 0.000, mpl: 1.0
2024-11-14 01:06:20,115 - root - INFO - In train()-> Train Ep. #20 loss: 0.840, accuracy: 67.08, lr: 0.01, sparsity: 0.000, network_width_mpl: 1.0
2024-11-14 01:06:20,234 - root - INFO - In validate()-> Val Ep. #20 loss: 0.813, accuracy: 69.20, sparsity: 0.000, task1 ratio: 1.000, zero ratio: 0.000, mpl: 1.0
2024-11-14 01:06:20,522 - root - INFO - In train()-> Train Ep. #21 loss: 0.819, accuracy: 68.48, lr: 0.01, sparsity: 0.000, network_width_mpl: 1.0
2024-11-14 01:06:20,648 - root - INFO - In validate()-> Val Ep. #21 loss: 0.854, accuracy: 68.00, sparsity: 0.000, task1 ratio: 1.000, zero ratio: 0.000, mpl: 1.0
2024-11-14 01:06:20,947 - root - INFO - In train()-> Train Ep. #22 loss: 0.814, accuracy: 68.36, lr: 0.01, sparsity: 0.000, network_width_mpl: 1.0
2024-11-14 01:06:21,067 - root - INFO - In validate()-> Val Ep. #22 loss: 0.862, accuracy: 69.00, sparsity: 0.000, task1 ratio: 1.000, zero ratio: 0.000, mpl: 1.0
2024-11-14 01:06:21,414 - root - INFO - In train()-> Train Ep. #23 loss: 0.822, accuracy: 68.72, lr: 0.01, sparsity: 0.000, network_width_mpl: 1.0
2024-11-14 01:06:21,531 - root - INFO - In validate()-> Val Ep. #23 loss: 0.747, accuracy: 70.20, sparsity: 0.000, task1 ratio: 1.000, zero ratio: 0.000, mpl: 1.0
2024-11-14 01:06:21,830 - root - INFO - In train()-> Train Ep. #24 loss: 0.801, accuracy: 69.76, lr: 0.01, sparsity: 0.000, network_width_mpl: 1.0
2024-11-14 01:06:21,934 - root - INFO - In validate()-> Val Ep. #24 loss: 0.792, accuracy: 69.60, sparsity: 0.000, task1 ratio: 1.000, zero ratio: 0.000, mpl: 1.0
2024-11-14 01:06:22,248 - root - INFO - In train()-> Train Ep. #25 loss: 0.810, accuracy: 68.52, lr: 0.01, sparsity: 0.000, network_width_mpl: 1.0
2024-11-14 01:06:22,356 - root - INFO - In validate()-> Val Ep. #25 loss: 0.727, accuracy: 71.20, sparsity: 0.000, task1 ratio: 1.000, zero ratio: 0.000, mpl: 1.0
2024-11-14 01:06:22,654 - root - INFO - In train()-> Train Ep. #26 loss: 0.739, accuracy: 72.40, lr: 0.01, sparsity: 0.000, network_width_mpl: 1.0
2024-11-14 01:06:22,766 - root - INFO - In validate()-> Val Ep. #26 loss: 0.889, accuracy: 68.60, sparsity: 0.000, task1 ratio: 1.000, zero ratio: 0.000, mpl: 1.0
2024-11-14 01:06:23,092 - root - INFO - In train()-> Train Ep. #27 loss: 0.796, accuracy: 69.28, lr: 0.01, sparsity: 0.000, network_width_mpl: 1.0
2024-11-14 01:06:23,211 - root - INFO - In validate()-> Val Ep. #27 loss: 0.770, accuracy: 70.60, sparsity: 0.000, task1 ratio: 1.000, zero ratio: 0.000, mpl: 1.0
2024-11-14 01:06:23,540 - root - INFO - In train()-> Train Ep. #28 loss: 0.748, accuracy: 70.92, lr: 0.01, sparsity: 0.000, network_width_mpl: 1.0
2024-11-14 01:06:23,647 - root - INFO - In validate()-> Val Ep. #28 loss: 0.748, accuracy: 73.20, sparsity: 0.000, task1 ratio: 1.000, zero ratio: 0.000, mpl: 1.0
2024-11-14 01:06:23,969 - root - INFO - In train()-> Train Ep. #29 loss: 0.761, accuracy: 71.08, lr: 0.01, sparsity: 0.000, network_width_mpl: 1.0
2024-11-14 01:06:24,072 - root - INFO - In validate()-> Val Ep. #29 loss: 0.838, accuracy: 70.80, sparsity: 0.000, task1 ratio: 1.000, zero ratio: 0.000, mpl: 1.0
2024-11-14 01:06:24,402 - root - INFO - In train()-> Train Ep. #30 loss: 0.758, accuracy: 70.64, lr: 0.01, sparsity: 0.000, network_width_mpl: 1.0
2024-11-14 01:06:24,513 - root - INFO - In validate()-> Val Ep. #30 loss: 0.765, accuracy: 71.80, sparsity: 0.000, task1 ratio: 1.000, zero ratio: 0.000, mpl: 1.0
2024-11-14 01:06:24,850 - root - INFO - In train()-> Train Ep. #31 loss: 0.767, accuracy: 69.84, lr: 0.01, sparsity: 0.000, network_width_mpl: 1.0
2024-11-14 01:06:24,963 - root - INFO - In validate()-> Val Ep. #31 loss: 0.779, accuracy: 71.60, sparsity: 0.000, task1 ratio: 1.000, zero ratio: 0.000, mpl: 1.0
2024-11-14 01:06:25,268 - root - INFO - In train()-> Train Ep. #32 loss: 0.739, accuracy: 71.08, lr: 0.01, sparsity: 0.000, network_width_mpl: 1.0
2024-11-14 01:06:25,377 - root - INFO - In validate()-> Val Ep. #32 loss: 0.743, accuracy: 72.60, sparsity: 0.000, task1 ratio: 1.000, zero ratio: 0.000, mpl: 1.0
2024-11-14 01:06:25,686 - root - INFO - In train()-> Train Ep. #33 loss: 0.741, accuracy: 71.60, lr: 0.01, sparsity: 0.000, network_width_mpl: 1.0
2024-11-14 01:06:25,808 - root - INFO - In validate()-> Val Ep. #33 loss: 0.725, accuracy: 71.80, sparsity: 0.000, task1 ratio: 1.000, zero ratio: 0.000, mpl: 1.0
2024-11-14 01:06:26,147 - root - INFO - In train()-> Train Ep. #34 loss: 0.747, accuracy: 71.44, lr: 0.01, sparsity: 0.000, network_width_mpl: 1.0
2024-11-14 01:06:26,250 - root - INFO - In validate()-> Val Ep. #34 loss: 0.693, accuracy: 74.60, sparsity: 0.000, task1 ratio: 1.000, zero ratio: 0.000, mpl: 1.0
2024-11-14 01:06:26,568 - root - INFO - In train()-> Train Ep. #35 loss: 0.709, accuracy: 72.20, lr: 0.01, sparsity: 0.000, network_width_mpl: 1.0
2024-11-14 01:06:26,673 - root - INFO - In validate()-> Val Ep. #35 loss: 0.796, accuracy: 71.80, sparsity: 0.000, task1 ratio: 1.000, zero ratio: 0.000, mpl: 1.0
2024-11-14 01:06:26,983 - root - INFO - In train()-> Train Ep. #36 loss: 0.714, accuracy: 72.64, lr: 0.01, sparsity: 0.000, network_width_mpl: 1.0
2024-11-14 01:06:27,090 - root - INFO - In validate()-> Val Ep. #36 loss: 0.700, accuracy: 75.20, sparsity: 0.000, task1 ratio: 1.000, zero ratio: 0.000, mpl: 1.0
2024-11-14 01:06:27,399 - root - INFO - In train()-> Train Ep. #37 loss: 0.699, accuracy: 72.92, lr: 0.01, sparsity: 0.000, network_width_mpl: 1.0
2024-11-14 01:06:27,501 - root - INFO - In validate()-> Val Ep. #37 loss: 0.712, accuracy: 73.60, sparsity: 0.000, task1 ratio: 1.000, zero ratio: 0.000, mpl: 1.0
2024-11-14 01:06:27,808 - root - INFO - In train()-> Train Ep. #38 loss: 0.693, accuracy: 73.04, lr: 0.01, sparsity: 0.000, network_width_mpl: 1.0
2024-11-14 01:06:27,911 - root - INFO - In validate()-> Val Ep. #38 loss: 0.684, accuracy: 74.60, sparsity: 0.000, task1 ratio: 1.000, zero ratio: 0.000, mpl: 1.0
2024-11-14 01:06:28,231 - root - INFO - In train()-> Train Ep. #39 loss: 0.712, accuracy: 72.52, lr: 0.01, sparsity: 0.000, network_width_mpl: 1.0
2024-11-14 01:06:28,336 - root - INFO - In validate()-> Val Ep. #39 loss: 0.701, accuracy: 70.60, sparsity: 0.000, task1 ratio: 1.000, zero ratio: 0.000, mpl: 1.0
2024-11-14 01:06:28,643 - root - INFO - In train()-> Train Ep. #40 loss: 0.685, accuracy: 72.96, lr: 0.01, sparsity: 0.000, network_width_mpl: 1.0
2024-11-14 01:06:28,758 - root - INFO - In validate()-> Val Ep. #40 loss: 0.734, accuracy: 72.00, sparsity: 0.000, task1 ratio: 1.000, zero ratio: 0.000, mpl: 1.0
2024-11-14 01:06:29,094 - root - INFO - In train()-> Train Ep. #41 loss: 0.703, accuracy: 73.96, lr: 0.01, sparsity: 0.000, network_width_mpl: 1.0
2024-11-14 01:06:29,201 - root - INFO - In validate()-> Val Ep. #41 loss: 0.668, accuracy: 75.00, sparsity: 0.000, task1 ratio: 1.000, zero ratio: 0.000, mpl: 1.0
2024-11-14 01:06:29,505 - root - INFO - In train()-> Train Ep. #42 loss: 0.681, accuracy: 73.48, lr: 0.01, sparsity: 0.000, network_width_mpl: 1.0
2024-11-14 01:06:29,616 - root - INFO - In validate()-> Val Ep. #42 loss: 0.740, accuracy: 72.00, sparsity: 0.000, task1 ratio: 1.000, zero ratio: 0.000, mpl: 1.0
2024-11-14 01:06:29,936 - root - INFO - In train()-> Train Ep. #43 loss: 0.683, accuracy: 73.60, lr: 0.01, sparsity: 0.000, network_width_mpl: 1.0
2024-11-14 01:06:30,044 - root - INFO - In validate()-> Val Ep. #43 loss: 0.674, accuracy: 74.80, sparsity: 0.000, task1 ratio: 1.000, zero ratio: 0.000, mpl: 1.0
2024-11-14 01:06:30,379 - root - INFO - In train()-> Train Ep. #44 loss: 0.664, accuracy: 74.76, lr: 0.01, sparsity: 0.000, network_width_mpl: 1.0
2024-11-14 01:06:30,488 - root - INFO - In validate()-> Val Ep. #44 loss: 0.663, accuracy: 76.40, sparsity: 0.000, task1 ratio: 1.000, zero ratio: 0.000, mpl: 1.0
2024-11-14 01:06:30,829 - root - INFO - In train()-> Train Ep. #45 loss: 0.639, accuracy: 74.88, lr: 0.01, sparsity: 0.000, network_width_mpl: 1.0
2024-11-14 01:06:30,934 - root - INFO - In validate()-> Val Ep. #45 loss: 0.643, accuracy: 76.80, sparsity: 0.000, task1 ratio: 1.000, zero ratio: 0.000, mpl: 1.0
2024-11-14 01:06:31,250 - root - INFO - In train()-> Train Ep. #46 loss: 0.660, accuracy: 74.40, lr: 0.01, sparsity: 0.000, network_width_mpl: 1.0
2024-11-14 01:06:31,374 - root - INFO - In validate()-> Val Ep. #46 loss: 0.688, accuracy: 73.80, sparsity: 0.000, task1 ratio: 1.000, zero ratio: 0.000, mpl: 1.0
2024-11-14 01:06:31,664 - root - INFO - In train()-> Train Ep. #47 loss: 0.629, accuracy: 75.88, lr: 0.01, sparsity: 0.000, network_width_mpl: 1.0
2024-11-14 01:06:31,786 - root - INFO - In validate()-> Val Ep. #47 loss: 0.697, accuracy: 73.80, sparsity: 0.000, task1 ratio: 1.000, zero ratio: 0.000, mpl: 1.0
2024-11-14 01:06:32,095 - root - INFO - In train()-> Train Ep. #48 loss: 0.661, accuracy: 75.68, lr: 0.01, sparsity: 0.000, network_width_mpl: 1.0
2024-11-14 01:06:32,214 - root - INFO - In validate()-> Val Ep. #48 loss: 0.690, accuracy: 73.60, sparsity: 0.000, task1 ratio: 1.000, zero ratio: 0.000, mpl: 1.0
2024-11-14 01:06:32,501 - root - INFO - In train()-> Train Ep. #49 loss: 0.635, accuracy: 76.24, lr: 0.01, sparsity: 0.000, network_width_mpl: 1.0
2024-11-14 01:06:32,607 - root - INFO - In validate()-> Val Ep. #49 loss: 0.710, accuracy: 72.20, sparsity: 0.000, task1 ratio: 1.000, zero ratio: 0.000, mpl: 1.0
2024-11-14 01:06:32,927 - root - INFO - In train()-> Train Ep. #50 loss: 0.632, accuracy: 75.96, lr: 0.01, sparsity: 0.000, network_width_mpl: 1.0
2024-11-14 01:06:33,035 - root - INFO - In validate()-> Val Ep. #50 loss: 0.659, accuracy: 75.20, sparsity: 0.000, task1 ratio: 1.000, zero ratio: 0.000, mpl: 1.0
2024-11-14 01:06:33,379 - root - INFO - In train()-> Train Ep. #51 loss: 0.570, accuracy: 78.52, lr: 0.001, sparsity: 0.000, network_width_mpl: 1.0
2024-11-14 01:06:33,481 - root - INFO - In validate()-> Val Ep. #51 loss: 0.619, accuracy: 77.20, sparsity: 0.000, task1 ratio: 1.000, zero ratio: 0.000, mpl: 1.0
2024-11-14 01:06:33,787 - root - INFO - In train()-> Train Ep. #52 loss: 0.565, accuracy: 78.08, lr: 0.001, sparsity: 0.000, network_width_mpl: 1.0
2024-11-14 01:06:33,900 - root - INFO - In validate()-> Val Ep. #52 loss: 0.615, accuracy: 78.20, sparsity: 0.000, task1 ratio: 1.000, zero ratio: 0.000, mpl: 1.0
2024-11-14 01:06:34,210 - root - INFO - In train()-> Train Ep. #53 loss: 0.555, accuracy: 78.92, lr: 0.001, sparsity: 0.000, network_width_mpl: 1.0
2024-11-14 01:06:34,325 - root - INFO - In validate()-> Val Ep. #53 loss: 0.617, accuracy: 78.00, sparsity: 0.000, task1 ratio: 1.000, zero ratio: 0.000, mpl: 1.0
2024-11-14 01:06:34,643 - root - INFO - In train()-> Train Ep. #54 loss: 0.550, accuracy: 79.16, lr: 0.001, sparsity: 0.000, network_width_mpl: 1.0
2024-11-14 01:06:34,751 - root - INFO - In validate()-> Val Ep. #54 loss: 0.619, accuracy: 77.00, sparsity: 0.000, task1 ratio: 1.000, zero ratio: 0.000, mpl: 1.0
2024-11-14 01:06:35,044 - root - INFO - In train()-> Train Ep. #55 loss: 0.555, accuracy: 79.00, lr: 0.001, sparsity: 0.000, network_width_mpl: 1.0
2024-11-14 01:06:35,148 - root - INFO - In validate()-> Val Ep. #55 loss: 0.634, accuracy: 76.80, sparsity: 0.000, task1 ratio: 1.000, zero ratio: 0.000, mpl: 1.0
2024-11-14 01:06:35,488 - root - INFO - In train()-> Train Ep. #56 loss: 0.565, accuracy: 78.12, lr: 0.001, sparsity: 0.000, network_width_mpl: 1.0
2024-11-14 01:06:35,595 - root - INFO - In validate()-> Val Ep. #56 loss: 0.612, accuracy: 77.40, sparsity: 0.000, task1 ratio: 1.000, zero ratio: 0.000, mpl: 1.0
2024-11-14 01:06:35,913 - root - INFO - In train()-> Train Ep. #57 loss: 0.534, accuracy: 80.20, lr: 0.001, sparsity: 0.000, network_width_mpl: 1.0
2024-11-14 01:06:36,018 - root - INFO - In validate()-> Val Ep. #57 loss: 0.611, accuracy: 77.80, sparsity: 0.000, task1 ratio: 1.000, zero ratio: 0.000, mpl: 1.0
2024-11-14 01:06:36,315 - root - INFO - In train()-> Train Ep. #58 loss: 0.547, accuracy: 78.76, lr: 0.001, sparsity: 0.000, network_width_mpl: 1.0
2024-11-14 01:06:36,423 - root - INFO - In validate()-> Val Ep. #58 loss: 0.618, accuracy: 77.00, sparsity: 0.000, task1 ratio: 1.000, zero ratio: 0.000, mpl: 1.0
2024-11-14 01:06:36,724 - root - INFO - In train()-> Train Ep. #59 loss: 0.546, accuracy: 78.84, lr: 0.001, sparsity: 0.000, network_width_mpl: 1.0
2024-11-14 01:06:36,834 - root - INFO - In validate()-> Val Ep. #59 loss: 0.606, accuracy: 77.20, sparsity: 0.000, task1 ratio: 1.000, zero ratio: 0.000, mpl: 1.0
2024-11-14 01:06:37,126 - root - INFO - In train()-> Train Ep. #60 loss: 0.559, accuracy: 79.28, lr: 0.001, sparsity: 0.000, network_width_mpl: 1.0
2024-11-14 01:06:37,235 - root - INFO - In validate()-> Val Ep. #60 loss: 0.609, accuracy: 77.60, sparsity: 0.000, task1 ratio: 1.000, zero ratio: 0.000, mpl: 1.0
2024-11-14 01:06:37,541 - root - INFO - In train()-> Train Ep. #61 loss: 0.549, accuracy: 78.72, lr: 0.001, sparsity: 0.000, network_width_mpl: 1.0
2024-11-14 01:06:37,648 - root - INFO - In validate()-> Val Ep. #61 loss: 0.607, accuracy: 78.20, sparsity: 0.000, task1 ratio: 1.000, zero ratio: 0.000, mpl: 1.0
2024-11-14 01:06:37,950 - root - INFO - In train()-> Train Ep. #62 loss: 0.549, accuracy: 78.52, lr: 0.001, sparsity: 0.000, network_width_mpl: 1.0
2024-11-14 01:06:38,058 - root - INFO - In validate()-> Val Ep. #62 loss: 0.597, accuracy: 77.80, sparsity: 0.000, task1 ratio: 1.000, zero ratio: 0.000, mpl: 1.0
2024-11-14 01:06:38,364 - root - INFO - In train()-> Train Ep. #63 loss: 0.539, accuracy: 79.52, lr: 0.001, sparsity: 0.000, network_width_mpl: 1.0
2024-11-14 01:06:38,467 - root - INFO - In validate()-> Val Ep. #63 loss: 0.606, accuracy: 78.00, sparsity: 0.000, task1 ratio: 1.000, zero ratio: 0.000, mpl: 1.0
2024-11-14 01:06:38,786 - root - INFO - In train()-> Train Ep. #64 loss: 0.554, accuracy: 78.76, lr: 0.001, sparsity: 0.000, network_width_mpl: 1.0
2024-11-14 01:06:38,889 - root - INFO - In validate()-> Val Ep. #64 loss: 0.615, accuracy: 77.00, sparsity: 0.000, task1 ratio: 1.000, zero ratio: 0.000, mpl: 1.0
2024-11-14 01:06:39,186 - root - INFO - In train()-> Train Ep. #65 loss: 0.541, accuracy: 79.84, lr: 0.001, sparsity: 0.000, network_width_mpl: 1.0
2024-11-14 01:06:39,296 - root - INFO - In validate()-> Val Ep. #65 loss: 0.612, accuracy: 78.00, sparsity: 0.000, task1 ratio: 1.000, zero ratio: 0.000, mpl: 1.0
2024-11-14 01:06:39,600 - root - INFO - In train()-> Train Ep. #66 loss: 0.519, accuracy: 80.44, lr: 0.001, sparsity: 0.000, network_width_mpl: 1.0
2024-11-14 01:06:39,713 - root - INFO - In validate()-> Val Ep. #66 loss: 0.615, accuracy: 76.80, sparsity: 0.000, task1 ratio: 1.000, zero ratio: 0.000, mpl: 1.0
2024-11-14 01:06:40,047 - root - INFO - In train()-> Train Ep. #67 loss: 0.531, accuracy: 80.04, lr: 0.001, sparsity: 0.000, network_width_mpl: 1.0
2024-11-14 01:06:40,158 - root - INFO - In validate()-> Val Ep. #67 loss: 0.621, accuracy: 78.20, sparsity: 0.000, task1 ratio: 1.000, zero ratio: 0.000, mpl: 1.0
2024-11-14 01:06:40,477 - root - INFO - In train()-> Train Ep. #68 loss: 0.542, accuracy: 79.20, lr: 0.001, sparsity: 0.000, network_width_mpl: 1.0
2024-11-14 01:06:40,592 - root - INFO - In validate()-> Val Ep. #68 loss: 0.604, accuracy: 78.20, sparsity: 0.000, task1 ratio: 1.000, zero ratio: 0.000, mpl: 1.0
2024-11-14 01:06:40,875 - root - INFO - In train()-> Train Ep. #69 loss: 0.535, accuracy: 79.84, lr: 0.001, sparsity: 0.000, network_width_mpl: 1.0
2024-11-14 01:06:40,984 - root - INFO - In validate()-> Val Ep. #69 loss: 0.591, accuracy: 77.60, sparsity: 0.000, task1 ratio: 1.000, zero ratio: 0.000, mpl: 1.0
2024-11-14 01:06:41,309 - root - INFO - In train()-> Train Ep. #70 loss: 0.515, accuracy: 80.60, lr: 0.001, sparsity: 0.000, network_width_mpl: 1.0
2024-11-14 01:06:41,418 - root - INFO - In validate()-> Val Ep. #70 loss: 0.595, accuracy: 78.20, sparsity: 0.000, task1 ratio: 1.000, zero ratio: 0.000, mpl: 1.0
2024-11-14 01:06:41,741 - root - INFO - In train()-> Train Ep. #71 loss: 0.520, accuracy: 79.96, lr: 0.001, sparsity: 0.000, network_width_mpl: 1.0
2024-11-14 01:06:41,855 - root - INFO - In validate()-> Val Ep. #71 loss: 0.628, accuracy: 77.80, sparsity: 0.000, task1 ratio: 1.000, zero ratio: 0.000, mpl: 1.0
2024-11-14 01:06:42,157 - root - INFO - In train()-> Train Ep. #72 loss: 0.518, accuracy: 80.20, lr: 0.001, sparsity: 0.000, network_width_mpl: 1.0
2024-11-14 01:06:42,267 - root - INFO - In validate()-> Val Ep. #72 loss: 0.601, accuracy: 79.80, sparsity: 0.000, task1 ratio: 1.000, zero ratio: 0.000, mpl: 1.0
2024-11-14 01:06:42,598 - root - INFO - In train()-> Train Ep. #73 loss: 0.533, accuracy: 79.56, lr: 0.001, sparsity: 0.000, network_width_mpl: 1.0
2024-11-14 01:06:42,705 - root - INFO - In validate()-> Val Ep. #73 loss: 0.614, accuracy: 76.80, sparsity: 0.000, task1 ratio: 1.000, zero ratio: 0.000, mpl: 1.0
2024-11-14 01:06:43,025 - root - INFO - In train()-> Train Ep. #74 loss: 0.523, accuracy: 79.84, lr: 0.001, sparsity: 0.000, network_width_mpl: 1.0
2024-11-14 01:06:43,134 - root - INFO - In validate()-> Val Ep. #74 loss: 0.613, accuracy: 78.00, sparsity: 0.000, task1 ratio: 1.000, zero ratio: 0.000, mpl: 1.0
2024-11-14 01:06:43,429 - root - INFO - In train()-> Train Ep. #75 loss: 0.537, accuracy: 78.96, lr: 0.001, sparsity: 0.000, network_width_mpl: 1.0
2024-11-14 01:06:43,544 - root - INFO - In validate()-> Val Ep. #75 loss: 0.613, accuracy: 78.80, sparsity: 0.000, task1 ratio: 1.000, zero ratio: 0.000, mpl: 1.0
2024-11-14 01:06:43,855 - root - INFO - In train()-> Train Ep. #76 loss: 0.521, accuracy: 80.36, lr: 0.001, sparsity: 0.000, network_width_mpl: 1.0
2024-11-14 01:06:43,978 - root - INFO - In validate()-> Val Ep. #76 loss: 0.609, accuracy: 78.60, sparsity: 0.000, task1 ratio: 1.000, zero ratio: 0.000, mpl: 1.0
2024-11-14 01:06:44,275 - root - INFO - In train()-> Train Ep. #77 loss: 0.515, accuracy: 80.92, lr: 0.001, sparsity: 0.000, network_width_mpl: 1.0
2024-11-14 01:06:44,384 - root - INFO - In validate()-> Val Ep. #77 loss: 0.614, accuracy: 77.80, sparsity: 0.000, task1 ratio: 1.000, zero ratio: 0.000, mpl: 1.0
2024-11-14 01:06:44,687 - root - INFO - In train()-> Train Ep. #78 loss: 0.512, accuracy: 80.12, lr: 0.001, sparsity: 0.000, network_width_mpl: 1.0
2024-11-14 01:06:44,794 - root - INFO - In validate()-> Val Ep. #78 loss: 0.605, accuracy: 78.60, sparsity: 0.000, task1 ratio: 1.000, zero ratio: 0.000, mpl: 1.0
2024-11-14 01:06:45,116 - root - INFO - In train()-> Train Ep. #79 loss: 0.511, accuracy: 80.28, lr: 0.001, sparsity: 0.000, network_width_mpl: 1.0
2024-11-14 01:06:45,226 - root - INFO - In validate()-> Val Ep. #79 loss: 0.606, accuracy: 78.40, sparsity: 0.000, task1 ratio: 1.000, zero ratio: 0.000, mpl: 1.0
2024-11-14 01:06:45,582 - root - INFO - In train()-> Train Ep. #80 loss: 0.523, accuracy: 80.76, lr: 0.001, sparsity: 0.000, network_width_mpl: 1.0
2024-11-14 01:06:45,687 - root - INFO - In validate()-> Val Ep. #80 loss: 0.617, accuracy: 77.40, sparsity: 0.000, task1 ratio: 1.000, zero ratio: 0.000, mpl: 1.0
2024-11-14 01:06:45,974 - root - INFO - In train()-> Train Ep. #81 loss: 0.493, accuracy: 81.04, lr: 0.0001, sparsity: 0.000, network_width_mpl: 1.0
2024-11-14 01:06:46,079 - root - INFO - In validate()-> Val Ep. #81 loss: 0.612, accuracy: 77.20, sparsity: 0.000, task1 ratio: 1.000, zero ratio: 0.000, mpl: 1.0
2024-11-14 01:06:46,382 - root - INFO - In train()-> Train Ep. #82 loss: 0.510, accuracy: 80.80, lr: 0.0001, sparsity: 0.000, network_width_mpl: 1.0
2024-11-14 01:06:46,487 - root - INFO - In validate()-> Val Ep. #82 loss: 0.623, accuracy: 78.40, sparsity: 0.000, task1 ratio: 1.000, zero ratio: 0.000, mpl: 1.0
2024-11-14 01:06:46,800 - root - INFO - In train()-> Train Ep. #83 loss: 0.519, accuracy: 79.68, lr: 0.0001, sparsity: 0.000, network_width_mpl: 1.0
2024-11-14 01:06:46,908 - root - INFO - In validate()-> Val Ep. #83 loss: 0.608, accuracy: 77.80, sparsity: 0.000, task1 ratio: 1.000, zero ratio: 0.000, mpl: 1.0
2024-11-14 01:06:47,238 - root - INFO - In train()-> Train Ep. #84 loss: 0.515, accuracy: 80.56, lr: 0.0001, sparsity: 0.000, network_width_mpl: 1.0
2024-11-14 01:06:47,340 - root - INFO - In validate()-> Val Ep. #84 loss: 0.600, accuracy: 78.60, sparsity: 0.000, task1 ratio: 1.000, zero ratio: 0.000, mpl: 1.0
2024-11-14 01:06:47,651 - root - INFO - In train()-> Train Ep. #85 loss: 0.507, accuracy: 80.60, lr: 0.0001, sparsity: 0.000, network_width_mpl: 1.0
2024-11-14 01:06:47,767 - root - INFO - In validate()-> Val Ep. #85 loss: 0.605, accuracy: 77.60, sparsity: 0.000, task1 ratio: 1.000, zero ratio: 0.000, mpl: 1.0
2024-11-14 01:06:48,094 - root - INFO - In train()-> Train Ep. #86 loss: 0.515, accuracy: 80.60, lr: 0.0001, sparsity: 0.000, network_width_mpl: 1.0
2024-11-14 01:06:48,219 - root - INFO - In validate()-> Val Ep. #86 loss: 0.606, accuracy: 78.00, sparsity: 0.000, task1 ratio: 1.000, zero ratio: 0.000, mpl: 1.0
2024-11-14 01:06:48,533 - root - INFO - In train()-> Train Ep. #87 loss: 0.511, accuracy: 80.24, lr: 0.0001, sparsity: 0.000, network_width_mpl: 1.0
2024-11-14 01:06:48,637 - root - INFO - In validate()-> Val Ep. #87 loss: 0.610, accuracy: 78.20, sparsity: 0.000, task1 ratio: 1.000, zero ratio: 0.000, mpl: 1.0
2024-11-14 01:06:48,941 - root - INFO - In train()-> Train Ep. #88 loss: 0.506, accuracy: 80.84, lr: 0.0001, sparsity: 0.000, network_width_mpl: 1.0
2024-11-14 01:06:49,050 - root - INFO - In validate()-> Val Ep. #88 loss: 0.597, accuracy: 78.60, sparsity: 0.000, task1 ratio: 1.000, zero ratio: 0.000, mpl: 1.0
2024-11-14 01:06:49,406 - root - INFO - In train()-> Train Ep. #89 loss: 0.514, accuracy: 80.48, lr: 0.0001, sparsity: 0.000, network_width_mpl: 1.0
2024-11-14 01:06:49,508 - root - INFO - In validate()-> Val Ep. #89 loss: 0.593, accuracy: 78.20, sparsity: 0.000, task1 ratio: 1.000, zero ratio: 0.000, mpl: 1.0
2024-11-14 01:06:49,827 - root - INFO - In train()-> Train Ep. #90 loss: 0.508, accuracy: 80.64, lr: 0.0001, sparsity: 0.000, network_width_mpl: 1.0
2024-11-14 01:06:49,941 - root - INFO - In validate()-> Val Ep. #90 loss: 0.602, accuracy: 78.60, sparsity: 0.000, task1 ratio: 1.000, zero ratio: 0.000, mpl: 1.0
2024-11-14 01:06:50,266 - root - INFO - In train()-> Train Ep. #91 loss: 0.514, accuracy: 80.52, lr: 0.0001, sparsity: 0.000, network_width_mpl: 1.0
2024-11-14 01:06:50,371 - root - INFO - In validate()-> Val Ep. #91 loss: 0.601, accuracy: 77.00, sparsity: 0.000, task1 ratio: 1.000, zero ratio: 0.000, mpl: 1.0
2024-11-14 01:06:50,677 - root - INFO - In train()-> Train Ep. #92 loss: 0.507, accuracy: 81.40, lr: 0.0001, sparsity: 0.000, network_width_mpl: 1.0
2024-11-14 01:06:50,783 - root - INFO - In validate()-> Val Ep. #92 loss: 0.603, accuracy: 77.80, sparsity: 0.000, task1 ratio: 1.000, zero ratio: 0.000, mpl: 1.0
2024-11-14 01:06:51,101 - root - INFO - In train()-> Train Ep. #93 loss: 0.506, accuracy: 80.44, lr: 0.0001, sparsity: 0.000, network_width_mpl: 1.0
2024-11-14 01:06:51,221 - root - INFO - In validate()-> Val Ep. #93 loss: 0.606, accuracy: 78.00, sparsity: 0.000, task1 ratio: 1.000, zero ratio: 0.000, mpl: 1.0
2024-11-14 01:06:51,552 - root - INFO - In train()-> Train Ep. #94 loss: 0.507, accuracy: 80.72, lr: 0.0001, sparsity: 0.000, network_width_mpl: 1.0
2024-11-14 01:06:51,657 - root - INFO - In validate()-> Val Ep. #94 loss: 0.606, accuracy: 78.20, sparsity: 0.000, task1 ratio: 1.000, zero ratio: 0.000, mpl: 1.0
2024-11-14 01:06:51,962 - root - INFO - In train()-> Train Ep. #95 loss: 0.502, accuracy: 81.00, lr: 0.0001, sparsity: 0.000, network_width_mpl: 1.0
2024-11-14 01:06:52,067 - root - INFO - In validate()-> Val Ep. #95 loss: 0.600, accuracy: 77.40, sparsity: 0.000, task1 ratio: 1.000, zero ratio: 0.000, mpl: 1.0
2024-11-14 01:06:52,366 - root - INFO - In train()-> Train Ep. #96 loss: 0.506, accuracy: 80.24, lr: 0.0001, sparsity: 0.000, network_width_mpl: 1.0
2024-11-14 01:06:52,467 - root - INFO - In validate()-> Val Ep. #96 loss: 0.602, accuracy: 79.00, sparsity: 0.000, task1 ratio: 1.000, zero ratio: 0.000, mpl: 1.0
2024-11-14 01:06:52,777 - root - INFO - In train()-> Train Ep. #97 loss: 0.495, accuracy: 81.60, lr: 0.0001, sparsity: 0.000, network_width_mpl: 1.0
2024-11-14 01:06:52,897 - root - INFO - In validate()-> Val Ep. #97 loss: 0.608, accuracy: 77.60, sparsity: 0.000, task1 ratio: 1.000, zero ratio: 0.000, mpl: 1.0
2024-11-14 01:06:53,212 - root - INFO - In train()-> Train Ep. #98 loss: 0.507, accuracy: 80.52, lr: 0.0001, sparsity: 0.000, network_width_mpl: 1.0
2024-11-14 01:06:53,317 - root - INFO - In validate()-> Val Ep. #98 loss: 0.603, accuracy: 79.00, sparsity: 0.000, task1 ratio: 1.000, zero ratio: 0.000, mpl: 1.0
2024-11-14 01:06:53,614 - root - INFO - In train()-> Train Ep. #99 loss: 0.505, accuracy: 81.32, lr: 0.0001, sparsity: 0.000, network_width_mpl: 1.0
2024-11-14 01:06:53,720 - root - INFO - In validate()-> Val Ep. #99 loss: 0.607, accuracy: 78.80, sparsity: 0.000, task1 ratio: 1.000, zero ratio: 0.000, mpl: 1.0
2024-11-14 01:06:54,017 - root - INFO - In train()-> Train Ep. #100 loss: 0.509, accuracy: 81.88, lr: 0.0001, sparsity: 0.000, network_width_mpl: 1.0
2024-11-14 01:06:54,131 - root - INFO - In validate()-> Val Ep. #100 loss: 0.603, accuracy: 78.60, sparsity: 0.000, task1 ratio: 1.000, zero ratio: 0.000, mpl: 1.0
2024-11-14 01:06:54,133 - root - INFO - ----------------
2024-11-14 01:06:54,133 - root - INFO - It's time to expand the Network
2024-11-14 01:06:54,133 - root - INFO - Auto expand network
2024-11-14 01:06:56,447 - root - INFO - 
2024-11-14 01:06:56,447 - root - INFO - Before pruning: 
2024-11-14 01:06:56,447 - root - INFO - Sparsity range: 0.0 -> 0.1
2024-11-14 01:06:56,707 - root - INFO - In validate()-> Val Ep. #0 loss: 0.603, accuracy: 78.60, sparsity: 0.000, task1 ratio: 1.000, zero ratio: 0.000, mpl: 1.0
2024-11-14 01:06:56,707 - root - INFO - 
2024-11-14 01:06:57,060 - root - INFO - In train()-> Train Ep. #1 loss: 0.511, accuracy: 79.84, lr: 0.001, sparsity: 0.053, network_width_mpl: 1.0
2024-11-14 01:06:57,186 - root - INFO - In validate()-> Val Ep. #1 loss: 0.598, accuracy: 77.20, sparsity: 0.053, task1 ratio: 0.947, zero ratio: 0.053, mpl: 1.0
2024-11-14 01:06:57,495 - root - INFO - In train()-> Train Ep. #2 loss: 0.508, accuracy: 80.92, lr: 0.001, sparsity: 0.086, network_width_mpl: 1.0
2024-11-14 01:06:57,605 - root - INFO - In validate()-> Val Ep. #2 loss: 0.597, accuracy: 78.20, sparsity: 0.086, task1 ratio: 0.914, zero ratio: 0.086, mpl: 1.0
2024-11-14 01:06:57,931 - root - INFO - In train()-> Train Ep. #3 loss: 0.497, accuracy: 80.36, lr: 0.001, sparsity: 0.098, network_width_mpl: 1.0
2024-11-14 01:06:58,041 - root - INFO - In validate()-> Val Ep. #3 loss: 0.614, accuracy: 77.80, sparsity: 0.098, task1 ratio: 0.902, zero ratio: 0.098, mpl: 1.0
2024-11-14 01:06:58,361 - root - INFO - In train()-> Train Ep. #4 loss: 0.512, accuracy: 80.20, lr: 0.001, sparsity: 0.101, network_width_mpl: 1.0
2024-11-14 01:06:58,467 - root - INFO - In validate()-> Val Ep. #4 loss: 0.625, accuracy: 77.40, sparsity: 0.101, task1 ratio: 0.899, zero ratio: 0.101, mpl: 1.0
2024-11-14 01:06:58,764 - root - INFO - In train()-> Train Ep. #5 loss: 0.515, accuracy: 80.12, lr: 0.001, sparsity: 0.101, network_width_mpl: 1.0
2024-11-14 01:06:58,873 - root - INFO - In validate()-> Val Ep. #5 loss: 0.603, accuracy: 78.20, sparsity: 0.101, task1 ratio: 0.899, zero ratio: 0.101, mpl: 1.0
2024-11-14 01:06:59,166 - root - INFO - In train()-> Train Ep. #6 loss: 0.510, accuracy: 80.64, lr: 0.001, sparsity: 0.101, network_width_mpl: 1.0
2024-11-14 01:06:59,281 - root - INFO - In validate()-> Val Ep. #6 loss: 0.615, accuracy: 77.80, sparsity: 0.101, task1 ratio: 0.899, zero ratio: 0.101, mpl: 1.0
2024-11-14 01:06:59,592 - root - INFO - In train()-> Train Ep. #7 loss: 0.500, accuracy: 81.76, lr: 0.001, sparsity: 0.101, network_width_mpl: 1.0
2024-11-14 01:06:59,700 - root - INFO - In validate()-> Val Ep. #7 loss: 0.606, accuracy: 78.60, sparsity: 0.101, task1 ratio: 0.899, zero ratio: 0.101, mpl: 1.0
2024-11-14 01:07:00,030 - root - INFO - In train()-> Train Ep. #8 loss: 0.494, accuracy: 81.64, lr: 0.001, sparsity: 0.101, network_width_mpl: 1.0
2024-11-14 01:07:00,147 - root - INFO - In validate()-> Val Ep. #8 loss: 0.602, accuracy: 78.80, sparsity: 0.101, task1 ratio: 0.899, zero ratio: 0.101, mpl: 1.0
2024-11-14 01:07:00,432 - root - INFO - In train()-> Train Ep. #9 loss: 0.500, accuracy: 81.44, lr: 0.001, sparsity: 0.101, network_width_mpl: 1.0
2024-11-14 01:07:00,542 - root - INFO - In validate()-> Val Ep. #9 loss: 0.618, accuracy: 77.80, sparsity: 0.101, task1 ratio: 0.899, zero ratio: 0.101, mpl: 1.0
2024-11-14 01:07:00,832 - root - INFO - In train()-> Train Ep. #10 loss: 0.504, accuracy: 80.76, lr: 0.001, sparsity: 0.101, network_width_mpl: 1.0
2024-11-14 01:07:00,942 - root - INFO - In validate()-> Val Ep. #10 loss: 0.608, accuracy: 77.40, sparsity: 0.101, task1 ratio: 0.899, zero ratio: 0.101, mpl: 1.0
2024-11-14 01:07:01,242 - root - INFO - In train()-> Train Ep. #11 loss: 0.521, accuracy: 79.64, lr: 0.001, sparsity: 0.101, network_width_mpl: 1.0
2024-11-14 01:07:01,365 - root - INFO - In validate()-> Val Ep. #11 loss: 0.609, accuracy: 78.40, sparsity: 0.101, task1 ratio: 0.899, zero ratio: 0.101, mpl: 1.0
2024-11-14 01:07:01,689 - root - INFO - In train()-> Train Ep. #12 loss: 0.509, accuracy: 80.28, lr: 0.001, sparsity: 0.101, network_width_mpl: 1.0
2024-11-14 01:07:01,803 - root - INFO - In validate()-> Val Ep. #12 loss: 0.602, accuracy: 79.20, sparsity: 0.101, task1 ratio: 0.899, zero ratio: 0.101, mpl: 1.0
2024-11-14 01:07:02,131 - root - INFO - In train()-> Train Ep. #13 loss: 0.512, accuracy: 80.76, lr: 0.001, sparsity: 0.101, network_width_mpl: 1.0
2024-11-14 01:07:02,239 - root - INFO - In validate()-> Val Ep. #13 loss: 0.611, accuracy: 78.20, sparsity: 0.101, task1 ratio: 0.899, zero ratio: 0.101, mpl: 1.0
2024-11-14 01:07:02,539 - root - INFO - In train()-> Train Ep. #14 loss: 0.504, accuracy: 80.40, lr: 0.001, sparsity: 0.101, network_width_mpl: 1.0
2024-11-14 01:07:02,658 - root - INFO - In validate()-> Val Ep. #14 loss: 0.610, accuracy: 78.80, sparsity: 0.101, task1 ratio: 0.899, zero ratio: 0.101, mpl: 1.0
2024-11-14 01:07:02,958 - root - INFO - In train()-> Train Ep. #15 loss: 0.488, accuracy: 81.56, lr: 0.001, sparsity: 0.101, network_width_mpl: 1.0
2024-11-14 01:07:03,066 - root - INFO - In validate()-> Val Ep. #15 loss: 0.605, accuracy: 79.00, sparsity: 0.101, task1 ratio: 0.899, zero ratio: 0.101, mpl: 1.0
2024-11-14 01:07:03,383 - root - INFO - In train()-> Train Ep. #16 loss: 0.488, accuracy: 81.40, lr: 0.001, sparsity: 0.101, network_width_mpl: 1.0
2024-11-14 01:07:03,499 - root - INFO - In validate()-> Val Ep. #16 loss: 0.609, accuracy: 78.00, sparsity: 0.101, task1 ratio: 0.899, zero ratio: 0.101, mpl: 1.0
2024-11-14 01:07:03,816 - root - INFO - In train()-> Train Ep. #17 loss: 0.511, accuracy: 80.80, lr: 0.001, sparsity: 0.101, network_width_mpl: 1.0
2024-11-14 01:07:03,922 - root - INFO - In validate()-> Val Ep. #17 loss: 0.613, accuracy: 78.60, sparsity: 0.101, task1 ratio: 0.899, zero ratio: 0.101, mpl: 1.0
2024-11-14 01:07:04,235 - root - INFO - In train()-> Train Ep. #18 loss: 0.501, accuracy: 81.24, lr: 0.001, sparsity: 0.101, network_width_mpl: 1.0
2024-11-14 01:07:04,355 - root - INFO - In validate()-> Val Ep. #18 loss: 0.599, accuracy: 78.40, sparsity: 0.101, task1 ratio: 0.899, zero ratio: 0.101, mpl: 1.0
2024-11-14 01:07:04,678 - root - INFO - In train()-> Train Ep. #19 loss: 0.502, accuracy: 80.12, lr: 0.001, sparsity: 0.101, network_width_mpl: 1.0
2024-11-14 01:07:04,789 - root - INFO - In validate()-> Val Ep. #19 loss: 0.601, accuracy: 79.40, sparsity: 0.101, task1 ratio: 0.899, zero ratio: 0.101, mpl: 1.0
2024-11-14 01:07:05,100 - root - INFO - In train()-> Train Ep. #20 loss: 0.495, accuracy: 80.88, lr: 0.001, sparsity: 0.101, network_width_mpl: 1.0
2024-11-14 01:07:05,232 - root - INFO - In validate()-> Val Ep. #20 loss: 0.617, accuracy: 78.60, sparsity: 0.101, task1 ratio: 0.899, zero ratio: 0.101, mpl: 1.0
2024-11-14 01:07:05,234 - root - INFO - ----------------
2024-11-14 01:07:07,562 - root - INFO - 
2024-11-14 01:07:07,562 - root - INFO - Before pruning: 
2024-11-14 01:07:07,562 - root - INFO - Sparsity range: 0.1 -> 0.2
2024-11-14 01:07:07,824 - root - INFO - In validate()-> Val Ep. #0 loss: 0.617, accuracy: 78.60, sparsity: 0.101, task1 ratio: 0.899, zero ratio: 0.101, mpl: 1.0
2024-11-14 01:07:07,824 - root - INFO - 
2024-11-14 01:07:08,185 - root - INFO - In train()-> Train Ep. #1 loss: 0.481, accuracy: 81.24, lr: 0.001, sparsity: 0.153, network_width_mpl: 1.0
2024-11-14 01:07:08,290 - root - INFO - In validate()-> Val Ep. #1 loss: 0.605, accuracy: 77.60, sparsity: 0.153, task1 ratio: 0.847, zero ratio: 0.153, mpl: 1.0
2024-11-14 01:07:08,604 - root - INFO - In train()-> Train Ep. #2 loss: 0.477, accuracy: 81.76, lr: 0.001, sparsity: 0.185, network_width_mpl: 1.0
2024-11-14 01:07:08,705 - root - INFO - In validate()-> Val Ep. #2 loss: 0.598, accuracy: 77.80, sparsity: 0.185, task1 ratio: 0.815, zero ratio: 0.185, mpl: 1.0
2024-11-14 01:07:09,020 - root - INFO - In train()-> Train Ep. #3 loss: 0.467, accuracy: 81.56, lr: 0.001, sparsity: 0.198, network_width_mpl: 1.0
2024-11-14 01:07:09,139 - root - INFO - In validate()-> Val Ep. #3 loss: 0.612, accuracy: 78.40, sparsity: 0.198, task1 ratio: 0.802, zero ratio: 0.198, mpl: 1.0
2024-11-14 01:07:09,464 - root - INFO - In train()-> Train Ep. #4 loss: 0.486, accuracy: 81.36, lr: 0.001, sparsity: 0.201, network_width_mpl: 1.0
2024-11-14 01:07:09,564 - root - INFO - In validate()-> Val Ep. #4 loss: 0.630, accuracy: 78.80, sparsity: 0.201, task1 ratio: 0.799, zero ratio: 0.201, mpl: 1.0
2024-11-14 01:07:09,883 - root - INFO - In train()-> Train Ep. #5 loss: 0.488, accuracy: 81.52, lr: 0.001, sparsity: 0.201, network_width_mpl: 1.0
2024-11-14 01:07:09,990 - root - INFO - In validate()-> Val Ep. #5 loss: 0.604, accuracy: 78.40, sparsity: 0.201, task1 ratio: 0.799, zero ratio: 0.201, mpl: 1.0
2024-11-14 01:07:10,289 - root - INFO - In train()-> Train Ep. #6 loss: 0.479, accuracy: 81.60, lr: 0.001, sparsity: 0.201, network_width_mpl: 1.0
2024-11-14 01:07:10,395 - root - INFO - In validate()-> Val Ep. #6 loss: 0.617, accuracy: 78.80, sparsity: 0.201, task1 ratio: 0.799, zero ratio: 0.201, mpl: 1.0
2024-11-14 01:07:10,698 - root - INFO - In train()-> Train Ep. #7 loss: 0.471, accuracy: 82.92, lr: 0.001, sparsity: 0.201, network_width_mpl: 1.0
2024-11-14 01:07:10,811 - root - INFO - In validate()-> Val Ep. #7 loss: 0.609, accuracy: 79.40, sparsity: 0.201, task1 ratio: 0.799, zero ratio: 0.201, mpl: 1.0
2024-11-14 01:07:11,140 - root - INFO - In train()-> Train Ep. #8 loss: 0.464, accuracy: 82.80, lr: 0.001, sparsity: 0.201, network_width_mpl: 1.0
2024-11-14 01:07:11,249 - root - INFO - In validate()-> Val Ep. #8 loss: 0.605, accuracy: 79.60, sparsity: 0.201, task1 ratio: 0.799, zero ratio: 0.201, mpl: 1.0
2024-11-14 01:07:11,581 - root - INFO - In train()-> Train Ep. #9 loss: 0.470, accuracy: 81.84, lr: 0.001, sparsity: 0.201, network_width_mpl: 1.0
2024-11-14 01:07:11,691 - root - INFO - In validate()-> Val Ep. #9 loss: 0.624, accuracy: 78.20, sparsity: 0.201, task1 ratio: 0.799, zero ratio: 0.201, mpl: 1.0
2024-11-14 01:07:12,030 - root - INFO - In train()-> Train Ep. #10 loss: 0.476, accuracy: 81.76, lr: 0.001, sparsity: 0.201, network_width_mpl: 1.0
2024-11-14 01:07:12,141 - root - INFO - In validate()-> Val Ep. #10 loss: 0.615, accuracy: 78.60, sparsity: 0.201, task1 ratio: 0.799, zero ratio: 0.201, mpl: 1.0
2024-11-14 01:07:12,438 - root - INFO - In train()-> Train Ep. #11 loss: 0.493, accuracy: 80.80, lr: 0.001, sparsity: 0.201, network_width_mpl: 1.0
2024-11-14 01:07:12,558 - root - INFO - In validate()-> Val Ep. #11 loss: 0.613, accuracy: 78.60, sparsity: 0.201, task1 ratio: 0.799, zero ratio: 0.201, mpl: 1.0
2024-11-14 01:07:12,883 - root - INFO - In train()-> Train Ep. #12 loss: 0.477, accuracy: 81.28, lr: 0.001, sparsity: 0.201, network_width_mpl: 1.0
2024-11-14 01:07:12,993 - root - INFO - In validate()-> Val Ep. #12 loss: 0.604, accuracy: 79.00, sparsity: 0.201, task1 ratio: 0.799, zero ratio: 0.201, mpl: 1.0
2024-11-14 01:07:13,308 - root - INFO - In train()-> Train Ep. #13 loss: 0.482, accuracy: 81.96, lr: 0.001, sparsity: 0.201, network_width_mpl: 1.0
2024-11-14 01:07:13,418 - root - INFO - In validate()-> Val Ep. #13 loss: 0.614, accuracy: 78.60, sparsity: 0.201, task1 ratio: 0.799, zero ratio: 0.201, mpl: 1.0
2024-11-14 01:07:13,726 - root - INFO - In train()-> Train Ep. #14 loss: 0.477, accuracy: 81.72, lr: 0.001, sparsity: 0.201, network_width_mpl: 1.0
2024-11-14 01:07:13,832 - root - INFO - In validate()-> Val Ep. #14 loss: 0.610, accuracy: 78.20, sparsity: 0.201, task1 ratio: 0.799, zero ratio: 0.201, mpl: 1.0
2024-11-14 01:07:14,155 - root - INFO - In train()-> Train Ep. #15 loss: 0.457, accuracy: 83.24, lr: 0.001, sparsity: 0.201, network_width_mpl: 1.0
2024-11-14 01:07:14,261 - root - INFO - In validate()-> Val Ep. #15 loss: 0.606, accuracy: 79.20, sparsity: 0.201, task1 ratio: 0.799, zero ratio: 0.201, mpl: 1.0
2024-11-14 01:07:14,634 - root - INFO - In train()-> Train Ep. #16 loss: 0.462, accuracy: 81.92, lr: 0.001, sparsity: 0.201, network_width_mpl: 1.0
2024-11-14 01:07:14,740 - root - INFO - In validate()-> Val Ep. #16 loss: 0.612, accuracy: 78.40, sparsity: 0.201, task1 ratio: 0.799, zero ratio: 0.201, mpl: 1.0
2024-11-14 01:07:15,050 - root - INFO - In train()-> Train Ep. #17 loss: 0.481, accuracy: 81.80, lr: 0.001, sparsity: 0.201, network_width_mpl: 1.0
2024-11-14 01:07:15,159 - root - INFO - In validate()-> Val Ep. #17 loss: 0.618, accuracy: 79.40, sparsity: 0.201, task1 ratio: 0.799, zero ratio: 0.201, mpl: 1.0
2024-11-14 01:07:15,474 - root - INFO - In train()-> Train Ep. #18 loss: 0.471, accuracy: 81.88, lr: 0.001, sparsity: 0.201, network_width_mpl: 1.0
2024-11-14 01:07:15,587 - root - INFO - In validate()-> Val Ep. #18 loss: 0.598, accuracy: 78.00, sparsity: 0.201, task1 ratio: 0.799, zero ratio: 0.201, mpl: 1.0
2024-11-14 01:07:15,924 - root - INFO - In train()-> Train Ep. #19 loss: 0.475, accuracy: 81.24, lr: 0.001, sparsity: 0.201, network_width_mpl: 1.0
2024-11-14 01:07:16,040 - root - INFO - In validate()-> Val Ep. #19 loss: 0.603, accuracy: 79.00, sparsity: 0.201, task1 ratio: 0.799, zero ratio: 0.201, mpl: 1.0
2024-11-14 01:07:16,340 - root - INFO - In train()-> Train Ep. #20 loss: 0.468, accuracy: 81.64, lr: 0.001, sparsity: 0.201, network_width_mpl: 1.0
2024-11-14 01:07:16,447 - root - INFO - In validate()-> Val Ep. #20 loss: 0.619, accuracy: 79.00, sparsity: 0.201, task1 ratio: 0.799, zero ratio: 0.201, mpl: 1.0
2024-11-14 01:07:16,448 - root - INFO - ----------------
2024-11-14 01:07:18,732 - root - INFO - 
2024-11-14 01:07:18,732 - root - INFO - Before pruning: 
2024-11-14 01:07:18,732 - root - INFO - Sparsity range: 0.2 -> 0.3
2024-11-14 01:07:18,992 - root - INFO - In validate()-> Val Ep. #0 loss: 0.619, accuracy: 79.00, sparsity: 0.201, task1 ratio: 0.799, zero ratio: 0.201, mpl: 1.0
2024-11-14 01:07:18,992 - root - INFO - 
2024-11-14 01:07:19,339 - root - INFO - In train()-> Train Ep. #1 loss: 0.453, accuracy: 82.32, lr: 0.001, sparsity: 0.253, network_width_mpl: 1.0
2024-11-14 01:07:19,444 - root - INFO - In validate()-> Val Ep. #1 loss: 0.598, accuracy: 78.60, sparsity: 0.253, task1 ratio: 0.747, zero ratio: 0.253, mpl: 1.0
2024-11-14 01:07:19,763 - root - INFO - In train()-> Train Ep. #2 loss: 0.453, accuracy: 82.96, lr: 0.001, sparsity: 0.286, network_width_mpl: 1.0
2024-11-14 01:07:19,876 - root - INFO - In validate()-> Val Ep. #2 loss: 0.597, accuracy: 79.40, sparsity: 0.286, task1 ratio: 0.714, zero ratio: 0.286, mpl: 1.0
2024-11-14 01:07:20,221 - root - INFO - In train()-> Train Ep. #3 loss: 0.445, accuracy: 82.60, lr: 0.001, sparsity: 0.298, network_width_mpl: 1.0
2024-11-14 01:07:20,350 - root - INFO - In validate()-> Val Ep. #3 loss: 0.614, accuracy: 78.20, sparsity: 0.298, task1 ratio: 0.702, zero ratio: 0.298, mpl: 1.0
2024-11-14 01:07:20,684 - root - INFO - In train()-> Train Ep. #4 loss: 0.461, accuracy: 82.28, lr: 0.001, sparsity: 0.301, network_width_mpl: 1.0
2024-11-14 01:07:20,787 - root - INFO - In validate()-> Val Ep. #4 loss: 0.623, accuracy: 78.60, sparsity: 0.301, task1 ratio: 0.699, zero ratio: 0.301, mpl: 1.0
2024-11-14 01:07:21,125 - root - INFO - In train()-> Train Ep. #5 loss: 0.463, accuracy: 82.44, lr: 0.001, sparsity: 0.301, network_width_mpl: 1.0
2024-11-14 01:07:21,228 - root - INFO - In validate()-> Val Ep. #5 loss: 0.600, accuracy: 78.60, sparsity: 0.301, task1 ratio: 0.699, zero ratio: 0.301, mpl: 1.0
2024-11-14 01:07:21,537 - root - INFO - In train()-> Train Ep. #6 loss: 0.455, accuracy: 82.92, lr: 0.001, sparsity: 0.301, network_width_mpl: 1.0
2024-11-14 01:07:21,644 - root - INFO - In validate()-> Val Ep. #6 loss: 0.615, accuracy: 78.20, sparsity: 0.301, task1 ratio: 0.699, zero ratio: 0.301, mpl: 1.0
2024-11-14 01:07:21,975 - root - INFO - In train()-> Train Ep. #7 loss: 0.446, accuracy: 83.92, lr: 0.001, sparsity: 0.301, network_width_mpl: 1.0
2024-11-14 01:07:22,081 - root - INFO - In validate()-> Val Ep. #7 loss: 0.606, accuracy: 79.00, sparsity: 0.301, task1 ratio: 0.699, zero ratio: 0.301, mpl: 1.0
2024-11-14 01:07:22,377 - root - INFO - In train()-> Train Ep. #8 loss: 0.436, accuracy: 84.28, lr: 0.001, sparsity: 0.301, network_width_mpl: 1.0
2024-11-14 01:07:22,496 - root - INFO - In validate()-> Val Ep. #8 loss: 0.607, accuracy: 79.40, sparsity: 0.301, task1 ratio: 0.699, zero ratio: 0.301, mpl: 1.0
2024-11-14 01:07:22,813 - root - INFO - In train()-> Train Ep. #9 loss: 0.447, accuracy: 83.20, lr: 0.001, sparsity: 0.301, network_width_mpl: 1.0
2024-11-14 01:07:22,931 - root - INFO - In validate()-> Val Ep. #9 loss: 0.626, accuracy: 78.40, sparsity: 0.301, task1 ratio: 0.699, zero ratio: 0.301, mpl: 1.0
2024-11-14 01:07:23,257 - root - INFO - In train()-> Train Ep. #10 loss: 0.453, accuracy: 82.48, lr: 0.001, sparsity: 0.301, network_width_mpl: 1.0
2024-11-14 01:07:23,364 - root - INFO - In validate()-> Val Ep. #10 loss: 0.613, accuracy: 79.20, sparsity: 0.301, task1 ratio: 0.699, zero ratio: 0.301, mpl: 1.0
2024-11-14 01:07:23,673 - root - INFO - In train()-> Train Ep. #11 loss: 0.468, accuracy: 82.04, lr: 0.001, sparsity: 0.301, network_width_mpl: 1.0
2024-11-14 01:07:23,792 - root - INFO - In validate()-> Val Ep. #11 loss: 0.611, accuracy: 79.40, sparsity: 0.301, task1 ratio: 0.699, zero ratio: 0.301, mpl: 1.0
2024-11-14 01:07:24,082 - root - INFO - In train()-> Train Ep. #12 loss: 0.451, accuracy: 82.64, lr: 0.001, sparsity: 0.301, network_width_mpl: 1.0
2024-11-14 01:07:24,199 - root - INFO - In validate()-> Val Ep. #12 loss: 0.604, accuracy: 78.40, sparsity: 0.301, task1 ratio: 0.699, zero ratio: 0.301, mpl: 1.0
2024-11-14 01:07:24,479 - root - INFO - In train()-> Train Ep. #13 loss: 0.455, accuracy: 83.28, lr: 0.001, sparsity: 0.301, network_width_mpl: 1.0
2024-11-14 01:07:24,594 - root - INFO - In validate()-> Val Ep. #13 loss: 0.614, accuracy: 78.80, sparsity: 0.301, task1 ratio: 0.699, zero ratio: 0.301, mpl: 1.0
2024-11-14 01:07:24,913 - root - INFO - In train()-> Train Ep. #14 loss: 0.452, accuracy: 82.72, lr: 0.001, sparsity: 0.301, network_width_mpl: 1.0
2024-11-14 01:07:25,021 - root - INFO - In validate()-> Val Ep. #14 loss: 0.607, accuracy: 78.60, sparsity: 0.301, task1 ratio: 0.699, zero ratio: 0.301, mpl: 1.0
2024-11-14 01:07:25,309 - root - INFO - In train()-> Train Ep. #15 loss: 0.429, accuracy: 83.92, lr: 0.001, sparsity: 0.301, network_width_mpl: 1.0
2024-11-14 01:07:25,427 - root - INFO - In validate()-> Val Ep. #15 loss: 0.604, accuracy: 80.00, sparsity: 0.301, task1 ratio: 0.699, zero ratio: 0.301, mpl: 1.0
2024-11-14 01:07:25,720 - root - INFO - In train()-> Train Ep. #16 loss: 0.439, accuracy: 82.96, lr: 0.001, sparsity: 0.301, network_width_mpl: 1.0
2024-11-14 01:07:25,829 - root - INFO - In validate()-> Val Ep. #16 loss: 0.611, accuracy: 79.20, sparsity: 0.301, task1 ratio: 0.699, zero ratio: 0.301, mpl: 1.0
2024-11-14 01:07:26,152 - root - INFO - In train()-> Train Ep. #17 loss: 0.453, accuracy: 82.24, lr: 0.001, sparsity: 0.301, network_width_mpl: 1.0
2024-11-14 01:07:26,266 - root - INFO - In validate()-> Val Ep. #17 loss: 0.619, accuracy: 78.80, sparsity: 0.301, task1 ratio: 0.699, zero ratio: 0.301, mpl: 1.0
2024-11-14 01:07:26,606 - root - INFO - In train()-> Train Ep. #18 loss: 0.443, accuracy: 82.88, lr: 0.001, sparsity: 0.301, network_width_mpl: 1.0
2024-11-14 01:07:26,717 - root - INFO - In validate()-> Val Ep. #18 loss: 0.599, accuracy: 78.80, sparsity: 0.301, task1 ratio: 0.699, zero ratio: 0.301, mpl: 1.0
2024-11-14 01:07:27,002 - root - INFO - In train()-> Train Ep. #19 loss: 0.447, accuracy: 82.40, lr: 0.001, sparsity: 0.301, network_width_mpl: 1.0
2024-11-14 01:07:27,117 - root - INFO - In validate()-> Val Ep. #19 loss: 0.607, accuracy: 79.20, sparsity: 0.301, task1 ratio: 0.699, zero ratio: 0.301, mpl: 1.0
2024-11-14 01:07:27,440 - root - INFO - In train()-> Train Ep. #20 loss: 0.443, accuracy: 82.76, lr: 0.001, sparsity: 0.301, network_width_mpl: 1.0
2024-11-14 01:07:27,570 - root - INFO - In validate()-> Val Ep. #20 loss: 0.619, accuracy: 78.60, sparsity: 0.301, task1 ratio: 0.699, zero ratio: 0.301, mpl: 1.0
2024-11-14 01:07:27,571 - root - INFO - ----------------
2024-11-14 01:07:29,835 - root - INFO - 
2024-11-14 01:07:29,835 - root - INFO - Before pruning: 
2024-11-14 01:07:29,835 - root - INFO - Sparsity range: 0.3 -> 0.4
2024-11-14 01:07:30,103 - root - INFO - In validate()-> Val Ep. #0 loss: 0.619, accuracy: 78.60, sparsity: 0.301, task1 ratio: 0.699, zero ratio: 0.301, mpl: 1.0
2024-11-14 01:07:30,103 - root - INFO - 
2024-11-14 01:07:30,474 - root - INFO - In train()-> Train Ep. #1 loss: 0.430, accuracy: 83.24, lr: 0.001, sparsity: 0.353, network_width_mpl: 1.0
2024-11-14 01:07:30,587 - root - INFO - In validate()-> Val Ep. #1 loss: 0.649, accuracy: 74.80, sparsity: 0.353, task1 ratio: 0.647, zero ratio: 0.353, mpl: 1.0
2024-11-14 01:07:30,922 - root - INFO - In train()-> Train Ep. #2 loss: 0.437, accuracy: 83.36, lr: 0.001, sparsity: 0.385, network_width_mpl: 1.0
2024-11-14 01:07:31,038 - root - INFO - In validate()-> Val Ep. #2 loss: 0.614, accuracy: 79.60, sparsity: 0.385, task1 ratio: 0.615, zero ratio: 0.385, mpl: 1.0
2024-11-14 01:07:31,350 - root - INFO - In train()-> Train Ep. #3 loss: 0.421, accuracy: 83.88, lr: 0.001, sparsity: 0.398, network_width_mpl: 1.0
2024-11-14 01:07:31,472 - root - INFO - In validate()-> Val Ep. #3 loss: 0.632, accuracy: 78.00, sparsity: 0.398, task1 ratio: 0.602, zero ratio: 0.398, mpl: 1.0
2024-11-14 01:07:31,790 - root - INFO - In train()-> Train Ep. #4 loss: 0.441, accuracy: 83.12, lr: 0.001, sparsity: 0.401, network_width_mpl: 1.0
2024-11-14 01:07:31,903 - root - INFO - In validate()-> Val Ep. #4 loss: 0.625, accuracy: 78.60, sparsity: 0.401, task1 ratio: 0.599, zero ratio: 0.401, mpl: 1.0
2024-11-14 01:07:32,193 - root - INFO - In train()-> Train Ep. #5 loss: 0.444, accuracy: 83.40, lr: 0.001, sparsity: 0.401, network_width_mpl: 1.0
2024-11-14 01:07:32,319 - root - INFO - In validate()-> Val Ep. #5 loss: 0.602, accuracy: 78.60, sparsity: 0.401, task1 ratio: 0.599, zero ratio: 0.401, mpl: 1.0
2024-11-14 01:07:32,636 - root - INFO - In train()-> Train Ep. #6 loss: 0.430, accuracy: 84.00, lr: 0.001, sparsity: 0.401, network_width_mpl: 1.0
2024-11-14 01:07:32,759 - root - INFO - In validate()-> Val Ep. #6 loss: 0.614, accuracy: 79.00, sparsity: 0.401, task1 ratio: 0.599, zero ratio: 0.401, mpl: 1.0
2024-11-14 01:07:33,090 - root - INFO - In train()-> Train Ep. #7 loss: 0.424, accuracy: 84.88, lr: 0.001, sparsity: 0.401, network_width_mpl: 1.0
2024-11-14 01:07:33,204 - root - INFO - In validate()-> Val Ep. #7 loss: 0.612, accuracy: 78.80, sparsity: 0.401, task1 ratio: 0.599, zero ratio: 0.401, mpl: 1.0
2024-11-14 01:07:33,515 - root - INFO - In train()-> Train Ep. #8 loss: 0.414, accuracy: 84.32, lr: 0.001, sparsity: 0.401, network_width_mpl: 1.0
2024-11-14 01:07:33,630 - root - INFO - In validate()-> Val Ep. #8 loss: 0.610, accuracy: 79.00, sparsity: 0.401, task1 ratio: 0.599, zero ratio: 0.401, mpl: 1.0
2024-11-14 01:07:33,958 - root - INFO - In train()-> Train Ep. #9 loss: 0.425, accuracy: 83.80, lr: 0.001, sparsity: 0.401, network_width_mpl: 1.0
2024-11-14 01:07:34,062 - root - INFO - In validate()-> Val Ep. #9 loss: 0.630, accuracy: 78.20, sparsity: 0.401, task1 ratio: 0.599, zero ratio: 0.401, mpl: 1.0
2024-11-14 01:07:34,368 - root - INFO - In train()-> Train Ep. #10 loss: 0.426, accuracy: 83.28, lr: 0.001, sparsity: 0.401, network_width_mpl: 1.0
2024-11-14 01:07:34,486 - root - INFO - In validate()-> Val Ep. #10 loss: 0.614, accuracy: 78.00, sparsity: 0.401, task1 ratio: 0.599, zero ratio: 0.401, mpl: 1.0
2024-11-14 01:07:34,830 - root - INFO - In train()-> Train Ep. #11 loss: 0.446, accuracy: 82.52, lr: 0.001, sparsity: 0.401, network_width_mpl: 1.0
2024-11-14 01:07:34,946 - root - INFO - In validate()-> Val Ep. #11 loss: 0.613, accuracy: 79.20, sparsity: 0.401, task1 ratio: 0.599, zero ratio: 0.401, mpl: 1.0
2024-11-14 01:07:35,256 - root - INFO - In train()-> Train Ep. #12 loss: 0.428, accuracy: 83.48, lr: 0.001, sparsity: 0.401, network_width_mpl: 1.0
2024-11-14 01:07:35,373 - root - INFO - In validate()-> Val Ep. #12 loss: 0.607, accuracy: 78.60, sparsity: 0.401, task1 ratio: 0.599, zero ratio: 0.401, mpl: 1.0
2024-11-14 01:07:35,712 - root - INFO - In train()-> Train Ep. #13 loss: 0.431, accuracy: 84.16, lr: 0.001, sparsity: 0.401, network_width_mpl: 1.0
2024-11-14 01:07:35,830 - root - INFO - In validate()-> Val Ep. #13 loss: 0.614, accuracy: 78.20, sparsity: 0.401, task1 ratio: 0.599, zero ratio: 0.401, mpl: 1.0
2024-11-14 01:07:36,185 - root - INFO - In train()-> Train Ep. #14 loss: 0.429, accuracy: 83.68, lr: 0.001, sparsity: 0.401, network_width_mpl: 1.0
2024-11-14 01:07:36,291 - root - INFO - In validate()-> Val Ep. #14 loss: 0.606, accuracy: 78.60, sparsity: 0.401, task1 ratio: 0.599, zero ratio: 0.401, mpl: 1.0
2024-11-14 01:07:36,663 - root - INFO - In train()-> Train Ep. #15 loss: 0.404, accuracy: 84.80, lr: 0.001, sparsity: 0.401, network_width_mpl: 1.0
2024-11-14 01:07:36,779 - root - INFO - In validate()-> Val Ep. #15 loss: 0.603, accuracy: 78.40, sparsity: 0.401, task1 ratio: 0.599, zero ratio: 0.401, mpl: 1.0
2024-11-14 01:07:37,121 - root - INFO - In train()-> Train Ep. #16 loss: 0.415, accuracy: 84.12, lr: 0.001, sparsity: 0.401, network_width_mpl: 1.0
2024-11-14 01:07:37,247 - root - INFO - In validate()-> Val Ep. #16 loss: 0.614, accuracy: 78.00, sparsity: 0.401, task1 ratio: 0.599, zero ratio: 0.401, mpl: 1.0
2024-11-14 01:07:37,581 - root - INFO - In train()-> Train Ep. #17 loss: 0.428, accuracy: 83.32, lr: 0.001, sparsity: 0.401, network_width_mpl: 1.0
2024-11-14 01:07:37,697 - root - INFO - In validate()-> Val Ep. #17 loss: 0.622, accuracy: 79.80, sparsity: 0.401, task1 ratio: 0.599, zero ratio: 0.401, mpl: 1.0
2024-11-14 01:07:38,072 - root - INFO - In train()-> Train Ep. #18 loss: 0.415, accuracy: 84.44, lr: 0.001, sparsity: 0.401, network_width_mpl: 1.0
2024-11-14 01:07:38,184 - root - INFO - In validate()-> Val Ep. #18 loss: 0.594, accuracy: 78.20, sparsity: 0.401, task1 ratio: 0.599, zero ratio: 0.401, mpl: 1.0
2024-11-14 01:07:38,532 - root - INFO - In train()-> Train Ep. #19 loss: 0.424, accuracy: 83.64, lr: 0.001, sparsity: 0.401, network_width_mpl: 1.0
2024-11-14 01:07:38,640 - root - INFO - In validate()-> Val Ep. #19 loss: 0.604, accuracy: 78.60, sparsity: 0.401, task1 ratio: 0.599, zero ratio: 0.401, mpl: 1.0
2024-11-14 01:07:38,933 - root - INFO - In train()-> Train Ep. #20 loss: 0.417, accuracy: 83.80, lr: 0.001, sparsity: 0.401, network_width_mpl: 1.0
2024-11-14 01:07:39,070 - root - INFO - In validate()-> Val Ep. #20 loss: 0.620, accuracy: 78.20, sparsity: 0.401, task1 ratio: 0.599, zero ratio: 0.401, mpl: 1.0
2024-11-14 01:07:39,072 - root - INFO - ----------------
2024-11-14 01:07:41,470 - root - INFO - 
2024-11-14 01:07:41,470 - root - INFO - Before pruning: 
2024-11-14 01:07:41,470 - root - INFO - Sparsity range: 0.4 -> 0.5
2024-11-14 01:07:41,738 - root - INFO - In validate()-> Val Ep. #0 loss: 0.620, accuracy: 78.20, sparsity: 0.401, task1 ratio: 0.599, zero ratio: 0.401, mpl: 1.0
2024-11-14 01:07:41,739 - root - INFO - 
2024-11-14 01:07:42,118 - root - INFO - In train()-> Train Ep. #1 loss: 0.406, accuracy: 84.20, lr: 0.001, sparsity: 0.453, network_width_mpl: 1.0
2024-11-14 01:07:42,223 - root - INFO - In validate()-> Val Ep. #1 loss: 0.638, accuracy: 77.80, sparsity: 0.453, task1 ratio: 0.547, zero ratio: 0.453, mpl: 1.0
2024-11-14 01:07:42,536 - root - INFO - In train()-> Train Ep. #2 loss: 0.424, accuracy: 83.32, lr: 0.001, sparsity: 0.486, network_width_mpl: 1.0
2024-11-14 01:07:42,640 - root - INFO - In validate()-> Val Ep. #2 loss: 0.636, accuracy: 78.80, sparsity: 0.486, task1 ratio: 0.514, zero ratio: 0.486, mpl: 1.0
2024-11-14 01:07:42,984 - root - INFO - In train()-> Train Ep. #3 loss: 0.425, accuracy: 83.12, lr: 0.001, sparsity: 0.498, network_width_mpl: 1.0
2024-11-14 01:07:43,102 - root - INFO - In validate()-> Val Ep. #3 loss: 0.636, accuracy: 77.00, sparsity: 0.498, task1 ratio: 0.502, zero ratio: 0.498, mpl: 1.0
2024-11-14 01:07:43,436 - root - INFO - In train()-> Train Ep. #4 loss: 0.424, accuracy: 83.92, lr: 0.001, sparsity: 0.501, network_width_mpl: 1.0
2024-11-14 01:07:43,547 - root - INFO - In validate()-> Val Ep. #4 loss: 0.639, accuracy: 78.40, sparsity: 0.501, task1 ratio: 0.499, zero ratio: 0.501, mpl: 1.0
2024-11-14 01:07:43,839 - root - INFO - In train()-> Train Ep. #5 loss: 0.429, accuracy: 83.92, lr: 0.001, sparsity: 0.501, network_width_mpl: 1.0
2024-11-14 01:07:43,962 - root - INFO - In validate()-> Val Ep. #5 loss: 0.604, accuracy: 79.20, sparsity: 0.501, task1 ratio: 0.499, zero ratio: 0.501, mpl: 1.0
2024-11-14 01:07:44,297 - root - INFO - In train()-> Train Ep. #6 loss: 0.412, accuracy: 84.72, lr: 0.001, sparsity: 0.501, network_width_mpl: 1.0
2024-11-14 01:07:44,411 - root - INFO - In validate()-> Val Ep. #6 loss: 0.622, accuracy: 78.60, sparsity: 0.501, task1 ratio: 0.499, zero ratio: 0.501, mpl: 1.0
2024-11-14 01:07:44,723 - root - INFO - In train()-> Train Ep. #7 loss: 0.410, accuracy: 84.72, lr: 0.001, sparsity: 0.501, network_width_mpl: 1.0
2024-11-14 01:07:44,834 - root - INFO - In validate()-> Val Ep. #7 loss: 0.613, accuracy: 78.80, sparsity: 0.501, task1 ratio: 0.499, zero ratio: 0.501, mpl: 1.0
2024-11-14 01:07:45,155 - root - INFO - In train()-> Train Ep. #8 loss: 0.395, accuracy: 85.12, lr: 0.001, sparsity: 0.501, network_width_mpl: 1.0
2024-11-14 01:07:45,269 - root - INFO - In validate()-> Val Ep. #8 loss: 0.618, accuracy: 77.40, sparsity: 0.501, task1 ratio: 0.499, zero ratio: 0.501, mpl: 1.0
2024-11-14 01:07:45,597 - root - INFO - In train()-> Train Ep. #9 loss: 0.406, accuracy: 84.88, lr: 0.001, sparsity: 0.501, network_width_mpl: 1.0
2024-11-14 01:07:45,702 - root - INFO - In validate()-> Val Ep. #9 loss: 0.639, accuracy: 77.40, sparsity: 0.501, task1 ratio: 0.499, zero ratio: 0.501, mpl: 1.0
2024-11-14 01:07:46,017 - root - INFO - In train()-> Train Ep. #10 loss: 0.411, accuracy: 84.04, lr: 0.001, sparsity: 0.501, network_width_mpl: 1.0
2024-11-14 01:07:46,123 - root - INFO - In validate()-> Val Ep. #10 loss: 0.618, accuracy: 78.40, sparsity: 0.501, task1 ratio: 0.499, zero ratio: 0.501, mpl: 1.0
2024-11-14 01:07:46,452 - root - INFO - In train()-> Train Ep. #11 loss: 0.425, accuracy: 83.68, lr: 0.001, sparsity: 0.501, network_width_mpl: 1.0
2024-11-14 01:07:46,561 - root - INFO - In validate()-> Val Ep. #11 loss: 0.615, accuracy: 78.80, sparsity: 0.501, task1 ratio: 0.499, zero ratio: 0.501, mpl: 1.0
2024-11-14 01:07:46,891 - root - INFO - In train()-> Train Ep. #12 loss: 0.405, accuracy: 84.28, lr: 0.001, sparsity: 0.501, network_width_mpl: 1.0
2024-11-14 01:07:47,019 - root - INFO - In validate()-> Val Ep. #12 loss: 0.613, accuracy: 78.00, sparsity: 0.501, task1 ratio: 0.499, zero ratio: 0.501, mpl: 1.0
2024-11-14 01:07:47,349 - root - INFO - In train()-> Train Ep. #13 loss: 0.410, accuracy: 84.84, lr: 0.001, sparsity: 0.501, network_width_mpl: 1.0
2024-11-14 01:07:47,461 - root - INFO - In validate()-> Val Ep. #13 loss: 0.618, accuracy: 78.40, sparsity: 0.501, task1 ratio: 0.499, zero ratio: 0.501, mpl: 1.0
2024-11-14 01:07:47,779 - root - INFO - In train()-> Train Ep. #14 loss: 0.413, accuracy: 84.24, lr: 0.001, sparsity: 0.501, network_width_mpl: 1.0
2024-11-14 01:07:47,914 - root - INFO - In validate()-> Val Ep. #14 loss: 0.606, accuracy: 78.40, sparsity: 0.501, task1 ratio: 0.499, zero ratio: 0.501, mpl: 1.0
2024-11-14 01:07:48,257 - root - INFO - In train()-> Train Ep. #15 loss: 0.382, accuracy: 86.12, lr: 0.001, sparsity: 0.501, network_width_mpl: 1.0
2024-11-14 01:07:48,372 - root - INFO - In validate()-> Val Ep. #15 loss: 0.610, accuracy: 78.20, sparsity: 0.501, task1 ratio: 0.499, zero ratio: 0.501, mpl: 1.0
2024-11-14 01:07:48,670 - root - INFO - In train()-> Train Ep. #16 loss: 0.397, accuracy: 85.12, lr: 0.001, sparsity: 0.501, network_width_mpl: 1.0
2024-11-14 01:07:48,783 - root - INFO - In validate()-> Val Ep. #16 loss: 0.624, accuracy: 78.40, sparsity: 0.501, task1 ratio: 0.499, zero ratio: 0.501, mpl: 1.0
2024-11-14 01:07:49,109 - root - INFO - In train()-> Train Ep. #17 loss: 0.408, accuracy: 84.04, lr: 0.001, sparsity: 0.501, network_width_mpl: 1.0
2024-11-14 01:07:49,224 - root - INFO - In validate()-> Val Ep. #17 loss: 0.633, accuracy: 78.00, sparsity: 0.501, task1 ratio: 0.499, zero ratio: 0.501, mpl: 1.0
2024-11-14 01:07:49,562 - root - INFO - In train()-> Train Ep. #18 loss: 0.394, accuracy: 85.12, lr: 0.001, sparsity: 0.501, network_width_mpl: 1.0
2024-11-14 01:07:49,679 - root - INFO - In validate()-> Val Ep. #18 loss: 0.603, accuracy: 78.00, sparsity: 0.501, task1 ratio: 0.499, zero ratio: 0.501, mpl: 1.0
2024-11-14 01:07:50,038 - root - INFO - In train()-> Train Ep. #19 loss: 0.405, accuracy: 84.40, lr: 0.001, sparsity: 0.501, network_width_mpl: 1.0
2024-11-14 01:07:50,152 - root - INFO - In validate()-> Val Ep. #19 loss: 0.615, accuracy: 78.60, sparsity: 0.501, task1 ratio: 0.499, zero ratio: 0.501, mpl: 1.0
2024-11-14 01:07:50,522 - root - INFO - In train()-> Train Ep. #20 loss: 0.400, accuracy: 84.36, lr: 0.001, sparsity: 0.501, network_width_mpl: 1.0
2024-11-14 01:07:50,629 - root - INFO - In validate()-> Val Ep. #20 loss: 0.634, accuracy: 78.00, sparsity: 0.501, task1 ratio: 0.499, zero ratio: 0.501, mpl: 1.0
2024-11-14 01:07:50,631 - root - INFO - ----------------
2024-11-14 01:07:52,894 - root - INFO - 
2024-11-14 01:07:52,894 - root - INFO - Before pruning: 
2024-11-14 01:07:52,894 - root - INFO - Sparsity range: 0.5 -> 0.6
2024-11-14 01:07:53,159 - root - INFO - In validate()-> Val Ep. #0 loss: 0.634, accuracy: 78.00, sparsity: 0.501, task1 ratio: 0.499, zero ratio: 0.501, mpl: 1.0
2024-11-14 01:07:53,159 - root - INFO - 
2024-11-14 01:07:53,580 - root - INFO - In train()-> Train Ep. #1 loss: 0.388, accuracy: 85.32, lr: 0.001, sparsity: 0.553, network_width_mpl: 1.0
2024-11-14 01:07:53,687 - root - INFO - In validate()-> Val Ep. #1 loss: 0.624, accuracy: 77.40, sparsity: 0.553, task1 ratio: 0.447, zero ratio: 0.553, mpl: 1.0
2024-11-14 01:07:53,974 - root - INFO - In train()-> Train Ep. #2 loss: 0.411, accuracy: 84.00, lr: 0.001, sparsity: 0.585, network_width_mpl: 1.0
2024-11-14 01:07:54,079 - root - INFO - In validate()-> Val Ep. #2 loss: 0.612, accuracy: 76.00, sparsity: 0.585, task1 ratio: 0.415, zero ratio: 0.585, mpl: 1.0
2024-11-14 01:07:54,377 - root - INFO - In train()-> Train Ep. #3 loss: 0.408, accuracy: 83.64, lr: 0.001, sparsity: 0.598, network_width_mpl: 1.0
2024-11-14 01:07:54,490 - root - INFO - In validate()-> Val Ep. #3 loss: 0.643, accuracy: 77.00, sparsity: 0.598, task1 ratio: 0.402, zero ratio: 0.598, mpl: 1.0
2024-11-14 01:07:54,802 - root - INFO - In train()-> Train Ep. #4 loss: 0.424, accuracy: 84.32, lr: 0.001, sparsity: 0.601, network_width_mpl: 1.0
2024-11-14 01:07:54,919 - root - INFO - In validate()-> Val Ep. #4 loss: 0.617, accuracy: 77.20, sparsity: 0.601, task1 ratio: 0.399, zero ratio: 0.601, mpl: 1.0
2024-11-14 01:07:55,233 - root - INFO - In train()-> Train Ep. #5 loss: 0.422, accuracy: 84.24, lr: 0.001, sparsity: 0.601, network_width_mpl: 1.0
2024-11-14 01:07:55,338 - root - INFO - In validate()-> Val Ep. #5 loss: 0.600, accuracy: 78.80, sparsity: 0.601, task1 ratio: 0.399, zero ratio: 0.601, mpl: 1.0
2024-11-14 01:07:55,645 - root - INFO - In train()-> Train Ep. #6 loss: 0.402, accuracy: 85.08, lr: 0.001, sparsity: 0.601, network_width_mpl: 1.0
2024-11-14 01:07:55,756 - root - INFO - In validate()-> Val Ep. #6 loss: 0.610, accuracy: 78.80, sparsity: 0.601, task1 ratio: 0.399, zero ratio: 0.601, mpl: 1.0
2024-11-14 01:07:56,105 - root - INFO - In train()-> Train Ep. #7 loss: 0.397, accuracy: 85.64, lr: 0.001, sparsity: 0.601, network_width_mpl: 1.0
2024-11-14 01:07:56,212 - root - INFO - In validate()-> Val Ep. #7 loss: 0.602, accuracy: 78.60, sparsity: 0.601, task1 ratio: 0.399, zero ratio: 0.601, mpl: 1.0
2024-11-14 01:07:56,544 - root - INFO - In train()-> Train Ep. #8 loss: 0.380, accuracy: 85.36, lr: 0.001, sparsity: 0.601, network_width_mpl: 1.0
2024-11-14 01:07:56,655 - root - INFO - In validate()-> Val Ep. #8 loss: 0.606, accuracy: 78.00, sparsity: 0.601, task1 ratio: 0.399, zero ratio: 0.601, mpl: 1.0
2024-11-14 01:07:56,976 - root - INFO - In train()-> Train Ep. #9 loss: 0.388, accuracy: 85.32, lr: 0.001, sparsity: 0.601, network_width_mpl: 1.0
2024-11-14 01:07:57,087 - root - INFO - In validate()-> Val Ep. #9 loss: 0.627, accuracy: 77.60, sparsity: 0.601, task1 ratio: 0.399, zero ratio: 0.601, mpl: 1.0
2024-11-14 01:07:57,389 - root - INFO - In train()-> Train Ep. #10 loss: 0.397, accuracy: 85.16, lr: 0.001, sparsity: 0.601, network_width_mpl: 1.0
2024-11-14 01:07:57,506 - root - INFO - In validate()-> Val Ep. #10 loss: 0.607, accuracy: 78.40, sparsity: 0.601, task1 ratio: 0.399, zero ratio: 0.601, mpl: 1.0
2024-11-14 01:07:57,844 - root - INFO - In train()-> Train Ep. #11 loss: 0.408, accuracy: 84.52, lr: 0.001, sparsity: 0.601, network_width_mpl: 1.0
2024-11-14 01:07:57,962 - root - INFO - In validate()-> Val Ep. #11 loss: 0.604, accuracy: 77.80, sparsity: 0.601, task1 ratio: 0.399, zero ratio: 0.601, mpl: 1.0
2024-11-14 01:07:58,289 - root - INFO - In train()-> Train Ep. #12 loss: 0.389, accuracy: 84.80, lr: 0.001, sparsity: 0.601, network_width_mpl: 1.0
2024-11-14 01:07:58,407 - root - INFO - In validate()-> Val Ep. #12 loss: 0.600, accuracy: 78.20, sparsity: 0.601, task1 ratio: 0.399, zero ratio: 0.601, mpl: 1.0
2024-11-14 01:07:58,722 - root - INFO - In train()-> Train Ep. #13 loss: 0.392, accuracy: 85.76, lr: 0.001, sparsity: 0.601, network_width_mpl: 1.0
2024-11-14 01:07:58,831 - root - INFO - In validate()-> Val Ep. #13 loss: 0.608, accuracy: 78.40, sparsity: 0.601, task1 ratio: 0.399, zero ratio: 0.601, mpl: 1.0
2024-11-14 01:07:59,160 - root - INFO - In train()-> Train Ep. #14 loss: 0.393, accuracy: 85.20, lr: 0.001, sparsity: 0.601, network_width_mpl: 1.0
2024-11-14 01:07:59,265 - root - INFO - In validate()-> Val Ep. #14 loss: 0.601, accuracy: 79.00, sparsity: 0.601, task1 ratio: 0.399, zero ratio: 0.601, mpl: 1.0
2024-11-14 01:07:59,602 - root - INFO - In train()-> Train Ep. #15 loss: 0.369, accuracy: 86.76, lr: 0.001, sparsity: 0.601, network_width_mpl: 1.0
2024-11-14 01:07:59,707 - root - INFO - In validate()-> Val Ep. #15 loss: 0.600, accuracy: 78.20, sparsity: 0.601, task1 ratio: 0.399, zero ratio: 0.601, mpl: 1.0
2024-11-14 01:08:00,065 - root - INFO - In train()-> Train Ep. #16 loss: 0.385, accuracy: 85.56, lr: 0.001, sparsity: 0.601, network_width_mpl: 1.0
2024-11-14 01:08:00,175 - root - INFO - In validate()-> Val Ep. #16 loss: 0.610, accuracy: 77.80, sparsity: 0.601, task1 ratio: 0.399, zero ratio: 0.601, mpl: 1.0
2024-11-14 01:08:00,483 - root - INFO - In train()-> Train Ep. #17 loss: 0.391, accuracy: 85.20, lr: 0.001, sparsity: 0.601, network_width_mpl: 1.0
2024-11-14 01:08:00,600 - root - INFO - In validate()-> Val Ep. #17 loss: 0.618, accuracy: 78.80, sparsity: 0.601, task1 ratio: 0.399, zero ratio: 0.601, mpl: 1.0
2024-11-14 01:08:00,887 - root - INFO - In train()-> Train Ep. #18 loss: 0.374, accuracy: 86.12, lr: 0.001, sparsity: 0.601, network_width_mpl: 1.0
2024-11-14 01:08:00,998 - root - INFO - In validate()-> Val Ep. #18 loss: 0.590, accuracy: 78.20, sparsity: 0.601, task1 ratio: 0.399, zero ratio: 0.601, mpl: 1.0
2024-11-14 01:08:01,305 - root - INFO - In train()-> Train Ep. #19 loss: 0.391, accuracy: 84.96, lr: 0.001, sparsity: 0.601, network_width_mpl: 1.0
2024-11-14 01:08:01,417 - root - INFO - In validate()-> Val Ep. #19 loss: 0.599, accuracy: 78.80, sparsity: 0.601, task1 ratio: 0.399, zero ratio: 0.601, mpl: 1.0
2024-11-14 01:08:01,741 - root - INFO - In train()-> Train Ep. #20 loss: 0.385, accuracy: 85.32, lr: 0.001, sparsity: 0.601, network_width_mpl: 1.0
2024-11-14 01:08:01,848 - root - INFO - In validate()-> Val Ep. #20 loss: 0.617, accuracy: 78.40, sparsity: 0.601, task1 ratio: 0.399, zero ratio: 0.601, mpl: 1.0
2024-11-14 01:08:01,850 - root - INFO - ----------------
2024-11-14 01:08:04,232 - root - INFO - 
2024-11-14 01:08:04,232 - root - INFO - Before pruning: 
2024-11-14 01:08:04,232 - root - INFO - Sparsity range: 0.6 -> 0.7
2024-11-14 01:08:04,506 - root - INFO - In validate()-> Val Ep. #0 loss: 0.617, accuracy: 78.40, sparsity: 0.601, task1 ratio: 0.399, zero ratio: 0.601, mpl: 1.0
2024-11-14 01:08:04,506 - root - INFO - 
2024-11-14 01:08:04,908 - root - INFO - In train()-> Train Ep. #1 loss: 0.374, accuracy: 86.24, lr: 0.001, sparsity: 0.653, network_width_mpl: 1.0
2024-11-14 01:08:05,029 - root - INFO - In validate()-> Val Ep. #1 loss: 0.803, accuracy: 69.20, sparsity: 0.653, task1 ratio: 0.347, zero ratio: 0.653, mpl: 1.0
2024-11-14 01:08:05,352 - root - INFO - In train()-> Train Ep. #2 loss: 0.447, accuracy: 83.44, lr: 0.001, sparsity: 0.686, network_width_mpl: 1.0
2024-11-14 01:08:05,458 - root - INFO - In validate()-> Val Ep. #2 loss: 1.039, accuracy: 68.20, sparsity: 0.686, task1 ratio: 0.314, zero ratio: 0.686, mpl: 1.0
2024-11-14 01:08:05,812 - root - INFO - In train()-> Train Ep. #3 loss: 0.513, accuracy: 80.64, lr: 0.001, sparsity: 0.698, network_width_mpl: 1.0
2024-11-14 01:08:05,926 - root - INFO - In validate()-> Val Ep. #3 loss: 1.030, accuracy: 66.60, sparsity: 0.698, task1 ratio: 0.302, zero ratio: 0.698, mpl: 1.0
2024-11-14 01:08:06,237 - root - INFO - In train()-> Train Ep. #4 loss: 0.533, accuracy: 79.32, lr: 0.001, sparsity: 0.701, network_width_mpl: 1.0
2024-11-14 01:08:06,338 - root - INFO - In validate()-> Val Ep. #4 loss: 0.699, accuracy: 75.40, sparsity: 0.701, task1 ratio: 0.299, zero ratio: 0.701, mpl: 1.0
2024-11-14 01:08:06,631 - root - INFO - In train()-> Train Ep. #5 loss: 0.470, accuracy: 82.48, lr: 0.001, sparsity: 0.701, network_width_mpl: 1.0
2024-11-14 01:08:06,735 - root - INFO - In validate()-> Val Ep. #5 loss: 0.598, accuracy: 76.80, sparsity: 0.701, task1 ratio: 0.299, zero ratio: 0.701, mpl: 1.0
2024-11-14 01:08:07,045 - root - INFO - In train()-> Train Ep. #6 loss: 0.440, accuracy: 83.44, lr: 0.001, sparsity: 0.701, network_width_mpl: 1.0
2024-11-14 01:08:07,152 - root - INFO - In validate()-> Val Ep. #6 loss: 0.620, accuracy: 78.00, sparsity: 0.701, task1 ratio: 0.299, zero ratio: 0.701, mpl: 1.0
2024-11-14 01:08:07,443 - root - INFO - In train()-> Train Ep. #7 loss: 0.414, accuracy: 84.92, lr: 0.001, sparsity: 0.701, network_width_mpl: 1.0
2024-11-14 01:08:07,556 - root - INFO - In validate()-> Val Ep. #7 loss: 0.618, accuracy: 77.60, sparsity: 0.701, task1 ratio: 0.299, zero ratio: 0.701, mpl: 1.0
2024-11-14 01:08:07,916 - root - INFO - In train()-> Train Ep. #8 loss: 0.406, accuracy: 84.40, lr: 0.001, sparsity: 0.701, network_width_mpl: 1.0
2024-11-14 01:08:08,021 - root - INFO - In validate()-> Val Ep. #8 loss: 0.615, accuracy: 78.20, sparsity: 0.701, task1 ratio: 0.299, zero ratio: 0.701, mpl: 1.0
2024-11-14 01:08:08,311 - root - INFO - In train()-> Train Ep. #9 loss: 0.407, accuracy: 84.24, lr: 0.001, sparsity: 0.701, network_width_mpl: 1.0
2024-11-14 01:08:08,427 - root - INFO - In validate()-> Val Ep. #9 loss: 0.647, accuracy: 78.00, sparsity: 0.701, task1 ratio: 0.299, zero ratio: 0.701, mpl: 1.0
2024-11-14 01:08:08,734 - root - INFO - In train()-> Train Ep. #10 loss: 0.414, accuracy: 84.80, lr: 0.001, sparsity: 0.701, network_width_mpl: 1.0
2024-11-14 01:08:08,841 - root - INFO - In validate()-> Val Ep. #10 loss: 0.631, accuracy: 77.60, sparsity: 0.701, task1 ratio: 0.299, zero ratio: 0.701, mpl: 1.0
2024-11-14 01:08:09,176 - root - INFO - In train()-> Train Ep. #11 loss: 0.419, accuracy: 84.12, lr: 0.001, sparsity: 0.701, network_width_mpl: 1.0
2024-11-14 01:08:09,304 - root - INFO - In validate()-> Val Ep. #11 loss: 0.635, accuracy: 79.00, sparsity: 0.701, task1 ratio: 0.299, zero ratio: 0.701, mpl: 1.0
2024-11-14 01:08:09,612 - root - INFO - In train()-> Train Ep. #12 loss: 0.404, accuracy: 84.68, lr: 0.001, sparsity: 0.701, network_width_mpl: 1.0
2024-11-14 01:08:09,720 - root - INFO - In validate()-> Val Ep. #12 loss: 0.618, accuracy: 78.40, sparsity: 0.701, task1 ratio: 0.299, zero ratio: 0.701, mpl: 1.0
2024-11-14 01:08:10,066 - root - INFO - In train()-> Train Ep. #13 loss: 0.411, accuracy: 84.24, lr: 0.001, sparsity: 0.701, network_width_mpl: 1.0
2024-11-14 01:08:10,185 - root - INFO - In validate()-> Val Ep. #13 loss: 0.635, accuracy: 78.00, sparsity: 0.701, task1 ratio: 0.299, zero ratio: 0.701, mpl: 1.0
2024-11-14 01:08:10,491 - root - INFO - In train()-> Train Ep. #14 loss: 0.397, accuracy: 84.48, lr: 0.001, sparsity: 0.701, network_width_mpl: 1.0
2024-11-14 01:08:10,597 - root - INFO - In validate()-> Val Ep. #14 loss: 0.624, accuracy: 78.00, sparsity: 0.701, task1 ratio: 0.299, zero ratio: 0.701, mpl: 1.0
2024-11-14 01:08:10,917 - root - INFO - In train()-> Train Ep. #15 loss: 0.384, accuracy: 86.24, lr: 0.001, sparsity: 0.701, network_width_mpl: 1.0
2024-11-14 01:08:11,042 - root - INFO - In validate()-> Val Ep. #15 loss: 0.620, accuracy: 78.20, sparsity: 0.701, task1 ratio: 0.299, zero ratio: 0.701, mpl: 1.0
2024-11-14 01:08:11,331 - root - INFO - In train()-> Train Ep. #16 loss: 0.386, accuracy: 85.04, lr: 0.001, sparsity: 0.701, network_width_mpl: 1.0
2024-11-14 01:08:11,435 - root - INFO - In validate()-> Val Ep. #16 loss: 0.632, accuracy: 77.80, sparsity: 0.701, task1 ratio: 0.299, zero ratio: 0.701, mpl: 1.0
2024-11-14 01:08:11,758 - root - INFO - In train()-> Train Ep. #17 loss: 0.402, accuracy: 85.00, lr: 0.001, sparsity: 0.701, network_width_mpl: 1.0
2024-11-14 01:08:11,880 - root - INFO - In validate()-> Val Ep. #17 loss: 0.649, accuracy: 78.20, sparsity: 0.701, task1 ratio: 0.299, zero ratio: 0.701, mpl: 1.0
2024-11-14 01:08:12,201 - root - INFO - In train()-> Train Ep. #18 loss: 0.377, accuracy: 85.72, lr: 0.001, sparsity: 0.701, network_width_mpl: 1.0
2024-11-14 01:08:12,311 - root - INFO - In validate()-> Val Ep. #18 loss: 0.626, accuracy: 78.00, sparsity: 0.701, task1 ratio: 0.299, zero ratio: 0.701, mpl: 1.0
2024-11-14 01:08:12,636 - root - INFO - In train()-> Train Ep. #19 loss: 0.396, accuracy: 84.60, lr: 0.001, sparsity: 0.701, network_width_mpl: 1.0
2024-11-14 01:08:12,749 - root - INFO - In validate()-> Val Ep. #19 loss: 0.622, accuracy: 79.00, sparsity: 0.701, task1 ratio: 0.299, zero ratio: 0.701, mpl: 1.0
2024-11-14 01:08:13,055 - root - INFO - In train()-> Train Ep. #20 loss: 0.388, accuracy: 85.08, lr: 0.001, sparsity: 0.701, network_width_mpl: 1.0
2024-11-14 01:08:13,175 - root - INFO - In validate()-> Val Ep. #20 loss: 0.641, accuracy: 77.80, sparsity: 0.701, task1 ratio: 0.299, zero ratio: 0.701, mpl: 1.0
2024-11-14 01:08:13,177 - root - INFO - ----------------
2024-11-14 01:08:15,552 - root - INFO - 
2024-11-14 01:08:15,552 - root - INFO - Before pruning: 
2024-11-14 01:08:15,552 - root - INFO - Sparsity range: 0.7 -> 0.8
2024-11-14 01:08:15,819 - root - INFO - In validate()-> Val Ep. #0 loss: 0.641, accuracy: 77.80, sparsity: 0.701, task1 ratio: 0.299, zero ratio: 0.701, mpl: 1.0
2024-11-14 01:08:15,820 - root - INFO - 
2024-11-14 01:08:16,218 - root - INFO - In train()-> Train Ep. #1 loss: 0.382, accuracy: 86.08, lr: 0.001, sparsity: 0.753, network_width_mpl: 1.0
2024-11-14 01:08:16,327 - root - INFO - In validate()-> Val Ep. #1 loss: 1.195, accuracy: 59.40, sparsity: 0.753, task1 ratio: 0.247, zero ratio: 0.753, mpl: 1.0
2024-11-14 01:08:16,643 - root - INFO - In train()-> Train Ep. #2 loss: 0.534, accuracy: 80.28, lr: 0.001, sparsity: 0.785, network_width_mpl: 1.0
2024-11-14 01:08:16,752 - root - INFO - In validate()-> Val Ep. #2 loss: 1.606, accuracy: 60.20, sparsity: 0.785, task1 ratio: 0.215, zero ratio: 0.785, mpl: 1.0
2024-11-14 01:08:17,093 - root - INFO - In train()-> Train Ep. #3 loss: 0.588, accuracy: 77.96, lr: 0.001, sparsity: 0.798, network_width_mpl: 1.0
2024-11-14 01:08:17,203 - root - INFO - In validate()-> Val Ep. #3 loss: 0.822, accuracy: 69.40, sparsity: 0.798, task1 ratio: 0.202, zero ratio: 0.798, mpl: 1.0
2024-11-14 01:08:17,557 - root - INFO - In train()-> Train Ep. #4 loss: 0.540, accuracy: 78.84, lr: 0.001, sparsity: 0.801, network_width_mpl: 1.0
2024-11-14 01:08:17,666 - root - INFO - In validate()-> Val Ep. #4 loss: 0.681, accuracy: 75.40, sparsity: 0.801, task1 ratio: 0.199, zero ratio: 0.801, mpl: 1.0
2024-11-14 01:08:17,971 - root - INFO - In train()-> Train Ep. #5 loss: 0.505, accuracy: 81.12, lr: 0.001, sparsity: 0.801, network_width_mpl: 1.0
2024-11-14 01:08:18,079 - root - INFO - In validate()-> Val Ep. #5 loss: 0.614, accuracy: 77.40, sparsity: 0.801, task1 ratio: 0.199, zero ratio: 0.801, mpl: 1.0
2024-11-14 01:08:18,425 - root - INFO - In train()-> Train Ep. #6 loss: 0.497, accuracy: 80.76, lr: 0.001, sparsity: 0.801, network_width_mpl: 1.0
2024-11-14 01:08:18,537 - root - INFO - In validate()-> Val Ep. #6 loss: 0.615, accuracy: 77.20, sparsity: 0.801, task1 ratio: 0.199, zero ratio: 0.801, mpl: 1.0
2024-11-14 01:08:18,881 - root - INFO - In train()-> Train Ep. #7 loss: 0.487, accuracy: 81.16, lr: 0.001, sparsity: 0.801, network_width_mpl: 1.0
2024-11-14 01:08:18,996 - root - INFO - In validate()-> Val Ep. #7 loss: 0.604, accuracy: 79.00, sparsity: 0.801, task1 ratio: 0.199, zero ratio: 0.801, mpl: 1.0
2024-11-14 01:08:19,301 - root - INFO - In train()-> Train Ep. #8 loss: 0.474, accuracy: 81.72, lr: 0.001, sparsity: 0.801, network_width_mpl: 1.0
2024-11-14 01:08:19,417 - root - INFO - In validate()-> Val Ep. #8 loss: 0.613, accuracy: 77.60, sparsity: 0.801, task1 ratio: 0.199, zero ratio: 0.801, mpl: 1.0
2024-11-14 01:08:19,753 - root - INFO - In train()-> Train Ep. #9 loss: 0.473, accuracy: 81.64, lr: 0.001, sparsity: 0.801, network_width_mpl: 1.0
2024-11-14 01:08:19,865 - root - INFO - In validate()-> Val Ep. #9 loss: 0.609, accuracy: 77.00, sparsity: 0.801, task1 ratio: 0.199, zero ratio: 0.801, mpl: 1.0
2024-11-14 01:08:20,226 - root - INFO - In train()-> Train Ep. #10 loss: 0.469, accuracy: 82.00, lr: 0.001, sparsity: 0.801, network_width_mpl: 1.0
2024-11-14 01:08:20,345 - root - INFO - In validate()-> Val Ep. #10 loss: 0.609, accuracy: 78.00, sparsity: 0.801, task1 ratio: 0.199, zero ratio: 0.801, mpl: 1.0
2024-11-14 01:08:20,670 - root - INFO - In train()-> Train Ep. #11 loss: 0.473, accuracy: 82.20, lr: 0.001, sparsity: 0.801, network_width_mpl: 1.0
2024-11-14 01:08:20,786 - root - INFO - In validate()-> Val Ep. #11 loss: 0.611, accuracy: 78.00, sparsity: 0.801, task1 ratio: 0.199, zero ratio: 0.801, mpl: 1.0
2024-11-14 01:08:21,111 - root - INFO - In train()-> Train Ep. #12 loss: 0.462, accuracy: 82.12, lr: 0.001, sparsity: 0.801, network_width_mpl: 1.0
2024-11-14 01:08:21,228 - root - INFO - In validate()-> Val Ep. #12 loss: 0.604, accuracy: 79.20, sparsity: 0.801, task1 ratio: 0.199, zero ratio: 0.801, mpl: 1.0
2024-11-14 01:08:21,544 - root - INFO - In train()-> Train Ep. #13 loss: 0.458, accuracy: 82.96, lr: 0.001, sparsity: 0.801, network_width_mpl: 1.0
2024-11-14 01:08:21,652 - root - INFO - In validate()-> Val Ep. #13 loss: 0.614, accuracy: 78.00, sparsity: 0.801, task1 ratio: 0.199, zero ratio: 0.801, mpl: 1.0
2024-11-14 01:08:21,984 - root - INFO - In train()-> Train Ep. #14 loss: 0.445, accuracy: 82.32, lr: 0.001, sparsity: 0.801, network_width_mpl: 1.0
2024-11-14 01:08:22,092 - root - INFO - In validate()-> Val Ep. #14 loss: 0.620, accuracy: 77.80, sparsity: 0.801, task1 ratio: 0.199, zero ratio: 0.801, mpl: 1.0
2024-11-14 01:08:22,452 - root - INFO - In train()-> Train Ep. #15 loss: 0.433, accuracy: 83.40, lr: 0.001, sparsity: 0.801, network_width_mpl: 1.0
2024-11-14 01:08:22,562 - root - INFO - In validate()-> Val Ep. #15 loss: 0.613, accuracy: 77.60, sparsity: 0.801, task1 ratio: 0.199, zero ratio: 0.801, mpl: 1.0
2024-11-14 01:08:22,906 - root - INFO - In train()-> Train Ep. #16 loss: 0.433, accuracy: 84.24, lr: 0.001, sparsity: 0.801, network_width_mpl: 1.0
2024-11-14 01:08:23,018 - root - INFO - In validate()-> Val Ep. #16 loss: 0.633, accuracy: 78.80, sparsity: 0.801, task1 ratio: 0.199, zero ratio: 0.801, mpl: 1.0
2024-11-14 01:08:23,345 - root - INFO - In train()-> Train Ep. #17 loss: 0.454, accuracy: 82.48, lr: 0.001, sparsity: 0.801, network_width_mpl: 1.0
2024-11-14 01:08:23,453 - root - INFO - In validate()-> Val Ep. #17 loss: 0.636, accuracy: 77.80, sparsity: 0.801, task1 ratio: 0.199, zero ratio: 0.801, mpl: 1.0
2024-11-14 01:08:23,762 - root - INFO - In train()-> Train Ep. #18 loss: 0.426, accuracy: 83.60, lr: 0.001, sparsity: 0.801, network_width_mpl: 1.0
2024-11-14 01:08:23,874 - root - INFO - In validate()-> Val Ep. #18 loss: 0.618, accuracy: 78.40, sparsity: 0.801, task1 ratio: 0.199, zero ratio: 0.801, mpl: 1.0
2024-11-14 01:08:24,193 - root - INFO - In train()-> Train Ep. #19 loss: 0.438, accuracy: 83.28, lr: 0.001, sparsity: 0.801, network_width_mpl: 1.0
2024-11-14 01:08:24,318 - root - INFO - In validate()-> Val Ep. #19 loss: 0.617, accuracy: 78.60, sparsity: 0.801, task1 ratio: 0.199, zero ratio: 0.801, mpl: 1.0
2024-11-14 01:08:24,622 - root - INFO - In train()-> Train Ep. #20 loss: 0.441, accuracy: 83.24, lr: 0.001, sparsity: 0.801, network_width_mpl: 1.0
2024-11-14 01:08:24,734 - root - INFO - In validate()-> Val Ep. #20 loss: 0.633, accuracy: 77.40, sparsity: 0.801, task1 ratio: 0.199, zero ratio: 0.801, mpl: 1.0
2024-11-14 01:08:24,736 - root - INFO - ----------------
2024-11-14 01:08:27,056 - root - INFO - 
2024-11-14 01:08:27,056 - root - INFO - Before pruning: 
2024-11-14 01:08:27,056 - root - INFO - Sparsity range: 0.8 -> 0.9
2024-11-14 01:08:27,331 - root - INFO - In validate()-> Val Ep. #0 loss: 0.633, accuracy: 77.40, sparsity: 0.801, task1 ratio: 0.199, zero ratio: 0.801, mpl: 1.0
2024-11-14 01:08:27,331 - root - INFO - 
2024-11-14 01:08:27,722 - root - INFO - In train()-> Train Ep. #1 loss: 0.416, accuracy: 84.48, lr: 0.001, sparsity: 0.853, network_width_mpl: 1.0
2024-11-14 01:08:27,850 - root - INFO - In validate()-> Val Ep. #1 loss: 1.393, accuracy: 51.00, sparsity: 0.853, task1 ratio: 0.147, zero ratio: 0.853, mpl: 1.0
2024-11-14 01:08:28,172 - root - INFO - In train()-> Train Ep. #2 loss: 0.742, accuracy: 72.52, lr: 0.001, sparsity: 0.886, network_width_mpl: 1.0
2024-11-14 01:08:28,281 - root - INFO - In validate()-> Val Ep. #2 loss: 1.630, accuracy: 53.60, sparsity: 0.886, task1 ratio: 0.114, zero ratio: 0.886, mpl: 1.0
2024-11-14 01:08:28,613 - root - INFO - In train()-> Train Ep. #3 loss: 0.860, accuracy: 67.88, lr: 0.001, sparsity: 0.898, network_width_mpl: 1.0
2024-11-14 01:08:28,729 - root - INFO - In validate()-> Val Ep. #3 loss: 0.893, accuracy: 65.00, sparsity: 0.898, task1 ratio: 0.102, zero ratio: 0.898, mpl: 1.0
2024-11-14 01:08:29,037 - root - INFO - In train()-> Train Ep. #4 loss: 0.804, accuracy: 70.04, lr: 0.001, sparsity: 0.901, network_width_mpl: 1.0
2024-11-14 01:08:29,144 - root - INFO - In validate()-> Val Ep. #4 loss: 0.831, accuracy: 70.00, sparsity: 0.901, task1 ratio: 0.099, zero ratio: 0.901, mpl: 1.0
2024-11-14 01:08:29,516 - root - INFO - In train()-> Train Ep. #5 loss: 0.742, accuracy: 72.16, lr: 0.001, sparsity: 0.901, network_width_mpl: 1.0
2024-11-14 01:08:29,635 - root - INFO - In validate()-> Val Ep. #5 loss: 0.753, accuracy: 72.00, sparsity: 0.901, task1 ratio: 0.099, zero ratio: 0.901, mpl: 1.0
2024-11-14 01:08:29,963 - root - INFO - In train()-> Train Ep. #6 loss: 0.699, accuracy: 73.16, lr: 0.001, sparsity: 0.901, network_width_mpl: 1.0
2024-11-14 01:08:30,071 - root - INFO - In validate()-> Val Ep. #6 loss: 0.743, accuracy: 73.00, sparsity: 0.901, task1 ratio: 0.099, zero ratio: 0.901, mpl: 1.0
2024-11-14 01:08:30,373 - root - INFO - In train()-> Train Ep. #7 loss: 0.675, accuracy: 74.24, lr: 0.001, sparsity: 0.901, network_width_mpl: 1.0
2024-11-14 01:08:30,491 - root - INFO - In validate()-> Val Ep. #7 loss: 0.721, accuracy: 74.00, sparsity: 0.901, task1 ratio: 0.099, zero ratio: 0.901, mpl: 1.0
2024-11-14 01:08:30,834 - root - INFO - In train()-> Train Ep. #8 loss: 0.668, accuracy: 74.72, lr: 0.001, sparsity: 0.901, network_width_mpl: 1.0
2024-11-14 01:08:30,948 - root - INFO - In validate()-> Val Ep. #8 loss: 0.714, accuracy: 73.20, sparsity: 0.901, task1 ratio: 0.099, zero ratio: 0.901, mpl: 1.0
2024-11-14 01:08:31,271 - root - INFO - In train()-> Train Ep. #9 loss: 0.666, accuracy: 74.80, lr: 0.001, sparsity: 0.901, network_width_mpl: 1.0
2024-11-14 01:08:31,381 - root - INFO - In validate()-> Val Ep. #9 loss: 0.704, accuracy: 73.20, sparsity: 0.901, task1 ratio: 0.099, zero ratio: 0.901, mpl: 1.0
2024-11-14 01:08:31,709 - root - INFO - In train()-> Train Ep. #10 loss: 0.644, accuracy: 74.60, lr: 0.001, sparsity: 0.901, network_width_mpl: 1.0
2024-11-14 01:08:31,817 - root - INFO - In validate()-> Val Ep. #10 loss: 0.693, accuracy: 74.00, sparsity: 0.901, task1 ratio: 0.099, zero ratio: 0.901, mpl: 1.0
2024-11-14 01:08:32,154 - root - INFO - In train()-> Train Ep. #11 loss: 0.644, accuracy: 75.48, lr: 0.001, sparsity: 0.901, network_width_mpl: 1.0
2024-11-14 01:08:32,265 - root - INFO - In validate()-> Val Ep. #11 loss: 0.679, accuracy: 74.20, sparsity: 0.901, task1 ratio: 0.099, zero ratio: 0.901, mpl: 1.0
2024-11-14 01:08:32,574 - root - INFO - In train()-> Train Ep. #12 loss: 0.631, accuracy: 75.68, lr: 0.001, sparsity: 0.901, network_width_mpl: 1.0
2024-11-14 01:08:32,691 - root - INFO - In validate()-> Val Ep. #12 loss: 0.672, accuracy: 74.40, sparsity: 0.901, task1 ratio: 0.099, zero ratio: 0.901, mpl: 1.0
2024-11-14 01:08:33,039 - root - INFO - In train()-> Train Ep. #13 loss: 0.634, accuracy: 75.92, lr: 0.001, sparsity: 0.901, network_width_mpl: 1.0
2024-11-14 01:08:33,148 - root - INFO - In validate()-> Val Ep. #13 loss: 0.685, accuracy: 74.60, sparsity: 0.901, task1 ratio: 0.099, zero ratio: 0.901, mpl: 1.0
2024-11-14 01:08:33,467 - root - INFO - In train()-> Train Ep. #14 loss: 0.610, accuracy: 76.64, lr: 0.001, sparsity: 0.901, network_width_mpl: 1.0
2024-11-14 01:08:33,593 - root - INFO - In validate()-> Val Ep. #14 loss: 0.667, accuracy: 75.20, sparsity: 0.901, task1 ratio: 0.099, zero ratio: 0.901, mpl: 1.0
2024-11-14 01:08:33,882 - root - INFO - In train()-> Train Ep. #15 loss: 0.588, accuracy: 77.08, lr: 0.001, sparsity: 0.901, network_width_mpl: 1.0
2024-11-14 01:08:33,996 - root - INFO - In validate()-> Val Ep. #15 loss: 0.662, accuracy: 75.60, sparsity: 0.901, task1 ratio: 0.099, zero ratio: 0.901, mpl: 1.0
2024-11-14 01:08:34,304 - root - INFO - In train()-> Train Ep. #16 loss: 0.582, accuracy: 77.40, lr: 0.001, sparsity: 0.901, network_width_mpl: 1.0
2024-11-14 01:08:34,422 - root - INFO - In validate()-> Val Ep. #16 loss: 0.665, accuracy: 74.60, sparsity: 0.901, task1 ratio: 0.099, zero ratio: 0.901, mpl: 1.0
2024-11-14 01:08:34,722 - root - INFO - In train()-> Train Ep. #17 loss: 0.592, accuracy: 77.44, lr: 0.001, sparsity: 0.901, network_width_mpl: 1.0
2024-11-14 01:08:34,830 - root - INFO - In validate()-> Val Ep. #17 loss: 0.665, accuracy: 75.40, sparsity: 0.901, task1 ratio: 0.099, zero ratio: 0.901, mpl: 1.0
2024-11-14 01:08:35,150 - root - INFO - In train()-> Train Ep. #18 loss: 0.584, accuracy: 77.72, lr: 0.001, sparsity: 0.901, network_width_mpl: 1.0
2024-11-14 01:08:35,262 - root - INFO - In validate()-> Val Ep. #18 loss: 0.650, accuracy: 75.60, sparsity: 0.901, task1 ratio: 0.099, zero ratio: 0.901, mpl: 1.0
2024-11-14 01:08:35,572 - root - INFO - In train()-> Train Ep. #19 loss: 0.576, accuracy: 77.96, lr: 0.001, sparsity: 0.901, network_width_mpl: 1.0
2024-11-14 01:08:35,681 - root - INFO - In validate()-> Val Ep. #19 loss: 0.647, accuracy: 74.80, sparsity: 0.901, task1 ratio: 0.099, zero ratio: 0.901, mpl: 1.0
2024-11-14 01:08:35,971 - root - INFO - In train()-> Train Ep. #20 loss: 0.587, accuracy: 77.08, lr: 0.001, sparsity: 0.901, network_width_mpl: 1.0
2024-11-14 01:08:36,083 - root - INFO - In validate()-> Val Ep. #20 loss: 0.652, accuracy: 75.00, sparsity: 0.901, task1 ratio: 0.099, zero ratio: 0.901, mpl: 1.0
2024-11-14 01:08:36,085 - root - INFO - ----------------
2024-11-14 01:08:38,425 - root - INFO - 
2024-11-14 01:08:38,425 - root - INFO - Before pruning: 
2024-11-14 01:08:38,425 - root - INFO - Sparsity range: 0.9 -> 0.95
2024-11-14 01:08:38,686 - root - INFO - In validate()-> Val Ep. #0 loss: 0.652, accuracy: 75.00, sparsity: 0.901, task1 ratio: 0.099, zero ratio: 0.901, mpl: 1.0
2024-11-14 01:08:38,687 - root - INFO - 
2024-11-14 01:08:39,087 - root - INFO - In train()-> Train Ep. #1 loss: 0.557, accuracy: 79.64, lr: 0.001, sparsity: 0.926, network_width_mpl: 1.0
2024-11-14 01:08:39,192 - root - INFO - In validate()-> Val Ep. #1 loss: 1.722, accuracy: 41.80, sparsity: 0.926, task1 ratio: 0.074, zero ratio: 0.926, mpl: 1.0
2024-11-14 01:08:39,523 - root - INFO - In train()-> Train Ep. #2 loss: 1.126, accuracy: 58.64, lr: 0.001, sparsity: 0.943, network_width_mpl: 1.0
2024-11-14 01:08:39,647 - root - INFO - In validate()-> Val Ep. #2 loss: 1.137, accuracy: 58.40, sparsity: 0.943, task1 ratio: 0.057, zero ratio: 0.943, mpl: 1.0
2024-11-14 01:08:39,971 - root - INFO - In train()-> Train Ep. #3 loss: 0.986, accuracy: 62.68, lr: 0.001, sparsity: 0.949, network_width_mpl: 1.0
2024-11-14 01:08:40,097 - root - INFO - In validate()-> Val Ep. #3 loss: 1.561, accuracy: 39.60, sparsity: 0.949, task1 ratio: 0.051, zero ratio: 0.949, mpl: 1.0
2024-11-14 01:08:40,403 - root - INFO - In train()-> Train Ep. #4 loss: 1.113, accuracy: 55.88, lr: 0.001, sparsity: 0.950, network_width_mpl: 1.0
2024-11-14 01:08:40,514 - root - INFO - In validate()-> Val Ep. #4 loss: 0.953, accuracy: 62.80, sparsity: 0.950, task1 ratio: 0.050, zero ratio: 0.950, mpl: 1.0
2024-11-14 01:08:40,803 - root - INFO - In train()-> Train Ep. #5 loss: 0.944, accuracy: 64.16, lr: 0.001, sparsity: 0.950, network_width_mpl: 1.0
2024-11-14 01:08:40,918 - root - INFO - In validate()-> Val Ep. #5 loss: 0.919, accuracy: 64.80, sparsity: 0.950, task1 ratio: 0.050, zero ratio: 0.950, mpl: 1.0
2024-11-14 01:08:41,227 - root - INFO - In train()-> Train Ep. #6 loss: 0.915, accuracy: 63.52, lr: 0.001, sparsity: 0.950, network_width_mpl: 1.0
2024-11-14 01:08:41,344 - root - INFO - In validate()-> Val Ep. #6 loss: 0.889, accuracy: 66.60, sparsity: 0.950, task1 ratio: 0.050, zero ratio: 0.950, mpl: 1.0
2024-11-14 01:08:41,660 - root - INFO - In train()-> Train Ep. #7 loss: 0.898, accuracy: 64.88, lr: 0.001, sparsity: 0.950, network_width_mpl: 1.0
2024-11-14 01:08:41,773 - root - INFO - In validate()-> Val Ep. #7 loss: 0.879, accuracy: 66.20, sparsity: 0.950, task1 ratio: 0.050, zero ratio: 0.950, mpl: 1.0
2024-11-14 01:08:42,116 - root - INFO - In train()-> Train Ep. #8 loss: 0.874, accuracy: 68.00, lr: 0.001, sparsity: 0.950, network_width_mpl: 1.0
2024-11-14 01:08:42,231 - root - INFO - In validate()-> Val Ep. #8 loss: 0.869, accuracy: 66.80, sparsity: 0.950, task1 ratio: 0.050, zero ratio: 0.950, mpl: 1.0
2024-11-14 01:08:42,539 - root - INFO - In train()-> Train Ep. #9 loss: 0.855, accuracy: 66.80, lr: 0.001, sparsity: 0.950, network_width_mpl: 1.0
2024-11-14 01:08:42,659 - root - INFO - In validate()-> Val Ep. #9 loss: 0.863, accuracy: 68.00, sparsity: 0.950, task1 ratio: 0.050, zero ratio: 0.950, mpl: 1.0
2024-11-14 01:08:42,970 - root - INFO - In train()-> Train Ep. #10 loss: 0.843, accuracy: 68.16, lr: 0.001, sparsity: 0.950, network_width_mpl: 1.0
2024-11-14 01:08:43,073 - root - INFO - In validate()-> Val Ep. #10 loss: 0.846, accuracy: 69.00, sparsity: 0.950, task1 ratio: 0.050, zero ratio: 0.950, mpl: 1.0
2024-11-14 01:08:43,397 - root - INFO - In train()-> Train Ep. #11 loss: 0.842, accuracy: 68.16, lr: 0.001, sparsity: 0.950, network_width_mpl: 1.0
2024-11-14 01:08:43,507 - root - INFO - In validate()-> Val Ep. #11 loss: 0.835, accuracy: 69.00, sparsity: 0.950, task1 ratio: 0.050, zero ratio: 0.950, mpl: 1.0
2024-11-14 01:08:43,810 - root - INFO - In train()-> Train Ep. #12 loss: 0.823, accuracy: 69.12, lr: 0.001, sparsity: 0.950, network_width_mpl: 1.0
2024-11-14 01:08:43,915 - root - INFO - In validate()-> Val Ep. #12 loss: 0.829, accuracy: 68.80, sparsity: 0.950, task1 ratio: 0.050, zero ratio: 0.950, mpl: 1.0
2024-11-14 01:08:44,219 - root - INFO - In train()-> Train Ep. #13 loss: 0.832, accuracy: 68.20, lr: 0.001, sparsity: 0.950, network_width_mpl: 1.0
2024-11-14 01:08:44,323 - root - INFO - In validate()-> Val Ep. #13 loss: 0.823, accuracy: 69.80, sparsity: 0.950, task1 ratio: 0.050, zero ratio: 0.950, mpl: 1.0
2024-11-14 01:08:44,627 - root - INFO - In train()-> Train Ep. #14 loss: 0.802, accuracy: 70.32, lr: 0.001, sparsity: 0.950, network_width_mpl: 1.0
2024-11-14 01:08:44,754 - root - INFO - In validate()-> Val Ep. #14 loss: 0.815, accuracy: 71.00, sparsity: 0.950, task1 ratio: 0.050, zero ratio: 0.950, mpl: 1.0
2024-11-14 01:08:45,079 - root - INFO - In train()-> Train Ep. #15 loss: 0.786, accuracy: 69.84, lr: 0.001, sparsity: 0.950, network_width_mpl: 1.0
2024-11-14 01:08:45,185 - root - INFO - In validate()-> Val Ep. #15 loss: 0.809, accuracy: 69.00, sparsity: 0.950, task1 ratio: 0.050, zero ratio: 0.950, mpl: 1.0
2024-11-14 01:08:45,566 - root - INFO - In train()-> Train Ep. #16 loss: 0.786, accuracy: 69.44, lr: 0.001, sparsity: 0.950, network_width_mpl: 1.0
2024-11-14 01:08:45,684 - root - INFO - In validate()-> Val Ep. #16 loss: 0.806, accuracy: 70.40, sparsity: 0.950, task1 ratio: 0.050, zero ratio: 0.950, mpl: 1.0
2024-11-14 01:08:46,005 - root - INFO - In train()-> Train Ep. #17 loss: 0.807, accuracy: 69.16, lr: 0.001, sparsity: 0.950, network_width_mpl: 1.0
2024-11-14 01:08:46,115 - root - INFO - In validate()-> Val Ep. #17 loss: 0.800, accuracy: 70.80, sparsity: 0.950, task1 ratio: 0.050, zero ratio: 0.950, mpl: 1.0
2024-11-14 01:08:46,442 - root - INFO - In train()-> Train Ep. #18 loss: 0.797, accuracy: 70.00, lr: 0.001, sparsity: 0.950, network_width_mpl: 1.0
2024-11-14 01:08:46,555 - root - INFO - In validate()-> Val Ep. #18 loss: 0.797, accuracy: 69.60, sparsity: 0.950, task1 ratio: 0.050, zero ratio: 0.950, mpl: 1.0
2024-11-14 01:08:46,872 - root - INFO - In train()-> Train Ep. #19 loss: 0.799, accuracy: 69.08, lr: 0.001, sparsity: 0.950, network_width_mpl: 1.0
2024-11-14 01:08:46,982 - root - INFO - In validate()-> Val Ep. #19 loss: 0.783, accuracy: 70.40, sparsity: 0.950, task1 ratio: 0.050, zero ratio: 0.950, mpl: 1.0
2024-11-14 01:08:47,272 - root - INFO - In train()-> Train Ep. #20 loss: 0.788, accuracy: 69.92, lr: 0.001, sparsity: 0.950, network_width_mpl: 1.0
2024-11-14 01:08:47,380 - root - INFO - In validate()-> Val Ep. #20 loss: 0.779, accuracy: 71.40, sparsity: 0.950, task1 ratio: 0.050, zero ratio: 0.950, mpl: 1.0
2024-11-14 01:08:47,382 - root - INFO - ----------------
