2024-11-14 01:16:50,977 - root - INFO - Finetune stage...
2024-11-14 01:16:51,495 - root - INFO - In train()-> Train Ep. #1 loss: 1.610, accuracy: 19.00, lr: 0.01, sparsity: 0.000, network_width_mpl: 1.0
2024-11-14 01:16:51,609 - root - INFO - In validate()-> Val Ep. #1 loss: 1.609, accuracy: 20.60, sparsity: 0.000, task1 ratio: 1.000, zero ratio: 0.000, mpl: 1.0
2024-11-14 01:16:51,944 - root - INFO - In train()-> Train Ep. #2 loss: 1.610, accuracy: 19.16, lr: 0.01, sparsity: 0.000, network_width_mpl: 1.0
2024-11-14 01:16:52,048 - root - INFO - In validate()-> Val Ep. #2 loss: 1.608, accuracy: 20.00, sparsity: 0.000, task1 ratio: 1.000, zero ratio: 0.000, mpl: 1.0
2024-11-14 01:16:52,361 - root - INFO - In train()-> Train Ep. #3 loss: 1.607, accuracy: 24.48, lr: 0.01, sparsity: 0.000, network_width_mpl: 1.0
2024-11-14 01:16:52,489 - root - INFO - In validate()-> Val Ep. #3 loss: 1.601, accuracy: 27.60, sparsity: 0.000, task1 ratio: 1.000, zero ratio: 0.000, mpl: 1.0
2024-11-14 01:16:52,797 - root - INFO - In train()-> Train Ep. #4 loss: 1.561, accuracy: 28.40, lr: 0.01, sparsity: 0.000, network_width_mpl: 1.0
2024-11-14 01:16:52,916 - root - INFO - In validate()-> Val Ep. #4 loss: 1.523, accuracy: 38.60, sparsity: 0.000, task1 ratio: 1.000, zero ratio: 0.000, mpl: 1.0
2024-11-14 01:16:53,262 - root - INFO - In train()-> Train Ep. #5 loss: 1.452, accuracy: 38.44, lr: 0.01, sparsity: 0.000, network_width_mpl: 1.0
2024-11-14 01:16:53,378 - root - INFO - In validate()-> Val Ep. #5 loss: 1.395, accuracy: 41.80, sparsity: 0.000, task1 ratio: 1.000, zero ratio: 0.000, mpl: 1.0
2024-11-14 01:16:53,673 - root - INFO - In train()-> Train Ep. #6 loss: 1.354, accuracy: 42.32, lr: 0.01, sparsity: 0.000, network_width_mpl: 1.0
2024-11-14 01:16:53,780 - root - INFO - In validate()-> Val Ep. #6 loss: 1.246, accuracy: 47.60, sparsity: 0.000, task1 ratio: 1.000, zero ratio: 0.000, mpl: 1.0
2024-11-14 01:16:54,106 - root - INFO - In train()-> Train Ep. #7 loss: 1.295, accuracy: 45.92, lr: 0.01, sparsity: 0.000, network_width_mpl: 1.0
2024-11-14 01:16:54,222 - root - INFO - In validate()-> Val Ep. #7 loss: 1.239, accuracy: 48.20, sparsity: 0.000, task1 ratio: 1.000, zero ratio: 0.000, mpl: 1.0
2024-11-14 01:16:54,553 - root - INFO - In train()-> Train Ep. #8 loss: 1.292, accuracy: 45.80, lr: 0.01, sparsity: 0.000, network_width_mpl: 1.0
2024-11-14 01:16:54,676 - root - INFO - In validate()-> Val Ep. #8 loss: 1.215, accuracy: 50.20, sparsity: 0.000, task1 ratio: 1.000, zero ratio: 0.000, mpl: 1.0
2024-11-14 01:16:54,974 - root - INFO - In train()-> Train Ep. #9 loss: 1.265, accuracy: 48.60, lr: 0.01, sparsity: 0.000, network_width_mpl: 1.0
2024-11-14 01:16:55,091 - root - INFO - In validate()-> Val Ep. #9 loss: 1.222, accuracy: 51.00, sparsity: 0.000, task1 ratio: 1.000, zero ratio: 0.000, mpl: 1.0
2024-11-14 01:16:55,404 - root - INFO - In train()-> Train Ep. #10 loss: 1.249, accuracy: 47.92, lr: 0.01, sparsity: 0.000, network_width_mpl: 1.0
2024-11-14 01:16:55,514 - root - INFO - In validate()-> Val Ep. #10 loss: 1.179, accuracy: 52.80, sparsity: 0.000, task1 ratio: 1.000, zero ratio: 0.000, mpl: 1.0
2024-11-14 01:16:55,849 - root - INFO - In train()-> Train Ep. #11 loss: 1.237, accuracy: 48.60, lr: 0.01, sparsity: 0.000, network_width_mpl: 1.0
2024-11-14 01:16:55,973 - root - INFO - In validate()-> Val Ep. #11 loss: 1.139, accuracy: 54.40, sparsity: 0.000, task1 ratio: 1.000, zero ratio: 0.000, mpl: 1.0
2024-11-14 01:16:56,279 - root - INFO - In train()-> Train Ep. #12 loss: 1.203, accuracy: 49.92, lr: 0.01, sparsity: 0.000, network_width_mpl: 1.0
2024-11-14 01:16:56,389 - root - INFO - In validate()-> Val Ep. #12 loss: 1.123, accuracy: 55.80, sparsity: 0.000, task1 ratio: 1.000, zero ratio: 0.000, mpl: 1.0
2024-11-14 01:16:56,730 - root - INFO - In train()-> Train Ep. #13 loss: 1.191, accuracy: 53.00, lr: 0.01, sparsity: 0.000, network_width_mpl: 1.0
2024-11-14 01:16:56,849 - root - INFO - In validate()-> Val Ep. #13 loss: 1.142, accuracy: 56.00, sparsity: 0.000, task1 ratio: 1.000, zero ratio: 0.000, mpl: 1.0
2024-11-14 01:16:57,184 - root - INFO - In train()-> Train Ep. #14 loss: 1.165, accuracy: 54.16, lr: 0.01, sparsity: 0.000, network_width_mpl: 1.0
2024-11-14 01:16:57,293 - root - INFO - In validate()-> Val Ep. #14 loss: 1.041, accuracy: 58.80, sparsity: 0.000, task1 ratio: 1.000, zero ratio: 0.000, mpl: 1.0
2024-11-14 01:16:57,630 - root - INFO - In train()-> Train Ep. #15 loss: 1.147, accuracy: 53.96, lr: 0.01, sparsity: 0.000, network_width_mpl: 1.0
2024-11-14 01:16:57,747 - root - INFO - In validate()-> Val Ep. #15 loss: 1.066, accuracy: 57.20, sparsity: 0.000, task1 ratio: 1.000, zero ratio: 0.000, mpl: 1.0
2024-11-14 01:16:58,092 - root - INFO - In train()-> Train Ep. #16 loss: 1.118, accuracy: 56.48, lr: 0.01, sparsity: 0.000, network_width_mpl: 1.0
2024-11-14 01:16:58,253 - root - INFO - In validate()-> Val Ep. #16 loss: 1.065, accuracy: 57.20, sparsity: 0.000, task1 ratio: 1.000, zero ratio: 0.000, mpl: 1.0
2024-11-14 01:16:58,569 - root - INFO - In train()-> Train Ep. #17 loss: 1.093, accuracy: 57.72, lr: 0.01, sparsity: 0.000, network_width_mpl: 1.0
2024-11-14 01:16:58,677 - root - INFO - In validate()-> Val Ep. #17 loss: 1.018, accuracy: 60.80, sparsity: 0.000, task1 ratio: 1.000, zero ratio: 0.000, mpl: 1.0
2024-11-14 01:16:59,018 - root - INFO - In train()-> Train Ep. #18 loss: 1.042, accuracy: 60.68, lr: 0.01, sparsity: 0.000, network_width_mpl: 1.0
2024-11-14 01:16:59,138 - root - INFO - In validate()-> Val Ep. #18 loss: 1.019, accuracy: 61.00, sparsity: 0.000, task1 ratio: 1.000, zero ratio: 0.000, mpl: 1.0
2024-11-14 01:16:59,439 - root - INFO - In train()-> Train Ep. #19 loss: 1.013, accuracy: 62.04, lr: 0.01, sparsity: 0.000, network_width_mpl: 1.0
2024-11-14 01:16:59,555 - root - INFO - In validate()-> Val Ep. #19 loss: 1.362, accuracy: 53.80, sparsity: 0.000, task1 ratio: 1.000, zero ratio: 0.000, mpl: 1.0
2024-11-14 01:16:59,873 - root - INFO - In train()-> Train Ep. #20 loss: 1.004, accuracy: 63.96, lr: 0.01, sparsity: 0.000, network_width_mpl: 1.0
2024-11-14 01:16:59,986 - root - INFO - In validate()-> Val Ep. #20 loss: 2.225, accuracy: 44.00, sparsity: 0.000, task1 ratio: 1.000, zero ratio: 0.000, mpl: 1.0
2024-11-14 01:17:00,306 - root - INFO - In train()-> Train Ep. #21 loss: 0.977, accuracy: 63.96, lr: 0.01, sparsity: 0.000, network_width_mpl: 1.0
2024-11-14 01:17:00,428 - root - INFO - In validate()-> Val Ep. #21 loss: 0.850, accuracy: 68.80, sparsity: 0.000, task1 ratio: 1.000, zero ratio: 0.000, mpl: 1.0
2024-11-14 01:17:00,724 - root - INFO - In train()-> Train Ep. #22 loss: 0.962, accuracy: 63.52, lr: 0.01, sparsity: 0.000, network_width_mpl: 1.0
2024-11-14 01:17:00,836 - root - INFO - In validate()-> Val Ep. #22 loss: 0.920, accuracy: 65.80, sparsity: 0.000, task1 ratio: 1.000, zero ratio: 0.000, mpl: 1.0
2024-11-14 01:17:01,129 - root - INFO - In train()-> Train Ep. #23 loss: 0.928, accuracy: 66.76, lr: 0.01, sparsity: 0.000, network_width_mpl: 1.0
2024-11-14 01:17:01,253 - root - INFO - In validate()-> Val Ep. #23 loss: 0.874, accuracy: 67.60, sparsity: 0.000, task1 ratio: 1.000, zero ratio: 0.000, mpl: 1.0
2024-11-14 01:17:01,597 - root - INFO - In train()-> Train Ep. #24 loss: 0.901, accuracy: 67.00, lr: 0.01, sparsity: 0.000, network_width_mpl: 1.0
2024-11-14 01:17:01,712 - root - INFO - In validate()-> Val Ep. #24 loss: 0.831, accuracy: 67.60, sparsity: 0.000, task1 ratio: 1.000, zero ratio: 0.000, mpl: 1.0
2024-11-14 01:17:02,041 - root - INFO - In train()-> Train Ep. #25 loss: 0.914, accuracy: 65.64, lr: 0.01, sparsity: 0.000, network_width_mpl: 1.0
2024-11-14 01:17:02,148 - root - INFO - In validate()-> Val Ep. #25 loss: 0.859, accuracy: 68.80, sparsity: 0.000, task1 ratio: 1.000, zero ratio: 0.000, mpl: 1.0
2024-11-14 01:17:02,479 - root - INFO - In train()-> Train Ep. #26 loss: 0.886, accuracy: 67.00, lr: 0.01, sparsity: 0.000, network_width_mpl: 1.0
2024-11-14 01:17:02,596 - root - INFO - In validate()-> Val Ep. #26 loss: 0.834, accuracy: 68.20, sparsity: 0.000, task1 ratio: 1.000, zero ratio: 0.000, mpl: 1.0
2024-11-14 01:17:02,906 - root - INFO - In train()-> Train Ep. #27 loss: 0.898, accuracy: 67.60, lr: 0.01, sparsity: 0.000, network_width_mpl: 1.0
2024-11-14 01:17:03,016 - root - INFO - In validate()-> Val Ep. #27 loss: 0.858, accuracy: 68.20, sparsity: 0.000, task1 ratio: 1.000, zero ratio: 0.000, mpl: 1.0
2024-11-14 01:17:03,373 - root - INFO - In train()-> Train Ep. #28 loss: 0.852, accuracy: 68.12, lr: 0.01, sparsity: 0.000, network_width_mpl: 1.0
2024-11-14 01:17:03,484 - root - INFO - In validate()-> Val Ep. #28 loss: 0.835, accuracy: 67.20, sparsity: 0.000, task1 ratio: 1.000, zero ratio: 0.000, mpl: 1.0
2024-11-14 01:17:03,806 - root - INFO - In train()-> Train Ep. #29 loss: 0.837, accuracy: 69.16, lr: 0.01, sparsity: 0.000, network_width_mpl: 1.0
2024-11-14 01:17:03,926 - root - INFO - In validate()-> Val Ep. #29 loss: 1.026, accuracy: 63.00, sparsity: 0.000, task1 ratio: 1.000, zero ratio: 0.000, mpl: 1.0
2024-11-14 01:17:04,244 - root - INFO - In train()-> Train Ep. #30 loss: 0.837, accuracy: 68.28, lr: 0.01, sparsity: 0.000, network_width_mpl: 1.0
2024-11-14 01:17:04,356 - root - INFO - In validate()-> Val Ep. #30 loss: 0.813, accuracy: 70.60, sparsity: 0.000, task1 ratio: 1.000, zero ratio: 0.000, mpl: 1.0
2024-11-14 01:17:04,672 - root - INFO - In train()-> Train Ep. #31 loss: 0.826, accuracy: 68.96, lr: 0.01, sparsity: 0.000, network_width_mpl: 1.0
2024-11-14 01:17:04,781 - root - INFO - In validate()-> Val Ep. #31 loss: 0.969, accuracy: 65.40, sparsity: 0.000, task1 ratio: 1.000, zero ratio: 0.000, mpl: 1.0
2024-11-14 01:17:05,123 - root - INFO - In train()-> Train Ep. #32 loss: 0.849, accuracy: 68.72, lr: 0.01, sparsity: 0.000, network_width_mpl: 1.0
2024-11-14 01:17:05,254 - root - INFO - In validate()-> Val Ep. #32 loss: 0.843, accuracy: 67.60, sparsity: 0.000, task1 ratio: 1.000, zero ratio: 0.000, mpl: 1.0
2024-11-14 01:17:05,583 - root - INFO - In train()-> Train Ep. #33 loss: 0.839, accuracy: 68.76, lr: 0.01, sparsity: 0.000, network_width_mpl: 1.0
2024-11-14 01:17:05,693 - root - INFO - In validate()-> Val Ep. #33 loss: 0.854, accuracy: 69.00, sparsity: 0.000, task1 ratio: 1.000, zero ratio: 0.000, mpl: 1.0
2024-11-14 01:17:06,004 - root - INFO - In train()-> Train Ep. #34 loss: 0.819, accuracy: 70.04, lr: 0.01, sparsity: 0.000, network_width_mpl: 1.0
2024-11-14 01:17:06,118 - root - INFO - In validate()-> Val Ep. #34 loss: 0.934, accuracy: 63.60, sparsity: 0.000, task1 ratio: 1.000, zero ratio: 0.000, mpl: 1.0
2024-11-14 01:17:06,431 - root - INFO - In train()-> Train Ep. #35 loss: 0.827, accuracy: 68.72, lr: 0.01, sparsity: 0.000, network_width_mpl: 1.0
2024-11-14 01:17:06,540 - root - INFO - In validate()-> Val Ep. #35 loss: 0.883, accuracy: 68.60, sparsity: 0.000, task1 ratio: 1.000, zero ratio: 0.000, mpl: 1.0
2024-11-14 01:17:06,849 - root - INFO - In train()-> Train Ep. #36 loss: 0.769, accuracy: 70.84, lr: 0.01, sparsity: 0.000, network_width_mpl: 1.0
2024-11-14 01:17:06,974 - root - INFO - In validate()-> Val Ep. #36 loss: 0.896, accuracy: 67.20, sparsity: 0.000, task1 ratio: 1.000, zero ratio: 0.000, mpl: 1.0
2024-11-14 01:17:07,300 - root - INFO - In train()-> Train Ep. #37 loss: 0.781, accuracy: 71.00, lr: 0.01, sparsity: 0.000, network_width_mpl: 1.0
2024-11-14 01:17:07,426 - root - INFO - In validate()-> Val Ep. #37 loss: 0.771, accuracy: 71.40, sparsity: 0.000, task1 ratio: 1.000, zero ratio: 0.000, mpl: 1.0
2024-11-14 01:17:07,738 - root - INFO - In train()-> Train Ep. #38 loss: 0.777, accuracy: 72.12, lr: 0.01, sparsity: 0.000, network_width_mpl: 1.0
2024-11-14 01:17:07,846 - root - INFO - In validate()-> Val Ep. #38 loss: 0.763, accuracy: 71.40, sparsity: 0.000, task1 ratio: 1.000, zero ratio: 0.000, mpl: 1.0
2024-11-14 01:17:08,181 - root - INFO - In train()-> Train Ep. #39 loss: 0.763, accuracy: 71.96, lr: 0.01, sparsity: 0.000, network_width_mpl: 1.0
2024-11-14 01:17:08,301 - root - INFO - In validate()-> Val Ep. #39 loss: 0.817, accuracy: 71.20, sparsity: 0.000, task1 ratio: 1.000, zero ratio: 0.000, mpl: 1.0
2024-11-14 01:17:08,608 - root - INFO - In train()-> Train Ep. #40 loss: 0.761, accuracy: 73.00, lr: 0.01, sparsity: 0.000, network_width_mpl: 1.0
2024-11-14 01:17:08,717 - root - INFO - In validate()-> Val Ep. #40 loss: 0.917, accuracy: 67.00, sparsity: 0.000, task1 ratio: 1.000, zero ratio: 0.000, mpl: 1.0
2024-11-14 01:17:09,029 - root - INFO - In train()-> Train Ep. #41 loss: 0.759, accuracy: 72.64, lr: 0.01, sparsity: 0.000, network_width_mpl: 1.0
2024-11-14 01:17:09,139 - root - INFO - In validate()-> Val Ep. #41 loss: 0.800, accuracy: 69.60, sparsity: 0.000, task1 ratio: 1.000, zero ratio: 0.000, mpl: 1.0
2024-11-14 01:17:09,459 - root - INFO - In train()-> Train Ep. #42 loss: 0.729, accuracy: 74.40, lr: 0.01, sparsity: 0.000, network_width_mpl: 1.0
2024-11-14 01:17:09,568 - root - INFO - In validate()-> Val Ep. #42 loss: 0.855, accuracy: 68.80, sparsity: 0.000, task1 ratio: 1.000, zero ratio: 0.000, mpl: 1.0
2024-11-14 01:17:09,912 - root - INFO - In train()-> Train Ep. #43 loss: 0.752, accuracy: 71.56, lr: 0.01, sparsity: 0.000, network_width_mpl: 1.0
2024-11-14 01:17:10,031 - root - INFO - In validate()-> Val Ep. #43 loss: 0.858, accuracy: 70.60, sparsity: 0.000, task1 ratio: 1.000, zero ratio: 0.000, mpl: 1.0
2024-11-14 01:17:10,318 - root - INFO - In train()-> Train Ep. #44 loss: 0.743, accuracy: 72.88, lr: 0.01, sparsity: 0.000, network_width_mpl: 1.0
2024-11-14 01:17:10,429 - root - INFO - In validate()-> Val Ep. #44 loss: 0.828, accuracy: 70.40, sparsity: 0.000, task1 ratio: 1.000, zero ratio: 0.000, mpl: 1.0
2024-11-14 01:17:10,760 - root - INFO - In train()-> Train Ep. #45 loss: 0.728, accuracy: 72.72, lr: 0.01, sparsity: 0.000, network_width_mpl: 1.0
2024-11-14 01:17:10,875 - root - INFO - In validate()-> Val Ep. #45 loss: 0.782, accuracy: 72.00, sparsity: 0.000, task1 ratio: 1.000, zero ratio: 0.000, mpl: 1.0
2024-11-14 01:17:11,198 - root - INFO - In train()-> Train Ep. #46 loss: 0.709, accuracy: 74.08, lr: 0.01, sparsity: 0.000, network_width_mpl: 1.0
2024-11-14 01:17:11,328 - root - INFO - In validate()-> Val Ep. #46 loss: 0.812, accuracy: 71.60, sparsity: 0.000, task1 ratio: 1.000, zero ratio: 0.000, mpl: 1.0
2024-11-14 01:17:11,656 - root - INFO - In train()-> Train Ep. #47 loss: 0.703, accuracy: 74.36, lr: 0.01, sparsity: 0.000, network_width_mpl: 1.0
2024-11-14 01:17:11,776 - root - INFO - In validate()-> Val Ep. #47 loss: 3.079, accuracy: 48.40, sparsity: 0.000, task1 ratio: 1.000, zero ratio: 0.000, mpl: 1.0
2024-11-14 01:17:12,094 - root - INFO - In train()-> Train Ep. #48 loss: 0.770, accuracy: 71.28, lr: 0.01, sparsity: 0.000, network_width_mpl: 1.0
2024-11-14 01:17:12,228 - root - INFO - In validate()-> Val Ep. #48 loss: 0.783, accuracy: 69.80, sparsity: 0.000, task1 ratio: 1.000, zero ratio: 0.000, mpl: 1.0
2024-11-14 01:17:12,538 - root - INFO - In train()-> Train Ep. #49 loss: 0.695, accuracy: 73.92, lr: 0.01, sparsity: 0.000, network_width_mpl: 1.0
2024-11-14 01:17:12,657 - root - INFO - In validate()-> Val Ep. #49 loss: 0.794, accuracy: 72.00, sparsity: 0.000, task1 ratio: 1.000, zero ratio: 0.000, mpl: 1.0
2024-11-14 01:17:12,965 - root - INFO - In train()-> Train Ep. #50 loss: 0.706, accuracy: 73.84, lr: 0.01, sparsity: 0.000, network_width_mpl: 1.0
2024-11-14 01:17:13,073 - root - INFO - In validate()-> Val Ep. #50 loss: 0.747, accuracy: 71.60, sparsity: 0.000, task1 ratio: 1.000, zero ratio: 0.000, mpl: 1.0
2024-11-14 01:17:13,383 - root - INFO - In train()-> Train Ep. #51 loss: 0.636, accuracy: 76.44, lr: 0.001, sparsity: 0.000, network_width_mpl: 1.0
2024-11-14 01:17:13,492 - root - INFO - In validate()-> Val Ep. #51 loss: 0.705, accuracy: 74.40, sparsity: 0.000, task1 ratio: 1.000, zero ratio: 0.000, mpl: 1.0
2024-11-14 01:17:13,807 - root - INFO - In train()-> Train Ep. #52 loss: 0.627, accuracy: 76.76, lr: 0.001, sparsity: 0.000, network_width_mpl: 1.0
2024-11-14 01:17:13,917 - root - INFO - In validate()-> Val Ep. #52 loss: 0.700, accuracy: 73.20, sparsity: 0.000, task1 ratio: 1.000, zero ratio: 0.000, mpl: 1.0
2024-11-14 01:17:14,227 - root - INFO - In train()-> Train Ep. #53 loss: 0.615, accuracy: 77.72, lr: 0.001, sparsity: 0.000, network_width_mpl: 1.0
2024-11-14 01:17:14,337 - root - INFO - In validate()-> Val Ep. #53 loss: 0.692, accuracy: 73.80, sparsity: 0.000, task1 ratio: 1.000, zero ratio: 0.000, mpl: 1.0
2024-11-14 01:17:14,643 - root - INFO - In train()-> Train Ep. #54 loss: 0.606, accuracy: 78.28, lr: 0.001, sparsity: 0.000, network_width_mpl: 1.0
2024-11-14 01:17:14,761 - root - INFO - In validate()-> Val Ep. #54 loss: 0.691, accuracy: 74.00, sparsity: 0.000, task1 ratio: 1.000, zero ratio: 0.000, mpl: 1.0
2024-11-14 01:17:15,052 - root - INFO - In train()-> Train Ep. #55 loss: 0.605, accuracy: 77.88, lr: 0.001, sparsity: 0.000, network_width_mpl: 1.0
2024-11-14 01:17:15,172 - root - INFO - In validate()-> Val Ep. #55 loss: 0.694, accuracy: 75.00, sparsity: 0.000, task1 ratio: 1.000, zero ratio: 0.000, mpl: 1.0
2024-11-14 01:17:15,477 - root - INFO - In train()-> Train Ep. #56 loss: 0.610, accuracy: 77.60, lr: 0.001, sparsity: 0.000, network_width_mpl: 1.0
2024-11-14 01:17:15,600 - root - INFO - In validate()-> Val Ep. #56 loss: 0.697, accuracy: 73.40, sparsity: 0.000, task1 ratio: 1.000, zero ratio: 0.000, mpl: 1.0
2024-11-14 01:17:15,905 - root - INFO - In train()-> Train Ep. #57 loss: 0.590, accuracy: 79.32, lr: 0.001, sparsity: 0.000, network_width_mpl: 1.0
2024-11-14 01:17:16,025 - root - INFO - In validate()-> Val Ep. #57 loss: 0.685, accuracy: 74.80, sparsity: 0.000, task1 ratio: 1.000, zero ratio: 0.000, mpl: 1.0
2024-11-14 01:17:16,345 - root - INFO - In train()-> Train Ep. #58 loss: 0.590, accuracy: 79.00, lr: 0.001, sparsity: 0.000, network_width_mpl: 1.0
2024-11-14 01:17:16,451 - root - INFO - In validate()-> Val Ep. #58 loss: 0.691, accuracy: 74.40, sparsity: 0.000, task1 ratio: 1.000, zero ratio: 0.000, mpl: 1.0
2024-11-14 01:17:16,794 - root - INFO - In train()-> Train Ep. #59 loss: 0.590, accuracy: 77.56, lr: 0.001, sparsity: 0.000, network_width_mpl: 1.0
2024-11-14 01:17:16,919 - root - INFO - In validate()-> Val Ep. #59 loss: 0.704, accuracy: 74.00, sparsity: 0.000, task1 ratio: 1.000, zero ratio: 0.000, mpl: 1.0
2024-11-14 01:17:17,232 - root - INFO - In train()-> Train Ep. #60 loss: 0.591, accuracy: 78.28, lr: 0.001, sparsity: 0.000, network_width_mpl: 1.0
2024-11-14 01:17:17,358 - root - INFO - In validate()-> Val Ep. #60 loss: 0.696, accuracy: 74.40, sparsity: 0.000, task1 ratio: 1.000, zero ratio: 0.000, mpl: 1.0
2024-11-14 01:17:17,666 - root - INFO - In train()-> Train Ep. #61 loss: 0.595, accuracy: 78.28, lr: 0.001, sparsity: 0.000, network_width_mpl: 1.0
2024-11-14 01:17:17,779 - root - INFO - In validate()-> Val Ep. #61 loss: 0.713, accuracy: 74.20, sparsity: 0.000, task1 ratio: 1.000, zero ratio: 0.000, mpl: 1.0
2024-11-14 01:17:18,092 - root - INFO - In train()-> Train Ep. #62 loss: 0.592, accuracy: 78.76, lr: 0.001, sparsity: 0.000, network_width_mpl: 1.0
2024-11-14 01:17:18,200 - root - INFO - In validate()-> Val Ep. #62 loss: 0.691, accuracy: 75.40, sparsity: 0.000, task1 ratio: 1.000, zero ratio: 0.000, mpl: 1.0
2024-11-14 01:17:18,517 - root - INFO - In train()-> Train Ep. #63 loss: 0.596, accuracy: 78.72, lr: 0.001, sparsity: 0.000, network_width_mpl: 1.0
2024-11-14 01:17:18,629 - root - INFO - In validate()-> Val Ep. #63 loss: 0.704, accuracy: 75.20, sparsity: 0.000, task1 ratio: 1.000, zero ratio: 0.000, mpl: 1.0
2024-11-14 01:17:18,939 - root - INFO - In train()-> Train Ep. #64 loss: 0.578, accuracy: 78.92, lr: 0.001, sparsity: 0.000, network_width_mpl: 1.0
2024-11-14 01:17:19,049 - root - INFO - In validate()-> Val Ep. #64 loss: 0.691, accuracy: 75.20, sparsity: 0.000, task1 ratio: 1.000, zero ratio: 0.000, mpl: 1.0
2024-11-14 01:17:19,372 - root - INFO - In train()-> Train Ep. #65 loss: 0.571, accuracy: 79.20, lr: 0.001, sparsity: 0.000, network_width_mpl: 1.0
2024-11-14 01:17:19,509 - root - INFO - In validate()-> Val Ep. #65 loss: 0.693, accuracy: 75.60, sparsity: 0.000, task1 ratio: 1.000, zero ratio: 0.000, mpl: 1.0
2024-11-14 01:17:19,840 - root - INFO - In train()-> Train Ep. #66 loss: 0.583, accuracy: 78.92, lr: 0.001, sparsity: 0.000, network_width_mpl: 1.0
2024-11-14 01:17:19,951 - root - INFO - In validate()-> Val Ep. #66 loss: 0.691, accuracy: 74.40, sparsity: 0.000, task1 ratio: 1.000, zero ratio: 0.000, mpl: 1.0
2024-11-14 01:17:20,273 - root - INFO - In train()-> Train Ep. #67 loss: 0.582, accuracy: 79.00, lr: 0.001, sparsity: 0.000, network_width_mpl: 1.0
2024-11-14 01:17:20,391 - root - INFO - In validate()-> Val Ep. #67 loss: 0.707, accuracy: 74.40, sparsity: 0.000, task1 ratio: 1.000, zero ratio: 0.000, mpl: 1.0
2024-11-14 01:17:20,709 - root - INFO - In train()-> Train Ep. #68 loss: 0.559, accuracy: 79.36, lr: 0.001, sparsity: 0.000, network_width_mpl: 1.0
2024-11-14 01:17:20,819 - root - INFO - In validate()-> Val Ep. #68 loss: 0.693, accuracy: 74.80, sparsity: 0.000, task1 ratio: 1.000, zero ratio: 0.000, mpl: 1.0
2024-11-14 01:17:21,129 - root - INFO - In train()-> Train Ep. #69 loss: 0.585, accuracy: 78.92, lr: 0.001, sparsity: 0.000, network_width_mpl: 1.0
2024-11-14 01:17:21,239 - root - INFO - In validate()-> Val Ep. #69 loss: 0.696, accuracy: 74.60, sparsity: 0.000, task1 ratio: 1.000, zero ratio: 0.000, mpl: 1.0
2024-11-14 01:17:21,581 - root - INFO - In train()-> Train Ep. #70 loss: 0.565, accuracy: 78.88, lr: 0.001, sparsity: 0.000, network_width_mpl: 1.0
2024-11-14 01:17:21,690 - root - INFO - In validate()-> Val Ep. #70 loss: 0.699, accuracy: 74.60, sparsity: 0.000, task1 ratio: 1.000, zero ratio: 0.000, mpl: 1.0
2024-11-14 01:17:22,015 - root - INFO - In train()-> Train Ep. #71 loss: 0.581, accuracy: 78.60, lr: 0.001, sparsity: 0.000, network_width_mpl: 1.0
2024-11-14 01:17:22,137 - root - INFO - In validate()-> Val Ep. #71 loss: 0.705, accuracy: 75.80, sparsity: 0.000, task1 ratio: 1.000, zero ratio: 0.000, mpl: 1.0
2024-11-14 01:17:22,419 - root - INFO - In train()-> Train Ep. #72 loss: 0.566, accuracy: 79.20, lr: 0.001, sparsity: 0.000, network_width_mpl: 1.0
2024-11-14 01:17:22,542 - root - INFO - In validate()-> Val Ep. #72 loss: 0.686, accuracy: 76.00, sparsity: 0.000, task1 ratio: 1.000, zero ratio: 0.000, mpl: 1.0
2024-11-14 01:17:22,857 - root - INFO - In train()-> Train Ep. #73 loss: 0.563, accuracy: 79.92, lr: 0.001, sparsity: 0.000, network_width_mpl: 1.0
2024-11-14 01:17:22,965 - root - INFO - In validate()-> Val Ep. #73 loss: 0.691, accuracy: 74.80, sparsity: 0.000, task1 ratio: 1.000, zero ratio: 0.000, mpl: 1.0
2024-11-14 01:17:23,291 - root - INFO - In train()-> Train Ep. #74 loss: 0.564, accuracy: 79.20, lr: 0.001, sparsity: 0.000, network_width_mpl: 1.0
2024-11-14 01:17:23,400 - root - INFO - In validate()-> Val Ep. #74 loss: 0.690, accuracy: 74.80, sparsity: 0.000, task1 ratio: 1.000, zero ratio: 0.000, mpl: 1.0
2024-11-14 01:17:23,704 - root - INFO - In train()-> Train Ep. #75 loss: 0.581, accuracy: 79.16, lr: 0.001, sparsity: 0.000, network_width_mpl: 1.0
2024-11-14 01:17:23,813 - root - INFO - In validate()-> Val Ep. #75 loss: 0.689, accuracy: 75.00, sparsity: 0.000, task1 ratio: 1.000, zero ratio: 0.000, mpl: 1.0
2024-11-14 01:17:24,106 - root - INFO - In train()-> Train Ep. #76 loss: 0.556, accuracy: 79.84, lr: 0.001, sparsity: 0.000, network_width_mpl: 1.0
2024-11-14 01:17:24,219 - root - INFO - In validate()-> Val Ep. #76 loss: 0.704, accuracy: 74.60, sparsity: 0.000, task1 ratio: 1.000, zero ratio: 0.000, mpl: 1.0
2024-11-14 01:17:24,537 - root - INFO - In train()-> Train Ep. #77 loss: 0.558, accuracy: 79.32, lr: 0.001, sparsity: 0.000, network_width_mpl: 1.0
2024-11-14 01:17:24,646 - root - INFO - In validate()-> Val Ep. #77 loss: 0.691, accuracy: 75.00, sparsity: 0.000, task1 ratio: 1.000, zero ratio: 0.000, mpl: 1.0
2024-11-14 01:17:24,939 - root - INFO - In train()-> Train Ep. #78 loss: 0.559, accuracy: 79.36, lr: 0.001, sparsity: 0.000, network_width_mpl: 1.0
2024-11-14 01:17:25,052 - root - INFO - In validate()-> Val Ep. #78 loss: 0.699, accuracy: 75.20, sparsity: 0.000, task1 ratio: 1.000, zero ratio: 0.000, mpl: 1.0
2024-11-14 01:17:25,356 - root - INFO - In train()-> Train Ep. #79 loss: 0.546, accuracy: 80.28, lr: 0.001, sparsity: 0.000, network_width_mpl: 1.0
2024-11-14 01:17:25,477 - root - INFO - In validate()-> Val Ep. #79 loss: 0.700, accuracy: 74.60, sparsity: 0.000, task1 ratio: 1.000, zero ratio: 0.000, mpl: 1.0
2024-11-14 01:17:25,788 - root - INFO - In train()-> Train Ep. #80 loss: 0.550, accuracy: 80.08, lr: 0.001, sparsity: 0.000, network_width_mpl: 1.0
2024-11-14 01:17:25,912 - root - INFO - In validate()-> Val Ep. #80 loss: 0.695, accuracy: 74.60, sparsity: 0.000, task1 ratio: 1.000, zero ratio: 0.000, mpl: 1.0
2024-11-14 01:17:26,217 - root - INFO - In train()-> Train Ep. #81 loss: 0.541, accuracy: 80.60, lr: 0.0001, sparsity: 0.000, network_width_mpl: 1.0
2024-11-14 01:17:26,329 - root - INFO - In validate()-> Val Ep. #81 loss: 0.678, accuracy: 75.40, sparsity: 0.000, task1 ratio: 1.000, zero ratio: 0.000, mpl: 1.0
2024-11-14 01:17:26,640 - root - INFO - In train()-> Train Ep. #82 loss: 0.550, accuracy: 80.28, lr: 0.0001, sparsity: 0.000, network_width_mpl: 1.0
2024-11-14 01:17:26,759 - root - INFO - In validate()-> Val Ep. #82 loss: 0.704, accuracy: 75.00, sparsity: 0.000, task1 ratio: 1.000, zero ratio: 0.000, mpl: 1.0
2024-11-14 01:17:27,090 - root - INFO - In train()-> Train Ep. #83 loss: 0.557, accuracy: 79.24, lr: 0.0001, sparsity: 0.000, network_width_mpl: 1.0
2024-11-14 01:17:27,205 - root - INFO - In validate()-> Val Ep. #83 loss: 0.687, accuracy: 75.40, sparsity: 0.000, task1 ratio: 1.000, zero ratio: 0.000, mpl: 1.0
2024-11-14 01:17:27,539 - root - INFO - In train()-> Train Ep. #84 loss: 0.542, accuracy: 80.52, lr: 0.0001, sparsity: 0.000, network_width_mpl: 1.0
2024-11-14 01:17:27,650 - root - INFO - In validate()-> Val Ep. #84 loss: 0.685, accuracy: 75.80, sparsity: 0.000, task1 ratio: 1.000, zero ratio: 0.000, mpl: 1.0
2024-11-14 01:17:27,969 - root - INFO - In train()-> Train Ep. #85 loss: 0.537, accuracy: 79.80, lr: 0.0001, sparsity: 0.000, network_width_mpl: 1.0
2024-11-14 01:17:28,087 - root - INFO - In validate()-> Val Ep. #85 loss: 0.695, accuracy: 75.80, sparsity: 0.000, task1 ratio: 1.000, zero ratio: 0.000, mpl: 1.0
2024-11-14 01:17:28,397 - root - INFO - In train()-> Train Ep. #86 loss: 0.548, accuracy: 79.60, lr: 0.0001, sparsity: 0.000, network_width_mpl: 1.0
2024-11-14 01:17:28,507 - root - INFO - In validate()-> Val Ep. #86 loss: 0.687, accuracy: 77.00, sparsity: 0.000, task1 ratio: 1.000, zero ratio: 0.000, mpl: 1.0
2024-11-14 01:17:28,814 - root - INFO - In train()-> Train Ep. #87 loss: 0.541, accuracy: 80.24, lr: 0.0001, sparsity: 0.000, network_width_mpl: 1.0
2024-11-14 01:17:28,932 - root - INFO - In validate()-> Val Ep. #87 loss: 0.701, accuracy: 76.20, sparsity: 0.000, task1 ratio: 1.000, zero ratio: 0.000, mpl: 1.0
2024-11-14 01:17:29,270 - root - INFO - In train()-> Train Ep. #88 loss: 0.548, accuracy: 80.40, lr: 0.0001, sparsity: 0.000, network_width_mpl: 1.0
2024-11-14 01:17:29,380 - root - INFO - In validate()-> Val Ep. #88 loss: 0.686, accuracy: 75.60, sparsity: 0.000, task1 ratio: 1.000, zero ratio: 0.000, mpl: 1.0
2024-11-14 01:17:29,697 - root - INFO - In train()-> Train Ep. #89 loss: 0.532, accuracy: 81.48, lr: 0.0001, sparsity: 0.000, network_width_mpl: 1.0
2024-11-14 01:17:29,817 - root - INFO - In validate()-> Val Ep. #89 loss: 0.693, accuracy: 75.80, sparsity: 0.000, task1 ratio: 1.000, zero ratio: 0.000, mpl: 1.0
2024-11-14 01:17:30,141 - root - INFO - In train()-> Train Ep. #90 loss: 0.547, accuracy: 80.20, lr: 0.0001, sparsity: 0.000, network_width_mpl: 1.0
2024-11-14 01:17:30,256 - root - INFO - In validate()-> Val Ep. #90 loss: 0.696, accuracy: 75.20, sparsity: 0.000, task1 ratio: 1.000, zero ratio: 0.000, mpl: 1.0
2024-11-14 01:17:30,587 - root - INFO - In train()-> Train Ep. #91 loss: 0.561, accuracy: 79.84, lr: 0.0001, sparsity: 0.000, network_width_mpl: 1.0
2024-11-14 01:17:30,729 - root - INFO - In validate()-> Val Ep. #91 loss: 0.691, accuracy: 75.20, sparsity: 0.000, task1 ratio: 1.000, zero ratio: 0.000, mpl: 1.0
2024-11-14 01:17:31,033 - root - INFO - In train()-> Train Ep. #92 loss: 0.562, accuracy: 79.72, lr: 0.0001, sparsity: 0.000, network_width_mpl: 1.0
2024-11-14 01:17:31,146 - root - INFO - In validate()-> Val Ep. #92 loss: 0.692, accuracy: 75.60, sparsity: 0.000, task1 ratio: 1.000, zero ratio: 0.000, mpl: 1.0
2024-11-14 01:17:31,461 - root - INFO - In train()-> Train Ep. #93 loss: 0.541, accuracy: 79.56, lr: 0.0001, sparsity: 0.000, network_width_mpl: 1.0
2024-11-14 01:17:31,570 - root - INFO - In validate()-> Val Ep. #93 loss: 0.700, accuracy: 75.20, sparsity: 0.000, task1 ratio: 1.000, zero ratio: 0.000, mpl: 1.0
2024-11-14 01:17:31,900 - root - INFO - In train()-> Train Ep. #94 loss: 0.526, accuracy: 81.32, lr: 0.0001, sparsity: 0.000, network_width_mpl: 1.0
2024-11-14 01:17:32,016 - root - INFO - In validate()-> Val Ep. #94 loss: 0.705, accuracy: 75.20, sparsity: 0.000, task1 ratio: 1.000, zero ratio: 0.000, mpl: 1.0
2024-11-14 01:17:32,342 - root - INFO - In train()-> Train Ep. #95 loss: 0.539, accuracy: 80.80, lr: 0.0001, sparsity: 0.000, network_width_mpl: 1.0
2024-11-14 01:17:32,455 - root - INFO - In validate()-> Val Ep. #95 loss: 0.696, accuracy: 75.40, sparsity: 0.000, task1 ratio: 1.000, zero ratio: 0.000, mpl: 1.0
2024-11-14 01:17:32,775 - root - INFO - In train()-> Train Ep. #96 loss: 0.527, accuracy: 79.72, lr: 0.0001, sparsity: 0.000, network_width_mpl: 1.0
2024-11-14 01:17:32,892 - root - INFO - In validate()-> Val Ep. #96 loss: 0.686, accuracy: 75.60, sparsity: 0.000, task1 ratio: 1.000, zero ratio: 0.000, mpl: 1.0
2024-11-14 01:17:33,217 - root - INFO - In train()-> Train Ep. #97 loss: 0.534, accuracy: 81.32, lr: 0.0001, sparsity: 0.000, network_width_mpl: 1.0
2024-11-14 01:17:33,331 - root - INFO - In validate()-> Val Ep. #97 loss: 0.687, accuracy: 74.80, sparsity: 0.000, task1 ratio: 1.000, zero ratio: 0.000, mpl: 1.0
2024-11-14 01:17:33,714 - root - INFO - In train()-> Train Ep. #98 loss: 0.529, accuracy: 80.88, lr: 0.0001, sparsity: 0.000, network_width_mpl: 1.0
2024-11-14 01:17:33,827 - root - INFO - In validate()-> Val Ep. #98 loss: 0.684, accuracy: 76.20, sparsity: 0.000, task1 ratio: 1.000, zero ratio: 0.000, mpl: 1.0
2024-11-14 01:17:34,134 - root - INFO - In train()-> Train Ep. #99 loss: 0.561, accuracy: 78.68, lr: 0.0001, sparsity: 0.000, network_width_mpl: 1.0
2024-11-14 01:17:34,258 - root - INFO - In validate()-> Val Ep. #99 loss: 0.697, accuracy: 76.20, sparsity: 0.000, task1 ratio: 1.000, zero ratio: 0.000, mpl: 1.0
2024-11-14 01:17:34,553 - root - INFO - In train()-> Train Ep. #100 loss: 0.548, accuracy: 80.48, lr: 0.0001, sparsity: 0.000, network_width_mpl: 1.0
2024-11-14 01:17:34,669 - root - INFO - In validate()-> Val Ep. #100 loss: 0.702, accuracy: 75.40, sparsity: 0.000, task1 ratio: 1.000, zero ratio: 0.000, mpl: 1.0
2024-11-14 01:17:34,671 - root - INFO - ----------------
2024-11-14 01:17:34,671 - root - INFO - It's time to expand the Network
2024-11-14 01:17:34,671 - root - INFO - Auto expand network
2024-11-14 01:17:36,974 - root - INFO - 
2024-11-14 01:17:36,974 - root - INFO - Before pruning: 
2024-11-14 01:17:36,974 - root - INFO - Sparsity range: 0.0 -> 0.1
2024-11-14 01:17:37,246 - root - INFO - In validate()-> Val Ep. #0 loss: 0.702, accuracy: 75.40, sparsity: 0.000, task1 ratio: 1.000, zero ratio: 0.000, mpl: 1.0
2024-11-14 01:17:37,246 - root - INFO - 
2024-11-14 01:17:37,628 - root - INFO - In train()-> Train Ep. #1 loss: 0.549, accuracy: 79.80, lr: 0.001, sparsity: 0.053, network_width_mpl: 1.0
2024-11-14 01:17:37,758 - root - INFO - In validate()-> Val Ep. #1 loss: 0.693, accuracy: 76.20, sparsity: 0.053, task1 ratio: 0.947, zero ratio: 0.053, mpl: 1.0
2024-11-14 01:17:38,094 - root - INFO - In train()-> Train Ep. #2 loss: 0.543, accuracy: 80.20, lr: 0.001, sparsity: 0.086, network_width_mpl: 1.0
2024-11-14 01:17:38,202 - root - INFO - In validate()-> Val Ep. #2 loss: 0.710, accuracy: 76.20, sparsity: 0.086, task1 ratio: 0.914, zero ratio: 0.086, mpl: 1.0
2024-11-14 01:17:38,496 - root - INFO - In train()-> Train Ep. #3 loss: 0.556, accuracy: 80.12, lr: 0.001, sparsity: 0.098, network_width_mpl: 1.0
2024-11-14 01:17:38,608 - root - INFO - In validate()-> Val Ep. #3 loss: 0.715, accuracy: 74.60, sparsity: 0.098, task1 ratio: 0.902, zero ratio: 0.098, mpl: 1.0
2024-11-14 01:17:38,946 - root - INFO - In train()-> Train Ep. #4 loss: 0.549, accuracy: 80.36, lr: 0.001, sparsity: 0.100, network_width_mpl: 1.0
2024-11-14 01:17:39,054 - root - INFO - In validate()-> Val Ep. #4 loss: 0.682, accuracy: 76.00, sparsity: 0.100, task1 ratio: 0.900, zero ratio: 0.100, mpl: 1.0
2024-11-14 01:17:39,351 - root - INFO - In train()-> Train Ep. #5 loss: 0.544, accuracy: 79.96, lr: 0.001, sparsity: 0.100, network_width_mpl: 1.0
2024-11-14 01:17:39,465 - root - INFO - In validate()-> Val Ep. #5 loss: 0.706, accuracy: 75.40, sparsity: 0.100, task1 ratio: 0.900, zero ratio: 0.100, mpl: 1.0
2024-11-14 01:17:39,776 - root - INFO - In train()-> Train Ep. #6 loss: 0.546, accuracy: 80.40, lr: 0.001, sparsity: 0.100, network_width_mpl: 1.0
2024-11-14 01:17:39,888 - root - INFO - In validate()-> Val Ep. #6 loss: 0.709, accuracy: 75.00, sparsity: 0.100, task1 ratio: 0.900, zero ratio: 0.100, mpl: 1.0
2024-11-14 01:17:40,215 - root - INFO - In train()-> Train Ep. #7 loss: 0.554, accuracy: 79.88, lr: 0.001, sparsity: 0.100, network_width_mpl: 1.0
2024-11-14 01:17:40,328 - root - INFO - In validate()-> Val Ep. #7 loss: 0.691, accuracy: 75.80, sparsity: 0.100, task1 ratio: 0.900, zero ratio: 0.100, mpl: 1.0
2024-11-14 01:17:40,692 - root - INFO - In train()-> Train Ep. #8 loss: 0.546, accuracy: 80.68, lr: 0.001, sparsity: 0.100, network_width_mpl: 1.0
2024-11-14 01:17:40,813 - root - INFO - In validate()-> Val Ep. #8 loss: 0.711, accuracy: 75.40, sparsity: 0.100, task1 ratio: 0.900, zero ratio: 0.100, mpl: 1.0
2024-11-14 01:17:41,147 - root - INFO - In train()-> Train Ep. #9 loss: 0.539, accuracy: 80.76, lr: 0.001, sparsity: 0.100, network_width_mpl: 1.0
2024-11-14 01:17:41,257 - root - INFO - In validate()-> Val Ep. #9 loss: 0.703, accuracy: 74.80, sparsity: 0.100, task1 ratio: 0.900, zero ratio: 0.100, mpl: 1.0
2024-11-14 01:17:41,570 - root - INFO - In train()-> Train Ep. #10 loss: 0.532, accuracy: 80.28, lr: 0.001, sparsity: 0.100, network_width_mpl: 1.0
2024-11-14 01:17:41,681 - root - INFO - In validate()-> Val Ep. #10 loss: 0.715, accuracy: 74.20, sparsity: 0.100, task1 ratio: 0.900, zero ratio: 0.100, mpl: 1.0
2024-11-14 01:17:41,985 - root - INFO - In train()-> Train Ep. #11 loss: 0.552, accuracy: 80.08, lr: 0.001, sparsity: 0.100, network_width_mpl: 1.0
2024-11-14 01:17:42,112 - root - INFO - In validate()-> Val Ep. #11 loss: 0.704, accuracy: 75.40, sparsity: 0.100, task1 ratio: 0.900, zero ratio: 0.100, mpl: 1.0
2024-11-14 01:17:42,434 - root - INFO - In train()-> Train Ep. #12 loss: 0.540, accuracy: 80.32, lr: 0.001, sparsity: 0.100, network_width_mpl: 1.0
2024-11-14 01:17:42,554 - root - INFO - In validate()-> Val Ep. #12 loss: 0.694, accuracy: 76.40, sparsity: 0.100, task1 ratio: 0.900, zero ratio: 0.100, mpl: 1.0
2024-11-14 01:17:42,885 - root - INFO - In train()-> Train Ep. #13 loss: 0.554, accuracy: 79.20, lr: 0.001, sparsity: 0.100, network_width_mpl: 1.0
2024-11-14 01:17:43,023 - root - INFO - In validate()-> Val Ep. #13 loss: 0.695, accuracy: 76.00, sparsity: 0.100, task1 ratio: 0.900, zero ratio: 0.100, mpl: 1.0
2024-11-14 01:17:43,336 - root - INFO - In train()-> Train Ep. #14 loss: 0.542, accuracy: 80.44, lr: 0.001, sparsity: 0.100, network_width_mpl: 1.0
2024-11-14 01:17:43,445 - root - INFO - In validate()-> Val Ep. #14 loss: 0.705, accuracy: 75.00, sparsity: 0.100, task1 ratio: 0.900, zero ratio: 0.100, mpl: 1.0
2024-11-14 01:17:43,769 - root - INFO - In train()-> Train Ep. #15 loss: 0.543, accuracy: 80.08, lr: 0.001, sparsity: 0.100, network_width_mpl: 1.0
2024-11-14 01:17:43,877 - root - INFO - In validate()-> Val Ep. #15 loss: 0.690, accuracy: 76.00, sparsity: 0.100, task1 ratio: 0.900, zero ratio: 0.100, mpl: 1.0
2024-11-14 01:17:44,173 - root - INFO - In train()-> Train Ep. #16 loss: 0.552, accuracy: 79.56, lr: 0.001, sparsity: 0.100, network_width_mpl: 1.0
2024-11-14 01:17:44,287 - root - INFO - In validate()-> Val Ep. #16 loss: 0.692, accuracy: 75.60, sparsity: 0.100, task1 ratio: 0.900, zero ratio: 0.100, mpl: 1.0
2024-11-14 01:17:44,592 - root - INFO - In train()-> Train Ep. #17 loss: 0.530, accuracy: 80.68, lr: 0.001, sparsity: 0.100, network_width_mpl: 1.0
2024-11-14 01:17:44,717 - root - INFO - In validate()-> Val Ep. #17 loss: 0.683, accuracy: 75.60, sparsity: 0.100, task1 ratio: 0.900, zero ratio: 0.100, mpl: 1.0
2024-11-14 01:17:45,048 - root - INFO - In train()-> Train Ep. #18 loss: 0.525, accuracy: 80.64, lr: 0.001, sparsity: 0.100, network_width_mpl: 1.0
2024-11-14 01:17:45,159 - root - INFO - In validate()-> Val Ep. #18 loss: 0.713, accuracy: 75.20, sparsity: 0.100, task1 ratio: 0.900, zero ratio: 0.100, mpl: 1.0
2024-11-14 01:17:45,461 - root - INFO - In train()-> Train Ep. #19 loss: 0.537, accuracy: 80.44, lr: 0.001, sparsity: 0.100, network_width_mpl: 1.0
2024-11-14 01:17:45,580 - root - INFO - In validate()-> Val Ep. #19 loss: 0.692, accuracy: 76.80, sparsity: 0.100, task1 ratio: 0.900, zero ratio: 0.100, mpl: 1.0
2024-11-14 01:17:45,901 - root - INFO - In train()-> Train Ep. #20 loss: 0.541, accuracy: 80.16, lr: 0.001, sparsity: 0.100, network_width_mpl: 1.0
2024-11-14 01:17:46,012 - root - INFO - In validate()-> Val Ep. #20 loss: 0.680, accuracy: 76.00, sparsity: 0.100, task1 ratio: 0.900, zero ratio: 0.100, mpl: 1.0
2024-11-14 01:17:46,014 - root - INFO - ----------------
2024-11-14 01:17:48,368 - root - INFO - 
2024-11-14 01:17:48,368 - root - INFO - Before pruning: 
2024-11-14 01:17:48,368 - root - INFO - Sparsity range: 0.1 -> 0.2
2024-11-14 01:17:48,646 - root - INFO - In validate()-> Val Ep. #0 loss: 0.680, accuracy: 76.00, sparsity: 0.100, task1 ratio: 0.900, zero ratio: 0.100, mpl: 1.0
2024-11-14 01:17:48,646 - root - INFO - 
2024-11-14 01:17:49,014 - root - INFO - In train()-> Train Ep. #1 loss: 0.516, accuracy: 81.20, lr: 0.001, sparsity: 0.153, network_width_mpl: 1.0
2024-11-14 01:17:49,137 - root - INFO - In validate()-> Val Ep. #1 loss: 0.695, accuracy: 76.20, sparsity: 0.153, task1 ratio: 0.847, zero ratio: 0.153, mpl: 1.0
2024-11-14 01:17:49,447 - root - INFO - In train()-> Train Ep. #2 loss: 0.512, accuracy: 81.28, lr: 0.001, sparsity: 0.186, network_width_mpl: 1.0
2024-11-14 01:17:49,576 - root - INFO - In validate()-> Val Ep. #2 loss: 0.733, accuracy: 75.40, sparsity: 0.186, task1 ratio: 0.814, zero ratio: 0.186, mpl: 1.0
2024-11-14 01:17:49,917 - root - INFO - In train()-> Train Ep. #3 loss: 0.527, accuracy: 80.96, lr: 0.001, sparsity: 0.198, network_width_mpl: 1.0
2024-11-14 01:17:50,039 - root - INFO - In validate()-> Val Ep. #3 loss: 0.718, accuracy: 74.60, sparsity: 0.198, task1 ratio: 0.802, zero ratio: 0.198, mpl: 1.0
2024-11-14 01:17:50,331 - root - INFO - In train()-> Train Ep. #4 loss: 0.520, accuracy: 81.40, lr: 0.001, sparsity: 0.200, network_width_mpl: 1.0
2024-11-14 01:17:50,438 - root - INFO - In validate()-> Val Ep. #4 loss: 0.685, accuracy: 76.00, sparsity: 0.200, task1 ratio: 0.800, zero ratio: 0.200, mpl: 1.0
2024-11-14 01:17:50,770 - root - INFO - In train()-> Train Ep. #5 loss: 0.513, accuracy: 81.08, lr: 0.001, sparsity: 0.200, network_width_mpl: 1.0
2024-11-14 01:17:50,878 - root - INFO - In validate()-> Val Ep. #5 loss: 0.715, accuracy: 75.80, sparsity: 0.200, task1 ratio: 0.800, zero ratio: 0.200, mpl: 1.0
2024-11-14 01:17:51,191 - root - INFO - In train()-> Train Ep. #6 loss: 0.515, accuracy: 81.40, lr: 0.001, sparsity: 0.200, network_width_mpl: 1.0
2024-11-14 01:17:51,303 - root - INFO - In validate()-> Val Ep. #6 loss: 0.715, accuracy: 75.40, sparsity: 0.200, task1 ratio: 0.800, zero ratio: 0.200, mpl: 1.0
2024-11-14 01:17:51,613 - root - INFO - In train()-> Train Ep. #7 loss: 0.518, accuracy: 80.88, lr: 0.001, sparsity: 0.200, network_width_mpl: 1.0
2024-11-14 01:17:51,740 - root - INFO - In validate()-> Val Ep. #7 loss: 0.699, accuracy: 76.60, sparsity: 0.200, task1 ratio: 0.800, zero ratio: 0.200, mpl: 1.0
2024-11-14 01:17:52,076 - root - INFO - In train()-> Train Ep. #8 loss: 0.516, accuracy: 82.08, lr: 0.001, sparsity: 0.200, network_width_mpl: 1.0
2024-11-14 01:17:52,197 - root - INFO - In validate()-> Val Ep. #8 loss: 0.718, accuracy: 75.20, sparsity: 0.200, task1 ratio: 0.800, zero ratio: 0.200, mpl: 1.0
2024-11-14 01:17:52,527 - root - INFO - In train()-> Train Ep. #9 loss: 0.508, accuracy: 81.48, lr: 0.001, sparsity: 0.200, network_width_mpl: 1.0
2024-11-14 01:17:52,641 - root - INFO - In validate()-> Val Ep. #9 loss: 0.710, accuracy: 75.60, sparsity: 0.200, task1 ratio: 0.800, zero ratio: 0.200, mpl: 1.0
2024-11-14 01:17:52,961 - root - INFO - In train()-> Train Ep. #10 loss: 0.502, accuracy: 81.48, lr: 0.001, sparsity: 0.200, network_width_mpl: 1.0
2024-11-14 01:17:53,079 - root - INFO - In validate()-> Val Ep. #10 loss: 0.729, accuracy: 74.60, sparsity: 0.200, task1 ratio: 0.800, zero ratio: 0.200, mpl: 1.0
2024-11-14 01:17:53,412 - root - INFO - In train()-> Train Ep. #11 loss: 0.517, accuracy: 81.28, lr: 0.001, sparsity: 0.200, network_width_mpl: 1.0
2024-11-14 01:17:53,522 - root - INFO - In validate()-> Val Ep. #11 loss: 0.709, accuracy: 76.20, sparsity: 0.200, task1 ratio: 0.800, zero ratio: 0.200, mpl: 1.0
2024-11-14 01:17:53,841 - root - INFO - In train()-> Train Ep. #12 loss: 0.508, accuracy: 81.20, lr: 0.001, sparsity: 0.200, network_width_mpl: 1.0
2024-11-14 01:17:53,959 - root - INFO - In validate()-> Val Ep. #12 loss: 0.702, accuracy: 75.40, sparsity: 0.200, task1 ratio: 0.800, zero ratio: 0.200, mpl: 1.0
2024-11-14 01:17:54,264 - root - INFO - In train()-> Train Ep. #13 loss: 0.522, accuracy: 80.92, lr: 0.001, sparsity: 0.200, network_width_mpl: 1.0
2024-11-14 01:17:54,386 - root - INFO - In validate()-> Val Ep. #13 loss: 0.706, accuracy: 77.00, sparsity: 0.200, task1 ratio: 0.800, zero ratio: 0.200, mpl: 1.0
2024-11-14 01:17:54,695 - root - INFO - In train()-> Train Ep. #14 loss: 0.512, accuracy: 81.76, lr: 0.001, sparsity: 0.200, network_width_mpl: 1.0
2024-11-14 01:17:54,808 - root - INFO - In validate()-> Val Ep. #14 loss: 0.713, accuracy: 74.80, sparsity: 0.200, task1 ratio: 0.800, zero ratio: 0.200, mpl: 1.0
2024-11-14 01:17:55,128 - root - INFO - In train()-> Train Ep. #15 loss: 0.510, accuracy: 81.96, lr: 0.001, sparsity: 0.200, network_width_mpl: 1.0
2024-11-14 01:17:55,251 - root - INFO - In validate()-> Val Ep. #15 loss: 0.699, accuracy: 76.60, sparsity: 0.200, task1 ratio: 0.800, zero ratio: 0.200, mpl: 1.0
2024-11-14 01:17:55,573 - root - INFO - In train()-> Train Ep. #16 loss: 0.520, accuracy: 80.88, lr: 0.001, sparsity: 0.200, network_width_mpl: 1.0
2024-11-14 01:17:55,688 - root - INFO - In validate()-> Val Ep. #16 loss: 0.701, accuracy: 76.00, sparsity: 0.200, task1 ratio: 0.800, zero ratio: 0.200, mpl: 1.0
2024-11-14 01:17:56,046 - root - INFO - In train()-> Train Ep. #17 loss: 0.501, accuracy: 81.92, lr: 0.001, sparsity: 0.200, network_width_mpl: 1.0
2024-11-14 01:17:56,167 - root - INFO - In validate()-> Val Ep. #17 loss: 0.687, accuracy: 75.40, sparsity: 0.200, task1 ratio: 0.800, zero ratio: 0.200, mpl: 1.0
2024-11-14 01:17:56,480 - root - INFO - In train()-> Train Ep. #18 loss: 0.494, accuracy: 82.20, lr: 0.001, sparsity: 0.200, network_width_mpl: 1.0
2024-11-14 01:17:56,594 - root - INFO - In validate()-> Val Ep. #18 loss: 0.726, accuracy: 75.80, sparsity: 0.200, task1 ratio: 0.800, zero ratio: 0.200, mpl: 1.0
2024-11-14 01:17:56,914 - root - INFO - In train()-> Train Ep. #19 loss: 0.504, accuracy: 81.68, lr: 0.001, sparsity: 0.200, network_width_mpl: 1.0
2024-11-14 01:17:57,028 - root - INFO - In validate()-> Val Ep. #19 loss: 0.702, accuracy: 76.40, sparsity: 0.200, task1 ratio: 0.800, zero ratio: 0.200, mpl: 1.0
2024-11-14 01:17:57,357 - root - INFO - In train()-> Train Ep. #20 loss: 0.511, accuracy: 81.28, lr: 0.001, sparsity: 0.200, network_width_mpl: 1.0
2024-11-14 01:17:57,485 - root - INFO - In validate()-> Val Ep. #20 loss: 0.686, accuracy: 75.80, sparsity: 0.200, task1 ratio: 0.800, zero ratio: 0.200, mpl: 1.0
2024-11-14 01:17:57,487 - root - INFO - ----------------
2024-11-14 01:17:59,775 - root - INFO - 
2024-11-14 01:17:59,775 - root - INFO - Before pruning: 
2024-11-14 01:17:59,775 - root - INFO - Sparsity range: 0.2 -> 0.3
2024-11-14 01:18:00,046 - root - INFO - In validate()-> Val Ep. #0 loss: 0.686, accuracy: 75.80, sparsity: 0.200, task1 ratio: 0.800, zero ratio: 0.200, mpl: 1.0
2024-11-14 01:18:00,046 - root - INFO - 
2024-11-14 01:18:00,438 - root - INFO - In train()-> Train Ep. #1 loss: 0.487, accuracy: 82.20, lr: 0.001, sparsity: 0.253, network_width_mpl: 1.0
2024-11-14 01:18:00,552 - root - INFO - In validate()-> Val Ep. #1 loss: 0.704, accuracy: 75.00, sparsity: 0.253, task1 ratio: 0.747, zero ratio: 0.253, mpl: 1.0
2024-11-14 01:18:00,862 - root - INFO - In train()-> Train Ep. #2 loss: 0.481, accuracy: 82.48, lr: 0.001, sparsity: 0.285, network_width_mpl: 1.0
2024-11-14 01:18:00,980 - root - INFO - In validate()-> Val Ep. #2 loss: 0.769, accuracy: 72.80, sparsity: 0.285, task1 ratio: 0.715, zero ratio: 0.285, mpl: 1.0
2024-11-14 01:18:01,311 - root - INFO - In train()-> Train Ep. #3 loss: 0.505, accuracy: 81.28, lr: 0.001, sparsity: 0.298, network_width_mpl: 1.0
2024-11-14 01:18:01,425 - root - INFO - In validate()-> Val Ep. #3 loss: 0.757, accuracy: 74.40, sparsity: 0.298, task1 ratio: 0.702, zero ratio: 0.298, mpl: 1.0
2024-11-14 01:18:01,797 - root - INFO - In train()-> Train Ep. #4 loss: 0.498, accuracy: 81.88, lr: 0.001, sparsity: 0.301, network_width_mpl: 1.0
2024-11-14 01:18:01,915 - root - INFO - In validate()-> Val Ep. #4 loss: 0.696, accuracy: 76.20, sparsity: 0.301, task1 ratio: 0.699, zero ratio: 0.301, mpl: 1.0
2024-11-14 01:18:02,215 - root - INFO - In train()-> Train Ep. #5 loss: 0.489, accuracy: 82.12, lr: 0.001, sparsity: 0.301, network_width_mpl: 1.0
2024-11-14 01:18:02,333 - root - INFO - In validate()-> Val Ep. #5 loss: 0.727, accuracy: 76.20, sparsity: 0.301, task1 ratio: 0.699, zero ratio: 0.301, mpl: 1.0
2024-11-14 01:18:02,650 - root - INFO - In train()-> Train Ep. #6 loss: 0.488, accuracy: 82.08, lr: 0.001, sparsity: 0.301, network_width_mpl: 1.0
2024-11-14 01:18:02,760 - root - INFO - In validate()-> Val Ep. #6 loss: 0.728, accuracy: 75.40, sparsity: 0.301, task1 ratio: 0.699, zero ratio: 0.301, mpl: 1.0
2024-11-14 01:18:03,073 - root - INFO - In train()-> Train Ep. #7 loss: 0.492, accuracy: 82.24, lr: 0.001, sparsity: 0.301, network_width_mpl: 1.0
2024-11-14 01:18:03,182 - root - INFO - In validate()-> Val Ep. #7 loss: 0.705, accuracy: 77.00, sparsity: 0.301, task1 ratio: 0.699, zero ratio: 0.301, mpl: 1.0
2024-11-14 01:18:03,530 - root - INFO - In train()-> Train Ep. #8 loss: 0.489, accuracy: 82.60, lr: 0.001, sparsity: 0.301, network_width_mpl: 1.0
2024-11-14 01:18:03,658 - root - INFO - In validate()-> Val Ep. #8 loss: 0.726, accuracy: 76.00, sparsity: 0.301, task1 ratio: 0.699, zero ratio: 0.301, mpl: 1.0
2024-11-14 01:18:03,975 - root - INFO - In train()-> Train Ep. #9 loss: 0.477, accuracy: 82.64, lr: 0.001, sparsity: 0.301, network_width_mpl: 1.0
2024-11-14 01:18:04,086 - root - INFO - In validate()-> Val Ep. #9 loss: 0.722, accuracy: 75.60, sparsity: 0.301, task1 ratio: 0.699, zero ratio: 0.301, mpl: 1.0
2024-11-14 01:18:04,400 - root - INFO - In train()-> Train Ep. #10 loss: 0.476, accuracy: 82.48, lr: 0.001, sparsity: 0.301, network_width_mpl: 1.0
2024-11-14 01:18:04,516 - root - INFO - In validate()-> Val Ep. #10 loss: 0.745, accuracy: 74.60, sparsity: 0.301, task1 ratio: 0.699, zero ratio: 0.301, mpl: 1.0
2024-11-14 01:18:04,852 - root - INFO - In train()-> Train Ep. #11 loss: 0.486, accuracy: 83.04, lr: 0.001, sparsity: 0.301, network_width_mpl: 1.0
2024-11-14 01:18:04,972 - root - INFO - In validate()-> Val Ep. #11 loss: 0.718, accuracy: 76.40, sparsity: 0.301, task1 ratio: 0.699, zero ratio: 0.301, mpl: 1.0
2024-11-14 01:18:05,282 - root - INFO - In train()-> Train Ep. #12 loss: 0.480, accuracy: 82.52, lr: 0.001, sparsity: 0.301, network_width_mpl: 1.0
2024-11-14 01:18:05,390 - root - INFO - In validate()-> Val Ep. #12 loss: 0.711, accuracy: 75.20, sparsity: 0.301, task1 ratio: 0.699, zero ratio: 0.301, mpl: 1.0
2024-11-14 01:18:05,740 - root - INFO - In train()-> Train Ep. #13 loss: 0.492, accuracy: 82.04, lr: 0.001, sparsity: 0.301, network_width_mpl: 1.0
2024-11-14 01:18:05,862 - root - INFO - In validate()-> Val Ep. #13 loss: 0.713, accuracy: 76.00, sparsity: 0.301, task1 ratio: 0.699, zero ratio: 0.301, mpl: 1.0
2024-11-14 01:18:06,180 - root - INFO - In train()-> Train Ep. #14 loss: 0.487, accuracy: 82.32, lr: 0.001, sparsity: 0.301, network_width_mpl: 1.0
2024-11-14 01:18:06,293 - root - INFO - In validate()-> Val Ep. #14 loss: 0.722, accuracy: 76.40, sparsity: 0.301, task1 ratio: 0.699, zero ratio: 0.301, mpl: 1.0
2024-11-14 01:18:06,618 - root - INFO - In train()-> Train Ep. #15 loss: 0.482, accuracy: 83.12, lr: 0.001, sparsity: 0.301, network_width_mpl: 1.0
2024-11-14 01:18:06,745 - root - INFO - In validate()-> Val Ep. #15 loss: 0.706, accuracy: 76.20, sparsity: 0.301, task1 ratio: 0.699, zero ratio: 0.301, mpl: 1.0
2024-11-14 01:18:07,054 - root - INFO - In train()-> Train Ep. #16 loss: 0.493, accuracy: 82.04, lr: 0.001, sparsity: 0.301, network_width_mpl: 1.0
2024-11-14 01:18:07,165 - root - INFO - In validate()-> Val Ep. #16 loss: 0.708, accuracy: 75.60, sparsity: 0.301, task1 ratio: 0.699, zero ratio: 0.301, mpl: 1.0
2024-11-14 01:18:07,503 - root - INFO - In train()-> Train Ep. #17 loss: 0.476, accuracy: 82.96, lr: 0.001, sparsity: 0.301, network_width_mpl: 1.0
2024-11-14 01:18:07,627 - root - INFO - In validate()-> Val Ep. #17 loss: 0.695, accuracy: 76.80, sparsity: 0.301, task1 ratio: 0.699, zero ratio: 0.301, mpl: 1.0
2024-11-14 01:18:07,937 - root - INFO - In train()-> Train Ep. #18 loss: 0.468, accuracy: 82.92, lr: 0.001, sparsity: 0.301, network_width_mpl: 1.0
2024-11-14 01:18:08,048 - root - INFO - In validate()-> Val Ep. #18 loss: 0.735, accuracy: 77.00, sparsity: 0.301, task1 ratio: 0.699, zero ratio: 0.301, mpl: 1.0
2024-11-14 01:18:08,414 - root - INFO - In train()-> Train Ep. #19 loss: 0.474, accuracy: 82.84, lr: 0.001, sparsity: 0.301, network_width_mpl: 1.0
2024-11-14 01:18:08,529 - root - INFO - In validate()-> Val Ep. #19 loss: 0.713, accuracy: 75.80, sparsity: 0.301, task1 ratio: 0.699, zero ratio: 0.301, mpl: 1.0
2024-11-14 01:18:08,864 - root - INFO - In train()-> Train Ep. #20 loss: 0.484, accuracy: 82.20, lr: 0.001, sparsity: 0.301, network_width_mpl: 1.0
2024-11-14 01:18:08,973 - root - INFO - In validate()-> Val Ep. #20 loss: 0.693, accuracy: 75.40, sparsity: 0.301, task1 ratio: 0.699, zero ratio: 0.301, mpl: 1.0
2024-11-14 01:18:08,975 - root - INFO - ----------------
2024-11-14 01:18:11,354 - root - INFO - 
2024-11-14 01:18:11,354 - root - INFO - Before pruning: 
2024-11-14 01:18:11,355 - root - INFO - Sparsity range: 0.3 -> 0.4
2024-11-14 01:18:11,635 - root - INFO - In validate()-> Val Ep. #0 loss: 0.693, accuracy: 75.40, sparsity: 0.301, task1 ratio: 0.699, zero ratio: 0.301, mpl: 1.0
2024-11-14 01:18:11,635 - root - INFO - 
2024-11-14 01:18:12,023 - root - INFO - In train()-> Train Ep. #1 loss: 0.460, accuracy: 83.48, lr: 0.001, sparsity: 0.353, network_width_mpl: 1.0
2024-11-14 01:18:12,141 - root - INFO - In validate()-> Val Ep. #1 loss: 0.859, accuracy: 71.60, sparsity: 0.353, task1 ratio: 0.647, zero ratio: 0.353, mpl: 1.0
2024-11-14 01:18:12,472 - root - INFO - In train()-> Train Ep. #2 loss: 0.471, accuracy: 82.92, lr: 0.001, sparsity: 0.386, network_width_mpl: 1.0
2024-11-14 01:18:12,578 - root - INFO - In validate()-> Val Ep. #2 loss: 0.784, accuracy: 74.40, sparsity: 0.386, task1 ratio: 0.614, zero ratio: 0.386, mpl: 1.0
2024-11-14 01:18:12,896 - root - INFO - In train()-> Train Ep. #3 loss: 0.493, accuracy: 82.28, lr: 0.001, sparsity: 0.398, network_width_mpl: 1.0
2024-11-14 01:18:13,016 - root - INFO - In validate()-> Val Ep. #3 loss: 0.738, accuracy: 76.60, sparsity: 0.398, task1 ratio: 0.602, zero ratio: 0.398, mpl: 1.0
2024-11-14 01:18:13,360 - root - INFO - In train()-> Train Ep. #4 loss: 0.477, accuracy: 83.16, lr: 0.001, sparsity: 0.401, network_width_mpl: 1.0
2024-11-14 01:18:13,470 - root - INFO - In validate()-> Val Ep. #4 loss: 0.701, accuracy: 76.80, sparsity: 0.401, task1 ratio: 0.599, zero ratio: 0.401, mpl: 1.0
2024-11-14 01:18:13,829 - root - INFO - In train()-> Train Ep. #5 loss: 0.465, accuracy: 83.00, lr: 0.001, sparsity: 0.401, network_width_mpl: 1.0
2024-11-14 01:18:13,947 - root - INFO - In validate()-> Val Ep. #5 loss: 0.732, accuracy: 75.40, sparsity: 0.401, task1 ratio: 0.599, zero ratio: 0.401, mpl: 1.0
2024-11-14 01:18:14,265 - root - INFO - In train()-> Train Ep. #6 loss: 0.465, accuracy: 83.16, lr: 0.001, sparsity: 0.401, network_width_mpl: 1.0
2024-11-14 01:18:14,377 - root - INFO - In validate()-> Val Ep. #6 loss: 0.729, accuracy: 75.20, sparsity: 0.401, task1 ratio: 0.599, zero ratio: 0.401, mpl: 1.0
2024-11-14 01:18:14,743 - root - INFO - In train()-> Train Ep. #7 loss: 0.465, accuracy: 82.88, lr: 0.001, sparsity: 0.401, network_width_mpl: 1.0
2024-11-14 01:18:14,871 - root - INFO - In validate()-> Val Ep. #7 loss: 0.716, accuracy: 76.60, sparsity: 0.401, task1 ratio: 0.599, zero ratio: 0.401, mpl: 1.0
2024-11-14 01:18:15,195 - root - INFO - In train()-> Train Ep. #8 loss: 0.468, accuracy: 83.76, lr: 0.001, sparsity: 0.401, network_width_mpl: 1.0
2024-11-14 01:18:15,320 - root - INFO - In validate()-> Val Ep. #8 loss: 0.739, accuracy: 75.60, sparsity: 0.401, task1 ratio: 0.599, zero ratio: 0.401, mpl: 1.0
2024-11-14 01:18:15,628 - root - INFO - In train()-> Train Ep. #9 loss: 0.452, accuracy: 83.08, lr: 0.001, sparsity: 0.401, network_width_mpl: 1.0
2024-11-14 01:18:15,741 - root - INFO - In validate()-> Val Ep. #9 loss: 0.730, accuracy: 75.20, sparsity: 0.401, task1 ratio: 0.599, zero ratio: 0.401, mpl: 1.0
2024-11-14 01:18:16,071 - root - INFO - In train()-> Train Ep. #10 loss: 0.454, accuracy: 83.40, lr: 0.001, sparsity: 0.401, network_width_mpl: 1.0
2024-11-14 01:18:16,191 - root - INFO - In validate()-> Val Ep. #10 loss: 0.748, accuracy: 75.00, sparsity: 0.401, task1 ratio: 0.599, zero ratio: 0.401, mpl: 1.0
2024-11-14 01:18:16,492 - root - INFO - In train()-> Train Ep. #11 loss: 0.460, accuracy: 83.68, lr: 0.001, sparsity: 0.401, network_width_mpl: 1.0
2024-11-14 01:18:16,604 - root - INFO - In validate()-> Val Ep. #11 loss: 0.722, accuracy: 76.20, sparsity: 0.401, task1 ratio: 0.599, zero ratio: 0.401, mpl: 1.0
2024-11-14 01:18:16,907 - root - INFO - In train()-> Train Ep. #12 loss: 0.456, accuracy: 83.00, lr: 0.001, sparsity: 0.401, network_width_mpl: 1.0
2024-11-14 01:18:17,018 - root - INFO - In validate()-> Val Ep. #12 loss: 0.715, accuracy: 75.20, sparsity: 0.401, task1 ratio: 0.599, zero ratio: 0.401, mpl: 1.0
2024-11-14 01:18:17,343 - root - INFO - In train()-> Train Ep. #13 loss: 0.466, accuracy: 83.60, lr: 0.001, sparsity: 0.401, network_width_mpl: 1.0
2024-11-14 01:18:17,474 - root - INFO - In validate()-> Val Ep. #13 loss: 0.723, accuracy: 76.80, sparsity: 0.401, task1 ratio: 0.599, zero ratio: 0.401, mpl: 1.0
2024-11-14 01:18:17,767 - root - INFO - In train()-> Train Ep. #14 loss: 0.463, accuracy: 83.72, lr: 0.001, sparsity: 0.401, network_width_mpl: 1.0
2024-11-14 01:18:17,908 - root - INFO - In validate()-> Val Ep. #14 loss: 0.729, accuracy: 75.40, sparsity: 0.401, task1 ratio: 0.599, zero ratio: 0.401, mpl: 1.0
2024-11-14 01:18:18,253 - root - INFO - In train()-> Train Ep. #15 loss: 0.458, accuracy: 84.40, lr: 0.001, sparsity: 0.401, network_width_mpl: 1.0
2024-11-14 01:18:18,364 - root - INFO - In validate()-> Val Ep. #15 loss: 0.715, accuracy: 76.20, sparsity: 0.401, task1 ratio: 0.599, zero ratio: 0.401, mpl: 1.0
2024-11-14 01:18:18,722 - root - INFO - In train()-> Train Ep. #16 loss: 0.466, accuracy: 83.04, lr: 0.001, sparsity: 0.401, network_width_mpl: 1.0
2024-11-14 01:18:18,834 - root - INFO - In validate()-> Val Ep. #16 loss: 0.714, accuracy: 75.60, sparsity: 0.401, task1 ratio: 0.599, zero ratio: 0.401, mpl: 1.0
2024-11-14 01:18:19,182 - root - INFO - In train()-> Train Ep. #17 loss: 0.451, accuracy: 83.88, lr: 0.001, sparsity: 0.401, network_width_mpl: 1.0
2024-11-14 01:18:19,312 - root - INFO - In validate()-> Val Ep. #17 loss: 0.706, accuracy: 77.40, sparsity: 0.401, task1 ratio: 0.599, zero ratio: 0.401, mpl: 1.0
2024-11-14 01:18:19,626 - root - INFO - In train()-> Train Ep. #18 loss: 0.445, accuracy: 84.04, lr: 0.001, sparsity: 0.401, network_width_mpl: 1.0
2024-11-14 01:18:19,750 - root - INFO - In validate()-> Val Ep. #18 loss: 0.745, accuracy: 76.40, sparsity: 0.401, task1 ratio: 0.599, zero ratio: 0.401, mpl: 1.0
2024-11-14 01:18:20,067 - root - INFO - In train()-> Train Ep. #19 loss: 0.447, accuracy: 83.72, lr: 0.001, sparsity: 0.401, network_width_mpl: 1.0
2024-11-14 01:18:20,180 - root - INFO - In validate()-> Val Ep. #19 loss: 0.724, accuracy: 75.60, sparsity: 0.401, task1 ratio: 0.599, zero ratio: 0.401, mpl: 1.0
2024-11-14 01:18:20,516 - root - INFO - In train()-> Train Ep. #20 loss: 0.460, accuracy: 83.08, lr: 0.001, sparsity: 0.401, network_width_mpl: 1.0
2024-11-14 01:18:20,624 - root - INFO - In validate()-> Val Ep. #20 loss: 0.708, accuracy: 76.20, sparsity: 0.401, task1 ratio: 0.599, zero ratio: 0.401, mpl: 1.0
2024-11-14 01:18:20,626 - root - INFO - ----------------
2024-11-14 01:18:22,919 - root - INFO - 
2024-11-14 01:18:22,919 - root - INFO - Before pruning: 
2024-11-14 01:18:22,919 - root - INFO - Sparsity range: 0.4 -> 0.5
2024-11-14 01:18:23,188 - root - INFO - In validate()-> Val Ep. #0 loss: 0.708, accuracy: 76.20, sparsity: 0.401, task1 ratio: 0.599, zero ratio: 0.401, mpl: 1.0
2024-11-14 01:18:23,189 - root - INFO - 
2024-11-14 01:18:23,559 - root - INFO - In train()-> Train Ep. #1 loss: 0.434, accuracy: 84.24, lr: 0.001, sparsity: 0.453, network_width_mpl: 1.0
2024-11-14 01:18:23,677 - root - INFO - In validate()-> Val Ep. #1 loss: 0.814, accuracy: 73.20, sparsity: 0.453, task1 ratio: 0.547, zero ratio: 0.453, mpl: 1.0
2024-11-14 01:18:24,005 - root - INFO - In train()-> Train Ep. #2 loss: 0.444, accuracy: 83.52, lr: 0.001, sparsity: 0.486, network_width_mpl: 1.0
2024-11-14 01:18:24,111 - root - INFO - In validate()-> Val Ep. #2 loss: 1.072, accuracy: 65.40, sparsity: 0.486, task1 ratio: 0.514, zero ratio: 0.486, mpl: 1.0
2024-11-14 01:18:24,421 - root - INFO - In train()-> Train Ep. #3 loss: 0.489, accuracy: 82.04, lr: 0.001, sparsity: 0.498, network_width_mpl: 1.0
2024-11-14 01:18:24,541 - root - INFO - In validate()-> Val Ep. #3 loss: 0.772, accuracy: 75.00, sparsity: 0.498, task1 ratio: 0.502, zero ratio: 0.498, mpl: 1.0
2024-11-14 01:18:24,849 - root - INFO - In train()-> Train Ep. #4 loss: 0.464, accuracy: 83.04, lr: 0.001, sparsity: 0.500, network_width_mpl: 1.0
2024-11-14 01:18:24,959 - root - INFO - In validate()-> Val Ep. #4 loss: 0.738, accuracy: 75.20, sparsity: 0.500, task1 ratio: 0.500, zero ratio: 0.500, mpl: 1.0
2024-11-14 01:18:25,270 - root - INFO - In train()-> Train Ep. #5 loss: 0.449, accuracy: 83.64, lr: 0.001, sparsity: 0.500, network_width_mpl: 1.0
2024-11-14 01:18:25,378 - root - INFO - In validate()-> Val Ep. #5 loss: 0.754, accuracy: 73.60, sparsity: 0.500, task1 ratio: 0.500, zero ratio: 0.500, mpl: 1.0
2024-11-14 01:18:25,708 - root - INFO - In train()-> Train Ep. #6 loss: 0.446, accuracy: 83.80, lr: 0.001, sparsity: 0.500, network_width_mpl: 1.0
2024-11-14 01:18:25,829 - root - INFO - In validate()-> Val Ep. #6 loss: 0.751, accuracy: 74.20, sparsity: 0.500, task1 ratio: 0.500, zero ratio: 0.500, mpl: 1.0
2024-11-14 01:18:26,182 - root - INFO - In train()-> Train Ep. #7 loss: 0.445, accuracy: 83.72, lr: 0.001, sparsity: 0.500, network_width_mpl: 1.0
2024-11-14 01:18:26,291 - root - INFO - In validate()-> Val Ep. #7 loss: 0.724, accuracy: 75.20, sparsity: 0.500, task1 ratio: 0.500, zero ratio: 0.500, mpl: 1.0
2024-11-14 01:18:26,654 - root - INFO - In train()-> Train Ep. #8 loss: 0.447, accuracy: 85.40, lr: 0.001, sparsity: 0.500, network_width_mpl: 1.0
2024-11-14 01:18:26,767 - root - INFO - In validate()-> Val Ep. #8 loss: 0.748, accuracy: 73.80, sparsity: 0.500, task1 ratio: 0.500, zero ratio: 0.500, mpl: 1.0
2024-11-14 01:18:27,087 - root - INFO - In train()-> Train Ep. #9 loss: 0.431, accuracy: 84.28, lr: 0.001, sparsity: 0.500, network_width_mpl: 1.0
2024-11-14 01:18:27,195 - root - INFO - In validate()-> Val Ep. #9 loss: 0.748, accuracy: 75.60, sparsity: 0.500, task1 ratio: 0.500, zero ratio: 0.500, mpl: 1.0
2024-11-14 01:18:27,499 - root - INFO - In train()-> Train Ep. #10 loss: 0.436, accuracy: 84.24, lr: 0.001, sparsity: 0.500, network_width_mpl: 1.0
2024-11-14 01:18:27,614 - root - INFO - In validate()-> Val Ep. #10 loss: 0.759, accuracy: 75.40, sparsity: 0.500, task1 ratio: 0.500, zero ratio: 0.500, mpl: 1.0
2024-11-14 01:18:27,917 - root - INFO - In train()-> Train Ep. #11 loss: 0.438, accuracy: 83.88, lr: 0.001, sparsity: 0.500, network_width_mpl: 1.0
2024-11-14 01:18:28,029 - root - INFO - In validate()-> Val Ep. #11 loss: 0.739, accuracy: 75.40, sparsity: 0.500, task1 ratio: 0.500, zero ratio: 0.500, mpl: 1.0
2024-11-14 01:18:28,360 - root - INFO - In train()-> Train Ep. #12 loss: 0.431, accuracy: 84.96, lr: 0.001, sparsity: 0.500, network_width_mpl: 1.0
2024-11-14 01:18:28,487 - root - INFO - In validate()-> Val Ep. #12 loss: 0.733, accuracy: 75.80, sparsity: 0.500, task1 ratio: 0.500, zero ratio: 0.500, mpl: 1.0
2024-11-14 01:18:28,810 - root - INFO - In train()-> Train Ep. #13 loss: 0.446, accuracy: 83.60, lr: 0.001, sparsity: 0.500, network_width_mpl: 1.0
2024-11-14 01:18:28,949 - root - INFO - In validate()-> Val Ep. #13 loss: 0.736, accuracy: 77.20, sparsity: 0.500, task1 ratio: 0.500, zero ratio: 0.500, mpl: 1.0
2024-11-14 01:18:29,287 - root - INFO - In train()-> Train Ep. #14 loss: 0.443, accuracy: 84.16, lr: 0.001, sparsity: 0.500, network_width_mpl: 1.0
2024-11-14 01:18:29,397 - root - INFO - In validate()-> Val Ep. #14 loss: 0.743, accuracy: 75.60, sparsity: 0.500, task1 ratio: 0.500, zero ratio: 0.500, mpl: 1.0
2024-11-14 01:18:29,721 - root - INFO - In train()-> Train Ep. #15 loss: 0.436, accuracy: 85.36, lr: 0.001, sparsity: 0.500, network_width_mpl: 1.0
2024-11-14 01:18:29,846 - root - INFO - In validate()-> Val Ep. #15 loss: 0.729, accuracy: 76.60, sparsity: 0.500, task1 ratio: 0.500, zero ratio: 0.500, mpl: 1.0
2024-11-14 01:18:30,166 - root - INFO - In train()-> Train Ep. #16 loss: 0.446, accuracy: 83.64, lr: 0.001, sparsity: 0.500, network_width_mpl: 1.0
2024-11-14 01:18:30,297 - root - INFO - In validate()-> Val Ep. #16 loss: 0.726, accuracy: 75.60, sparsity: 0.500, task1 ratio: 0.500, zero ratio: 0.500, mpl: 1.0
2024-11-14 01:18:30,650 - root - INFO - In train()-> Train Ep. #17 loss: 0.435, accuracy: 84.44, lr: 0.001, sparsity: 0.500, network_width_mpl: 1.0
2024-11-14 01:18:30,759 - root - INFO - In validate()-> Val Ep. #17 loss: 0.712, accuracy: 76.40, sparsity: 0.500, task1 ratio: 0.500, zero ratio: 0.500, mpl: 1.0
2024-11-14 01:18:31,105 - root - INFO - In train()-> Train Ep. #18 loss: 0.429, accuracy: 84.60, lr: 0.001, sparsity: 0.500, network_width_mpl: 1.0
2024-11-14 01:18:31,221 - root - INFO - In validate()-> Val Ep. #18 loss: 0.751, accuracy: 76.40, sparsity: 0.500, task1 ratio: 0.500, zero ratio: 0.500, mpl: 1.0
2024-11-14 01:18:31,574 - root - INFO - In train()-> Train Ep. #19 loss: 0.426, accuracy: 84.36, lr: 0.001, sparsity: 0.500, network_width_mpl: 1.0
2024-11-14 01:18:31,704 - root - INFO - In validate()-> Val Ep. #19 loss: 0.740, accuracy: 75.40, sparsity: 0.500, task1 ratio: 0.500, zero ratio: 0.500, mpl: 1.0
2024-11-14 01:18:32,037 - root - INFO - In train()-> Train Ep. #20 loss: 0.440, accuracy: 83.96, lr: 0.001, sparsity: 0.500, network_width_mpl: 1.0
2024-11-14 01:18:32,146 - root - INFO - In validate()-> Val Ep. #20 loss: 0.717, accuracy: 75.80, sparsity: 0.500, task1 ratio: 0.500, zero ratio: 0.500, mpl: 1.0
2024-11-14 01:18:32,148 - root - INFO - ----------------
2024-11-14 01:18:34,501 - root - INFO - 
2024-11-14 01:18:34,501 - root - INFO - Before pruning: 
2024-11-14 01:18:34,501 - root - INFO - Sparsity range: 0.5 -> 0.6
2024-11-14 01:18:34,775 - root - INFO - In validate()-> Val Ep. #0 loss: 0.717, accuracy: 75.80, sparsity: 0.500, task1 ratio: 0.500, zero ratio: 0.500, mpl: 1.0
2024-11-14 01:18:34,775 - root - INFO - 
2024-11-14 01:18:35,139 - root - INFO - In train()-> Train Ep. #1 loss: 0.414, accuracy: 85.48, lr: 0.001, sparsity: 0.553, network_width_mpl: 1.0
2024-11-14 01:18:35,279 - root - INFO - In validate()-> Val Ep. #1 loss: 0.986, accuracy: 69.40, sparsity: 0.553, task1 ratio: 0.447, zero ratio: 0.553, mpl: 1.0
2024-11-14 01:18:35,582 - root - INFO - In train()-> Train Ep. #2 loss: 0.443, accuracy: 84.28, lr: 0.001, sparsity: 0.586, network_width_mpl: 1.0
2024-11-14 01:18:35,702 - root - INFO - In validate()-> Val Ep. #2 loss: 0.828, accuracy: 71.60, sparsity: 0.586, task1 ratio: 0.414, zero ratio: 0.586, mpl: 1.0
2024-11-14 01:18:36,007 - root - INFO - In train()-> Train Ep. #3 loss: 0.479, accuracy: 82.52, lr: 0.001, sparsity: 0.598, network_width_mpl: 1.0
2024-11-14 01:18:36,121 - root - INFO - In validate()-> Val Ep. #3 loss: 0.769, accuracy: 72.80, sparsity: 0.598, task1 ratio: 0.402, zero ratio: 0.598, mpl: 1.0
2024-11-14 01:18:36,434 - root - INFO - In train()-> Train Ep. #4 loss: 0.461, accuracy: 83.24, lr: 0.001, sparsity: 0.600, network_width_mpl: 1.0
2024-11-14 01:18:36,570 - root - INFO - In validate()-> Val Ep. #4 loss: 0.713, accuracy: 75.60, sparsity: 0.600, task1 ratio: 0.400, zero ratio: 0.600, mpl: 1.0
2024-11-14 01:18:36,897 - root - INFO - In train()-> Train Ep. #5 loss: 0.442, accuracy: 84.08, lr: 0.001, sparsity: 0.600, network_width_mpl: 1.0
2024-11-14 01:18:37,009 - root - INFO - In validate()-> Val Ep. #5 loss: 0.745, accuracy: 74.40, sparsity: 0.600, task1 ratio: 0.400, zero ratio: 0.600, mpl: 1.0
2024-11-14 01:18:37,306 - root - INFO - In train()-> Train Ep. #6 loss: 0.429, accuracy: 84.36, lr: 0.001, sparsity: 0.600, network_width_mpl: 1.0
2024-11-14 01:18:37,428 - root - INFO - In validate()-> Val Ep. #6 loss: 0.737, accuracy: 74.60, sparsity: 0.600, task1 ratio: 0.400, zero ratio: 0.600, mpl: 1.0
2024-11-14 01:18:37,765 - root - INFO - In train()-> Train Ep. #7 loss: 0.438, accuracy: 84.28, lr: 0.001, sparsity: 0.600, network_width_mpl: 1.0
2024-11-14 01:18:37,882 - root - INFO - In validate()-> Val Ep. #7 loss: 0.722, accuracy: 75.80, sparsity: 0.600, task1 ratio: 0.400, zero ratio: 0.600, mpl: 1.0
2024-11-14 01:18:38,196 - root - INFO - In train()-> Train Ep. #8 loss: 0.442, accuracy: 84.56, lr: 0.001, sparsity: 0.600, network_width_mpl: 1.0
2024-11-14 01:18:38,317 - root - INFO - In validate()-> Val Ep. #8 loss: 0.742, accuracy: 75.00, sparsity: 0.600, task1 ratio: 0.400, zero ratio: 0.600, mpl: 1.0
2024-11-14 01:18:38,637 - root - INFO - In train()-> Train Ep. #9 loss: 0.420, accuracy: 84.92, lr: 0.001, sparsity: 0.600, network_width_mpl: 1.0
2024-11-14 01:18:38,759 - root - INFO - In validate()-> Val Ep. #9 loss: 0.739, accuracy: 75.40, sparsity: 0.600, task1 ratio: 0.400, zero ratio: 0.600, mpl: 1.0
2024-11-14 01:18:39,081 - root - INFO - In train()-> Train Ep. #10 loss: 0.423, accuracy: 84.56, lr: 0.001, sparsity: 0.600, network_width_mpl: 1.0
2024-11-14 01:18:39,193 - root - INFO - In validate()-> Val Ep. #10 loss: 0.753, accuracy: 75.20, sparsity: 0.600, task1 ratio: 0.400, zero ratio: 0.600, mpl: 1.0
2024-11-14 01:18:39,527 - root - INFO - In train()-> Train Ep. #11 loss: 0.425, accuracy: 85.32, lr: 0.001, sparsity: 0.600, network_width_mpl: 1.0
2024-11-14 01:18:39,637 - root - INFO - In validate()-> Val Ep. #11 loss: 0.740, accuracy: 75.40, sparsity: 0.600, task1 ratio: 0.400, zero ratio: 0.600, mpl: 1.0
2024-11-14 01:18:39,967 - root - INFO - In train()-> Train Ep. #12 loss: 0.419, accuracy: 85.24, lr: 0.001, sparsity: 0.600, network_width_mpl: 1.0
2024-11-14 01:18:40,106 - root - INFO - In validate()-> Val Ep. #12 loss: 0.734, accuracy: 76.40, sparsity: 0.600, task1 ratio: 0.400, zero ratio: 0.600, mpl: 1.0
2024-11-14 01:18:40,420 - root - INFO - In train()-> Train Ep. #13 loss: 0.433, accuracy: 84.64, lr: 0.001, sparsity: 0.600, network_width_mpl: 1.0
2024-11-14 01:18:40,541 - root - INFO - In validate()-> Val Ep. #13 loss: 0.738, accuracy: 76.80, sparsity: 0.600, task1 ratio: 0.400, zero ratio: 0.600, mpl: 1.0
2024-11-14 01:18:40,832 - root - INFO - In train()-> Train Ep. #14 loss: 0.428, accuracy: 85.12, lr: 0.001, sparsity: 0.600, network_width_mpl: 1.0
2024-11-14 01:18:40,953 - root - INFO - In validate()-> Val Ep. #14 loss: 0.749, accuracy: 75.60, sparsity: 0.600, task1 ratio: 0.400, zero ratio: 0.600, mpl: 1.0
2024-11-14 01:18:41,256 - root - INFO - In train()-> Train Ep. #15 loss: 0.428, accuracy: 85.32, lr: 0.001, sparsity: 0.600, network_width_mpl: 1.0
2024-11-14 01:18:41,392 - root - INFO - In validate()-> Val Ep. #15 loss: 0.732, accuracy: 75.00, sparsity: 0.600, task1 ratio: 0.400, zero ratio: 0.600, mpl: 1.0
2024-11-14 01:18:41,694 - root - INFO - In train()-> Train Ep. #16 loss: 0.435, accuracy: 83.52, lr: 0.001, sparsity: 0.600, network_width_mpl: 1.0
2024-11-14 01:18:41,806 - root - INFO - In validate()-> Val Ep. #16 loss: 0.727, accuracy: 75.20, sparsity: 0.600, task1 ratio: 0.400, zero ratio: 0.600, mpl: 1.0
2024-11-14 01:18:42,121 - root - INFO - In train()-> Train Ep. #17 loss: 0.416, accuracy: 85.56, lr: 0.001, sparsity: 0.600, network_width_mpl: 1.0
2024-11-14 01:18:42,247 - root - INFO - In validate()-> Val Ep. #17 loss: 0.724, accuracy: 76.60, sparsity: 0.600, task1 ratio: 0.400, zero ratio: 0.600, mpl: 1.0
2024-11-14 01:18:42,561 - root - INFO - In train()-> Train Ep. #18 loss: 0.417, accuracy: 85.32, lr: 0.001, sparsity: 0.600, network_width_mpl: 1.0
2024-11-14 01:18:42,695 - root - INFO - In validate()-> Val Ep. #18 loss: 0.760, accuracy: 77.20, sparsity: 0.600, task1 ratio: 0.400, zero ratio: 0.600, mpl: 1.0
2024-11-14 01:18:42,995 - root - INFO - In train()-> Train Ep. #19 loss: 0.410, accuracy: 84.64, lr: 0.001, sparsity: 0.600, network_width_mpl: 1.0
2024-11-14 01:18:43,117 - root - INFO - In validate()-> Val Ep. #19 loss: 0.750, accuracy: 75.60, sparsity: 0.600, task1 ratio: 0.400, zero ratio: 0.600, mpl: 1.0
2024-11-14 01:18:43,443 - root - INFO - In train()-> Train Ep. #20 loss: 0.422, accuracy: 84.24, lr: 0.001, sparsity: 0.600, network_width_mpl: 1.0
2024-11-14 01:18:43,558 - root - INFO - In validate()-> Val Ep. #20 loss: 0.726, accuracy: 76.00, sparsity: 0.600, task1 ratio: 0.400, zero ratio: 0.600, mpl: 1.0
2024-11-14 01:18:43,560 - root - INFO - ----------------
2024-11-14 01:18:45,899 - root - INFO - 
2024-11-14 01:18:45,899 - root - INFO - Before pruning: 
2024-11-14 01:18:45,899 - root - INFO - Sparsity range: 0.6 -> 0.7
2024-11-14 01:18:46,168 - root - INFO - In validate()-> Val Ep. #0 loss: 0.726, accuracy: 76.00, sparsity: 0.600, task1 ratio: 0.400, zero ratio: 0.600, mpl: 1.0
2024-11-14 01:18:46,168 - root - INFO - 
2024-11-14 01:18:46,568 - root - INFO - In train()-> Train Ep. #1 loss: 0.397, accuracy: 85.76, lr: 0.001, sparsity: 0.653, network_width_mpl: 1.0
2024-11-14 01:18:46,682 - root - INFO - In validate()-> Val Ep. #1 loss: 1.195, accuracy: 64.00, sparsity: 0.653, task1 ratio: 0.347, zero ratio: 0.653, mpl: 1.0
2024-11-14 01:18:46,988 - root - INFO - In train()-> Train Ep. #2 loss: 0.463, accuracy: 82.68, lr: 0.001, sparsity: 0.685, network_width_mpl: 1.0
2024-11-14 01:18:47,102 - root - INFO - In validate()-> Val Ep. #2 loss: 1.054, accuracy: 68.80, sparsity: 0.685, task1 ratio: 0.315, zero ratio: 0.685, mpl: 1.0
2024-11-14 01:18:47,414 - root - INFO - In train()-> Train Ep. #3 loss: 0.561, accuracy: 79.48, lr: 0.001, sparsity: 0.698, network_width_mpl: 1.0
2024-11-14 01:18:47,524 - root - INFO - In validate()-> Val Ep. #3 loss: 1.014, accuracy: 64.40, sparsity: 0.698, task1 ratio: 0.302, zero ratio: 0.698, mpl: 1.0
2024-11-14 01:18:47,842 - root - INFO - In train()-> Train Ep. #4 loss: 0.530, accuracy: 80.00, lr: 0.001, sparsity: 0.700, network_width_mpl: 1.0
2024-11-14 01:18:47,951 - root - INFO - In validate()-> Val Ep. #4 loss: 0.757, accuracy: 74.00, sparsity: 0.700, task1 ratio: 0.300, zero ratio: 0.700, mpl: 1.0
2024-11-14 01:18:48,280 - root - INFO - In train()-> Train Ep. #5 loss: 0.479, accuracy: 83.00, lr: 0.001, sparsity: 0.700, network_width_mpl: 1.0
2024-11-14 01:18:48,393 - root - INFO - In validate()-> Val Ep. #5 loss: 0.771, accuracy: 74.60, sparsity: 0.700, task1 ratio: 0.300, zero ratio: 0.700, mpl: 1.0
2024-11-14 01:18:48,737 - root - INFO - In train()-> Train Ep. #6 loss: 0.465, accuracy: 83.60, lr: 0.001, sparsity: 0.700, network_width_mpl: 1.0
2024-11-14 01:18:48,866 - root - INFO - In validate()-> Val Ep. #6 loss: 0.777, accuracy: 76.00, sparsity: 0.700, task1 ratio: 0.300, zero ratio: 0.700, mpl: 1.0
2024-11-14 01:18:49,196 - root - INFO - In train()-> Train Ep. #7 loss: 0.456, accuracy: 83.40, lr: 0.001, sparsity: 0.700, network_width_mpl: 1.0
2024-11-14 01:18:49,318 - root - INFO - In validate()-> Val Ep. #7 loss: 0.755, accuracy: 74.40, sparsity: 0.700, task1 ratio: 0.300, zero ratio: 0.700, mpl: 1.0
2024-11-14 01:18:49,612 - root - INFO - In train()-> Train Ep. #8 loss: 0.455, accuracy: 84.12, lr: 0.001, sparsity: 0.700, network_width_mpl: 1.0
2024-11-14 01:18:49,723 - root - INFO - In validate()-> Val Ep. #8 loss: 0.762, accuracy: 74.60, sparsity: 0.700, task1 ratio: 0.300, zero ratio: 0.700, mpl: 1.0
2024-11-14 01:18:50,047 - root - INFO - In train()-> Train Ep. #9 loss: 0.451, accuracy: 83.64, lr: 0.001, sparsity: 0.700, network_width_mpl: 1.0
2024-11-14 01:18:50,157 - root - INFO - In validate()-> Val Ep. #9 loss: 0.775, accuracy: 74.60, sparsity: 0.700, task1 ratio: 0.300, zero ratio: 0.700, mpl: 1.0
2024-11-14 01:18:50,501 - root - INFO - In train()-> Train Ep. #10 loss: 0.435, accuracy: 84.48, lr: 0.001, sparsity: 0.700, network_width_mpl: 1.0
2024-11-14 01:18:50,619 - root - INFO - In validate()-> Val Ep. #10 loss: 0.778, accuracy: 74.80, sparsity: 0.700, task1 ratio: 0.300, zero ratio: 0.700, mpl: 1.0
2024-11-14 01:18:50,969 - root - INFO - In train()-> Train Ep. #11 loss: 0.445, accuracy: 84.44, lr: 0.001, sparsity: 0.700, network_width_mpl: 1.0
2024-11-14 01:18:51,103 - root - INFO - In validate()-> Val Ep. #11 loss: 0.764, accuracy: 74.00, sparsity: 0.700, task1 ratio: 0.300, zero ratio: 0.700, mpl: 1.0
2024-11-14 01:18:51,413 - root - INFO - In train()-> Train Ep. #12 loss: 0.435, accuracy: 83.76, lr: 0.001, sparsity: 0.700, network_width_mpl: 1.0
2024-11-14 01:18:51,533 - root - INFO - In validate()-> Val Ep. #12 loss: 0.767, accuracy: 74.40, sparsity: 0.700, task1 ratio: 0.300, zero ratio: 0.700, mpl: 1.0
2024-11-14 01:18:51,864 - root - INFO - In train()-> Train Ep. #13 loss: 0.443, accuracy: 83.24, lr: 0.001, sparsity: 0.700, network_width_mpl: 1.0
2024-11-14 01:18:51,986 - root - INFO - In validate()-> Val Ep. #13 loss: 0.761, accuracy: 75.20, sparsity: 0.700, task1 ratio: 0.300, zero ratio: 0.700, mpl: 1.0
2024-11-14 01:18:52,306 - root - INFO - In train()-> Train Ep. #14 loss: 0.438, accuracy: 84.32, lr: 0.001, sparsity: 0.700, network_width_mpl: 1.0
2024-11-14 01:18:52,426 - root - INFO - In validate()-> Val Ep. #14 loss: 0.779, accuracy: 74.00, sparsity: 0.700, task1 ratio: 0.300, zero ratio: 0.700, mpl: 1.0
2024-11-14 01:18:52,735 - root - INFO - In train()-> Train Ep. #15 loss: 0.432, accuracy: 85.20, lr: 0.001, sparsity: 0.700, network_width_mpl: 1.0
2024-11-14 01:18:52,858 - root - INFO - In validate()-> Val Ep. #15 loss: 0.758, accuracy: 74.40, sparsity: 0.700, task1 ratio: 0.300, zero ratio: 0.700, mpl: 1.0
2024-11-14 01:18:53,169 - root - INFO - In train()-> Train Ep. #16 loss: 0.442, accuracy: 83.28, lr: 0.001, sparsity: 0.700, network_width_mpl: 1.0
2024-11-14 01:18:53,307 - root - INFO - In validate()-> Val Ep. #16 loss: 0.770, accuracy: 75.20, sparsity: 0.700, task1 ratio: 0.300, zero ratio: 0.700, mpl: 1.0
2024-11-14 01:18:53,622 - root - INFO - In train()-> Train Ep. #17 loss: 0.430, accuracy: 84.88, lr: 0.001, sparsity: 0.700, network_width_mpl: 1.0
2024-11-14 01:18:53,735 - root - INFO - In validate()-> Val Ep. #17 loss: 0.753, accuracy: 75.80, sparsity: 0.700, task1 ratio: 0.300, zero ratio: 0.700, mpl: 1.0
2024-11-14 01:18:54,044 - root - INFO - In train()-> Train Ep. #18 loss: 0.428, accuracy: 85.40, lr: 0.001, sparsity: 0.700, network_width_mpl: 1.0
2024-11-14 01:18:54,166 - root - INFO - In validate()-> Val Ep. #18 loss: 0.789, accuracy: 75.00, sparsity: 0.700, task1 ratio: 0.300, zero ratio: 0.700, mpl: 1.0
2024-11-14 01:18:54,510 - root - INFO - In train()-> Train Ep. #19 loss: 0.417, accuracy: 85.00, lr: 0.001, sparsity: 0.700, network_width_mpl: 1.0
2024-11-14 01:18:54,621 - root - INFO - In validate()-> Val Ep. #19 loss: 0.792, accuracy: 75.80, sparsity: 0.700, task1 ratio: 0.300, zero ratio: 0.700, mpl: 1.0
2024-11-14 01:18:54,965 - root - INFO - In train()-> Train Ep. #20 loss: 0.432, accuracy: 84.40, lr: 0.001, sparsity: 0.700, network_width_mpl: 1.0
2024-11-14 01:18:55,092 - root - INFO - In validate()-> Val Ep. #20 loss: 0.750, accuracy: 75.40, sparsity: 0.700, task1 ratio: 0.300, zero ratio: 0.700, mpl: 1.0
2024-11-14 01:18:55,094 - root - INFO - ----------------
2024-11-14 01:18:57,449 - root - INFO - 
2024-11-14 01:18:57,449 - root - INFO - Before pruning: 
2024-11-14 01:18:57,449 - root - INFO - Sparsity range: 0.7 -> 0.8
2024-11-14 01:18:57,728 - root - INFO - In validate()-> Val Ep. #0 loss: 0.750, accuracy: 75.40, sparsity: 0.700, task1 ratio: 0.300, zero ratio: 0.700, mpl: 1.0
2024-11-14 01:18:57,728 - root - INFO - 
2024-11-14 01:18:58,120 - root - INFO - In train()-> Train Ep. #1 loss: 0.402, accuracy: 85.84, lr: 0.001, sparsity: 0.753, network_width_mpl: 1.0
2024-11-14 01:18:58,253 - root - INFO - In validate()-> Val Ep. #1 loss: 1.867, accuracy: 53.80, sparsity: 0.753, task1 ratio: 0.247, zero ratio: 0.753, mpl: 1.0
2024-11-14 01:18:58,551 - root - INFO - In train()-> Train Ep. #2 loss: 0.605, accuracy: 78.36, lr: 0.001, sparsity: 0.786, network_width_mpl: 1.0
2024-11-14 01:18:58,667 - root - INFO - In validate()-> Val Ep. #2 loss: 1.252, accuracy: 60.20, sparsity: 0.786, task1 ratio: 0.214, zero ratio: 0.786, mpl: 1.0
2024-11-14 01:18:58,988 - root - INFO - In train()-> Train Ep. #3 loss: 0.699, accuracy: 74.48, lr: 0.001, sparsity: 0.798, network_width_mpl: 1.0
2024-11-14 01:18:59,103 - root - INFO - In validate()-> Val Ep. #3 loss: 1.291, accuracy: 58.00, sparsity: 0.798, task1 ratio: 0.202, zero ratio: 0.798, mpl: 1.0
2024-11-14 01:18:59,426 - root - INFO - In train()-> Train Ep. #4 loss: 0.648, accuracy: 76.60, lr: 0.001, sparsity: 0.800, network_width_mpl: 1.0
2024-11-14 01:18:59,534 - root - INFO - In validate()-> Val Ep. #4 loss: 0.794, accuracy: 73.40, sparsity: 0.800, task1 ratio: 0.200, zero ratio: 0.800, mpl: 1.0
2024-11-14 01:18:59,859 - root - INFO - In train()-> Train Ep. #5 loss: 0.575, accuracy: 78.68, lr: 0.001, sparsity: 0.800, network_width_mpl: 1.0
2024-11-14 01:18:59,975 - root - INFO - In validate()-> Val Ep. #5 loss: 0.766, accuracy: 73.80, sparsity: 0.800, task1 ratio: 0.200, zero ratio: 0.800, mpl: 1.0
2024-11-14 01:19:00,314 - root - INFO - In train()-> Train Ep. #6 loss: 0.531, accuracy: 80.40, lr: 0.001, sparsity: 0.800, network_width_mpl: 1.0
2024-11-14 01:19:00,439 - root - INFO - In validate()-> Val Ep. #6 loss: 0.747, accuracy: 75.00, sparsity: 0.800, task1 ratio: 0.200, zero ratio: 0.800, mpl: 1.0
2024-11-14 01:19:00,772 - root - INFO - In train()-> Train Ep. #7 loss: 0.534, accuracy: 80.04, lr: 0.001, sparsity: 0.800, network_width_mpl: 1.0
2024-11-14 01:19:00,884 - root - INFO - In validate()-> Val Ep. #7 loss: 0.727, accuracy: 74.60, sparsity: 0.800, task1 ratio: 0.200, zero ratio: 0.800, mpl: 1.0
2024-11-14 01:19:01,194 - root - INFO - In train()-> Train Ep. #8 loss: 0.522, accuracy: 81.48, lr: 0.001, sparsity: 0.800, network_width_mpl: 1.0
2024-11-14 01:19:01,320 - root - INFO - In validate()-> Val Ep. #8 loss: 0.737, accuracy: 73.40, sparsity: 0.800, task1 ratio: 0.200, zero ratio: 0.800, mpl: 1.0
2024-11-14 01:19:01,671 - root - INFO - In train()-> Train Ep. #9 loss: 0.517, accuracy: 80.80, lr: 0.001, sparsity: 0.800, network_width_mpl: 1.0
2024-11-14 01:19:01,791 - root - INFO - In validate()-> Val Ep. #9 loss: 0.734, accuracy: 75.00, sparsity: 0.800, task1 ratio: 0.200, zero ratio: 0.800, mpl: 1.0
2024-11-14 01:19:02,105 - root - INFO - In train()-> Train Ep. #10 loss: 0.505, accuracy: 81.04, lr: 0.001, sparsity: 0.800, network_width_mpl: 1.0
2024-11-14 01:19:02,222 - root - INFO - In validate()-> Val Ep. #10 loss: 0.746, accuracy: 72.80, sparsity: 0.800, task1 ratio: 0.200, zero ratio: 0.800, mpl: 1.0
2024-11-14 01:19:02,546 - root - INFO - In train()-> Train Ep. #11 loss: 0.513, accuracy: 80.92, lr: 0.001, sparsity: 0.800, network_width_mpl: 1.0
2024-11-14 01:19:02,659 - root - INFO - In validate()-> Val Ep. #11 loss: 0.723, accuracy: 75.00, sparsity: 0.800, task1 ratio: 0.200, zero ratio: 0.800, mpl: 1.0
2024-11-14 01:19:02,996 - root - INFO - In train()-> Train Ep. #12 loss: 0.493, accuracy: 82.32, lr: 0.001, sparsity: 0.800, network_width_mpl: 1.0
2024-11-14 01:19:03,106 - root - INFO - In validate()-> Val Ep. #12 loss: 0.731, accuracy: 74.20, sparsity: 0.800, task1 ratio: 0.200, zero ratio: 0.800, mpl: 1.0
2024-11-14 01:19:03,424 - root - INFO - In train()-> Train Ep. #13 loss: 0.492, accuracy: 82.56, lr: 0.001, sparsity: 0.800, network_width_mpl: 1.0
2024-11-14 01:19:03,537 - root - INFO - In validate()-> Val Ep. #13 loss: 0.725, accuracy: 75.80, sparsity: 0.800, task1 ratio: 0.200, zero ratio: 0.800, mpl: 1.0
2024-11-14 01:19:03,832 - root - INFO - In train()-> Train Ep. #14 loss: 0.490, accuracy: 82.72, lr: 0.001, sparsity: 0.800, network_width_mpl: 1.0
2024-11-14 01:19:03,944 - root - INFO - In validate()-> Val Ep. #14 loss: 0.735, accuracy: 74.20, sparsity: 0.800, task1 ratio: 0.200, zero ratio: 0.800, mpl: 1.0
2024-11-14 01:19:04,257 - root - INFO - In train()-> Train Ep. #15 loss: 0.494, accuracy: 82.76, lr: 0.001, sparsity: 0.800, network_width_mpl: 1.0
2024-11-14 01:19:04,393 - root - INFO - In validate()-> Val Ep. #15 loss: 0.726, accuracy: 74.40, sparsity: 0.800, task1 ratio: 0.200, zero ratio: 0.800, mpl: 1.0
2024-11-14 01:19:04,684 - root - INFO - In train()-> Train Ep. #16 loss: 0.496, accuracy: 81.56, lr: 0.001, sparsity: 0.800, network_width_mpl: 1.0
2024-11-14 01:19:04,800 - root - INFO - In validate()-> Val Ep. #16 loss: 0.733, accuracy: 74.20, sparsity: 0.800, task1 ratio: 0.200, zero ratio: 0.800, mpl: 1.0
2024-11-14 01:19:05,113 - root - INFO - In train()-> Train Ep. #17 loss: 0.483, accuracy: 82.84, lr: 0.001, sparsity: 0.800, network_width_mpl: 1.0
2024-11-14 01:19:05,229 - root - INFO - In validate()-> Val Ep. #17 loss: 0.726, accuracy: 75.00, sparsity: 0.800, task1 ratio: 0.200, zero ratio: 0.800, mpl: 1.0
2024-11-14 01:19:05,565 - root - INFO - In train()-> Train Ep. #18 loss: 0.473, accuracy: 82.96, lr: 0.001, sparsity: 0.800, network_width_mpl: 1.0
2024-11-14 01:19:05,676 - root - INFO - In validate()-> Val Ep. #18 loss: 0.740, accuracy: 75.20, sparsity: 0.800, task1 ratio: 0.200, zero ratio: 0.800, mpl: 1.0
2024-11-14 01:19:05,983 - root - INFO - In train()-> Train Ep. #19 loss: 0.474, accuracy: 82.88, lr: 0.001, sparsity: 0.800, network_width_mpl: 1.0
2024-11-14 01:19:06,098 - root - INFO - In validate()-> Val Ep. #19 loss: 0.744, accuracy: 74.40, sparsity: 0.800, task1 ratio: 0.200, zero ratio: 0.800, mpl: 1.0
2024-11-14 01:19:06,419 - root - INFO - In train()-> Train Ep. #20 loss: 0.480, accuracy: 82.56, lr: 0.001, sparsity: 0.800, network_width_mpl: 1.0
2024-11-14 01:19:06,533 - root - INFO - In validate()-> Val Ep. #20 loss: 0.724, accuracy: 75.80, sparsity: 0.800, task1 ratio: 0.200, zero ratio: 0.800, mpl: 1.0
2024-11-14 01:19:06,535 - root - INFO - ----------------
2024-11-14 01:19:08,832 - root - INFO - 
2024-11-14 01:19:08,832 - root - INFO - Before pruning: 
2024-11-14 01:19:08,832 - root - INFO - Sparsity range: 0.8 -> 0.9
2024-11-14 01:19:09,107 - root - INFO - In validate()-> Val Ep. #0 loss: 0.724, accuracy: 75.80, sparsity: 0.800, task1 ratio: 0.200, zero ratio: 0.800, mpl: 1.0
2024-11-14 01:19:09,107 - root - INFO - 
2024-11-14 01:19:09,497 - root - INFO - In train()-> Train Ep. #1 loss: 0.469, accuracy: 83.24, lr: 0.001, sparsity: 0.853, network_width_mpl: 1.0
2024-11-14 01:19:09,605 - root - INFO - In validate()-> Val Ep. #1 loss: 3.631, accuracy: 37.20, sparsity: 0.853, task1 ratio: 0.147, zero ratio: 0.853, mpl: 1.0
2024-11-14 01:19:09,933 - root - INFO - In train()-> Train Ep. #2 loss: 0.966, accuracy: 63.60, lr: 0.001, sparsity: 0.885, network_width_mpl: 1.0
2024-11-14 01:19:10,047 - root - INFO - In validate()-> Val Ep. #2 loss: 1.736, accuracy: 41.40, sparsity: 0.885, task1 ratio: 0.115, zero ratio: 0.885, mpl: 1.0
2024-11-14 01:19:10,372 - root - INFO - In train()-> Train Ep. #3 loss: 1.178, accuracy: 56.68, lr: 0.001, sparsity: 0.898, network_width_mpl: 1.0
2024-11-14 01:19:10,484 - root - INFO - In validate()-> Val Ep. #3 loss: 1.462, accuracy: 43.40, sparsity: 0.898, task1 ratio: 0.102, zero ratio: 0.898, mpl: 1.0
2024-11-14 01:19:10,822 - root - INFO - In train()-> Train Ep. #4 loss: 1.038, accuracy: 60.48, lr: 0.001, sparsity: 0.901, network_width_mpl: 1.0
2024-11-14 01:19:10,933 - root - INFO - In validate()-> Val Ep. #4 loss: 1.240, accuracy: 50.20, sparsity: 0.901, task1 ratio: 0.099, zero ratio: 0.901, mpl: 1.0
2024-11-14 01:19:11,274 - root - INFO - In train()-> Train Ep. #5 loss: 0.989, accuracy: 62.24, lr: 0.001, sparsity: 0.901, network_width_mpl: 1.0
2024-11-14 01:19:11,388 - root - INFO - In validate()-> Val Ep. #5 loss: 1.024, accuracy: 60.60, sparsity: 0.901, task1 ratio: 0.099, zero ratio: 0.901, mpl: 1.0
2024-11-14 01:19:11,722 - root - INFO - In train()-> Train Ep. #6 loss: 0.936, accuracy: 63.52, lr: 0.001, sparsity: 0.901, network_width_mpl: 1.0
2024-11-14 01:19:11,841 - root - INFO - In validate()-> Val Ep. #6 loss: 1.001, accuracy: 62.40, sparsity: 0.901, task1 ratio: 0.099, zero ratio: 0.901, mpl: 1.0
2024-11-14 01:19:12,131 - root - INFO - In train()-> Train Ep. #7 loss: 0.918, accuracy: 65.84, lr: 0.001, sparsity: 0.901, network_width_mpl: 1.0
2024-11-14 01:19:12,249 - root - INFO - In validate()-> Val Ep. #7 loss: 0.981, accuracy: 61.40, sparsity: 0.901, task1 ratio: 0.099, zero ratio: 0.901, mpl: 1.0
2024-11-14 01:19:12,594 - root - INFO - In train()-> Train Ep. #8 loss: 0.910, accuracy: 65.60, lr: 0.001, sparsity: 0.901, network_width_mpl: 1.0
2024-11-14 01:19:12,715 - root - INFO - In validate()-> Val Ep. #8 loss: 0.962, accuracy: 63.80, sparsity: 0.901, task1 ratio: 0.099, zero ratio: 0.901, mpl: 1.0
2024-11-14 01:19:13,017 - root - INFO - In train()-> Train Ep. #9 loss: 0.907, accuracy: 66.20, lr: 0.001, sparsity: 0.901, network_width_mpl: 1.0
2024-11-14 01:19:13,140 - root - INFO - In validate()-> Val Ep. #9 loss: 0.947, accuracy: 64.60, sparsity: 0.901, task1 ratio: 0.099, zero ratio: 0.901, mpl: 1.0
2024-11-14 01:19:13,432 - root - INFO - In train()-> Train Ep. #10 loss: 0.888, accuracy: 67.08, lr: 0.001, sparsity: 0.901, network_width_mpl: 1.0
2024-11-14 01:19:13,546 - root - INFO - In validate()-> Val Ep. #10 loss: 0.938, accuracy: 63.80, sparsity: 0.901, task1 ratio: 0.099, zero ratio: 0.901, mpl: 1.0
2024-11-14 01:19:13,865 - root - INFO - In train()-> Train Ep. #11 loss: 0.878, accuracy: 67.48, lr: 0.001, sparsity: 0.901, network_width_mpl: 1.0
2024-11-14 01:19:13,978 - root - INFO - In validate()-> Val Ep. #11 loss: 0.925, accuracy: 65.40, sparsity: 0.901, task1 ratio: 0.099, zero ratio: 0.901, mpl: 1.0
2024-11-14 01:19:14,301 - root - INFO - In train()-> Train Ep. #12 loss: 0.854, accuracy: 67.48, lr: 0.001, sparsity: 0.901, network_width_mpl: 1.0
2024-11-14 01:19:14,423 - root - INFO - In validate()-> Val Ep. #12 loss: 0.914, accuracy: 66.20, sparsity: 0.901, task1 ratio: 0.099, zero ratio: 0.901, mpl: 1.0
2024-11-14 01:19:14,744 - root - INFO - In train()-> Train Ep. #13 loss: 0.854, accuracy: 68.08, lr: 0.001, sparsity: 0.901, network_width_mpl: 1.0
2024-11-14 01:19:14,857 - root - INFO - In validate()-> Val Ep. #13 loss: 0.899, accuracy: 66.00, sparsity: 0.901, task1 ratio: 0.099, zero ratio: 0.901, mpl: 1.0
2024-11-14 01:19:15,175 - root - INFO - In train()-> Train Ep. #14 loss: 0.834, accuracy: 68.32, lr: 0.001, sparsity: 0.901, network_width_mpl: 1.0
2024-11-14 01:19:15,288 - root - INFO - In validate()-> Val Ep. #14 loss: 0.895, accuracy: 65.60, sparsity: 0.901, task1 ratio: 0.099, zero ratio: 0.901, mpl: 1.0
2024-11-14 01:19:15,624 - root - INFO - In train()-> Train Ep. #15 loss: 0.841, accuracy: 68.72, lr: 0.001, sparsity: 0.901, network_width_mpl: 1.0
2024-11-14 01:19:15,733 - root - INFO - In validate()-> Val Ep. #15 loss: 0.885, accuracy: 65.00, sparsity: 0.901, task1 ratio: 0.099, zero ratio: 0.901, mpl: 1.0
2024-11-14 01:19:16,050 - root - INFO - In train()-> Train Ep. #16 loss: 0.836, accuracy: 68.44, lr: 0.001, sparsity: 0.901, network_width_mpl: 1.0
2024-11-14 01:19:16,169 - root - INFO - In validate()-> Val Ep. #16 loss: 0.890, accuracy: 65.20, sparsity: 0.901, task1 ratio: 0.099, zero ratio: 0.901, mpl: 1.0
2024-11-14 01:19:16,477 - root - INFO - In train()-> Train Ep. #17 loss: 0.835, accuracy: 69.04, lr: 0.001, sparsity: 0.901, network_width_mpl: 1.0
2024-11-14 01:19:16,589 - root - INFO - In validate()-> Val Ep. #17 loss: 0.880, accuracy: 66.60, sparsity: 0.901, task1 ratio: 0.099, zero ratio: 0.901, mpl: 1.0
2024-11-14 01:19:16,945 - root - INFO - In train()-> Train Ep. #18 loss: 0.799, accuracy: 69.92, lr: 0.001, sparsity: 0.901, network_width_mpl: 1.0
2024-11-14 01:19:17,063 - root - INFO - In validate()-> Val Ep. #18 loss: 0.873, accuracy: 66.60, sparsity: 0.901, task1 ratio: 0.099, zero ratio: 0.901, mpl: 1.0
2024-11-14 01:19:17,397 - root - INFO - In train()-> Train Ep. #19 loss: 0.825, accuracy: 68.84, lr: 0.001, sparsity: 0.901, network_width_mpl: 1.0
2024-11-14 01:19:17,515 - root - INFO - In validate()-> Val Ep. #19 loss: 0.878, accuracy: 65.00, sparsity: 0.901, task1 ratio: 0.099, zero ratio: 0.901, mpl: 1.0
2024-11-14 01:19:17,887 - root - INFO - In train()-> Train Ep. #20 loss: 0.819, accuracy: 69.88, lr: 0.001, sparsity: 0.901, network_width_mpl: 1.0
2024-11-14 01:19:18,007 - root - INFO - In validate()-> Val Ep. #20 loss: 0.859, accuracy: 65.40, sparsity: 0.901, task1 ratio: 0.099, zero ratio: 0.901, mpl: 1.0
2024-11-14 01:19:18,009 - root - INFO - ----------------
2024-11-14 01:19:20,366 - root - INFO - 
2024-11-14 01:19:20,366 - root - INFO - Before pruning: 
2024-11-14 01:19:20,366 - root - INFO - Sparsity range: 0.9 -> 0.95
2024-11-14 01:19:20,636 - root - INFO - In validate()-> Val Ep. #0 loss: 0.859, accuracy: 65.40, sparsity: 0.901, task1 ratio: 0.099, zero ratio: 0.901, mpl: 1.0
2024-11-14 01:19:20,637 - root - INFO - 
2024-11-14 01:19:21,035 - root - INFO - In train()-> Train Ep. #1 loss: 0.810, accuracy: 69.80, lr: 0.001, sparsity: 0.926, network_width_mpl: 1.0
2024-11-14 01:19:21,144 - root - INFO - In validate()-> Val Ep. #1 loss: 1.712, accuracy: 54.00, sparsity: 0.926, task1 ratio: 0.074, zero ratio: 0.926, mpl: 1.0
2024-11-14 01:19:21,474 - root - INFO - In train()-> Train Ep. #2 loss: 1.073, accuracy: 59.60, lr: 0.001, sparsity: 0.943, network_width_mpl: 1.0
2024-11-14 01:19:21,597 - root - INFO - In validate()-> Val Ep. #2 loss: 2.245, accuracy: 35.60, sparsity: 0.943, task1 ratio: 0.057, zero ratio: 0.943, mpl: 1.0
2024-11-14 01:19:21,910 - root - INFO - In train()-> Train Ep. #3 loss: 1.505, accuracy: 41.88, lr: 0.001, sparsity: 0.949, network_width_mpl: 1.0
2024-11-14 01:19:22,035 - root - INFO - In validate()-> Val Ep. #3 loss: 1.713, accuracy: 31.60, sparsity: 0.949, task1 ratio: 0.051, zero ratio: 0.949, mpl: 1.0
2024-11-14 01:19:22,353 - root - INFO - In train()-> Train Ep. #4 loss: 1.400, accuracy: 41.20, lr: 0.001, sparsity: 0.950, network_width_mpl: 1.0
2024-11-14 01:19:22,462 - root - INFO - In validate()-> Val Ep. #4 loss: 1.290, accuracy: 44.60, sparsity: 0.950, task1 ratio: 0.050, zero ratio: 0.950, mpl: 1.0
2024-11-14 01:19:22,761 - root - INFO - In train()-> Train Ep. #5 loss: 1.303, accuracy: 46.96, lr: 0.001, sparsity: 0.950, network_width_mpl: 1.0
2024-11-14 01:19:22,876 - root - INFO - In validate()-> Val Ep. #5 loss: 1.241, accuracy: 47.40, sparsity: 0.950, task1 ratio: 0.050, zero ratio: 0.950, mpl: 1.0
2024-11-14 01:19:23,168 - root - INFO - In train()-> Train Ep. #6 loss: 1.286, accuracy: 47.68, lr: 0.001, sparsity: 0.950, network_width_mpl: 1.0
2024-11-14 01:19:23,284 - root - INFO - In validate()-> Val Ep. #6 loss: 1.207, accuracy: 50.80, sparsity: 0.950, task1 ratio: 0.050, zero ratio: 0.950, mpl: 1.0
2024-11-14 01:19:23,600 - root - INFO - In train()-> Train Ep. #7 loss: 1.264, accuracy: 48.68, lr: 0.001, sparsity: 0.950, network_width_mpl: 1.0
2024-11-14 01:19:23,720 - root - INFO - In validate()-> Val Ep. #7 loss: 1.187, accuracy: 52.20, sparsity: 0.950, task1 ratio: 0.050, zero ratio: 0.950, mpl: 1.0
2024-11-14 01:19:24,030 - root - INFO - In train()-> Train Ep. #8 loss: 1.221, accuracy: 50.64, lr: 0.001, sparsity: 0.950, network_width_mpl: 1.0
2024-11-14 01:19:24,148 - root - INFO - In validate()-> Val Ep. #8 loss: 1.157, accuracy: 54.20, sparsity: 0.950, task1 ratio: 0.050, zero ratio: 0.950, mpl: 1.0
2024-11-14 01:19:24,451 - root - INFO - In train()-> Train Ep. #9 loss: 1.214, accuracy: 51.72, lr: 0.001, sparsity: 0.950, network_width_mpl: 1.0
2024-11-14 01:19:24,584 - root - INFO - In validate()-> Val Ep. #9 loss: 1.132, accuracy: 56.80, sparsity: 0.950, task1 ratio: 0.050, zero ratio: 0.950, mpl: 1.0
2024-11-14 01:19:24,908 - root - INFO - In train()-> Train Ep. #10 loss: 1.201, accuracy: 51.72, lr: 0.001, sparsity: 0.950, network_width_mpl: 1.0
2024-11-14 01:19:25,034 - root - INFO - In validate()-> Val Ep. #10 loss: 1.108, accuracy: 57.60, sparsity: 0.950, task1 ratio: 0.050, zero ratio: 0.950, mpl: 1.0
2024-11-14 01:19:25,355 - root - INFO - In train()-> Train Ep. #11 loss: 1.193, accuracy: 52.24, lr: 0.001, sparsity: 0.950, network_width_mpl: 1.0
2024-11-14 01:19:25,467 - root - INFO - In validate()-> Val Ep. #11 loss: 1.098, accuracy: 57.80, sparsity: 0.950, task1 ratio: 0.050, zero ratio: 0.950, mpl: 1.0
2024-11-14 01:19:25,764 - root - INFO - In train()-> Train Ep. #12 loss: 1.158, accuracy: 54.28, lr: 0.001, sparsity: 0.950, network_width_mpl: 1.0
2024-11-14 01:19:25,885 - root - INFO - In validate()-> Val Ep. #12 loss: 1.084, accuracy: 58.00, sparsity: 0.950, task1 ratio: 0.050, zero ratio: 0.950, mpl: 1.0
2024-11-14 01:19:26,201 - root - INFO - In train()-> Train Ep. #13 loss: 1.162, accuracy: 53.44, lr: 0.001, sparsity: 0.950, network_width_mpl: 1.0
2024-11-14 01:19:26,311 - root - INFO - In validate()-> Val Ep. #13 loss: 1.076, accuracy: 58.60, sparsity: 0.950, task1 ratio: 0.050, zero ratio: 0.950, mpl: 1.0
2024-11-14 01:19:26,654 - root - INFO - In train()-> Train Ep. #14 loss: 1.128, accuracy: 56.00, lr: 0.001, sparsity: 0.950, network_width_mpl: 1.0
2024-11-14 01:19:26,782 - root - INFO - In validate()-> Val Ep. #14 loss: 1.067, accuracy: 58.60, sparsity: 0.950, task1 ratio: 0.050, zero ratio: 0.950, mpl: 1.0
2024-11-14 01:19:27,083 - root - INFO - In train()-> Train Ep. #15 loss: 1.136, accuracy: 56.04, lr: 0.001, sparsity: 0.950, network_width_mpl: 1.0
2024-11-14 01:19:27,193 - root - INFO - In validate()-> Val Ep. #15 loss: 1.063, accuracy: 58.20, sparsity: 0.950, task1 ratio: 0.050, zero ratio: 0.950, mpl: 1.0
2024-11-14 01:19:27,542 - root - INFO - In train()-> Train Ep. #16 loss: 1.134, accuracy: 56.32, lr: 0.001, sparsity: 0.950, network_width_mpl: 1.0
2024-11-14 01:19:27,669 - root - INFO - In validate()-> Val Ep. #16 loss: 1.067, accuracy: 59.00, sparsity: 0.950, task1 ratio: 0.050, zero ratio: 0.950, mpl: 1.0
2024-11-14 01:19:28,002 - root - INFO - In train()-> Train Ep. #17 loss: 1.117, accuracy: 56.92, lr: 0.001, sparsity: 0.950, network_width_mpl: 1.0
2024-11-14 01:19:28,116 - root - INFO - In validate()-> Val Ep. #17 loss: 1.049, accuracy: 59.20, sparsity: 0.950, task1 ratio: 0.050, zero ratio: 0.950, mpl: 1.0
2024-11-14 01:19:28,436 - root - INFO - In train()-> Train Ep. #18 loss: 1.110, accuracy: 56.28, lr: 0.001, sparsity: 0.950, network_width_mpl: 1.0
2024-11-14 01:19:28,562 - root - INFO - In validate()-> Val Ep. #18 loss: 1.040, accuracy: 58.20, sparsity: 0.950, task1 ratio: 0.050, zero ratio: 0.950, mpl: 1.0
2024-11-14 01:19:28,894 - root - INFO - In train()-> Train Ep. #19 loss: 1.112, accuracy: 57.64, lr: 0.001, sparsity: 0.950, network_width_mpl: 1.0
2024-11-14 01:19:29,021 - root - INFO - In validate()-> Val Ep. #19 loss: 1.038, accuracy: 58.80, sparsity: 0.950, task1 ratio: 0.050, zero ratio: 0.950, mpl: 1.0
2024-11-14 01:19:29,330 - root - INFO - In train()-> Train Ep. #20 loss: 1.106, accuracy: 56.88, lr: 0.001, sparsity: 0.950, network_width_mpl: 1.0
2024-11-14 01:19:29,449 - root - INFO - In validate()-> Val Ep. #20 loss: 1.034, accuracy: 58.00, sparsity: 0.950, task1 ratio: 0.050, zero ratio: 0.950, mpl: 1.0
2024-11-14 01:19:29,451 - root - INFO - ----------------
