2024-11-14 01:47:09,873 - root - INFO - Finetune stage...
2024-11-14 01:47:10,379 - root - INFO - In train()-> Train Ep. #1 loss: 1.610, accuracy: 19.20, lr: 0.01, sparsity: 0.000, network_width_mpl: 1.0
2024-11-14 01:47:10,509 - root - INFO - In validate()-> Val Ep. #1 loss: 1.608, accuracy: 28.20, sparsity: 0.000, task1 ratio: 1.000, zero ratio: 0.000, mpl: 1.0
2024-11-14 01:47:10,830 - root - INFO - In train()-> Train Ep. #2 loss: 1.605, accuracy: 25.80, lr: 0.01, sparsity: 0.000, network_width_mpl: 1.0
2024-11-14 01:47:10,945 - root - INFO - In validate()-> Val Ep. #2 loss: 1.581, accuracy: 24.80, sparsity: 0.000, task1 ratio: 1.000, zero ratio: 0.000, mpl: 1.0
2024-11-14 01:47:11,308 - root - INFO - In train()-> Train Ep. #3 loss: 1.523, accuracy: 27.68, lr: 0.01, sparsity: 0.000, network_width_mpl: 1.0
2024-11-14 01:47:11,427 - root - INFO - In validate()-> Val Ep. #3 loss: 1.460, accuracy: 37.20, sparsity: 0.000, task1 ratio: 1.000, zero ratio: 0.000, mpl: 1.0
2024-11-14 01:47:11,778 - root - INFO - In train()-> Train Ep. #4 loss: 1.357, accuracy: 43.36, lr: 0.01, sparsity: 0.000, network_width_mpl: 1.0
2024-11-14 01:47:11,904 - root - INFO - In validate()-> Val Ep. #4 loss: 1.322, accuracy: 41.60, sparsity: 0.000, task1 ratio: 1.000, zero ratio: 0.000, mpl: 1.0
2024-11-14 01:47:12,194 - root - INFO - In train()-> Train Ep. #5 loss: 1.225, accuracy: 45.96, lr: 0.01, sparsity: 0.000, network_width_mpl: 1.0
2024-11-14 01:47:12,295 - root - INFO - In validate()-> Val Ep. #5 loss: 1.353, accuracy: 35.40, sparsity: 0.000, task1 ratio: 1.000, zero ratio: 0.000, mpl: 1.0
2024-11-14 01:47:12,617 - root - INFO - In train()-> Train Ep. #6 loss: 1.179, accuracy: 44.96, lr: 0.01, sparsity: 0.000, network_width_mpl: 1.0
2024-11-14 01:47:12,733 - root - INFO - In validate()-> Val Ep. #6 loss: 1.078, accuracy: 50.40, sparsity: 0.000, task1 ratio: 1.000, zero ratio: 0.000, mpl: 1.0
2024-11-14 01:47:13,039 - root - INFO - In train()-> Train Ep. #7 loss: 1.136, accuracy: 49.12, lr: 0.01, sparsity: 0.000, network_width_mpl: 1.0
2024-11-14 01:47:13,150 - root - INFO - In validate()-> Val Ep. #7 loss: 1.041, accuracy: 52.20, sparsity: 0.000, task1 ratio: 1.000, zero ratio: 0.000, mpl: 1.0
2024-11-14 01:47:13,484 - root - INFO - In train()-> Train Ep. #8 loss: 1.121, accuracy: 50.04, lr: 0.01, sparsity: 0.000, network_width_mpl: 1.0
2024-11-14 01:47:13,590 - root - INFO - In validate()-> Val Ep. #8 loss: 1.062, accuracy: 53.60, sparsity: 0.000, task1 ratio: 1.000, zero ratio: 0.000, mpl: 1.0
2024-11-14 01:47:13,901 - root - INFO - In train()-> Train Ep. #9 loss: 1.080, accuracy: 53.04, lr: 0.01, sparsity: 0.000, network_width_mpl: 1.0
2024-11-14 01:47:14,020 - root - INFO - In validate()-> Val Ep. #9 loss: 0.991, accuracy: 56.00, sparsity: 0.000, task1 ratio: 1.000, zero ratio: 0.000, mpl: 1.0
2024-11-14 01:47:14,334 - root - INFO - In train()-> Train Ep. #10 loss: 1.059, accuracy: 54.08, lr: 0.01, sparsity: 0.000, network_width_mpl: 1.0
2024-11-14 01:47:14,455 - root - INFO - In validate()-> Val Ep. #10 loss: 0.997, accuracy: 57.00, sparsity: 0.000, task1 ratio: 1.000, zero ratio: 0.000, mpl: 1.0
2024-11-14 01:47:14,760 - root - INFO - In train()-> Train Ep. #11 loss: 1.033, accuracy: 55.44, lr: 0.01, sparsity: 0.000, network_width_mpl: 1.0
2024-11-14 01:47:14,887 - root - INFO - In validate()-> Val Ep. #11 loss: 0.952, accuracy: 57.80, sparsity: 0.000, task1 ratio: 1.000, zero ratio: 0.000, mpl: 1.0
2024-11-14 01:47:15,191 - root - INFO - In train()-> Train Ep. #12 loss: 0.974, accuracy: 59.16, lr: 0.01, sparsity: 0.000, network_width_mpl: 1.0
2024-11-14 01:47:15,304 - root - INFO - In validate()-> Val Ep. #12 loss: 0.924, accuracy: 63.60, sparsity: 0.000, task1 ratio: 1.000, zero ratio: 0.000, mpl: 1.0
2024-11-14 01:47:15,627 - root - INFO - In train()-> Train Ep. #13 loss: 0.960, accuracy: 60.04, lr: 0.01, sparsity: 0.000, network_width_mpl: 1.0
2024-11-14 01:47:15,741 - root - INFO - In validate()-> Val Ep. #13 loss: 0.952, accuracy: 57.80, sparsity: 0.000, task1 ratio: 1.000, zero ratio: 0.000, mpl: 1.0
2024-11-14 01:47:16,070 - root - INFO - In train()-> Train Ep. #14 loss: 0.941, accuracy: 60.40, lr: 0.01, sparsity: 0.000, network_width_mpl: 1.0
2024-11-14 01:47:16,177 - root - INFO - In validate()-> Val Ep. #14 loss: 0.894, accuracy: 59.80, sparsity: 0.000, task1 ratio: 1.000, zero ratio: 0.000, mpl: 1.0
2024-11-14 01:47:16,508 - root - INFO - In train()-> Train Ep. #15 loss: 0.927, accuracy: 60.68, lr: 0.01, sparsity: 0.000, network_width_mpl: 1.0
2024-11-14 01:47:16,633 - root - INFO - In validate()-> Val Ep. #15 loss: 0.877, accuracy: 63.20, sparsity: 0.000, task1 ratio: 1.000, zero ratio: 0.000, mpl: 1.0
2024-11-14 01:47:16,931 - root - INFO - In train()-> Train Ep. #16 loss: 0.907, accuracy: 60.92, lr: 0.01, sparsity: 0.000, network_width_mpl: 1.0
2024-11-14 01:47:17,035 - root - INFO - In validate()-> Val Ep. #16 loss: 0.862, accuracy: 62.40, sparsity: 0.000, task1 ratio: 1.000, zero ratio: 0.000, mpl: 1.0
2024-11-14 01:47:17,316 - root - INFO - In train()-> Train Ep. #17 loss: 0.889, accuracy: 62.76, lr: 0.01, sparsity: 0.000, network_width_mpl: 1.0
2024-11-14 01:47:17,423 - root - INFO - In validate()-> Val Ep. #17 loss: 0.860, accuracy: 62.80, sparsity: 0.000, task1 ratio: 1.000, zero ratio: 0.000, mpl: 1.0
2024-11-14 01:47:17,749 - root - INFO - In train()-> Train Ep. #18 loss: 0.882, accuracy: 64.00, lr: 0.01, sparsity: 0.000, network_width_mpl: 1.0
2024-11-14 01:47:17,862 - root - INFO - In validate()-> Val Ep. #18 loss: 0.844, accuracy: 65.00, sparsity: 0.000, task1 ratio: 1.000, zero ratio: 0.000, mpl: 1.0
2024-11-14 01:47:18,167 - root - INFO - In train()-> Train Ep. #19 loss: 0.860, accuracy: 64.40, lr: 0.01, sparsity: 0.000, network_width_mpl: 1.0
2024-11-14 01:47:18,281 - root - INFO - In validate()-> Val Ep. #19 loss: 0.870, accuracy: 65.00, sparsity: 0.000, task1 ratio: 1.000, zero ratio: 0.000, mpl: 1.0
2024-11-14 01:47:18,608 - root - INFO - In train()-> Train Ep. #20 loss: 0.864, accuracy: 66.00, lr: 0.01, sparsity: 0.000, network_width_mpl: 1.0
2024-11-14 01:47:18,719 - root - INFO - In validate()-> Val Ep. #20 loss: 0.840, accuracy: 66.80, sparsity: 0.000, task1 ratio: 1.000, zero ratio: 0.000, mpl: 1.0
2024-11-14 01:47:19,035 - root - INFO - In train()-> Train Ep. #21 loss: 0.808, accuracy: 69.04, lr: 0.01, sparsity: 0.000, network_width_mpl: 1.0
2024-11-14 01:47:19,140 - root - INFO - In validate()-> Val Ep. #21 loss: 0.795, accuracy: 71.00, sparsity: 0.000, task1 ratio: 1.000, zero ratio: 0.000, mpl: 1.0
2024-11-14 01:47:19,478 - root - INFO - In train()-> Train Ep. #22 loss: 0.801, accuracy: 68.64, lr: 0.01, sparsity: 0.000, network_width_mpl: 1.0
2024-11-14 01:47:19,605 - root - INFO - In validate()-> Val Ep. #22 loss: 0.798, accuracy: 70.40, sparsity: 0.000, task1 ratio: 1.000, zero ratio: 0.000, mpl: 1.0
2024-11-14 01:47:19,951 - root - INFO - In train()-> Train Ep. #23 loss: 0.793, accuracy: 68.48, lr: 0.01, sparsity: 0.000, network_width_mpl: 1.0
2024-11-14 01:47:20,061 - root - INFO - In validate()-> Val Ep. #23 loss: 0.753, accuracy: 70.80, sparsity: 0.000, task1 ratio: 1.000, zero ratio: 0.000, mpl: 1.0
2024-11-14 01:47:20,394 - root - INFO - In train()-> Train Ep. #24 loss: 0.773, accuracy: 69.80, lr: 0.01, sparsity: 0.000, network_width_mpl: 1.0
2024-11-14 01:47:20,501 - root - INFO - In validate()-> Val Ep. #24 loss: 0.730, accuracy: 73.80, sparsity: 0.000, task1 ratio: 1.000, zero ratio: 0.000, mpl: 1.0
2024-11-14 01:47:20,838 - root - INFO - In train()-> Train Ep. #25 loss: 0.776, accuracy: 68.48, lr: 0.01, sparsity: 0.000, network_width_mpl: 1.0
2024-11-14 01:47:20,957 - root - INFO - In validate()-> Val Ep. #25 loss: 0.934, accuracy: 68.20, sparsity: 0.000, task1 ratio: 1.000, zero ratio: 0.000, mpl: 1.0
2024-11-14 01:47:21,266 - root - INFO - In train()-> Train Ep. #26 loss: 0.753, accuracy: 71.24, lr: 0.01, sparsity: 0.000, network_width_mpl: 1.0
2024-11-14 01:47:21,394 - root - INFO - In validate()-> Val Ep. #26 loss: 0.711, accuracy: 72.60, sparsity: 0.000, task1 ratio: 1.000, zero ratio: 0.000, mpl: 1.0
2024-11-14 01:47:21,743 - root - INFO - In train()-> Train Ep. #27 loss: 0.742, accuracy: 71.04, lr: 0.01, sparsity: 0.000, network_width_mpl: 1.0
2024-11-14 01:47:21,866 - root - INFO - In validate()-> Val Ep. #27 loss: 0.707, accuracy: 72.60, sparsity: 0.000, task1 ratio: 1.000, zero ratio: 0.000, mpl: 1.0
2024-11-14 01:47:22,176 - root - INFO - In train()-> Train Ep. #28 loss: 0.711, accuracy: 71.80, lr: 0.01, sparsity: 0.000, network_width_mpl: 1.0
2024-11-14 01:47:22,282 - root - INFO - In validate()-> Val Ep. #28 loss: 0.675, accuracy: 74.60, sparsity: 0.000, task1 ratio: 1.000, zero ratio: 0.000, mpl: 1.0
2024-11-14 01:47:22,594 - root - INFO - In train()-> Train Ep. #29 loss: 0.707, accuracy: 72.68, lr: 0.01, sparsity: 0.000, network_width_mpl: 1.0
2024-11-14 01:47:22,699 - root - INFO - In validate()-> Val Ep. #29 loss: 0.851, accuracy: 70.20, sparsity: 0.000, task1 ratio: 1.000, zero ratio: 0.000, mpl: 1.0
2024-11-14 01:47:23,013 - root - INFO - In train()-> Train Ep. #30 loss: 0.708, accuracy: 72.32, lr: 0.01, sparsity: 0.000, network_width_mpl: 1.0
2024-11-14 01:47:23,128 - root - INFO - In validate()-> Val Ep. #30 loss: 0.693, accuracy: 74.20, sparsity: 0.000, task1 ratio: 1.000, zero ratio: 0.000, mpl: 1.0
2024-11-14 01:47:23,430 - root - INFO - In train()-> Train Ep. #31 loss: 0.700, accuracy: 72.80, lr: 0.01, sparsity: 0.000, network_width_mpl: 1.0
2024-11-14 01:47:23,542 - root - INFO - In validate()-> Val Ep. #31 loss: 0.713, accuracy: 74.60, sparsity: 0.000, task1 ratio: 1.000, zero ratio: 0.000, mpl: 1.0
2024-11-14 01:47:23,877 - root - INFO - In train()-> Train Ep. #32 loss: 0.671, accuracy: 73.96, lr: 0.01, sparsity: 0.000, network_width_mpl: 1.0
2024-11-14 01:47:23,987 - root - INFO - In validate()-> Val Ep. #32 loss: 0.787, accuracy: 72.20, sparsity: 0.000, task1 ratio: 1.000, zero ratio: 0.000, mpl: 1.0
2024-11-14 01:47:24,311 - root - INFO - In train()-> Train Ep. #33 loss: 0.721, accuracy: 72.36, lr: 0.01, sparsity: 0.000, network_width_mpl: 1.0
2024-11-14 01:47:24,423 - root - INFO - In validate()-> Val Ep. #33 loss: 0.629, accuracy: 77.60, sparsity: 0.000, task1 ratio: 1.000, zero ratio: 0.000, mpl: 1.0
2024-11-14 01:47:24,732 - root - INFO - In train()-> Train Ep. #34 loss: 0.666, accuracy: 74.60, lr: 0.01, sparsity: 0.000, network_width_mpl: 1.0
2024-11-14 01:47:24,839 - root - INFO - In validate()-> Val Ep. #34 loss: 0.764, accuracy: 71.60, sparsity: 0.000, task1 ratio: 1.000, zero ratio: 0.000, mpl: 1.0
2024-11-14 01:47:25,160 - root - INFO - In train()-> Train Ep. #35 loss: 0.694, accuracy: 72.88, lr: 0.01, sparsity: 0.000, network_width_mpl: 1.0
2024-11-14 01:47:25,298 - root - INFO - In validate()-> Val Ep. #35 loss: 0.651, accuracy: 77.40, sparsity: 0.000, task1 ratio: 1.000, zero ratio: 0.000, mpl: 1.0
2024-11-14 01:47:25,622 - root - INFO - In train()-> Train Ep. #36 loss: 0.636, accuracy: 74.64, lr: 0.01, sparsity: 0.000, network_width_mpl: 1.0
2024-11-14 01:47:25,754 - root - INFO - In validate()-> Val Ep. #36 loss: 0.601, accuracy: 77.00, sparsity: 0.000, task1 ratio: 1.000, zero ratio: 0.000, mpl: 1.0
2024-11-14 01:47:26,120 - root - INFO - In train()-> Train Ep. #37 loss: 0.655, accuracy: 74.88, lr: 0.01, sparsity: 0.000, network_width_mpl: 1.0
2024-11-14 01:47:26,234 - root - INFO - In validate()-> Val Ep. #37 loss: 0.636, accuracy: 75.80, sparsity: 0.000, task1 ratio: 1.000, zero ratio: 0.000, mpl: 1.0
2024-11-14 01:47:26,533 - root - INFO - In train()-> Train Ep. #38 loss: 0.635, accuracy: 76.56, lr: 0.01, sparsity: 0.000, network_width_mpl: 1.0
2024-11-14 01:47:26,648 - root - INFO - In validate()-> Val Ep. #38 loss: 0.632, accuracy: 76.00, sparsity: 0.000, task1 ratio: 1.000, zero ratio: 0.000, mpl: 1.0
2024-11-14 01:47:26,954 - root - INFO - In train()-> Train Ep. #39 loss: 0.641, accuracy: 75.76, lr: 0.01, sparsity: 0.000, network_width_mpl: 1.0
2024-11-14 01:47:27,071 - root - INFO - In validate()-> Val Ep. #39 loss: 0.649, accuracy: 74.60, sparsity: 0.000, task1 ratio: 1.000, zero ratio: 0.000, mpl: 1.0
2024-11-14 01:47:27,371 - root - INFO - In train()-> Train Ep. #40 loss: 0.607, accuracy: 75.96, lr: 0.01, sparsity: 0.000, network_width_mpl: 1.0
2024-11-14 01:47:27,479 - root - INFO - In validate()-> Val Ep. #40 loss: 0.592, accuracy: 78.80, sparsity: 0.000, task1 ratio: 1.000, zero ratio: 0.000, mpl: 1.0
2024-11-14 01:47:27,789 - root - INFO - In train()-> Train Ep. #41 loss: 0.634, accuracy: 76.00, lr: 0.01, sparsity: 0.000, network_width_mpl: 1.0
2024-11-14 01:47:27,906 - root - INFO - In validate()-> Val Ep. #41 loss: 0.591, accuracy: 77.80, sparsity: 0.000, task1 ratio: 1.000, zero ratio: 0.000, mpl: 1.0
2024-11-14 01:47:28,218 - root - INFO - In train()-> Train Ep. #42 loss: 0.625, accuracy: 76.60, lr: 0.01, sparsity: 0.000, network_width_mpl: 1.0
2024-11-14 01:47:28,333 - root - INFO - In validate()-> Val Ep. #42 loss: 0.560, accuracy: 79.60, sparsity: 0.000, task1 ratio: 1.000, zero ratio: 0.000, mpl: 1.0
2024-11-14 01:47:28,672 - root - INFO - In train()-> Train Ep. #43 loss: 0.605, accuracy: 77.76, lr: 0.01, sparsity: 0.000, network_width_mpl: 1.0
2024-11-14 01:47:28,801 - root - INFO - In validate()-> Val Ep. #43 loss: 0.608, accuracy: 77.20, sparsity: 0.000, task1 ratio: 1.000, zero ratio: 0.000, mpl: 1.0
2024-11-14 01:47:29,131 - root - INFO - In train()-> Train Ep. #44 loss: 0.606, accuracy: 75.84, lr: 0.01, sparsity: 0.000, network_width_mpl: 1.0
2024-11-14 01:47:29,238 - root - INFO - In validate()-> Val Ep. #44 loss: 0.559, accuracy: 80.40, sparsity: 0.000, task1 ratio: 1.000, zero ratio: 0.000, mpl: 1.0
2024-11-14 01:47:29,566 - root - INFO - In train()-> Train Ep. #45 loss: 0.607, accuracy: 76.76, lr: 0.01, sparsity: 0.000, network_width_mpl: 1.0
2024-11-14 01:47:29,676 - root - INFO - In validate()-> Val Ep. #45 loss: 0.646, accuracy: 76.60, sparsity: 0.000, task1 ratio: 1.000, zero ratio: 0.000, mpl: 1.0
2024-11-14 01:47:29,988 - root - INFO - In train()-> Train Ep. #46 loss: 0.586, accuracy: 77.72, lr: 0.01, sparsity: 0.000, network_width_mpl: 1.0
2024-11-14 01:47:30,106 - root - INFO - In validate()-> Val Ep. #46 loss: 0.635, accuracy: 76.20, sparsity: 0.000, task1 ratio: 1.000, zero ratio: 0.000, mpl: 1.0
2024-11-14 01:47:30,457 - root - INFO - In train()-> Train Ep. #47 loss: 0.580, accuracy: 77.60, lr: 0.01, sparsity: 0.000, network_width_mpl: 1.0
2024-11-14 01:47:30,568 - root - INFO - In validate()-> Val Ep. #47 loss: 0.653, accuracy: 75.20, sparsity: 0.000, task1 ratio: 1.000, zero ratio: 0.000, mpl: 1.0
2024-11-14 01:47:30,884 - root - INFO - In train()-> Train Ep. #48 loss: 0.575, accuracy: 77.56, lr: 0.01, sparsity: 0.000, network_width_mpl: 1.0
2024-11-14 01:47:31,008 - root - INFO - In validate()-> Val Ep. #48 loss: 0.599, accuracy: 79.40, sparsity: 0.000, task1 ratio: 1.000, zero ratio: 0.000, mpl: 1.0
2024-11-14 01:47:31,294 - root - INFO - In train()-> Train Ep. #49 loss: 0.598, accuracy: 76.80, lr: 0.01, sparsity: 0.000, network_width_mpl: 1.0
2024-11-14 01:47:31,402 - root - INFO - In validate()-> Val Ep. #49 loss: 0.566, accuracy: 78.20, sparsity: 0.000, task1 ratio: 1.000, zero ratio: 0.000, mpl: 1.0
2024-11-14 01:47:31,715 - root - INFO - In train()-> Train Ep. #50 loss: 0.585, accuracy: 77.80, lr: 0.01, sparsity: 0.000, network_width_mpl: 1.0
2024-11-14 01:47:31,820 - root - INFO - In validate()-> Val Ep. #50 loss: 0.558, accuracy: 80.60, sparsity: 0.000, task1 ratio: 1.000, zero ratio: 0.000, mpl: 1.0
2024-11-14 01:47:32,120 - root - INFO - In train()-> Train Ep. #51 loss: 0.539, accuracy: 80.36, lr: 0.001, sparsity: 0.000, network_width_mpl: 1.0
2024-11-14 01:47:32,240 - root - INFO - In validate()-> Val Ep. #51 loss: 0.524, accuracy: 81.00, sparsity: 0.000, task1 ratio: 1.000, zero ratio: 0.000, mpl: 1.0
2024-11-14 01:47:32,545 - root - INFO - In train()-> Train Ep. #52 loss: 0.503, accuracy: 81.92, lr: 0.001, sparsity: 0.000, network_width_mpl: 1.0
2024-11-14 01:47:32,651 - root - INFO - In validate()-> Val Ep. #52 loss: 0.509, accuracy: 81.20, sparsity: 0.000, task1 ratio: 1.000, zero ratio: 0.000, mpl: 1.0
2024-11-14 01:47:33,002 - root - INFO - In train()-> Train Ep. #53 loss: 0.500, accuracy: 80.76, lr: 0.001, sparsity: 0.000, network_width_mpl: 1.0
2024-11-14 01:47:33,107 - root - INFO - In validate()-> Val Ep. #53 loss: 0.518, accuracy: 81.20, sparsity: 0.000, task1 ratio: 1.000, zero ratio: 0.000, mpl: 1.0
2024-11-14 01:47:33,430 - root - INFO - In train()-> Train Ep. #54 loss: 0.490, accuracy: 81.56, lr: 0.001, sparsity: 0.000, network_width_mpl: 1.0
2024-11-14 01:47:33,543 - root - INFO - In validate()-> Val Ep. #54 loss: 0.505, accuracy: 81.20, sparsity: 0.000, task1 ratio: 1.000, zero ratio: 0.000, mpl: 1.0
2024-11-14 01:47:33,846 - root - INFO - In train()-> Train Ep. #55 loss: 0.478, accuracy: 81.36, lr: 0.001, sparsity: 0.000, network_width_mpl: 1.0
2024-11-14 01:47:33,956 - root - INFO - In validate()-> Val Ep. #55 loss: 0.515, accuracy: 81.80, sparsity: 0.000, task1 ratio: 1.000, zero ratio: 0.000, mpl: 1.0
2024-11-14 01:47:34,267 - root - INFO - In train()-> Train Ep. #56 loss: 0.498, accuracy: 81.24, lr: 0.001, sparsity: 0.000, network_width_mpl: 1.0
2024-11-14 01:47:34,375 - root - INFO - In validate()-> Val Ep. #56 loss: 0.528, accuracy: 81.60, sparsity: 0.000, task1 ratio: 1.000, zero ratio: 0.000, mpl: 1.0
2024-11-14 01:47:34,674 - root - INFO - In train()-> Train Ep. #57 loss: 0.460, accuracy: 82.16, lr: 0.001, sparsity: 0.000, network_width_mpl: 1.0
2024-11-14 01:47:34,782 - root - INFO - In validate()-> Val Ep. #57 loss: 0.494, accuracy: 82.80, sparsity: 0.000, task1 ratio: 1.000, zero ratio: 0.000, mpl: 1.0
2024-11-14 01:47:35,100 - root - INFO - In train()-> Train Ep. #58 loss: 0.467, accuracy: 82.96, lr: 0.001, sparsity: 0.000, network_width_mpl: 1.0
2024-11-14 01:47:35,208 - root - INFO - In validate()-> Val Ep. #58 loss: 0.488, accuracy: 82.20, sparsity: 0.000, task1 ratio: 1.000, zero ratio: 0.000, mpl: 1.0
2024-11-14 01:47:35,507 - root - INFO - In train()-> Train Ep. #59 loss: 0.473, accuracy: 81.56, lr: 0.001, sparsity: 0.000, network_width_mpl: 1.0
2024-11-14 01:47:35,623 - root - INFO - In validate()-> Val Ep. #59 loss: 0.500, accuracy: 81.20, sparsity: 0.000, task1 ratio: 1.000, zero ratio: 0.000, mpl: 1.0
2024-11-14 01:47:35,970 - root - INFO - In train()-> Train Ep. #60 loss: 0.464, accuracy: 82.80, lr: 0.001, sparsity: 0.000, network_width_mpl: 1.0
2024-11-14 01:47:36,089 - root - INFO - In validate()-> Val Ep. #60 loss: 0.509, accuracy: 81.60, sparsity: 0.000, task1 ratio: 1.000, zero ratio: 0.000, mpl: 1.0
2024-11-14 01:47:36,406 - root - INFO - In train()-> Train Ep. #61 loss: 0.467, accuracy: 82.32, lr: 0.001, sparsity: 0.000, network_width_mpl: 1.0
2024-11-14 01:47:36,520 - root - INFO - In validate()-> Val Ep. #61 loss: 0.509, accuracy: 80.60, sparsity: 0.000, task1 ratio: 1.000, zero ratio: 0.000, mpl: 1.0
2024-11-14 01:47:36,822 - root - INFO - In train()-> Train Ep. #62 loss: 0.467, accuracy: 82.48, lr: 0.001, sparsity: 0.000, network_width_mpl: 1.0
2024-11-14 01:47:36,927 - root - INFO - In validate()-> Val Ep. #62 loss: 0.495, accuracy: 82.40, sparsity: 0.000, task1 ratio: 1.000, zero ratio: 0.000, mpl: 1.0
2024-11-14 01:47:37,239 - root - INFO - In train()-> Train Ep. #63 loss: 0.469, accuracy: 81.92, lr: 0.001, sparsity: 0.000, network_width_mpl: 1.0
2024-11-14 01:47:37,350 - root - INFO - In validate()-> Val Ep. #63 loss: 0.499, accuracy: 80.80, sparsity: 0.000, task1 ratio: 1.000, zero ratio: 0.000, mpl: 1.0
2024-11-14 01:47:37,668 - root - INFO - In train()-> Train Ep. #64 loss: 0.475, accuracy: 82.32, lr: 0.001, sparsity: 0.000, network_width_mpl: 1.0
2024-11-14 01:47:37,779 - root - INFO - In validate()-> Val Ep. #64 loss: 0.501, accuracy: 82.20, sparsity: 0.000, task1 ratio: 1.000, zero ratio: 0.000, mpl: 1.0
2024-11-14 01:47:38,085 - root - INFO - In train()-> Train Ep. #65 loss: 0.465, accuracy: 83.24, lr: 0.001, sparsity: 0.000, network_width_mpl: 1.0
2024-11-14 01:47:38,203 - root - INFO - In validate()-> Val Ep. #65 loss: 0.505, accuracy: 80.80, sparsity: 0.000, task1 ratio: 1.000, zero ratio: 0.000, mpl: 1.0
2024-11-14 01:47:38,527 - root - INFO - In train()-> Train Ep. #66 loss: 0.452, accuracy: 82.84, lr: 0.001, sparsity: 0.000, network_width_mpl: 1.0
2024-11-14 01:47:38,646 - root - INFO - In validate()-> Val Ep. #66 loss: 0.502, accuracy: 81.40, sparsity: 0.000, task1 ratio: 1.000, zero ratio: 0.000, mpl: 1.0
2024-11-14 01:47:38,944 - root - INFO - In train()-> Train Ep. #67 loss: 0.456, accuracy: 82.36, lr: 0.001, sparsity: 0.000, network_width_mpl: 1.0
2024-11-14 01:47:39,054 - root - INFO - In validate()-> Val Ep. #67 loss: 0.502, accuracy: 82.00, sparsity: 0.000, task1 ratio: 1.000, zero ratio: 0.000, mpl: 1.0
2024-11-14 01:47:39,350 - root - INFO - In train()-> Train Ep. #68 loss: 0.444, accuracy: 83.08, lr: 0.001, sparsity: 0.000, network_width_mpl: 1.0
2024-11-14 01:47:39,460 - root - INFO - In validate()-> Val Ep. #68 loss: 0.506, accuracy: 81.40, sparsity: 0.000, task1 ratio: 1.000, zero ratio: 0.000, mpl: 1.0
2024-11-14 01:47:39,776 - root - INFO - In train()-> Train Ep. #69 loss: 0.462, accuracy: 81.76, lr: 0.001, sparsity: 0.000, network_width_mpl: 1.0
2024-11-14 01:47:39,885 - root - INFO - In validate()-> Val Ep. #69 loss: 0.528, accuracy: 81.60, sparsity: 0.000, task1 ratio: 1.000, zero ratio: 0.000, mpl: 1.0
2024-11-14 01:47:40,232 - root - INFO - In train()-> Train Ep. #70 loss: 0.450, accuracy: 82.32, lr: 0.001, sparsity: 0.000, network_width_mpl: 1.0
2024-11-14 01:47:40,336 - root - INFO - In validate()-> Val Ep. #70 loss: 0.511, accuracy: 81.60, sparsity: 0.000, task1 ratio: 1.000, zero ratio: 0.000, mpl: 1.0
2024-11-14 01:47:40,670 - root - INFO - In train()-> Train Ep. #71 loss: 0.442, accuracy: 83.36, lr: 0.001, sparsity: 0.000, network_width_mpl: 1.0
2024-11-14 01:47:40,784 - root - INFO - In validate()-> Val Ep. #71 loss: 0.507, accuracy: 80.60, sparsity: 0.000, task1 ratio: 1.000, zero ratio: 0.000, mpl: 1.0
2024-11-14 01:47:41,116 - root - INFO - In train()-> Train Ep. #72 loss: 0.456, accuracy: 82.48, lr: 0.001, sparsity: 0.000, network_width_mpl: 1.0
2024-11-14 01:47:41,229 - root - INFO - In validate()-> Val Ep. #72 loss: 0.498, accuracy: 82.20, sparsity: 0.000, task1 ratio: 1.000, zero ratio: 0.000, mpl: 1.0
2024-11-14 01:47:41,573 - root - INFO - In train()-> Train Ep. #73 loss: 0.462, accuracy: 82.40, lr: 0.001, sparsity: 0.000, network_width_mpl: 1.0
2024-11-14 01:47:41,688 - root - INFO - In validate()-> Val Ep. #73 loss: 0.505, accuracy: 80.40, sparsity: 0.000, task1 ratio: 1.000, zero ratio: 0.000, mpl: 1.0
2024-11-14 01:47:41,985 - root - INFO - In train()-> Train Ep. #74 loss: 0.453, accuracy: 82.96, lr: 0.001, sparsity: 0.000, network_width_mpl: 1.0
2024-11-14 01:47:42,102 - root - INFO - In validate()-> Val Ep. #74 loss: 0.497, accuracy: 81.40, sparsity: 0.000, task1 ratio: 1.000, zero ratio: 0.000, mpl: 1.0
2024-11-14 01:47:42,406 - root - INFO - In train()-> Train Ep. #75 loss: 0.446, accuracy: 82.88, lr: 0.001, sparsity: 0.000, network_width_mpl: 1.0
2024-11-14 01:47:42,520 - root - INFO - In validate()-> Val Ep. #75 loss: 0.499, accuracy: 82.00, sparsity: 0.000, task1 ratio: 1.000, zero ratio: 0.000, mpl: 1.0
2024-11-14 01:47:42,817 - root - INFO - In train()-> Train Ep. #76 loss: 0.456, accuracy: 82.52, lr: 0.001, sparsity: 0.000, network_width_mpl: 1.0
2024-11-14 01:47:42,948 - root - INFO - In validate()-> Val Ep. #76 loss: 0.522, accuracy: 80.60, sparsity: 0.000, task1 ratio: 1.000, zero ratio: 0.000, mpl: 1.0
2024-11-14 01:47:43,274 - root - INFO - In train()-> Train Ep. #77 loss: 0.457, accuracy: 82.12, lr: 0.001, sparsity: 0.000, network_width_mpl: 1.0
2024-11-14 01:47:43,383 - root - INFO - In validate()-> Val Ep. #77 loss: 0.506, accuracy: 81.40, sparsity: 0.000, task1 ratio: 1.000, zero ratio: 0.000, mpl: 1.0
2024-11-14 01:47:43,676 - root - INFO - In train()-> Train Ep. #78 loss: 0.419, accuracy: 84.84, lr: 0.001, sparsity: 0.000, network_width_mpl: 1.0
2024-11-14 01:47:43,780 - root - INFO - In validate()-> Val Ep. #78 loss: 0.498, accuracy: 83.20, sparsity: 0.000, task1 ratio: 1.000, zero ratio: 0.000, mpl: 1.0
2024-11-14 01:47:44,117 - root - INFO - In train()-> Train Ep. #79 loss: 0.443, accuracy: 83.80, lr: 0.001, sparsity: 0.000, network_width_mpl: 1.0
2024-11-14 01:47:44,229 - root - INFO - In validate()-> Val Ep. #79 loss: 0.509, accuracy: 80.80, sparsity: 0.000, task1 ratio: 1.000, zero ratio: 0.000, mpl: 1.0
2024-11-14 01:47:44,549 - root - INFO - In train()-> Train Ep. #80 loss: 0.429, accuracy: 83.64, lr: 0.001, sparsity: 0.000, network_width_mpl: 1.0
2024-11-14 01:47:44,657 - root - INFO - In validate()-> Val Ep. #80 loss: 0.497, accuracy: 81.20, sparsity: 0.000, task1 ratio: 1.000, zero ratio: 0.000, mpl: 1.0
2024-11-14 01:47:44,977 - root - INFO - In train()-> Train Ep. #81 loss: 0.428, accuracy: 83.92, lr: 0.0001, sparsity: 0.000, network_width_mpl: 1.0
2024-11-14 01:47:45,081 - root - INFO - In validate()-> Val Ep. #81 loss: 0.495, accuracy: 81.40, sparsity: 0.000, task1 ratio: 1.000, zero ratio: 0.000, mpl: 1.0
2024-11-14 01:47:45,426 - root - INFO - In train()-> Train Ep. #82 loss: 0.433, accuracy: 83.88, lr: 0.0001, sparsity: 0.000, network_width_mpl: 1.0
2024-11-14 01:47:45,537 - root - INFO - In validate()-> Val Ep. #82 loss: 0.497, accuracy: 81.00, sparsity: 0.000, task1 ratio: 1.000, zero ratio: 0.000, mpl: 1.0
2024-11-14 01:47:45,826 - root - INFO - In train()-> Train Ep. #83 loss: 0.431, accuracy: 83.76, lr: 0.0001, sparsity: 0.000, network_width_mpl: 1.0
2024-11-14 01:47:45,941 - root - INFO - In validate()-> Val Ep. #83 loss: 0.505, accuracy: 80.80, sparsity: 0.000, task1 ratio: 1.000, zero ratio: 0.000, mpl: 1.0
2024-11-14 01:47:46,250 - root - INFO - In train()-> Train Ep. #84 loss: 0.414, accuracy: 84.56, lr: 0.0001, sparsity: 0.000, network_width_mpl: 1.0
2024-11-14 01:47:46,365 - root - INFO - In validate()-> Val Ep. #84 loss: 0.498, accuracy: 81.20, sparsity: 0.000, task1 ratio: 1.000, zero ratio: 0.000, mpl: 1.0
2024-11-14 01:47:46,664 - root - INFO - In train()-> Train Ep. #85 loss: 0.437, accuracy: 83.16, lr: 0.0001, sparsity: 0.000, network_width_mpl: 1.0
2024-11-14 01:47:46,776 - root - INFO - In validate()-> Val Ep. #85 loss: 0.504, accuracy: 81.00, sparsity: 0.000, task1 ratio: 1.000, zero ratio: 0.000, mpl: 1.0
2024-11-14 01:47:47,085 - root - INFO - In train()-> Train Ep. #86 loss: 0.435, accuracy: 83.32, lr: 0.0001, sparsity: 0.000, network_width_mpl: 1.0
2024-11-14 01:47:47,205 - root - INFO - In validate()-> Val Ep. #86 loss: 0.499, accuracy: 80.80, sparsity: 0.000, task1 ratio: 1.000, zero ratio: 0.000, mpl: 1.0
2024-11-14 01:47:47,539 - root - INFO - In train()-> Train Ep. #87 loss: 0.433, accuracy: 82.88, lr: 0.0001, sparsity: 0.000, network_width_mpl: 1.0
2024-11-14 01:47:47,645 - root - INFO - In validate()-> Val Ep. #87 loss: 0.503, accuracy: 80.40, sparsity: 0.000, task1 ratio: 1.000, zero ratio: 0.000, mpl: 1.0
2024-11-14 01:47:47,983 - root - INFO - In train()-> Train Ep. #88 loss: 0.425, accuracy: 83.36, lr: 0.0001, sparsity: 0.000, network_width_mpl: 1.0
2024-11-14 01:47:48,091 - root - INFO - In validate()-> Val Ep. #88 loss: 0.502, accuracy: 81.40, sparsity: 0.000, task1 ratio: 1.000, zero ratio: 0.000, mpl: 1.0
2024-11-14 01:47:48,416 - root - INFO - In train()-> Train Ep. #89 loss: 0.438, accuracy: 83.96, lr: 0.0001, sparsity: 0.000, network_width_mpl: 1.0
2024-11-14 01:47:48,546 - root - INFO - In validate()-> Val Ep. #89 loss: 0.506, accuracy: 81.40, sparsity: 0.000, task1 ratio: 1.000, zero ratio: 0.000, mpl: 1.0
2024-11-14 01:47:48,868 - root - INFO - In train()-> Train Ep. #90 loss: 0.428, accuracy: 83.76, lr: 0.0001, sparsity: 0.000, network_width_mpl: 1.0
2024-11-14 01:47:48,988 - root - INFO - In validate()-> Val Ep. #90 loss: 0.501, accuracy: 80.80, sparsity: 0.000, task1 ratio: 1.000, zero ratio: 0.000, mpl: 1.0
2024-11-14 01:47:49,290 - root - INFO - In train()-> Train Ep. #91 loss: 0.430, accuracy: 83.64, lr: 0.0001, sparsity: 0.000, network_width_mpl: 1.0
2024-11-14 01:47:49,400 - root - INFO - In validate()-> Val Ep. #91 loss: 0.498, accuracy: 81.60, sparsity: 0.000, task1 ratio: 1.000, zero ratio: 0.000, mpl: 1.0
2024-11-14 01:47:49,757 - root - INFO - In train()-> Train Ep. #92 loss: 0.435, accuracy: 83.32, lr: 0.0001, sparsity: 0.000, network_width_mpl: 1.0
2024-11-14 01:47:49,860 - root - INFO - In validate()-> Val Ep. #92 loss: 0.505, accuracy: 81.60, sparsity: 0.000, task1 ratio: 1.000, zero ratio: 0.000, mpl: 1.0
2024-11-14 01:47:50,163 - root - INFO - In train()-> Train Ep. #93 loss: 0.419, accuracy: 84.44, lr: 0.0001, sparsity: 0.000, network_width_mpl: 1.0
2024-11-14 01:47:50,279 - root - INFO - In validate()-> Val Ep. #93 loss: 0.508, accuracy: 80.80, sparsity: 0.000, task1 ratio: 1.000, zero ratio: 0.000, mpl: 1.0
2024-11-14 01:47:50,608 - root - INFO - In train()-> Train Ep. #94 loss: 0.434, accuracy: 82.88, lr: 0.0001, sparsity: 0.000, network_width_mpl: 1.0
2024-11-14 01:47:50,713 - root - INFO - In validate()-> Val Ep. #94 loss: 0.512, accuracy: 80.00, sparsity: 0.000, task1 ratio: 1.000, zero ratio: 0.000, mpl: 1.0
2024-11-14 01:47:51,046 - root - INFO - In train()-> Train Ep. #95 loss: 0.419, accuracy: 84.92, lr: 0.0001, sparsity: 0.000, network_width_mpl: 1.0
2024-11-14 01:47:51,152 - root - INFO - In validate()-> Val Ep. #95 loss: 0.497, accuracy: 81.20, sparsity: 0.000, task1 ratio: 1.000, zero ratio: 0.000, mpl: 1.0
2024-11-14 01:47:51,496 - root - INFO - In train()-> Train Ep. #96 loss: 0.415, accuracy: 84.60, lr: 0.0001, sparsity: 0.000, network_width_mpl: 1.0
2024-11-14 01:47:51,602 - root - INFO - In validate()-> Val Ep. #96 loss: 0.491, accuracy: 82.00, sparsity: 0.000, task1 ratio: 1.000, zero ratio: 0.000, mpl: 1.0
2024-11-14 01:47:51,943 - root - INFO - In train()-> Train Ep. #97 loss: 0.431, accuracy: 83.60, lr: 0.0001, sparsity: 0.000, network_width_mpl: 1.0
2024-11-14 01:47:52,051 - root - INFO - In validate()-> Val Ep. #97 loss: 0.493, accuracy: 82.20, sparsity: 0.000, task1 ratio: 1.000, zero ratio: 0.000, mpl: 1.0
2024-11-14 01:47:52,353 - root - INFO - In train()-> Train Ep. #98 loss: 0.433, accuracy: 83.24, lr: 0.0001, sparsity: 0.000, network_width_mpl: 1.0
2024-11-14 01:47:52,468 - root - INFO - In validate()-> Val Ep. #98 loss: 0.490, accuracy: 83.00, sparsity: 0.000, task1 ratio: 1.000, zero ratio: 0.000, mpl: 1.0
2024-11-14 01:47:52,812 - root - INFO - In train()-> Train Ep. #99 loss: 0.423, accuracy: 83.88, lr: 0.0001, sparsity: 0.000, network_width_mpl: 1.0
2024-11-14 01:47:52,939 - root - INFO - In validate()-> Val Ep. #99 loss: 0.497, accuracy: 81.60, sparsity: 0.000, task1 ratio: 1.000, zero ratio: 0.000, mpl: 1.0
2024-11-14 01:47:53,255 - root - INFO - In train()-> Train Ep. #100 loss: 0.429, accuracy: 84.76, lr: 0.0001, sparsity: 0.000, network_width_mpl: 1.0
2024-11-14 01:47:53,390 - root - INFO - In validate()-> Val Ep. #100 loss: 0.499, accuracy: 81.60, sparsity: 0.000, task1 ratio: 1.000, zero ratio: 0.000, mpl: 1.0
2024-11-14 01:47:53,392 - root - INFO - ----------------
2024-11-14 01:47:53,392 - root - INFO - It's time to expand the Network
2024-11-14 01:47:53,392 - root - INFO - Auto expand network
2024-11-14 01:47:55,744 - root - INFO - 
2024-11-14 01:47:55,745 - root - INFO - Before pruning: 
2024-11-14 01:47:55,745 - root - INFO - Sparsity range: 0.0 -> 0.1
2024-11-14 01:47:56,020 - root - INFO - In validate()-> Val Ep. #0 loss: 0.499, accuracy: 81.60, sparsity: 0.000, task1 ratio: 1.000, zero ratio: 0.000, mpl: 1.0
2024-11-14 01:47:56,020 - root - INFO - 
2024-11-14 01:47:56,394 - root - INFO - In train()-> Train Ep. #1 loss: 0.443, accuracy: 83.08, lr: 0.001, sparsity: 0.053, network_width_mpl: 1.0
2024-11-14 01:47:56,502 - root - INFO - In validate()-> Val Ep. #1 loss: 0.496, accuracy: 81.60, sparsity: 0.053, task1 ratio: 0.947, zero ratio: 0.053, mpl: 1.0
2024-11-14 01:47:56,833 - root - INFO - In train()-> Train Ep. #2 loss: 0.428, accuracy: 84.56, lr: 0.001, sparsity: 0.086, network_width_mpl: 1.0
2024-11-14 01:47:56,938 - root - INFO - In validate()-> Val Ep. #2 loss: 0.506, accuracy: 82.00, sparsity: 0.086, task1 ratio: 0.914, zero ratio: 0.086, mpl: 1.0
2024-11-14 01:47:57,257 - root - INFO - In train()-> Train Ep. #3 loss: 0.435, accuracy: 83.88, lr: 0.001, sparsity: 0.098, network_width_mpl: 1.0
2024-11-14 01:47:57,378 - root - INFO - In validate()-> Val Ep. #3 loss: 0.499, accuracy: 81.40, sparsity: 0.098, task1 ratio: 0.902, zero ratio: 0.098, mpl: 1.0
2024-11-14 01:47:57,685 - root - INFO - In train()-> Train Ep. #4 loss: 0.435, accuracy: 83.88, lr: 0.001, sparsity: 0.100, network_width_mpl: 1.0
2024-11-14 01:47:57,797 - root - INFO - In validate()-> Val Ep. #4 loss: 0.502, accuracy: 82.00, sparsity: 0.100, task1 ratio: 0.900, zero ratio: 0.100, mpl: 1.0
2024-11-14 01:47:58,114 - root - INFO - In train()-> Train Ep. #5 loss: 0.420, accuracy: 84.00, lr: 0.001, sparsity: 0.100, network_width_mpl: 1.0
2024-11-14 01:47:58,233 - root - INFO - In validate()-> Val Ep. #5 loss: 0.504, accuracy: 81.20, sparsity: 0.100, task1 ratio: 0.900, zero ratio: 0.100, mpl: 1.0
2024-11-14 01:47:58,595 - root - INFO - In train()-> Train Ep. #6 loss: 0.442, accuracy: 82.64, lr: 0.001, sparsity: 0.100, network_width_mpl: 1.0
2024-11-14 01:47:58,709 - root - INFO - In validate()-> Val Ep. #6 loss: 0.488, accuracy: 83.00, sparsity: 0.100, task1 ratio: 0.900, zero ratio: 0.100, mpl: 1.0
2024-11-14 01:47:59,015 - root - INFO - In train()-> Train Ep. #7 loss: 0.407, accuracy: 84.52, lr: 0.001, sparsity: 0.100, network_width_mpl: 1.0
2024-11-14 01:47:59,144 - root - INFO - In validate()-> Val Ep. #7 loss: 0.493, accuracy: 82.00, sparsity: 0.100, task1 ratio: 0.900, zero ratio: 0.100, mpl: 1.0
2024-11-14 01:47:59,447 - root - INFO - In train()-> Train Ep. #8 loss: 0.430, accuracy: 83.68, lr: 0.001, sparsity: 0.100, network_width_mpl: 1.0
2024-11-14 01:47:59,570 - root - INFO - In validate()-> Val Ep. #8 loss: 0.498, accuracy: 82.20, sparsity: 0.100, task1 ratio: 0.900, zero ratio: 0.100, mpl: 1.0
2024-11-14 01:47:59,930 - root - INFO - In train()-> Train Ep. #9 loss: 0.435, accuracy: 83.08, lr: 0.001, sparsity: 0.100, network_width_mpl: 1.0
2024-11-14 01:48:00,050 - root - INFO - In validate()-> Val Ep. #9 loss: 0.497, accuracy: 82.60, sparsity: 0.100, task1 ratio: 0.900, zero ratio: 0.100, mpl: 1.0
2024-11-14 01:48:00,376 - root - INFO - In train()-> Train Ep. #10 loss: 0.410, accuracy: 84.16, lr: 0.001, sparsity: 0.100, network_width_mpl: 1.0
2024-11-14 01:48:00,484 - root - INFO - In validate()-> Val Ep. #10 loss: 0.503, accuracy: 82.20, sparsity: 0.100, task1 ratio: 0.900, zero ratio: 0.100, mpl: 1.0
2024-11-14 01:48:00,797 - root - INFO - In train()-> Train Ep. #11 loss: 0.436, accuracy: 83.60, lr: 0.001, sparsity: 0.100, network_width_mpl: 1.0
2024-11-14 01:48:00,916 - root - INFO - In validate()-> Val Ep. #11 loss: 0.492, accuracy: 82.40, sparsity: 0.100, task1 ratio: 0.900, zero ratio: 0.100, mpl: 1.0
2024-11-14 01:48:01,235 - root - INFO - In train()-> Train Ep. #12 loss: 0.431, accuracy: 83.28, lr: 0.001, sparsity: 0.100, network_width_mpl: 1.0
2024-11-14 01:48:01,344 - root - INFO - In validate()-> Val Ep. #12 loss: 0.496, accuracy: 81.80, sparsity: 0.100, task1 ratio: 0.900, zero ratio: 0.100, mpl: 1.0
2024-11-14 01:48:01,661 - root - INFO - In train()-> Train Ep. #13 loss: 0.420, accuracy: 83.48, lr: 0.001, sparsity: 0.100, network_width_mpl: 1.0
2024-11-14 01:48:01,789 - root - INFO - In validate()-> Val Ep. #13 loss: 0.499, accuracy: 82.20, sparsity: 0.100, task1 ratio: 0.900, zero ratio: 0.100, mpl: 1.0
2024-11-14 01:48:02,104 - root - INFO - In train()-> Train Ep. #14 loss: 0.435, accuracy: 83.40, lr: 0.001, sparsity: 0.100, network_width_mpl: 1.0
2024-11-14 01:48:02,212 - root - INFO - In validate()-> Val Ep. #14 loss: 0.517, accuracy: 81.20, sparsity: 0.100, task1 ratio: 0.900, zero ratio: 0.100, mpl: 1.0
2024-11-14 01:48:02,525 - root - INFO - In train()-> Train Ep. #15 loss: 0.426, accuracy: 84.00, lr: 0.001, sparsity: 0.100, network_width_mpl: 1.0
2024-11-14 01:48:02,638 - root - INFO - In validate()-> Val Ep. #15 loss: 0.500, accuracy: 83.60, sparsity: 0.100, task1 ratio: 0.900, zero ratio: 0.100, mpl: 1.0
2024-11-14 01:48:02,981 - root - INFO - In train()-> Train Ep. #16 loss: 0.412, accuracy: 84.16, lr: 0.001, sparsity: 0.100, network_width_mpl: 1.0
2024-11-14 01:48:03,095 - root - INFO - In validate()-> Val Ep. #16 loss: 0.488, accuracy: 82.60, sparsity: 0.100, task1 ratio: 0.900, zero ratio: 0.100, mpl: 1.0
2024-11-14 01:48:03,427 - root - INFO - In train()-> Train Ep. #17 loss: 0.419, accuracy: 84.16, lr: 0.001, sparsity: 0.100, network_width_mpl: 1.0
2024-11-14 01:48:03,542 - root - INFO - In validate()-> Val Ep. #17 loss: 0.514, accuracy: 79.80, sparsity: 0.100, task1 ratio: 0.900, zero ratio: 0.100, mpl: 1.0
2024-11-14 01:48:03,840 - root - INFO - In train()-> Train Ep. #18 loss: 0.405, accuracy: 84.68, lr: 0.001, sparsity: 0.100, network_width_mpl: 1.0
2024-11-14 01:48:03,952 - root - INFO - In validate()-> Val Ep. #18 loss: 0.490, accuracy: 82.20, sparsity: 0.100, task1 ratio: 0.900, zero ratio: 0.100, mpl: 1.0
2024-11-14 01:48:04,276 - root - INFO - In train()-> Train Ep. #19 loss: 0.407, accuracy: 84.40, lr: 0.001, sparsity: 0.100, network_width_mpl: 1.0
2024-11-14 01:48:04,393 - root - INFO - In validate()-> Val Ep. #19 loss: 0.498, accuracy: 82.60, sparsity: 0.100, task1 ratio: 0.900, zero ratio: 0.100, mpl: 1.0
2024-11-14 01:48:04,725 - root - INFO - In train()-> Train Ep. #20 loss: 0.411, accuracy: 84.08, lr: 0.001, sparsity: 0.100, network_width_mpl: 1.0
2024-11-14 01:48:04,836 - root - INFO - In validate()-> Val Ep. #20 loss: 0.506, accuracy: 81.60, sparsity: 0.100, task1 ratio: 0.900, zero ratio: 0.100, mpl: 1.0
2024-11-14 01:48:04,838 - root - INFO - ----------------
2024-11-14 01:48:07,173 - root - INFO - 
2024-11-14 01:48:07,173 - root - INFO - Before pruning: 
2024-11-14 01:48:07,173 - root - INFO - Sparsity range: 0.1 -> 0.2
2024-11-14 01:48:07,448 - root - INFO - In validate()-> Val Ep. #0 loss: 0.506, accuracy: 81.60, sparsity: 0.100, task1 ratio: 0.900, zero ratio: 0.100, mpl: 1.0
2024-11-14 01:48:07,448 - root - INFO - 
2024-11-14 01:48:07,828 - root - INFO - In train()-> Train Ep. #1 loss: 0.411, accuracy: 83.92, lr: 0.001, sparsity: 0.153, network_width_mpl: 1.0
2024-11-14 01:48:07,952 - root - INFO - In validate()-> Val Ep. #1 loss: 0.497, accuracy: 81.80, sparsity: 0.153, task1 ratio: 0.847, zero ratio: 0.153, mpl: 1.0
2024-11-14 01:48:08,266 - root - INFO - In train()-> Train Ep. #2 loss: 0.402, accuracy: 85.44, lr: 0.001, sparsity: 0.186, network_width_mpl: 1.0
2024-11-14 01:48:08,380 - root - INFO - In validate()-> Val Ep. #2 loss: 0.517, accuracy: 82.20, sparsity: 0.186, task1 ratio: 0.814, zero ratio: 0.186, mpl: 1.0
2024-11-14 01:48:08,705 - root - INFO - In train()-> Train Ep. #3 loss: 0.409, accuracy: 84.52, lr: 0.001, sparsity: 0.198, network_width_mpl: 1.0
2024-11-14 01:48:08,811 - root - INFO - In validate()-> Val Ep. #3 loss: 0.501, accuracy: 82.80, sparsity: 0.198, task1 ratio: 0.802, zero ratio: 0.198, mpl: 1.0
2024-11-14 01:48:09,131 - root - INFO - In train()-> Train Ep. #4 loss: 0.409, accuracy: 84.60, lr: 0.001, sparsity: 0.200, network_width_mpl: 1.0
2024-11-14 01:48:09,237 - root - INFO - In validate()-> Val Ep. #4 loss: 0.510, accuracy: 81.40, sparsity: 0.200, task1 ratio: 0.800, zero ratio: 0.200, mpl: 1.0
2024-11-14 01:48:09,554 - root - INFO - In train()-> Train Ep. #5 loss: 0.388, accuracy: 85.52, lr: 0.001, sparsity: 0.200, network_width_mpl: 1.0
2024-11-14 01:48:09,665 - root - INFO - In validate()-> Val Ep. #5 loss: 0.504, accuracy: 81.40, sparsity: 0.200, task1 ratio: 0.800, zero ratio: 0.200, mpl: 1.0
2024-11-14 01:48:09,964 - root - INFO - In train()-> Train Ep. #6 loss: 0.411, accuracy: 84.32, lr: 0.001, sparsity: 0.200, network_width_mpl: 1.0
2024-11-14 01:48:10,073 - root - INFO - In validate()-> Val Ep. #6 loss: 0.490, accuracy: 82.60, sparsity: 0.200, task1 ratio: 0.800, zero ratio: 0.200, mpl: 1.0
2024-11-14 01:48:10,393 - root - INFO - In train()-> Train Ep. #7 loss: 0.380, accuracy: 85.60, lr: 0.001, sparsity: 0.200, network_width_mpl: 1.0
2024-11-14 01:48:10,506 - root - INFO - In validate()-> Val Ep. #7 loss: 0.495, accuracy: 82.20, sparsity: 0.200, task1 ratio: 0.800, zero ratio: 0.200, mpl: 1.0
2024-11-14 01:48:10,812 - root - INFO - In train()-> Train Ep. #8 loss: 0.400, accuracy: 84.84, lr: 0.001, sparsity: 0.200, network_width_mpl: 1.0
2024-11-14 01:48:10,922 - root - INFO - In validate()-> Val Ep. #8 loss: 0.500, accuracy: 82.80, sparsity: 0.200, task1 ratio: 0.800, zero ratio: 0.200, mpl: 1.0
2024-11-14 01:48:11,221 - root - INFO - In train()-> Train Ep. #9 loss: 0.405, accuracy: 83.92, lr: 0.001, sparsity: 0.200, network_width_mpl: 1.0
2024-11-14 01:48:11,331 - root - INFO - In validate()-> Val Ep. #9 loss: 0.504, accuracy: 82.80, sparsity: 0.200, task1 ratio: 0.800, zero ratio: 0.200, mpl: 1.0
2024-11-14 01:48:11,634 - root - INFO - In train()-> Train Ep. #10 loss: 0.381, accuracy: 85.32, lr: 0.001, sparsity: 0.200, network_width_mpl: 1.0
2024-11-14 01:48:11,753 - root - INFO - In validate()-> Val Ep. #10 loss: 0.512, accuracy: 82.20, sparsity: 0.200, task1 ratio: 0.800, zero ratio: 0.200, mpl: 1.0
2024-11-14 01:48:12,070 - root - INFO - In train()-> Train Ep. #11 loss: 0.404, accuracy: 84.72, lr: 0.001, sparsity: 0.200, network_width_mpl: 1.0
2024-11-14 01:48:12,186 - root - INFO - In validate()-> Val Ep. #11 loss: 0.499, accuracy: 82.20, sparsity: 0.200, task1 ratio: 0.800, zero ratio: 0.200, mpl: 1.0
2024-11-14 01:48:12,522 - root - INFO - In train()-> Train Ep. #12 loss: 0.399, accuracy: 84.32, lr: 0.001, sparsity: 0.200, network_width_mpl: 1.0
2024-11-14 01:48:12,640 - root - INFO - In validate()-> Val Ep. #12 loss: 0.501, accuracy: 82.00, sparsity: 0.200, task1 ratio: 0.800, zero ratio: 0.200, mpl: 1.0
2024-11-14 01:48:12,954 - root - INFO - In train()-> Train Ep. #13 loss: 0.392, accuracy: 84.60, lr: 0.001, sparsity: 0.200, network_width_mpl: 1.0
2024-11-14 01:48:13,075 - root - INFO - In validate()-> Val Ep. #13 loss: 0.500, accuracy: 81.80, sparsity: 0.200, task1 ratio: 0.800, zero ratio: 0.200, mpl: 1.0
2024-11-14 01:48:13,397 - root - INFO - In train()-> Train Ep. #14 loss: 0.405, accuracy: 84.04, lr: 0.001, sparsity: 0.200, network_width_mpl: 1.0
2024-11-14 01:48:13,502 - root - INFO - In validate()-> Val Ep. #14 loss: 0.521, accuracy: 80.80, sparsity: 0.200, task1 ratio: 0.800, zero ratio: 0.200, mpl: 1.0
2024-11-14 01:48:13,842 - root - INFO - In train()-> Train Ep. #15 loss: 0.395, accuracy: 85.32, lr: 0.001, sparsity: 0.200, network_width_mpl: 1.0
2024-11-14 01:48:13,955 - root - INFO - In validate()-> Val Ep. #15 loss: 0.504, accuracy: 83.40, sparsity: 0.200, task1 ratio: 0.800, zero ratio: 0.200, mpl: 1.0
2024-11-14 01:48:14,257 - root - INFO - In train()-> Train Ep. #16 loss: 0.381, accuracy: 85.24, lr: 0.001, sparsity: 0.200, network_width_mpl: 1.0
2024-11-14 01:48:14,379 - root - INFO - In validate()-> Val Ep. #16 loss: 0.491, accuracy: 82.80, sparsity: 0.200, task1 ratio: 0.800, zero ratio: 0.200, mpl: 1.0
2024-11-14 01:48:14,681 - root - INFO - In train()-> Train Ep. #17 loss: 0.391, accuracy: 85.40, lr: 0.001, sparsity: 0.200, network_width_mpl: 1.0
2024-11-14 01:48:14,790 - root - INFO - In validate()-> Val Ep. #17 loss: 0.515, accuracy: 79.20, sparsity: 0.200, task1 ratio: 0.800, zero ratio: 0.200, mpl: 1.0
2024-11-14 01:48:15,106 - root - INFO - In train()-> Train Ep. #18 loss: 0.374, accuracy: 86.16, lr: 0.001, sparsity: 0.200, network_width_mpl: 1.0
2024-11-14 01:48:15,219 - root - INFO - In validate()-> Val Ep. #18 loss: 0.493, accuracy: 82.40, sparsity: 0.200, task1 ratio: 0.800, zero ratio: 0.200, mpl: 1.0
2024-11-14 01:48:15,545 - root - INFO - In train()-> Train Ep. #19 loss: 0.378, accuracy: 85.96, lr: 0.001, sparsity: 0.200, network_width_mpl: 1.0
2024-11-14 01:48:15,652 - root - INFO - In validate()-> Val Ep. #19 loss: 0.503, accuracy: 82.00, sparsity: 0.200, task1 ratio: 0.800, zero ratio: 0.200, mpl: 1.0
2024-11-14 01:48:15,942 - root - INFO - In train()-> Train Ep. #20 loss: 0.382, accuracy: 85.16, lr: 0.001, sparsity: 0.200, network_width_mpl: 1.0
2024-11-14 01:48:16,066 - root - INFO - In validate()-> Val Ep. #20 loss: 0.510, accuracy: 81.80, sparsity: 0.200, task1 ratio: 0.800, zero ratio: 0.200, mpl: 1.0
2024-11-14 01:48:16,068 - root - INFO - ----------------
2024-11-14 01:48:18,418 - root - INFO - 
2024-11-14 01:48:18,418 - root - INFO - Before pruning: 
2024-11-14 01:48:18,418 - root - INFO - Sparsity range: 0.2 -> 0.3
2024-11-14 01:48:18,697 - root - INFO - In validate()-> Val Ep. #0 loss: 0.510, accuracy: 81.80, sparsity: 0.200, task1 ratio: 0.800, zero ratio: 0.200, mpl: 1.0
2024-11-14 01:48:18,697 - root - INFO - 
2024-11-14 01:48:19,086 - root - INFO - In train()-> Train Ep. #1 loss: 0.384, accuracy: 84.96, lr: 0.001, sparsity: 0.253, network_width_mpl: 1.0
2024-11-14 01:48:19,193 - root - INFO - In validate()-> Val Ep. #1 loss: 0.500, accuracy: 80.80, sparsity: 0.253, task1 ratio: 0.747, zero ratio: 0.253, mpl: 1.0
2024-11-14 01:48:19,529 - root - INFO - In train()-> Train Ep. #2 loss: 0.380, accuracy: 85.96, lr: 0.001, sparsity: 0.286, network_width_mpl: 1.0
2024-11-14 01:48:19,641 - root - INFO - In validate()-> Val Ep. #2 loss: 0.531, accuracy: 81.00, sparsity: 0.286, task1 ratio: 0.714, zero ratio: 0.286, mpl: 1.0
2024-11-14 01:48:19,962 - root - INFO - In train()-> Train Ep. #3 loss: 0.389, accuracy: 85.72, lr: 0.001, sparsity: 0.298, network_width_mpl: 1.0
2024-11-14 01:48:20,105 - root - INFO - In validate()-> Val Ep. #3 loss: 0.504, accuracy: 82.20, sparsity: 0.298, task1 ratio: 0.702, zero ratio: 0.298, mpl: 1.0
2024-11-14 01:48:20,421 - root - INFO - In train()-> Train Ep. #4 loss: 0.388, accuracy: 85.56, lr: 0.001, sparsity: 0.301, network_width_mpl: 1.0
2024-11-14 01:48:20,537 - root - INFO - In validate()-> Val Ep. #4 loss: 0.513, accuracy: 82.20, sparsity: 0.301, task1 ratio: 0.699, zero ratio: 0.301, mpl: 1.0
2024-11-14 01:48:20,857 - root - INFO - In train()-> Train Ep. #5 loss: 0.366, accuracy: 86.52, lr: 0.001, sparsity: 0.301, network_width_mpl: 1.0
2024-11-14 01:48:20,972 - root - INFO - In validate()-> Val Ep. #5 loss: 0.500, accuracy: 82.40, sparsity: 0.301, task1 ratio: 0.699, zero ratio: 0.301, mpl: 1.0
2024-11-14 01:48:21,258 - root - INFO - In train()-> Train Ep. #6 loss: 0.387, accuracy: 84.72, lr: 0.001, sparsity: 0.301, network_width_mpl: 1.0
2024-11-14 01:48:21,366 - root - INFO - In validate()-> Val Ep. #6 loss: 0.489, accuracy: 82.40, sparsity: 0.301, task1 ratio: 0.699, zero ratio: 0.301, mpl: 1.0
2024-11-14 01:48:21,683 - root - INFO - In train()-> Train Ep. #7 loss: 0.356, accuracy: 86.16, lr: 0.001, sparsity: 0.301, network_width_mpl: 1.0
2024-11-14 01:48:21,792 - root - INFO - In validate()-> Val Ep. #7 loss: 0.492, accuracy: 82.60, sparsity: 0.301, task1 ratio: 0.699, zero ratio: 0.301, mpl: 1.0
2024-11-14 01:48:22,145 - root - INFO - In train()-> Train Ep. #8 loss: 0.373, accuracy: 85.84, lr: 0.001, sparsity: 0.301, network_width_mpl: 1.0
2024-11-14 01:48:22,252 - root - INFO - In validate()-> Val Ep. #8 loss: 0.498, accuracy: 82.00, sparsity: 0.301, task1 ratio: 0.699, zero ratio: 0.301, mpl: 1.0
2024-11-14 01:48:22,553 - root - INFO - In train()-> Train Ep. #9 loss: 0.377, accuracy: 85.64, lr: 0.001, sparsity: 0.301, network_width_mpl: 1.0
2024-11-14 01:48:22,670 - root - INFO - In validate()-> Val Ep. #9 loss: 0.506, accuracy: 81.60, sparsity: 0.301, task1 ratio: 0.699, zero ratio: 0.301, mpl: 1.0
2024-11-14 01:48:22,998 - root - INFO - In train()-> Train Ep. #10 loss: 0.358, accuracy: 86.56, lr: 0.001, sparsity: 0.301, network_width_mpl: 1.0
2024-11-14 01:48:23,113 - root - INFO - In validate()-> Val Ep. #10 loss: 0.511, accuracy: 82.60, sparsity: 0.301, task1 ratio: 0.699, zero ratio: 0.301, mpl: 1.0
2024-11-14 01:48:23,445 - root - INFO - In train()-> Train Ep. #11 loss: 0.378, accuracy: 85.72, lr: 0.001, sparsity: 0.301, network_width_mpl: 1.0
2024-11-14 01:48:23,560 - root - INFO - In validate()-> Val Ep. #11 loss: 0.499, accuracy: 81.80, sparsity: 0.301, task1 ratio: 0.699, zero ratio: 0.301, mpl: 1.0
2024-11-14 01:48:23,869 - root - INFO - In train()-> Train Ep. #12 loss: 0.373, accuracy: 85.76, lr: 0.001, sparsity: 0.301, network_width_mpl: 1.0
2024-11-14 01:48:23,977 - root - INFO - In validate()-> Val Ep. #12 loss: 0.502, accuracy: 82.40, sparsity: 0.301, task1 ratio: 0.699, zero ratio: 0.301, mpl: 1.0
2024-11-14 01:48:24,282 - root - INFO - In train()-> Train Ep. #13 loss: 0.365, accuracy: 85.68, lr: 0.001, sparsity: 0.301, network_width_mpl: 1.0
2024-11-14 01:48:24,410 - root - INFO - In validate()-> Val Ep. #13 loss: 0.504, accuracy: 82.60, sparsity: 0.301, task1 ratio: 0.699, zero ratio: 0.301, mpl: 1.0
2024-11-14 01:48:24,700 - root - INFO - In train()-> Train Ep. #14 loss: 0.379, accuracy: 85.36, lr: 0.001, sparsity: 0.301, network_width_mpl: 1.0
2024-11-14 01:48:24,808 - root - INFO - In validate()-> Val Ep. #14 loss: 0.525, accuracy: 81.40, sparsity: 0.301, task1 ratio: 0.699, zero ratio: 0.301, mpl: 1.0
2024-11-14 01:48:25,111 - root - INFO - In train()-> Train Ep. #15 loss: 0.370, accuracy: 86.32, lr: 0.001, sparsity: 0.301, network_width_mpl: 1.0
2024-11-14 01:48:25,234 - root - INFO - In validate()-> Val Ep. #15 loss: 0.507, accuracy: 83.60, sparsity: 0.301, task1 ratio: 0.699, zero ratio: 0.301, mpl: 1.0
2024-11-14 01:48:25,545 - root - INFO - In train()-> Train Ep. #16 loss: 0.356, accuracy: 85.80, lr: 0.001, sparsity: 0.301, network_width_mpl: 1.0
2024-11-14 01:48:25,655 - root - INFO - In validate()-> Val Ep. #16 loss: 0.498, accuracy: 83.20, sparsity: 0.301, task1 ratio: 0.699, zero ratio: 0.301, mpl: 1.0
2024-11-14 01:48:25,954 - root - INFO - In train()-> Train Ep. #17 loss: 0.369, accuracy: 86.04, lr: 0.001, sparsity: 0.301, network_width_mpl: 1.0
2024-11-14 01:48:26,063 - root - INFO - In validate()-> Val Ep. #17 loss: 0.515, accuracy: 80.60, sparsity: 0.301, task1 ratio: 0.699, zero ratio: 0.301, mpl: 1.0
2024-11-14 01:48:26,403 - root - INFO - In train()-> Train Ep. #18 loss: 0.347, accuracy: 87.48, lr: 0.001, sparsity: 0.301, network_width_mpl: 1.0
2024-11-14 01:48:26,523 - root - INFO - In validate()-> Val Ep. #18 loss: 0.497, accuracy: 82.40, sparsity: 0.301, task1 ratio: 0.699, zero ratio: 0.301, mpl: 1.0
2024-11-14 01:48:26,852 - root - INFO - In train()-> Train Ep. #19 loss: 0.355, accuracy: 86.68, lr: 0.001, sparsity: 0.301, network_width_mpl: 1.0
2024-11-14 01:48:26,988 - root - INFO - In validate()-> Val Ep. #19 loss: 0.509, accuracy: 81.20, sparsity: 0.301, task1 ratio: 0.699, zero ratio: 0.301, mpl: 1.0
2024-11-14 01:48:27,327 - root - INFO - In train()-> Train Ep. #20 loss: 0.357, accuracy: 86.72, lr: 0.001, sparsity: 0.301, network_width_mpl: 1.0
2024-11-14 01:48:27,438 - root - INFO - In validate()-> Val Ep. #20 loss: 0.515, accuracy: 82.40, sparsity: 0.301, task1 ratio: 0.699, zero ratio: 0.301, mpl: 1.0
2024-11-14 01:48:27,440 - root - INFO - ----------------
2024-11-14 01:48:29,790 - root - INFO - 
2024-11-14 01:48:29,790 - root - INFO - Before pruning: 
2024-11-14 01:48:29,790 - root - INFO - Sparsity range: 0.3 -> 0.4
2024-11-14 01:48:30,095 - root - INFO - In validate()-> Val Ep. #0 loss: 0.515, accuracy: 82.40, sparsity: 0.301, task1 ratio: 0.699, zero ratio: 0.301, mpl: 1.0
2024-11-14 01:48:30,095 - root - INFO - 
2024-11-14 01:48:30,494 - root - INFO - In train()-> Train Ep. #1 loss: 0.358, accuracy: 86.20, lr: 0.001, sparsity: 0.353, network_width_mpl: 1.0
2024-11-14 01:48:30,597 - root - INFO - In validate()-> Val Ep. #1 loss: 0.532, accuracy: 80.60, sparsity: 0.353, task1 ratio: 0.647, zero ratio: 0.353, mpl: 1.0
2024-11-14 01:48:30,938 - root - INFO - In train()-> Train Ep. #2 loss: 0.370, accuracy: 86.56, lr: 0.001, sparsity: 0.386, network_width_mpl: 1.0
2024-11-14 01:48:31,063 - root - INFO - In validate()-> Val Ep. #2 loss: 0.582, accuracy: 80.40, sparsity: 0.386, task1 ratio: 0.614, zero ratio: 0.386, mpl: 1.0
2024-11-14 01:48:31,386 - root - INFO - In train()-> Train Ep. #3 loss: 0.372, accuracy: 86.48, lr: 0.001, sparsity: 0.398, network_width_mpl: 1.0
2024-11-14 01:48:31,494 - root - INFO - In validate()-> Val Ep. #3 loss: 0.548, accuracy: 82.40, sparsity: 0.398, task1 ratio: 0.602, zero ratio: 0.398, mpl: 1.0
2024-11-14 01:48:31,802 - root - INFO - In train()-> Train Ep. #4 loss: 0.371, accuracy: 85.92, lr: 0.001, sparsity: 0.401, network_width_mpl: 1.0
2024-11-14 01:48:31,904 - root - INFO - In validate()-> Val Ep. #4 loss: 0.527, accuracy: 82.20, sparsity: 0.401, task1 ratio: 0.599, zero ratio: 0.401, mpl: 1.0
2024-11-14 01:48:32,227 - root - INFO - In train()-> Train Ep. #5 loss: 0.342, accuracy: 87.84, lr: 0.001, sparsity: 0.401, network_width_mpl: 1.0
2024-11-14 01:48:32,331 - root - INFO - In validate()-> Val Ep. #5 loss: 0.512, accuracy: 82.20, sparsity: 0.401, task1 ratio: 0.599, zero ratio: 0.401, mpl: 1.0
2024-11-14 01:48:32,631 - root - INFO - In train()-> Train Ep. #6 loss: 0.366, accuracy: 85.84, lr: 0.001, sparsity: 0.401, network_width_mpl: 1.0
2024-11-14 01:48:32,737 - root - INFO - In validate()-> Val Ep. #6 loss: 0.506, accuracy: 82.40, sparsity: 0.401, task1 ratio: 0.599, zero ratio: 0.401, mpl: 1.0
2024-11-14 01:48:33,043 - root - INFO - In train()-> Train Ep. #7 loss: 0.339, accuracy: 87.08, lr: 0.001, sparsity: 0.401, network_width_mpl: 1.0
2024-11-14 01:48:33,147 - root - INFO - In validate()-> Val Ep. #7 loss: 0.510, accuracy: 83.00, sparsity: 0.401, task1 ratio: 0.599, zero ratio: 0.401, mpl: 1.0
2024-11-14 01:48:33,466 - root - INFO - In train()-> Train Ep. #8 loss: 0.351, accuracy: 86.96, lr: 0.001, sparsity: 0.401, network_width_mpl: 1.0
2024-11-14 01:48:33,588 - root - INFO - In validate()-> Val Ep. #8 loss: 0.514, accuracy: 81.40, sparsity: 0.401, task1 ratio: 0.599, zero ratio: 0.401, mpl: 1.0
2024-11-14 01:48:33,888 - root - INFO - In train()-> Train Ep. #9 loss: 0.357, accuracy: 86.36, lr: 0.001, sparsity: 0.401, network_width_mpl: 1.0
2024-11-14 01:48:34,000 - root - INFO - In validate()-> Val Ep. #9 loss: 0.523, accuracy: 82.20, sparsity: 0.401, task1 ratio: 0.599, zero ratio: 0.401, mpl: 1.0
2024-11-14 01:48:34,329 - root - INFO - In train()-> Train Ep. #10 loss: 0.337, accuracy: 87.36, lr: 0.001, sparsity: 0.401, network_width_mpl: 1.0
2024-11-14 01:48:34,437 - root - INFO - In validate()-> Val Ep. #10 loss: 0.534, accuracy: 81.20, sparsity: 0.401, task1 ratio: 0.599, zero ratio: 0.401, mpl: 1.0
2024-11-14 01:48:34,787 - root - INFO - In train()-> Train Ep. #11 loss: 0.353, accuracy: 86.56, lr: 0.001, sparsity: 0.401, network_width_mpl: 1.0
2024-11-14 01:48:34,900 - root - INFO - In validate()-> Val Ep. #11 loss: 0.519, accuracy: 81.80, sparsity: 0.401, task1 ratio: 0.599, zero ratio: 0.401, mpl: 1.0
2024-11-14 01:48:35,223 - root - INFO - In train()-> Train Ep. #12 loss: 0.352, accuracy: 86.44, lr: 0.001, sparsity: 0.401, network_width_mpl: 1.0
2024-11-14 01:48:35,333 - root - INFO - In validate()-> Val Ep. #12 loss: 0.517, accuracy: 82.20, sparsity: 0.401, task1 ratio: 0.599, zero ratio: 0.401, mpl: 1.0
2024-11-14 01:48:35,670 - root - INFO - In train()-> Train Ep. #13 loss: 0.342, accuracy: 86.96, lr: 0.001, sparsity: 0.401, network_width_mpl: 1.0
2024-11-14 01:48:35,791 - root - INFO - In validate()-> Val Ep. #13 loss: 0.528, accuracy: 81.80, sparsity: 0.401, task1 ratio: 0.599, zero ratio: 0.401, mpl: 1.0
2024-11-14 01:48:36,089 - root - INFO - In train()-> Train Ep. #14 loss: 0.355, accuracy: 86.40, lr: 0.001, sparsity: 0.401, network_width_mpl: 1.0
2024-11-14 01:48:36,197 - root - INFO - In validate()-> Val Ep. #14 loss: 0.546, accuracy: 81.60, sparsity: 0.401, task1 ratio: 0.599, zero ratio: 0.401, mpl: 1.0
2024-11-14 01:48:36,527 - root - INFO - In train()-> Train Ep. #15 loss: 0.347, accuracy: 86.84, lr: 0.001, sparsity: 0.401, network_width_mpl: 1.0
2024-11-14 01:48:36,637 - root - INFO - In validate()-> Val Ep. #15 loss: 0.526, accuracy: 83.80, sparsity: 0.401, task1 ratio: 0.599, zero ratio: 0.401, mpl: 1.0
2024-11-14 01:48:36,941 - root - INFO - In train()-> Train Ep. #16 loss: 0.333, accuracy: 86.88, lr: 0.001, sparsity: 0.401, network_width_mpl: 1.0
2024-11-14 01:48:37,061 - root - INFO - In validate()-> Val Ep. #16 loss: 0.516, accuracy: 82.80, sparsity: 0.401, task1 ratio: 0.599, zero ratio: 0.401, mpl: 1.0
2024-11-14 01:48:37,384 - root - INFO - In train()-> Train Ep. #17 loss: 0.349, accuracy: 86.88, lr: 0.001, sparsity: 0.401, network_width_mpl: 1.0
2024-11-14 01:48:37,499 - root - INFO - In validate()-> Val Ep. #17 loss: 0.529, accuracy: 81.00, sparsity: 0.401, task1 ratio: 0.599, zero ratio: 0.401, mpl: 1.0
2024-11-14 01:48:37,809 - root - INFO - In train()-> Train Ep. #18 loss: 0.327, accuracy: 87.96, lr: 0.001, sparsity: 0.401, network_width_mpl: 1.0
2024-11-14 01:48:37,917 - root - INFO - In validate()-> Val Ep. #18 loss: 0.513, accuracy: 83.20, sparsity: 0.401, task1 ratio: 0.599, zero ratio: 0.401, mpl: 1.0
2024-11-14 01:48:38,238 - root - INFO - In train()-> Train Ep. #19 loss: 0.333, accuracy: 87.20, lr: 0.001, sparsity: 0.401, network_width_mpl: 1.0
2024-11-14 01:48:38,356 - root - INFO - In validate()-> Val Ep. #19 loss: 0.530, accuracy: 81.80, sparsity: 0.401, task1 ratio: 0.599, zero ratio: 0.401, mpl: 1.0
2024-11-14 01:48:38,720 - root - INFO - In train()-> Train Ep. #20 loss: 0.335, accuracy: 87.64, lr: 0.001, sparsity: 0.401, network_width_mpl: 1.0
2024-11-14 01:48:38,830 - root - INFO - In validate()-> Val Ep. #20 loss: 0.531, accuracy: 81.60, sparsity: 0.401, task1 ratio: 0.599, zero ratio: 0.401, mpl: 1.0
2024-11-14 01:48:38,832 - root - INFO - ----------------
2024-11-14 01:48:41,181 - root - INFO - 
2024-11-14 01:48:41,181 - root - INFO - Before pruning: 
2024-11-14 01:48:41,181 - root - INFO - Sparsity range: 0.4 -> 0.5
2024-11-14 01:48:41,457 - root - INFO - In validate()-> Val Ep. #0 loss: 0.531, accuracy: 81.60, sparsity: 0.401, task1 ratio: 0.599, zero ratio: 0.401, mpl: 1.0
2024-11-14 01:48:41,458 - root - INFO - 
2024-11-14 01:48:41,859 - root - INFO - In train()-> Train Ep. #1 loss: 0.334, accuracy: 87.12, lr: 0.001, sparsity: 0.453, network_width_mpl: 1.0
2024-11-14 01:48:41,977 - root - INFO - In validate()-> Val Ep. #1 loss: 0.656, accuracy: 78.00, sparsity: 0.453, task1 ratio: 0.547, zero ratio: 0.453, mpl: 1.0
2024-11-14 01:48:42,300 - root - INFO - In train()-> Train Ep. #2 loss: 0.362, accuracy: 86.68, lr: 0.001, sparsity: 0.486, network_width_mpl: 1.0
2024-11-14 01:48:42,414 - root - INFO - In validate()-> Val Ep. #2 loss: 0.538, accuracy: 82.20, sparsity: 0.486, task1 ratio: 0.514, zero ratio: 0.486, mpl: 1.0
2024-11-14 01:48:42,739 - root - INFO - In train()-> Train Ep. #3 loss: 0.354, accuracy: 87.00, lr: 0.001, sparsity: 0.498, network_width_mpl: 1.0
2024-11-14 01:48:42,846 - root - INFO - In validate()-> Val Ep. #3 loss: 0.589, accuracy: 80.00, sparsity: 0.498, task1 ratio: 0.502, zero ratio: 0.498, mpl: 1.0
2024-11-14 01:48:43,183 - root - INFO - In train()-> Train Ep. #4 loss: 0.362, accuracy: 86.60, lr: 0.001, sparsity: 0.501, network_width_mpl: 1.0
2024-11-14 01:48:43,290 - root - INFO - In validate()-> Val Ep. #4 loss: 0.529, accuracy: 82.60, sparsity: 0.501, task1 ratio: 0.499, zero ratio: 0.501, mpl: 1.0
2024-11-14 01:48:43,620 - root - INFO - In train()-> Train Ep. #5 loss: 0.329, accuracy: 87.96, lr: 0.001, sparsity: 0.501, network_width_mpl: 1.0
2024-11-14 01:48:43,745 - root - INFO - In validate()-> Val Ep. #5 loss: 0.524, accuracy: 83.00, sparsity: 0.501, task1 ratio: 0.499, zero ratio: 0.501, mpl: 1.0
2024-11-14 01:48:44,093 - root - INFO - In train()-> Train Ep. #6 loss: 0.353, accuracy: 85.96, lr: 0.001, sparsity: 0.501, network_width_mpl: 1.0
2024-11-14 01:48:44,203 - root - INFO - In validate()-> Val Ep. #6 loss: 0.513, accuracy: 82.80, sparsity: 0.501, task1 ratio: 0.499, zero ratio: 0.501, mpl: 1.0
2024-11-14 01:48:44,523 - root - INFO - In train()-> Train Ep. #7 loss: 0.319, accuracy: 87.64, lr: 0.001, sparsity: 0.501, network_width_mpl: 1.0
2024-11-14 01:48:44,632 - root - INFO - In validate()-> Val Ep. #7 loss: 0.515, accuracy: 82.80, sparsity: 0.501, task1 ratio: 0.499, zero ratio: 0.501, mpl: 1.0
2024-11-14 01:48:44,959 - root - INFO - In train()-> Train Ep. #8 loss: 0.331, accuracy: 87.84, lr: 0.001, sparsity: 0.501, network_width_mpl: 1.0
2024-11-14 01:48:45,107 - root - INFO - In validate()-> Val Ep. #8 loss: 0.518, accuracy: 82.80, sparsity: 0.501, task1 ratio: 0.499, zero ratio: 0.501, mpl: 1.0
2024-11-14 01:48:45,454 - root - INFO - In train()-> Train Ep. #9 loss: 0.336, accuracy: 87.20, lr: 0.001, sparsity: 0.501, network_width_mpl: 1.0
2024-11-14 01:48:45,563 - root - INFO - In validate()-> Val Ep. #9 loss: 0.528, accuracy: 82.80, sparsity: 0.501, task1 ratio: 0.499, zero ratio: 0.501, mpl: 1.0
2024-11-14 01:48:45,876 - root - INFO - In train()-> Train Ep. #10 loss: 0.322, accuracy: 88.04, lr: 0.001, sparsity: 0.501, network_width_mpl: 1.0
2024-11-14 01:48:45,986 - root - INFO - In validate()-> Val Ep. #10 loss: 0.534, accuracy: 81.60, sparsity: 0.501, task1 ratio: 0.499, zero ratio: 0.501, mpl: 1.0
2024-11-14 01:48:46,318 - root - INFO - In train()-> Train Ep. #11 loss: 0.339, accuracy: 86.72, lr: 0.001, sparsity: 0.501, network_width_mpl: 1.0
2024-11-14 01:48:46,428 - root - INFO - In validate()-> Val Ep. #11 loss: 0.522, accuracy: 81.80, sparsity: 0.501, task1 ratio: 0.499, zero ratio: 0.501, mpl: 1.0
2024-11-14 01:48:46,775 - root - INFO - In train()-> Train Ep. #12 loss: 0.336, accuracy: 87.60, lr: 0.001, sparsity: 0.501, network_width_mpl: 1.0
2024-11-14 01:48:46,904 - root - INFO - In validate()-> Val Ep. #12 loss: 0.517, accuracy: 81.80, sparsity: 0.501, task1 ratio: 0.499, zero ratio: 0.501, mpl: 1.0
2024-11-14 01:48:47,213 - root - INFO - In train()-> Train Ep. #13 loss: 0.324, accuracy: 87.64, lr: 0.001, sparsity: 0.501, network_width_mpl: 1.0
2024-11-14 01:48:47,330 - root - INFO - In validate()-> Val Ep. #13 loss: 0.528, accuracy: 82.60, sparsity: 0.501, task1 ratio: 0.499, zero ratio: 0.501, mpl: 1.0
2024-11-14 01:48:47,664 - root - INFO - In train()-> Train Ep. #14 loss: 0.336, accuracy: 87.20, lr: 0.001, sparsity: 0.501, network_width_mpl: 1.0
2024-11-14 01:48:47,791 - root - INFO - In validate()-> Val Ep. #14 loss: 0.548, accuracy: 82.20, sparsity: 0.501, task1 ratio: 0.499, zero ratio: 0.501, mpl: 1.0
2024-11-14 01:48:48,123 - root - INFO - In train()-> Train Ep. #15 loss: 0.327, accuracy: 87.88, lr: 0.001, sparsity: 0.501, network_width_mpl: 1.0
2024-11-14 01:48:48,241 - root - INFO - In validate()-> Val Ep. #15 loss: 0.521, accuracy: 83.60, sparsity: 0.501, task1 ratio: 0.499, zero ratio: 0.501, mpl: 1.0
2024-11-14 01:48:48,548 - root - INFO - In train()-> Train Ep. #16 loss: 0.319, accuracy: 87.36, lr: 0.001, sparsity: 0.501, network_width_mpl: 1.0
2024-11-14 01:48:48,661 - root - INFO - In validate()-> Val Ep. #16 loss: 0.520, accuracy: 83.60, sparsity: 0.501, task1 ratio: 0.499, zero ratio: 0.501, mpl: 1.0
2024-11-14 01:48:48,974 - root - INFO - In train()-> Train Ep. #17 loss: 0.331, accuracy: 87.40, lr: 0.001, sparsity: 0.501, network_width_mpl: 1.0
2024-11-14 01:48:49,081 - root - INFO - In validate()-> Val Ep. #17 loss: 0.537, accuracy: 80.40, sparsity: 0.501, task1 ratio: 0.499, zero ratio: 0.501, mpl: 1.0
2024-11-14 01:48:49,401 - root - INFO - In train()-> Train Ep. #18 loss: 0.307, accuracy: 88.72, lr: 0.001, sparsity: 0.501, network_width_mpl: 1.0
2024-11-14 01:48:49,534 - root - INFO - In validate()-> Val Ep. #18 loss: 0.515, accuracy: 83.20, sparsity: 0.501, task1 ratio: 0.499, zero ratio: 0.501, mpl: 1.0
2024-11-14 01:48:49,844 - root - INFO - In train()-> Train Ep. #19 loss: 0.316, accuracy: 88.16, lr: 0.001, sparsity: 0.501, network_width_mpl: 1.0
2024-11-14 01:48:49,967 - root - INFO - In validate()-> Val Ep. #19 loss: 0.535, accuracy: 82.60, sparsity: 0.501, task1 ratio: 0.499, zero ratio: 0.501, mpl: 1.0
2024-11-14 01:48:50,253 - root - INFO - In train()-> Train Ep. #20 loss: 0.318, accuracy: 87.72, lr: 0.001, sparsity: 0.501, network_width_mpl: 1.0
2024-11-14 01:48:50,368 - root - INFO - In validate()-> Val Ep. #20 loss: 0.529, accuracy: 82.20, sparsity: 0.501, task1 ratio: 0.499, zero ratio: 0.501, mpl: 1.0
2024-11-14 01:48:50,370 - root - INFO - ----------------
2024-11-14 01:48:52,725 - root - INFO - 
2024-11-14 01:48:52,725 - root - INFO - Before pruning: 
2024-11-14 01:48:52,725 - root - INFO - Sparsity range: 0.5 -> 0.6
2024-11-14 01:48:52,996 - root - INFO - In validate()-> Val Ep. #0 loss: 0.529, accuracy: 82.20, sparsity: 0.501, task1 ratio: 0.499, zero ratio: 0.501, mpl: 1.0
2024-11-14 01:48:52,996 - root - INFO - 
2024-11-14 01:48:53,385 - root - INFO - In train()-> Train Ep. #1 loss: 0.315, accuracy: 87.92, lr: 0.001, sparsity: 0.553, network_width_mpl: 1.0
2024-11-14 01:48:53,490 - root - INFO - In validate()-> Val Ep. #1 loss: 0.594, accuracy: 79.80, sparsity: 0.553, task1 ratio: 0.447, zero ratio: 0.553, mpl: 1.0
2024-11-14 01:48:53,840 - root - INFO - In train()-> Train Ep. #2 loss: 0.354, accuracy: 87.04, lr: 0.001, sparsity: 0.586, network_width_mpl: 1.0
2024-11-14 01:48:53,963 - root - INFO - In validate()-> Val Ep. #2 loss: 0.572, accuracy: 81.60, sparsity: 0.586, task1 ratio: 0.414, zero ratio: 0.586, mpl: 1.0
2024-11-14 01:48:54,284 - root - INFO - In train()-> Train Ep. #3 loss: 0.362, accuracy: 87.08, lr: 0.001, sparsity: 0.598, network_width_mpl: 1.0
2024-11-14 01:48:54,389 - root - INFO - In validate()-> Val Ep. #3 loss: 0.675, accuracy: 78.80, sparsity: 0.598, task1 ratio: 0.402, zero ratio: 0.598, mpl: 1.0
2024-11-14 01:48:54,697 - root - INFO - In train()-> Train Ep. #4 loss: 0.376, accuracy: 86.00, lr: 0.001, sparsity: 0.600, network_width_mpl: 1.0
2024-11-14 01:48:54,822 - root - INFO - In validate()-> Val Ep. #4 loss: 0.558, accuracy: 80.20, sparsity: 0.600, task1 ratio: 0.400, zero ratio: 0.600, mpl: 1.0
2024-11-14 01:48:55,181 - root - INFO - In train()-> Train Ep. #5 loss: 0.325, accuracy: 88.40, lr: 0.001, sparsity: 0.600, network_width_mpl: 1.0
2024-11-14 01:48:55,306 - root - INFO - In validate()-> Val Ep. #5 loss: 0.542, accuracy: 81.60, sparsity: 0.600, task1 ratio: 0.400, zero ratio: 0.600, mpl: 1.0
2024-11-14 01:48:55,623 - root - INFO - In train()-> Train Ep. #6 loss: 0.347, accuracy: 86.76, lr: 0.001, sparsity: 0.600, network_width_mpl: 1.0
2024-11-14 01:48:55,752 - root - INFO - In validate()-> Val Ep. #6 loss: 0.534, accuracy: 81.80, sparsity: 0.600, task1 ratio: 0.400, zero ratio: 0.600, mpl: 1.0
2024-11-14 01:48:56,052 - root - INFO - In train()-> Train Ep. #7 loss: 0.314, accuracy: 87.88, lr: 0.001, sparsity: 0.600, network_width_mpl: 1.0
2024-11-14 01:48:56,158 - root - INFO - In validate()-> Val Ep. #7 loss: 0.537, accuracy: 82.00, sparsity: 0.600, task1 ratio: 0.400, zero ratio: 0.600, mpl: 1.0
2024-11-14 01:48:56,474 - root - INFO - In train()-> Train Ep. #8 loss: 0.325, accuracy: 87.60, lr: 0.001, sparsity: 0.600, network_width_mpl: 1.0
2024-11-14 01:48:56,605 - root - INFO - In validate()-> Val Ep. #8 loss: 0.538, accuracy: 81.60, sparsity: 0.600, task1 ratio: 0.400, zero ratio: 0.600, mpl: 1.0
2024-11-14 01:48:56,950 - root - INFO - In train()-> Train Ep. #9 loss: 0.323, accuracy: 87.72, lr: 0.001, sparsity: 0.600, network_width_mpl: 1.0
2024-11-14 01:48:57,060 - root - INFO - In validate()-> Val Ep. #9 loss: 0.549, accuracy: 80.80, sparsity: 0.600, task1 ratio: 0.400, zero ratio: 0.600, mpl: 1.0
2024-11-14 01:48:57,368 - root - INFO - In train()-> Train Ep. #10 loss: 0.317, accuracy: 88.64, lr: 0.001, sparsity: 0.600, network_width_mpl: 1.0
2024-11-14 01:48:57,482 - root - INFO - In validate()-> Val Ep. #10 loss: 0.557, accuracy: 80.80, sparsity: 0.600, task1 ratio: 0.400, zero ratio: 0.600, mpl: 1.0
2024-11-14 01:48:57,794 - root - INFO - In train()-> Train Ep. #11 loss: 0.329, accuracy: 86.64, lr: 0.001, sparsity: 0.600, network_width_mpl: 1.0
2024-11-14 01:48:57,916 - root - INFO - In validate()-> Val Ep. #11 loss: 0.535, accuracy: 81.80, sparsity: 0.600, task1 ratio: 0.400, zero ratio: 0.600, mpl: 1.0
2024-11-14 01:48:58,237 - root - INFO - In train()-> Train Ep. #12 loss: 0.325, accuracy: 87.64, lr: 0.001, sparsity: 0.600, network_width_mpl: 1.0
2024-11-14 01:48:58,349 - root - INFO - In validate()-> Val Ep. #12 loss: 0.537, accuracy: 81.20, sparsity: 0.600, task1 ratio: 0.400, zero ratio: 0.600, mpl: 1.0
2024-11-14 01:48:58,650 - root - INFO - In train()-> Train Ep. #13 loss: 0.314, accuracy: 88.64, lr: 0.001, sparsity: 0.600, network_width_mpl: 1.0
2024-11-14 01:48:58,760 - root - INFO - In validate()-> Val Ep. #13 loss: 0.554, accuracy: 82.20, sparsity: 0.600, task1 ratio: 0.400, zero ratio: 0.600, mpl: 1.0
2024-11-14 01:48:59,086 - root - INFO - In train()-> Train Ep. #14 loss: 0.324, accuracy: 88.08, lr: 0.001, sparsity: 0.600, network_width_mpl: 1.0
2024-11-14 01:48:59,202 - root - INFO - In validate()-> Val Ep. #14 loss: 0.571, accuracy: 80.60, sparsity: 0.600, task1 ratio: 0.400, zero ratio: 0.600, mpl: 1.0
2024-11-14 01:48:59,534 - root - INFO - In train()-> Train Ep. #15 loss: 0.316, accuracy: 88.04, lr: 0.001, sparsity: 0.600, network_width_mpl: 1.0
2024-11-14 01:48:59,665 - root - INFO - In validate()-> Val Ep. #15 loss: 0.539, accuracy: 83.00, sparsity: 0.600, task1 ratio: 0.400, zero ratio: 0.600, mpl: 1.0
2024-11-14 01:49:00,003 - root - INFO - In train()-> Train Ep. #16 loss: 0.308, accuracy: 88.16, lr: 0.001, sparsity: 0.600, network_width_mpl: 1.0
2024-11-14 01:49:00,139 - root - INFO - In validate()-> Val Ep. #16 loss: 0.545, accuracy: 81.80, sparsity: 0.600, task1 ratio: 0.400, zero ratio: 0.600, mpl: 1.0
2024-11-14 01:49:00,459 - root - INFO - In train()-> Train Ep. #17 loss: 0.323, accuracy: 88.08, lr: 0.001, sparsity: 0.600, network_width_mpl: 1.0
2024-11-14 01:49:00,581 - root - INFO - In validate()-> Val Ep. #17 loss: 0.554, accuracy: 80.80, sparsity: 0.600, task1 ratio: 0.400, zero ratio: 0.600, mpl: 1.0
2024-11-14 01:49:00,861 - root - INFO - In train()-> Train Ep. #18 loss: 0.296, accuracy: 89.16, lr: 0.001, sparsity: 0.600, network_width_mpl: 1.0
2024-11-14 01:49:00,985 - root - INFO - In validate()-> Val Ep. #18 loss: 0.534, accuracy: 82.40, sparsity: 0.600, task1 ratio: 0.400, zero ratio: 0.600, mpl: 1.0
2024-11-14 01:49:01,306 - root - INFO - In train()-> Train Ep. #19 loss: 0.310, accuracy: 88.20, lr: 0.001, sparsity: 0.600, network_width_mpl: 1.0
2024-11-14 01:49:01,421 - root - INFO - In validate()-> Val Ep. #19 loss: 0.567, accuracy: 80.40, sparsity: 0.600, task1 ratio: 0.400, zero ratio: 0.600, mpl: 1.0
2024-11-14 01:49:01,756 - root - INFO - In train()-> Train Ep. #20 loss: 0.307, accuracy: 88.64, lr: 0.001, sparsity: 0.600, network_width_mpl: 1.0
2024-11-14 01:49:01,861 - root - INFO - In validate()-> Val Ep. #20 loss: 0.553, accuracy: 81.60, sparsity: 0.600, task1 ratio: 0.400, zero ratio: 0.600, mpl: 1.0
2024-11-14 01:49:01,863 - root - INFO - ----------------
2024-11-14 01:49:04,281 - root - INFO - 
2024-11-14 01:49:04,281 - root - INFO - Before pruning: 
2024-11-14 01:49:04,281 - root - INFO - Sparsity range: 0.6 -> 0.7
2024-11-14 01:49:04,558 - root - INFO - In validate()-> Val Ep. #0 loss: 0.553, accuracy: 81.60, sparsity: 0.600, task1 ratio: 0.400, zero ratio: 0.600, mpl: 1.0
2024-11-14 01:49:04,558 - root - INFO - 
2024-11-14 01:49:04,951 - root - INFO - In train()-> Train Ep. #1 loss: 0.303, accuracy: 88.60, lr: 0.001, sparsity: 0.653, network_width_mpl: 1.0
2024-11-14 01:49:05,060 - root - INFO - In validate()-> Val Ep. #1 loss: 0.751, accuracy: 75.60, sparsity: 0.653, task1 ratio: 0.347, zero ratio: 0.653, mpl: 1.0
2024-11-14 01:49:05,398 - root - INFO - In train()-> Train Ep. #2 loss: 0.362, accuracy: 86.48, lr: 0.001, sparsity: 0.686, network_width_mpl: 1.0
2024-11-14 01:49:05,505 - root - INFO - In validate()-> Val Ep. #2 loss: 0.841, accuracy: 74.40, sparsity: 0.686, task1 ratio: 0.314, zero ratio: 0.686, mpl: 1.0
2024-11-14 01:49:05,820 - root - INFO - In train()-> Train Ep. #3 loss: 0.405, accuracy: 84.96, lr: 0.001, sparsity: 0.698, network_width_mpl: 1.0
2024-11-14 01:49:05,935 - root - INFO - In validate()-> Val Ep. #3 loss: 0.601, accuracy: 80.20, sparsity: 0.698, task1 ratio: 0.302, zero ratio: 0.698, mpl: 1.0
2024-11-14 01:49:06,249 - root - INFO - In train()-> Train Ep. #4 loss: 0.401, accuracy: 85.40, lr: 0.001, sparsity: 0.701, network_width_mpl: 1.0
2024-11-14 01:49:06,354 - root - INFO - In validate()-> Val Ep. #4 loss: 0.567, accuracy: 81.40, sparsity: 0.701, task1 ratio: 0.299, zero ratio: 0.701, mpl: 1.0
2024-11-14 01:49:06,673 - root - INFO - In train()-> Train Ep. #5 loss: 0.349, accuracy: 86.72, lr: 0.001, sparsity: 0.701, network_width_mpl: 1.0
2024-11-14 01:49:06,790 - root - INFO - In validate()-> Val Ep. #5 loss: 0.538, accuracy: 82.00, sparsity: 0.701, task1 ratio: 0.299, zero ratio: 0.701, mpl: 1.0
2024-11-14 01:49:07,096 - root - INFO - In train()-> Train Ep. #6 loss: 0.355, accuracy: 86.08, lr: 0.001, sparsity: 0.701, network_width_mpl: 1.0
2024-11-14 01:49:07,210 - root - INFO - In validate()-> Val Ep. #6 loss: 0.546, accuracy: 81.80, sparsity: 0.701, task1 ratio: 0.299, zero ratio: 0.701, mpl: 1.0
2024-11-14 01:49:07,517 - root - INFO - In train()-> Train Ep. #7 loss: 0.327, accuracy: 87.76, lr: 0.001, sparsity: 0.701, network_width_mpl: 1.0
2024-11-14 01:49:07,624 - root - INFO - In validate()-> Val Ep. #7 loss: 0.538, accuracy: 81.60, sparsity: 0.701, task1 ratio: 0.299, zero ratio: 0.701, mpl: 1.0
2024-11-14 01:49:07,944 - root - INFO - In train()-> Train Ep. #8 loss: 0.337, accuracy: 87.24, lr: 0.001, sparsity: 0.701, network_width_mpl: 1.0
2024-11-14 01:49:08,058 - root - INFO - In validate()-> Val Ep. #8 loss: 0.544, accuracy: 81.40, sparsity: 0.701, task1 ratio: 0.299, zero ratio: 0.701, mpl: 1.0
2024-11-14 01:49:08,386 - root - INFO - In train()-> Train Ep. #9 loss: 0.339, accuracy: 87.20, lr: 0.001, sparsity: 0.701, network_width_mpl: 1.0
2024-11-14 01:49:08,507 - root - INFO - In validate()-> Val Ep. #9 loss: 0.547, accuracy: 81.60, sparsity: 0.701, task1 ratio: 0.299, zero ratio: 0.701, mpl: 1.0
2024-11-14 01:49:08,836 - root - INFO - In train()-> Train Ep. #10 loss: 0.320, accuracy: 87.88, lr: 0.001, sparsity: 0.701, network_width_mpl: 1.0
2024-11-14 01:49:08,949 - root - INFO - In validate()-> Val Ep. #10 loss: 0.557, accuracy: 80.40, sparsity: 0.701, task1 ratio: 0.299, zero ratio: 0.701, mpl: 1.0
2024-11-14 01:49:09,273 - root - INFO - In train()-> Train Ep. #11 loss: 0.330, accuracy: 87.32, lr: 0.001, sparsity: 0.701, network_width_mpl: 1.0
2024-11-14 01:49:09,387 - root - INFO - In validate()-> Val Ep. #11 loss: 0.548, accuracy: 81.00, sparsity: 0.701, task1 ratio: 0.299, zero ratio: 0.701, mpl: 1.0
2024-11-14 01:49:09,719 - root - INFO - In train()-> Train Ep. #12 loss: 0.330, accuracy: 87.60, lr: 0.001, sparsity: 0.701, network_width_mpl: 1.0
2024-11-14 01:49:09,845 - root - INFO - In validate()-> Val Ep. #12 loss: 0.554, accuracy: 80.80, sparsity: 0.701, task1 ratio: 0.299, zero ratio: 0.701, mpl: 1.0
2024-11-14 01:49:10,148 - root - INFO - In train()-> Train Ep. #13 loss: 0.319, accuracy: 87.68, lr: 0.001, sparsity: 0.701, network_width_mpl: 1.0
2024-11-14 01:49:10,278 - root - INFO - In validate()-> Val Ep. #13 loss: 0.561, accuracy: 81.00, sparsity: 0.701, task1 ratio: 0.299, zero ratio: 0.701, mpl: 1.0
2024-11-14 01:49:10,582 - root - INFO - In train()-> Train Ep. #14 loss: 0.326, accuracy: 87.64, lr: 0.001, sparsity: 0.701, network_width_mpl: 1.0
2024-11-14 01:49:10,688 - root - INFO - In validate()-> Val Ep. #14 loss: 0.573, accuracy: 80.80, sparsity: 0.701, task1 ratio: 0.299, zero ratio: 0.701, mpl: 1.0
2024-11-14 01:49:11,035 - root - INFO - In train()-> Train Ep. #15 loss: 0.324, accuracy: 87.76, lr: 0.001, sparsity: 0.701, network_width_mpl: 1.0
2024-11-14 01:49:11,156 - root - INFO - In validate()-> Val Ep. #15 loss: 0.551, accuracy: 80.80, sparsity: 0.701, task1 ratio: 0.299, zero ratio: 0.701, mpl: 1.0
2024-11-14 01:49:11,469 - root - INFO - In train()-> Train Ep. #16 loss: 0.314, accuracy: 87.80, lr: 0.001, sparsity: 0.701, network_width_mpl: 1.0
2024-11-14 01:49:11,593 - root - INFO - In validate()-> Val Ep. #16 loss: 0.552, accuracy: 80.80, sparsity: 0.701, task1 ratio: 0.299, zero ratio: 0.701, mpl: 1.0
2024-11-14 01:49:11,898 - root - INFO - In train()-> Train Ep. #17 loss: 0.328, accuracy: 87.64, lr: 0.001, sparsity: 0.701, network_width_mpl: 1.0
2024-11-14 01:49:12,011 - root - INFO - In validate()-> Val Ep. #17 loss: 0.569, accuracy: 81.40, sparsity: 0.701, task1 ratio: 0.299, zero ratio: 0.701, mpl: 1.0
2024-11-14 01:49:12,318 - root - INFO - In train()-> Train Ep. #18 loss: 0.303, accuracy: 89.00, lr: 0.001, sparsity: 0.701, network_width_mpl: 1.0
2024-11-14 01:49:12,432 - root - INFO - In validate()-> Val Ep. #18 loss: 0.553, accuracy: 81.20, sparsity: 0.701, task1 ratio: 0.299, zero ratio: 0.701, mpl: 1.0
2024-11-14 01:49:12,744 - root - INFO - In train()-> Train Ep. #19 loss: 0.319, accuracy: 88.24, lr: 0.001, sparsity: 0.701, network_width_mpl: 1.0
2024-11-14 01:49:12,854 - root - INFO - In validate()-> Val Ep. #19 loss: 0.573, accuracy: 80.40, sparsity: 0.701, task1 ratio: 0.299, zero ratio: 0.701, mpl: 1.0
2024-11-14 01:49:13,188 - root - INFO - In train()-> Train Ep. #20 loss: 0.322, accuracy: 87.20, lr: 0.001, sparsity: 0.701, network_width_mpl: 1.0
2024-11-14 01:49:13,300 - root - INFO - In validate()-> Val Ep. #20 loss: 0.557, accuracy: 80.80, sparsity: 0.701, task1 ratio: 0.299, zero ratio: 0.701, mpl: 1.0
2024-11-14 01:49:13,302 - root - INFO - ----------------
2024-11-14 01:49:15,696 - root - INFO - 
2024-11-14 01:49:15,696 - root - INFO - Before pruning: 
2024-11-14 01:49:15,696 - root - INFO - Sparsity range: 0.7 -> 0.8
2024-11-14 01:49:15,973 - root - INFO - In validate()-> Val Ep. #0 loss: 0.557, accuracy: 80.80, sparsity: 0.701, task1 ratio: 0.299, zero ratio: 0.701, mpl: 1.0
2024-11-14 01:49:15,973 - root - INFO - 
2024-11-14 01:49:16,364 - root - INFO - In train()-> Train Ep. #1 loss: 0.309, accuracy: 88.60, lr: 0.001, sparsity: 0.753, network_width_mpl: 1.0
2024-11-14 01:49:16,478 - root - INFO - In validate()-> Val Ep. #1 loss: 0.968, accuracy: 70.20, sparsity: 0.753, task1 ratio: 0.247, zero ratio: 0.753, mpl: 1.0
2024-11-14 01:49:16,798 - root - INFO - In train()-> Train Ep. #2 loss: 0.508, accuracy: 80.84, lr: 0.001, sparsity: 0.786, network_width_mpl: 1.0
2024-11-14 01:49:16,901 - root - INFO - In validate()-> Val Ep. #2 loss: 1.529, accuracy: 57.20, sparsity: 0.786, task1 ratio: 0.214, zero ratio: 0.786, mpl: 1.0
2024-11-14 01:49:17,236 - root - INFO - In train()-> Train Ep. #3 loss: 0.693, accuracy: 74.76, lr: 0.001, sparsity: 0.798, network_width_mpl: 1.0
2024-11-14 01:49:17,343 - root - INFO - In validate()-> Val Ep. #3 loss: 1.159, accuracy: 68.20, sparsity: 0.798, task1 ratio: 0.202, zero ratio: 0.798, mpl: 1.0
2024-11-14 01:49:17,644 - root - INFO - In train()-> Train Ep. #4 loss: 0.575, accuracy: 78.04, lr: 0.001, sparsity: 0.801, network_width_mpl: 1.0
2024-11-14 01:49:17,750 - root - INFO - In validate()-> Val Ep. #4 loss: 0.619, accuracy: 77.00, sparsity: 0.801, task1 ratio: 0.199, zero ratio: 0.801, mpl: 1.0
2024-11-14 01:49:18,074 - root - INFO - In train()-> Train Ep. #5 loss: 0.470, accuracy: 82.48, lr: 0.001, sparsity: 0.801, network_width_mpl: 1.0
2024-11-14 01:49:18,192 - root - INFO - In validate()-> Val Ep. #5 loss: 0.563, accuracy: 79.80, sparsity: 0.801, task1 ratio: 0.199, zero ratio: 0.801, mpl: 1.0
2024-11-14 01:49:18,518 - root - INFO - In train()-> Train Ep. #6 loss: 0.478, accuracy: 82.00, lr: 0.001, sparsity: 0.801, network_width_mpl: 1.0
2024-11-14 01:49:18,624 - root - INFO - In validate()-> Val Ep. #6 loss: 0.548, accuracy: 80.40, sparsity: 0.801, task1 ratio: 0.199, zero ratio: 0.801, mpl: 1.0
2024-11-14 01:49:18,939 - root - INFO - In train()-> Train Ep. #7 loss: 0.436, accuracy: 83.36, lr: 0.001, sparsity: 0.801, network_width_mpl: 1.0
2024-11-14 01:49:19,062 - root - INFO - In validate()-> Val Ep. #7 loss: 0.542, accuracy: 81.60, sparsity: 0.801, task1 ratio: 0.199, zero ratio: 0.801, mpl: 1.0
2024-11-14 01:49:19,371 - root - INFO - In train()-> Train Ep. #8 loss: 0.420, accuracy: 84.04, lr: 0.001, sparsity: 0.801, network_width_mpl: 1.0
2024-11-14 01:49:19,494 - root - INFO - In validate()-> Val Ep. #8 loss: 0.539, accuracy: 81.40, sparsity: 0.801, task1 ratio: 0.199, zero ratio: 0.801, mpl: 1.0
2024-11-14 01:49:19,843 - root - INFO - In train()-> Train Ep. #9 loss: 0.421, accuracy: 83.96, lr: 0.001, sparsity: 0.801, network_width_mpl: 1.0
2024-11-14 01:49:19,950 - root - INFO - In validate()-> Val Ep. #9 loss: 0.542, accuracy: 81.20, sparsity: 0.801, task1 ratio: 0.199, zero ratio: 0.801, mpl: 1.0
2024-11-14 01:49:20,300 - root - INFO - In train()-> Train Ep. #10 loss: 0.422, accuracy: 84.12, lr: 0.001, sparsity: 0.801, network_width_mpl: 1.0
2024-11-14 01:49:20,420 - root - INFO - In validate()-> Val Ep. #10 loss: 0.545, accuracy: 81.20, sparsity: 0.801, task1 ratio: 0.199, zero ratio: 0.801, mpl: 1.0
2024-11-14 01:49:20,744 - root - INFO - In train()-> Train Ep. #11 loss: 0.409, accuracy: 85.44, lr: 0.001, sparsity: 0.801, network_width_mpl: 1.0
2024-11-14 01:49:20,848 - root - INFO - In validate()-> Val Ep. #11 loss: 0.535, accuracy: 81.80, sparsity: 0.801, task1 ratio: 0.199, zero ratio: 0.801, mpl: 1.0
2024-11-14 01:49:21,165 - root - INFO - In train()-> Train Ep. #12 loss: 0.410, accuracy: 85.12, lr: 0.001, sparsity: 0.801, network_width_mpl: 1.0
2024-11-14 01:49:21,281 - root - INFO - In validate()-> Val Ep. #12 loss: 0.540, accuracy: 81.60, sparsity: 0.801, task1 ratio: 0.199, zero ratio: 0.801, mpl: 1.0
2024-11-14 01:49:21,594 - root - INFO - In train()-> Train Ep. #13 loss: 0.390, accuracy: 85.04, lr: 0.001, sparsity: 0.801, network_width_mpl: 1.0
2024-11-14 01:49:21,703 - root - INFO - In validate()-> Val Ep. #13 loss: 0.537, accuracy: 81.80, sparsity: 0.801, task1 ratio: 0.199, zero ratio: 0.801, mpl: 1.0
2024-11-14 01:49:22,020 - root - INFO - In train()-> Train Ep. #14 loss: 0.391, accuracy: 85.28, lr: 0.001, sparsity: 0.801, network_width_mpl: 1.0
2024-11-14 01:49:22,124 - root - INFO - In validate()-> Val Ep. #14 loss: 0.557, accuracy: 81.40, sparsity: 0.801, task1 ratio: 0.199, zero ratio: 0.801, mpl: 1.0
2024-11-14 01:49:22,443 - root - INFO - In train()-> Train Ep. #15 loss: 0.400, accuracy: 85.00, lr: 0.001, sparsity: 0.801, network_width_mpl: 1.0
2024-11-14 01:49:22,555 - root - INFO - In validate()-> Val Ep. #15 loss: 0.530, accuracy: 83.00, sparsity: 0.801, task1 ratio: 0.199, zero ratio: 0.801, mpl: 1.0
2024-11-14 01:49:22,879 - root - INFO - In train()-> Train Ep. #16 loss: 0.378, accuracy: 85.84, lr: 0.001, sparsity: 0.801, network_width_mpl: 1.0
2024-11-14 01:49:22,988 - root - INFO - In validate()-> Val Ep. #16 loss: 0.535, accuracy: 82.20, sparsity: 0.801, task1 ratio: 0.199, zero ratio: 0.801, mpl: 1.0
2024-11-14 01:49:23,279 - root - INFO - In train()-> Train Ep. #17 loss: 0.386, accuracy: 85.20, lr: 0.001, sparsity: 0.801, network_width_mpl: 1.0
2024-11-14 01:49:23,396 - root - INFO - In validate()-> Val Ep. #17 loss: 0.543, accuracy: 82.00, sparsity: 0.801, task1 ratio: 0.199, zero ratio: 0.801, mpl: 1.0
2024-11-14 01:49:23,705 - root - INFO - In train()-> Train Ep. #18 loss: 0.365, accuracy: 86.48, lr: 0.001, sparsity: 0.801, network_width_mpl: 1.0
2024-11-14 01:49:23,815 - root - INFO - In validate()-> Val Ep. #18 loss: 0.537, accuracy: 81.80, sparsity: 0.801, task1 ratio: 0.199, zero ratio: 0.801, mpl: 1.0
2024-11-14 01:49:24,101 - root - INFO - In train()-> Train Ep. #19 loss: 0.372, accuracy: 85.88, lr: 0.001, sparsity: 0.801, network_width_mpl: 1.0
2024-11-14 01:49:24,218 - root - INFO - In validate()-> Val Ep. #19 loss: 0.547, accuracy: 81.80, sparsity: 0.801, task1 ratio: 0.199, zero ratio: 0.801, mpl: 1.0
2024-11-14 01:49:24,540 - root - INFO - In train()-> Train Ep. #20 loss: 0.380, accuracy: 84.96, lr: 0.001, sparsity: 0.801, network_width_mpl: 1.0
2024-11-14 01:49:24,650 - root - INFO - In validate()-> Val Ep. #20 loss: 0.546, accuracy: 82.00, sparsity: 0.801, task1 ratio: 0.199, zero ratio: 0.801, mpl: 1.0
2024-11-14 01:49:24,652 - root - INFO - ----------------
2024-11-14 01:49:26,965 - root - INFO - 
2024-11-14 01:49:26,965 - root - INFO - Before pruning: 
2024-11-14 01:49:26,965 - root - INFO - Sparsity range: 0.8 -> 0.9
2024-11-14 01:49:27,245 - root - INFO - In validate()-> Val Ep. #0 loss: 0.546, accuracy: 82.00, sparsity: 0.801, task1 ratio: 0.199, zero ratio: 0.801, mpl: 1.0
2024-11-14 01:49:27,245 - root - INFO - 
2024-11-14 01:49:27,616 - root - INFO - In train()-> Train Ep. #1 loss: 0.374, accuracy: 85.36, lr: 0.001, sparsity: 0.853, network_width_mpl: 1.0
2024-11-14 01:49:27,731 - root - INFO - In validate()-> Val Ep. #1 loss: 1.397, accuracy: 56.60, sparsity: 0.853, task1 ratio: 0.147, zero ratio: 0.853, mpl: 1.0
2024-11-14 01:49:28,046 - root - INFO - In train()-> Train Ep. #2 loss: 0.658, accuracy: 76.08, lr: 0.001, sparsity: 0.885, network_width_mpl: 1.0
2024-11-14 01:49:28,157 - root - INFO - In validate()-> Val Ep. #2 loss: 2.402, accuracy: 43.60, sparsity: 0.885, task1 ratio: 0.115, zero ratio: 0.885, mpl: 1.0
2024-11-14 01:49:28,467 - root - INFO - In train()-> Train Ep. #3 loss: 0.925, accuracy: 65.76, lr: 0.001, sparsity: 0.898, network_width_mpl: 1.0
2024-11-14 01:49:28,603 - root - INFO - In validate()-> Val Ep. #3 loss: 1.439, accuracy: 53.80, sparsity: 0.898, task1 ratio: 0.102, zero ratio: 0.898, mpl: 1.0
2024-11-14 01:49:28,934 - root - INFO - In train()-> Train Ep. #4 loss: 1.032, accuracy: 60.20, lr: 0.001, sparsity: 0.901, network_width_mpl: 1.0
2024-11-14 01:49:29,044 - root - INFO - In validate()-> Val Ep. #4 loss: 0.897, accuracy: 63.40, sparsity: 0.901, task1 ratio: 0.099, zero ratio: 0.901, mpl: 1.0
2024-11-14 01:49:29,380 - root - INFO - In train()-> Train Ep. #5 loss: 0.834, accuracy: 65.84, lr: 0.001, sparsity: 0.901, network_width_mpl: 1.0
2024-11-14 01:49:29,489 - root - INFO - In validate()-> Val Ep. #5 loss: 0.798, accuracy: 69.20, sparsity: 0.901, task1 ratio: 0.099, zero ratio: 0.901, mpl: 1.0
2024-11-14 01:49:29,800 - root - INFO - In train()-> Train Ep. #6 loss: 0.759, accuracy: 71.04, lr: 0.001, sparsity: 0.901, network_width_mpl: 1.0
2024-11-14 01:49:29,930 - root - INFO - In validate()-> Val Ep. #6 loss: 0.743, accuracy: 73.60, sparsity: 0.901, task1 ratio: 0.099, zero ratio: 0.901, mpl: 1.0
2024-11-14 01:49:30,248 - root - INFO - In train()-> Train Ep. #7 loss: 0.696, accuracy: 74.08, lr: 0.001, sparsity: 0.901, network_width_mpl: 1.0
2024-11-14 01:49:30,355 - root - INFO - In validate()-> Val Ep. #7 loss: 0.708, accuracy: 74.80, sparsity: 0.901, task1 ratio: 0.099, zero ratio: 0.901, mpl: 1.0
2024-11-14 01:49:30,692 - root - INFO - In train()-> Train Ep. #8 loss: 0.667, accuracy: 74.04, lr: 0.001, sparsity: 0.901, network_width_mpl: 1.0
2024-11-14 01:49:30,804 - root - INFO - In validate()-> Val Ep. #8 loss: 0.690, accuracy: 75.20, sparsity: 0.901, task1 ratio: 0.099, zero ratio: 0.901, mpl: 1.0
2024-11-14 01:49:31,138 - root - INFO - In train()-> Train Ep. #9 loss: 0.651, accuracy: 75.04, lr: 0.001, sparsity: 0.901, network_width_mpl: 1.0
2024-11-14 01:49:31,248 - root - INFO - In validate()-> Val Ep. #9 loss: 0.675, accuracy: 76.20, sparsity: 0.901, task1 ratio: 0.099, zero ratio: 0.901, mpl: 1.0
2024-11-14 01:49:31,540 - root - INFO - In train()-> Train Ep. #10 loss: 0.628, accuracy: 77.04, lr: 0.001, sparsity: 0.901, network_width_mpl: 1.0
2024-11-14 01:49:31,655 - root - INFO - In validate()-> Val Ep. #10 loss: 0.678, accuracy: 77.00, sparsity: 0.901, task1 ratio: 0.099, zero ratio: 0.901, mpl: 1.0
2024-11-14 01:49:31,991 - root - INFO - In train()-> Train Ep. #11 loss: 0.614, accuracy: 76.28, lr: 0.001, sparsity: 0.901, network_width_mpl: 1.0
2024-11-14 01:49:32,112 - root - INFO - In validate()-> Val Ep. #11 loss: 0.662, accuracy: 77.40, sparsity: 0.901, task1 ratio: 0.099, zero ratio: 0.901, mpl: 1.0
2024-11-14 01:49:32,429 - root - INFO - In train()-> Train Ep. #12 loss: 0.621, accuracy: 75.92, lr: 0.001, sparsity: 0.901, network_width_mpl: 1.0
2024-11-14 01:49:32,546 - root - INFO - In validate()-> Val Ep. #12 loss: 0.657, accuracy: 76.40, sparsity: 0.901, task1 ratio: 0.099, zero ratio: 0.901, mpl: 1.0
2024-11-14 01:49:32,885 - root - INFO - In train()-> Train Ep. #13 loss: 0.603, accuracy: 76.56, lr: 0.001, sparsity: 0.901, network_width_mpl: 1.0
2024-11-14 01:49:33,008 - root - INFO - In validate()-> Val Ep. #13 loss: 0.652, accuracy: 77.60, sparsity: 0.901, task1 ratio: 0.099, zero ratio: 0.901, mpl: 1.0
2024-11-14 01:49:33,359 - root - INFO - In train()-> Train Ep. #14 loss: 0.591, accuracy: 77.88, lr: 0.001, sparsity: 0.901, network_width_mpl: 1.0
2024-11-14 01:49:33,469 - root - INFO - In validate()-> Val Ep. #14 loss: 0.650, accuracy: 77.40, sparsity: 0.901, task1 ratio: 0.099, zero ratio: 0.901, mpl: 1.0
2024-11-14 01:49:33,789 - root - INFO - In train()-> Train Ep. #15 loss: 0.595, accuracy: 77.44, lr: 0.001, sparsity: 0.901, network_width_mpl: 1.0
2024-11-14 01:49:33,908 - root - INFO - In validate()-> Val Ep. #15 loss: 0.643, accuracy: 77.00, sparsity: 0.901, task1 ratio: 0.099, zero ratio: 0.901, mpl: 1.0
2024-11-14 01:49:34,211 - root - INFO - In train()-> Train Ep. #16 loss: 0.578, accuracy: 77.72, lr: 0.001, sparsity: 0.901, network_width_mpl: 1.0
2024-11-14 01:49:34,333 - root - INFO - In validate()-> Val Ep. #16 loss: 0.637, accuracy: 77.60, sparsity: 0.901, task1 ratio: 0.099, zero ratio: 0.901, mpl: 1.0
2024-11-14 01:49:34,654 - root - INFO - In train()-> Train Ep. #17 loss: 0.575, accuracy: 77.84, lr: 0.001, sparsity: 0.901, network_width_mpl: 1.0
2024-11-14 01:49:34,769 - root - INFO - In validate()-> Val Ep. #17 loss: 0.645, accuracy: 76.20, sparsity: 0.901, task1 ratio: 0.099, zero ratio: 0.901, mpl: 1.0
2024-11-14 01:49:35,066 - root - INFO - In train()-> Train Ep. #18 loss: 0.562, accuracy: 77.88, lr: 0.001, sparsity: 0.901, network_width_mpl: 1.0
2024-11-14 01:49:35,180 - root - INFO - In validate()-> Val Ep. #18 loss: 0.635, accuracy: 77.40, sparsity: 0.901, task1 ratio: 0.099, zero ratio: 0.901, mpl: 1.0
2024-11-14 01:49:35,493 - root - INFO - In train()-> Train Ep. #19 loss: 0.564, accuracy: 78.56, lr: 0.001, sparsity: 0.901, network_width_mpl: 1.0
2024-11-14 01:49:35,615 - root - INFO - In validate()-> Val Ep. #19 loss: 0.632, accuracy: 77.40, sparsity: 0.901, task1 ratio: 0.099, zero ratio: 0.901, mpl: 1.0
2024-11-14 01:49:35,937 - root - INFO - In train()-> Train Ep. #20 loss: 0.573, accuracy: 77.72, lr: 0.001, sparsity: 0.901, network_width_mpl: 1.0
2024-11-14 01:49:36,046 - root - INFO - In validate()-> Val Ep. #20 loss: 0.628, accuracy: 78.40, sparsity: 0.901, task1 ratio: 0.099, zero ratio: 0.901, mpl: 1.0
2024-11-14 01:49:36,047 - root - INFO - ----------------
2024-11-14 01:49:38,414 - root - INFO - 
2024-11-14 01:49:38,414 - root - INFO - Before pruning: 
2024-11-14 01:49:38,414 - root - INFO - Sparsity range: 0.9 -> 0.95
2024-11-14 01:49:38,688 - root - INFO - In validate()-> Val Ep. #0 loss: 0.628, accuracy: 78.40, sparsity: 0.901, task1 ratio: 0.099, zero ratio: 0.901, mpl: 1.0
2024-11-14 01:49:38,688 - root - INFO - 
2024-11-14 01:49:39,047 - root - INFO - In train()-> Train Ep. #1 loss: 0.569, accuracy: 78.00, lr: 0.001, sparsity: 0.926, network_width_mpl: 1.0
2024-11-14 01:49:39,165 - root - INFO - In validate()-> Val Ep. #1 loss: 2.218, accuracy: 38.60, sparsity: 0.926, task1 ratio: 0.074, zero ratio: 0.926, mpl: 1.0
2024-11-14 01:49:39,504 - root - INFO - In train()-> Train Ep. #2 loss: 1.005, accuracy: 62.20, lr: 0.001, sparsity: 0.943, network_width_mpl: 1.0
2024-11-14 01:49:39,621 - root - INFO - In validate()-> Val Ep. #2 loss: 1.987, accuracy: 36.20, sparsity: 0.943, task1 ratio: 0.057, zero ratio: 0.943, mpl: 1.0
2024-11-14 01:49:39,950 - root - INFO - In train()-> Train Ep. #3 loss: 1.023, accuracy: 59.08, lr: 0.001, sparsity: 0.949, network_width_mpl: 1.0
2024-11-14 01:49:40,069 - root - INFO - In validate()-> Val Ep. #3 loss: 1.072, accuracy: 60.40, sparsity: 0.949, task1 ratio: 0.051, zero ratio: 0.949, mpl: 1.0
2024-11-14 01:49:40,382 - root - INFO - In train()-> Train Ep. #4 loss: 0.935, accuracy: 62.88, lr: 0.001, sparsity: 0.950, network_width_mpl: 1.0
2024-11-14 01:49:40,490 - root - INFO - In validate()-> Val Ep. #4 loss: 0.817, accuracy: 69.20, sparsity: 0.950, task1 ratio: 0.050, zero ratio: 0.950, mpl: 1.0
2024-11-14 01:49:40,801 - root - INFO - In train()-> Train Ep. #5 loss: 0.843, accuracy: 67.52, lr: 0.001, sparsity: 0.950, network_width_mpl: 1.0
2024-11-14 01:49:40,913 - root - INFO - In validate()-> Val Ep. #5 loss: 0.787, accuracy: 70.40, sparsity: 0.950, task1 ratio: 0.050, zero ratio: 0.950, mpl: 1.0
2024-11-14 01:49:41,242 - root - INFO - In train()-> Train Ep. #6 loss: 0.832, accuracy: 68.12, lr: 0.001, sparsity: 0.950, network_width_mpl: 1.0
2024-11-14 01:49:41,354 - root - INFO - In validate()-> Val Ep. #6 loss: 0.765, accuracy: 71.60, sparsity: 0.950, task1 ratio: 0.050, zero ratio: 0.950, mpl: 1.0
2024-11-14 01:49:41,677 - root - INFO - In train()-> Train Ep. #7 loss: 0.799, accuracy: 69.68, lr: 0.001, sparsity: 0.950, network_width_mpl: 1.0
2024-11-14 01:49:41,788 - root - INFO - In validate()-> Val Ep. #7 loss: 0.746, accuracy: 73.20, sparsity: 0.950, task1 ratio: 0.050, zero ratio: 0.950, mpl: 1.0
2024-11-14 01:49:42,096 - root - INFO - In train()-> Train Ep. #8 loss: 0.776, accuracy: 70.28, lr: 0.001, sparsity: 0.950, network_width_mpl: 1.0
2024-11-14 01:49:42,211 - root - INFO - In validate()-> Val Ep. #8 loss: 0.727, accuracy: 73.80, sparsity: 0.950, task1 ratio: 0.050, zero ratio: 0.950, mpl: 1.0
2024-11-14 01:49:42,561 - root - INFO - In train()-> Train Ep. #9 loss: 0.762, accuracy: 71.48, lr: 0.001, sparsity: 0.950, network_width_mpl: 1.0
2024-11-14 01:49:42,681 - root - INFO - In validate()-> Val Ep. #9 loss: 0.715, accuracy: 73.60, sparsity: 0.950, task1 ratio: 0.050, zero ratio: 0.950, mpl: 1.0
2024-11-14 01:49:43,001 - root - INFO - In train()-> Train Ep. #10 loss: 0.756, accuracy: 70.88, lr: 0.001, sparsity: 0.950, network_width_mpl: 1.0
2024-11-14 01:49:43,116 - root - INFO - In validate()-> Val Ep. #10 loss: 0.716, accuracy: 74.60, sparsity: 0.950, task1 ratio: 0.050, zero ratio: 0.950, mpl: 1.0
2024-11-14 01:49:43,412 - root - INFO - In train()-> Train Ep. #11 loss: 0.730, accuracy: 71.68, lr: 0.001, sparsity: 0.950, network_width_mpl: 1.0
2024-11-14 01:49:43,524 - root - INFO - In validate()-> Val Ep. #11 loss: 0.701, accuracy: 74.20, sparsity: 0.950, task1 ratio: 0.050, zero ratio: 0.950, mpl: 1.0
2024-11-14 01:49:43,881 - root - INFO - In train()-> Train Ep. #12 loss: 0.738, accuracy: 72.44, lr: 0.001, sparsity: 0.950, network_width_mpl: 1.0
2024-11-14 01:49:44,002 - root - INFO - In validate()-> Val Ep. #12 loss: 0.695, accuracy: 74.80, sparsity: 0.950, task1 ratio: 0.050, zero ratio: 0.950, mpl: 1.0
2024-11-14 01:49:44,308 - root - INFO - In train()-> Train Ep. #13 loss: 0.735, accuracy: 71.96, lr: 0.001, sparsity: 0.950, network_width_mpl: 1.0
2024-11-14 01:49:44,425 - root - INFO - In validate()-> Val Ep. #13 loss: 0.689, accuracy: 74.80, sparsity: 0.950, task1 ratio: 0.050, zero ratio: 0.950, mpl: 1.0
2024-11-14 01:49:44,733 - root - INFO - In train()-> Train Ep. #14 loss: 0.705, accuracy: 72.64, lr: 0.001, sparsity: 0.950, network_width_mpl: 1.0
2024-11-14 01:49:44,842 - root - INFO - In validate()-> Val Ep. #14 loss: 0.687, accuracy: 73.20, sparsity: 0.950, task1 ratio: 0.050, zero ratio: 0.950, mpl: 1.0
2024-11-14 01:49:45,151 - root - INFO - In train()-> Train Ep. #15 loss: 0.719, accuracy: 72.04, lr: 0.001, sparsity: 0.950, network_width_mpl: 1.0
2024-11-14 01:49:45,260 - root - INFO - In validate()-> Val Ep. #15 loss: 0.684, accuracy: 74.60, sparsity: 0.950, task1 ratio: 0.050, zero ratio: 0.950, mpl: 1.0
2024-11-14 01:49:45,592 - root - INFO - In train()-> Train Ep. #16 loss: 0.697, accuracy: 73.44, lr: 0.001, sparsity: 0.950, network_width_mpl: 1.0
2024-11-14 01:49:45,707 - root - INFO - In validate()-> Val Ep. #16 loss: 0.680, accuracy: 74.20, sparsity: 0.950, task1 ratio: 0.050, zero ratio: 0.950, mpl: 1.0
2024-11-14 01:49:46,019 - root - INFO - In train()-> Train Ep. #17 loss: 0.708, accuracy: 72.36, lr: 0.001, sparsity: 0.950, network_width_mpl: 1.0
2024-11-14 01:49:46,126 - root - INFO - In validate()-> Val Ep. #17 loss: 0.685, accuracy: 74.20, sparsity: 0.950, task1 ratio: 0.050, zero ratio: 0.950, mpl: 1.0
2024-11-14 01:49:46,458 - root - INFO - In train()-> Train Ep. #18 loss: 0.671, accuracy: 73.72, lr: 0.001, sparsity: 0.950, network_width_mpl: 1.0
2024-11-14 01:49:46,568 - root - INFO - In validate()-> Val Ep. #18 loss: 0.674, accuracy: 74.60, sparsity: 0.950, task1 ratio: 0.050, zero ratio: 0.950, mpl: 1.0
2024-11-14 01:49:46,873 - root - INFO - In train()-> Train Ep. #19 loss: 0.685, accuracy: 72.76, lr: 0.001, sparsity: 0.950, network_width_mpl: 1.0
2024-11-14 01:49:46,987 - root - INFO - In validate()-> Val Ep. #19 loss: 0.665, accuracy: 76.20, sparsity: 0.950, task1 ratio: 0.050, zero ratio: 0.950, mpl: 1.0
2024-11-14 01:49:47,313 - root - INFO - In train()-> Train Ep. #20 loss: 0.697, accuracy: 72.80, lr: 0.001, sparsity: 0.950, network_width_mpl: 1.0
2024-11-14 01:49:47,426 - root - INFO - In validate()-> Val Ep. #20 loss: 0.658, accuracy: 75.80, sparsity: 0.950, task1 ratio: 0.050, zero ratio: 0.950, mpl: 1.0
2024-11-14 01:49:47,428 - root - INFO - ----------------
