2024-11-14 01:41:45,287 - root - INFO - Finetune stage...
2024-11-14 01:41:45,782 - root - INFO - In train()-> Train Ep. #1 loss: 1.610, accuracy: 19.04, lr: 0.01, sparsity: 0.000, network_width_mpl: 1.0
2024-11-14 01:41:45,902 - root - INFO - In validate()-> Val Ep. #1 loss: 1.609, accuracy: 20.00, sparsity: 0.000, task1 ratio: 1.000, zero ratio: 0.000, mpl: 1.0
2024-11-14 01:41:46,190 - root - INFO - In train()-> Train Ep. #2 loss: 1.610, accuracy: 19.20, lr: 0.01, sparsity: 0.000, network_width_mpl: 1.0
2024-11-14 01:41:46,297 - root - INFO - In validate()-> Val Ep. #2 loss: 1.608, accuracy: 20.80, sparsity: 0.000, task1 ratio: 1.000, zero ratio: 0.000, mpl: 1.0
2024-11-14 01:41:46,605 - root - INFO - In train()-> Train Ep. #3 loss: 1.608, accuracy: 19.76, lr: 0.01, sparsity: 0.000, network_width_mpl: 1.0
2024-11-14 01:41:46,716 - root - INFO - In validate()-> Val Ep. #3 loss: 1.603, accuracy: 23.80, sparsity: 0.000, task1 ratio: 1.000, zero ratio: 0.000, mpl: 1.0
2024-11-14 01:41:47,048 - root - INFO - In train()-> Train Ep. #4 loss: 1.583, accuracy: 28.44, lr: 0.01, sparsity: 0.000, network_width_mpl: 1.0
2024-11-14 01:41:47,162 - root - INFO - In validate()-> Val Ep. #4 loss: 1.507, accuracy: 31.80, sparsity: 0.000, task1 ratio: 1.000, zero ratio: 0.000, mpl: 1.0
2024-11-14 01:41:47,498 - root - INFO - In train()-> Train Ep. #5 loss: 1.491, accuracy: 32.32, lr: 0.01, sparsity: 0.000, network_width_mpl: 1.0
2024-11-14 01:41:47,621 - root - INFO - In validate()-> Val Ep. #5 loss: 1.436, accuracy: 39.00, sparsity: 0.000, task1 ratio: 1.000, zero ratio: 0.000, mpl: 1.0
2024-11-14 01:41:47,949 - root - INFO - In train()-> Train Ep. #6 loss: 1.447, accuracy: 38.32, lr: 0.01, sparsity: 0.000, network_width_mpl: 1.0
2024-11-14 01:41:48,079 - root - INFO - In validate()-> Val Ep. #6 loss: 1.375, accuracy: 40.00, sparsity: 0.000, task1 ratio: 1.000, zero ratio: 0.000, mpl: 1.0
2024-11-14 01:41:48,366 - root - INFO - In train()-> Train Ep. #7 loss: 1.401, accuracy: 41.92, lr: 0.01, sparsity: 0.000, network_width_mpl: 1.0
2024-11-14 01:41:48,488 - root - INFO - In validate()-> Val Ep. #7 loss: 1.400, accuracy: 40.20, sparsity: 0.000, task1 ratio: 1.000, zero ratio: 0.000, mpl: 1.0
2024-11-14 01:41:48,819 - root - INFO - In train()-> Train Ep. #8 loss: 1.380, accuracy: 40.20, lr: 0.01, sparsity: 0.000, network_width_mpl: 1.0
2024-11-14 01:41:48,942 - root - INFO - In validate()-> Val Ep. #8 loss: 1.291, accuracy: 45.00, sparsity: 0.000, task1 ratio: 1.000, zero ratio: 0.000, mpl: 1.0
2024-11-14 01:41:49,287 - root - INFO - In train()-> Train Ep. #9 loss: 1.298, accuracy: 45.52, lr: 0.01, sparsity: 0.000, network_width_mpl: 1.0
2024-11-14 01:41:49,400 - root - INFO - In validate()-> Val Ep. #9 loss: 1.426, accuracy: 45.00, sparsity: 0.000, task1 ratio: 1.000, zero ratio: 0.000, mpl: 1.0
2024-11-14 01:41:49,712 - root - INFO - In train()-> Train Ep. #10 loss: 1.281, accuracy: 46.08, lr: 0.01, sparsity: 0.000, network_width_mpl: 1.0
2024-11-14 01:41:49,823 - root - INFO - In validate()-> Val Ep. #10 loss: 1.352, accuracy: 45.80, sparsity: 0.000, task1 ratio: 1.000, zero ratio: 0.000, mpl: 1.0
2024-11-14 01:41:50,144 - root - INFO - In train()-> Train Ep. #11 loss: 1.256, accuracy: 47.40, lr: 0.01, sparsity: 0.000, network_width_mpl: 1.0
2024-11-14 01:41:50,262 - root - INFO - In validate()-> Val Ep. #11 loss: 1.224, accuracy: 49.20, sparsity: 0.000, task1 ratio: 1.000, zero ratio: 0.000, mpl: 1.0
2024-11-14 01:41:50,585 - root - INFO - In train()-> Train Ep. #12 loss: 1.241, accuracy: 47.36, lr: 0.01, sparsity: 0.000, network_width_mpl: 1.0
2024-11-14 01:41:50,705 - root - INFO - In validate()-> Val Ep. #12 loss: 1.231, accuracy: 48.60, sparsity: 0.000, task1 ratio: 1.000, zero ratio: 0.000, mpl: 1.0
2024-11-14 01:41:50,994 - root - INFO - In train()-> Train Ep. #13 loss: 1.229, accuracy: 49.60, lr: 0.01, sparsity: 0.000, network_width_mpl: 1.0
2024-11-14 01:41:51,118 - root - INFO - In validate()-> Val Ep. #13 loss: 1.440, accuracy: 42.60, sparsity: 0.000, task1 ratio: 1.000, zero ratio: 0.000, mpl: 1.0
2024-11-14 01:41:51,424 - root - INFO - In train()-> Train Ep. #14 loss: 1.200, accuracy: 50.96, lr: 0.01, sparsity: 0.000, network_width_mpl: 1.0
2024-11-14 01:41:51,541 - root - INFO - In validate()-> Val Ep. #14 loss: 1.283, accuracy: 49.80, sparsity: 0.000, task1 ratio: 1.000, zero ratio: 0.000, mpl: 1.0
2024-11-14 01:41:51,847 - root - INFO - In train()-> Train Ep. #15 loss: 1.178, accuracy: 51.16, lr: 0.01, sparsity: 0.000, network_width_mpl: 1.0
2024-11-14 01:41:51,967 - root - INFO - In validate()-> Val Ep. #15 loss: 1.257, accuracy: 51.60, sparsity: 0.000, task1 ratio: 1.000, zero ratio: 0.000, mpl: 1.0
2024-11-14 01:41:52,301 - root - INFO - In train()-> Train Ep. #16 loss: 1.173, accuracy: 52.68, lr: 0.01, sparsity: 0.000, network_width_mpl: 1.0
2024-11-14 01:41:52,411 - root - INFO - In validate()-> Val Ep. #16 loss: 1.186, accuracy: 52.20, sparsity: 0.000, task1 ratio: 1.000, zero ratio: 0.000, mpl: 1.0
2024-11-14 01:41:52,686 - root - INFO - In train()-> Train Ep. #17 loss: 1.158, accuracy: 54.60, lr: 0.01, sparsity: 0.000, network_width_mpl: 1.0
2024-11-14 01:41:52,798 - root - INFO - In validate()-> Val Ep. #17 loss: 1.131, accuracy: 53.80, sparsity: 0.000, task1 ratio: 1.000, zero ratio: 0.000, mpl: 1.0
2024-11-14 01:41:53,104 - root - INFO - In train()-> Train Ep. #18 loss: 1.136, accuracy: 55.40, lr: 0.01, sparsity: 0.000, network_width_mpl: 1.0
2024-11-14 01:41:53,230 - root - INFO - In validate()-> Val Ep. #18 loss: 1.158, accuracy: 54.20, sparsity: 0.000, task1 ratio: 1.000, zero ratio: 0.000, mpl: 1.0
2024-11-14 01:41:53,538 - root - INFO - In train()-> Train Ep. #19 loss: 1.116, accuracy: 55.40, lr: 0.01, sparsity: 0.000, network_width_mpl: 1.0
2024-11-14 01:41:53,651 - root - INFO - In validate()-> Val Ep. #19 loss: 1.150, accuracy: 51.60, sparsity: 0.000, task1 ratio: 1.000, zero ratio: 0.000, mpl: 1.0
2024-11-14 01:41:53,969 - root - INFO - In train()-> Train Ep. #20 loss: 1.084, accuracy: 57.60, lr: 0.01, sparsity: 0.000, network_width_mpl: 1.0
2024-11-14 01:41:54,092 - root - INFO - In validate()-> Val Ep. #20 loss: 1.112, accuracy: 53.60, sparsity: 0.000, task1 ratio: 1.000, zero ratio: 0.000, mpl: 1.0
2024-11-14 01:41:54,400 - root - INFO - In train()-> Train Ep. #21 loss: 1.070, accuracy: 57.68, lr: 0.01, sparsity: 0.000, network_width_mpl: 1.0
2024-11-14 01:41:54,528 - root - INFO - In validate()-> Val Ep. #21 loss: 1.235, accuracy: 54.40, sparsity: 0.000, task1 ratio: 1.000, zero ratio: 0.000, mpl: 1.0
2024-11-14 01:41:54,836 - root - INFO - In train()-> Train Ep. #22 loss: 1.076, accuracy: 58.52, lr: 0.01, sparsity: 0.000, network_width_mpl: 1.0
2024-11-14 01:41:54,951 - root - INFO - In validate()-> Val Ep. #22 loss: 1.110, accuracy: 54.40, sparsity: 0.000, task1 ratio: 1.000, zero ratio: 0.000, mpl: 1.0
2024-11-14 01:41:55,285 - root - INFO - In train()-> Train Ep. #23 loss: 1.068, accuracy: 58.32, lr: 0.01, sparsity: 0.000, network_width_mpl: 1.0
2024-11-14 01:41:55,400 - root - INFO - In validate()-> Val Ep. #23 loss: 1.106, accuracy: 54.60, sparsity: 0.000, task1 ratio: 1.000, zero ratio: 0.000, mpl: 1.0
2024-11-14 01:41:55,707 - root - INFO - In train()-> Train Ep. #24 loss: 1.053, accuracy: 58.80, lr: 0.01, sparsity: 0.000, network_width_mpl: 1.0
2024-11-14 01:41:55,833 - root - INFO - In validate()-> Val Ep. #24 loss: 1.106, accuracy: 55.60, sparsity: 0.000, task1 ratio: 1.000, zero ratio: 0.000, mpl: 1.0
2024-11-14 01:41:56,157 - root - INFO - In train()-> Train Ep. #25 loss: 1.057, accuracy: 57.68, lr: 0.01, sparsity: 0.000, network_width_mpl: 1.0
2024-11-14 01:41:56,271 - root - INFO - In validate()-> Val Ep. #25 loss: 1.067, accuracy: 56.40, sparsity: 0.000, task1 ratio: 1.000, zero ratio: 0.000, mpl: 1.0
2024-11-14 01:41:56,570 - root - INFO - In train()-> Train Ep. #26 loss: 1.010, accuracy: 60.68, lr: 0.01, sparsity: 0.000, network_width_mpl: 1.0
2024-11-14 01:41:56,684 - root - INFO - In validate()-> Val Ep. #26 loss: 1.048, accuracy: 56.60, sparsity: 0.000, task1 ratio: 1.000, zero ratio: 0.000, mpl: 1.0
2024-11-14 01:41:56,996 - root - INFO - In train()-> Train Ep. #27 loss: 1.016, accuracy: 60.60, lr: 0.01, sparsity: 0.000, network_width_mpl: 1.0
2024-11-14 01:41:57,115 - root - INFO - In validate()-> Val Ep. #27 loss: 1.068, accuracy: 57.20, sparsity: 0.000, task1 ratio: 1.000, zero ratio: 0.000, mpl: 1.0
2024-11-14 01:41:57,440 - root - INFO - In train()-> Train Ep. #28 loss: 1.007, accuracy: 61.40, lr: 0.01, sparsity: 0.000, network_width_mpl: 1.0
2024-11-14 01:41:57,553 - root - INFO - In validate()-> Val Ep. #28 loss: 1.156, accuracy: 56.60, sparsity: 0.000, task1 ratio: 1.000, zero ratio: 0.000, mpl: 1.0
2024-11-14 01:41:57,891 - root - INFO - In train()-> Train Ep. #29 loss: 1.000, accuracy: 60.72, lr: 0.01, sparsity: 0.000, network_width_mpl: 1.0
2024-11-14 01:41:58,007 - root - INFO - In validate()-> Val Ep. #29 loss: 1.032, accuracy: 58.60, sparsity: 0.000, task1 ratio: 1.000, zero ratio: 0.000, mpl: 1.0
2024-11-14 01:41:58,317 - root - INFO - In train()-> Train Ep. #30 loss: 1.014, accuracy: 60.72, lr: 0.01, sparsity: 0.000, network_width_mpl: 1.0
2024-11-14 01:41:58,432 - root - INFO - In validate()-> Val Ep. #30 loss: 1.040, accuracy: 59.80, sparsity: 0.000, task1 ratio: 1.000, zero ratio: 0.000, mpl: 1.0
2024-11-14 01:41:58,772 - root - INFO - In train()-> Train Ep. #31 loss: 0.997, accuracy: 61.36, lr: 0.01, sparsity: 0.000, network_width_mpl: 1.0
2024-11-14 01:41:58,898 - root - INFO - In validate()-> Val Ep. #31 loss: 1.029, accuracy: 57.80, sparsity: 0.000, task1 ratio: 1.000, zero ratio: 0.000, mpl: 1.0
2024-11-14 01:41:59,202 - root - INFO - In train()-> Train Ep. #32 loss: 0.990, accuracy: 61.08, lr: 0.01, sparsity: 0.000, network_width_mpl: 1.0
2024-11-14 01:41:59,318 - root - INFO - In validate()-> Val Ep. #32 loss: 1.168, accuracy: 55.40, sparsity: 0.000, task1 ratio: 1.000, zero ratio: 0.000, mpl: 1.0
2024-11-14 01:41:59,620 - root - INFO - In train()-> Train Ep. #33 loss: 0.998, accuracy: 61.04, lr: 0.01, sparsity: 0.000, network_width_mpl: 1.0
2024-11-14 01:41:59,749 - root - INFO - In validate()-> Val Ep. #33 loss: 1.158, accuracy: 54.80, sparsity: 0.000, task1 ratio: 1.000, zero ratio: 0.000, mpl: 1.0
2024-11-14 01:42:00,065 - root - INFO - In train()-> Train Ep. #34 loss: 0.991, accuracy: 60.84, lr: 0.01, sparsity: 0.000, network_width_mpl: 1.0
2024-11-14 01:42:00,175 - root - INFO - In validate()-> Val Ep. #34 loss: 1.002, accuracy: 60.40, sparsity: 0.000, task1 ratio: 1.000, zero ratio: 0.000, mpl: 1.0
2024-11-14 01:42:00,485 - root - INFO - In train()-> Train Ep. #35 loss: 0.976, accuracy: 60.60, lr: 0.01, sparsity: 0.000, network_width_mpl: 1.0
2024-11-14 01:42:00,601 - root - INFO - In validate()-> Val Ep. #35 loss: 1.012, accuracy: 58.60, sparsity: 0.000, task1 ratio: 1.000, zero ratio: 0.000, mpl: 1.0
2024-11-14 01:42:00,961 - root - INFO - In train()-> Train Ep. #36 loss: 0.936, accuracy: 63.68, lr: 0.01, sparsity: 0.000, network_width_mpl: 1.0
2024-11-14 01:42:01,076 - root - INFO - In validate()-> Val Ep. #36 loss: 1.037, accuracy: 60.60, sparsity: 0.000, task1 ratio: 1.000, zero ratio: 0.000, mpl: 1.0
2024-11-14 01:42:01,409 - root - INFO - In train()-> Train Ep. #37 loss: 0.942, accuracy: 63.92, lr: 0.01, sparsity: 0.000, network_width_mpl: 1.0
2024-11-14 01:42:01,530 - root - INFO - In validate()-> Val Ep. #37 loss: 1.052, accuracy: 56.80, sparsity: 0.000, task1 ratio: 1.000, zero ratio: 0.000, mpl: 1.0
2024-11-14 01:42:01,833 - root - INFO - In train()-> Train Ep. #38 loss: 0.941, accuracy: 63.96, lr: 0.01, sparsity: 0.000, network_width_mpl: 1.0
2024-11-14 01:42:01,960 - root - INFO - In validate()-> Val Ep. #38 loss: 1.029, accuracy: 57.80, sparsity: 0.000, task1 ratio: 1.000, zero ratio: 0.000, mpl: 1.0
2024-11-14 01:42:02,291 - root - INFO - In train()-> Train Ep. #39 loss: 0.933, accuracy: 63.56, lr: 0.01, sparsity: 0.000, network_width_mpl: 1.0
2024-11-14 01:42:02,411 - root - INFO - In validate()-> Val Ep. #39 loss: 1.075, accuracy: 59.40, sparsity: 0.000, task1 ratio: 1.000, zero ratio: 0.000, mpl: 1.0
2024-11-14 01:42:02,721 - root - INFO - In train()-> Train Ep. #40 loss: 0.928, accuracy: 64.56, lr: 0.01, sparsity: 0.000, network_width_mpl: 1.0
2024-11-14 01:42:02,848 - root - INFO - In validate()-> Val Ep. #40 loss: 1.049, accuracy: 58.40, sparsity: 0.000, task1 ratio: 1.000, zero ratio: 0.000, mpl: 1.0
2024-11-14 01:42:03,168 - root - INFO - In train()-> Train Ep. #41 loss: 0.943, accuracy: 62.44, lr: 0.01, sparsity: 0.000, network_width_mpl: 1.0
2024-11-14 01:42:03,291 - root - INFO - In validate()-> Val Ep. #41 loss: 1.005, accuracy: 61.40, sparsity: 0.000, task1 ratio: 1.000, zero ratio: 0.000, mpl: 1.0
2024-11-14 01:42:03,625 - root - INFO - In train()-> Train Ep. #42 loss: 0.911, accuracy: 63.80, lr: 0.01, sparsity: 0.000, network_width_mpl: 1.0
2024-11-14 01:42:03,736 - root - INFO - In validate()-> Val Ep. #42 loss: 0.970, accuracy: 61.40, sparsity: 0.000, task1 ratio: 1.000, zero ratio: 0.000, mpl: 1.0
2024-11-14 01:42:04,065 - root - INFO - In train()-> Train Ep. #43 loss: 0.919, accuracy: 65.36, lr: 0.01, sparsity: 0.000, network_width_mpl: 1.0
2024-11-14 01:42:04,176 - root - INFO - In validate()-> Val Ep. #43 loss: 0.993, accuracy: 59.00, sparsity: 0.000, task1 ratio: 1.000, zero ratio: 0.000, mpl: 1.0
2024-11-14 01:42:04,486 - root - INFO - In train()-> Train Ep. #44 loss: 0.900, accuracy: 64.52, lr: 0.01, sparsity: 0.000, network_width_mpl: 1.0
2024-11-14 01:42:04,605 - root - INFO - In validate()-> Val Ep. #44 loss: 1.029, accuracy: 59.60, sparsity: 0.000, task1 ratio: 1.000, zero ratio: 0.000, mpl: 1.0
2024-11-14 01:42:04,932 - root - INFO - In train()-> Train Ep. #45 loss: 0.910, accuracy: 65.68, lr: 0.01, sparsity: 0.000, network_width_mpl: 1.0
2024-11-14 01:42:05,050 - root - INFO - In validate()-> Val Ep. #45 loss: 0.984, accuracy: 59.80, sparsity: 0.000, task1 ratio: 1.000, zero ratio: 0.000, mpl: 1.0
2024-11-14 01:42:05,389 - root - INFO - In train()-> Train Ep. #46 loss: 0.908, accuracy: 64.80, lr: 0.01, sparsity: 0.000, network_width_mpl: 1.0
2024-11-14 01:42:05,501 - root - INFO - In validate()-> Val Ep. #46 loss: 1.012, accuracy: 62.60, sparsity: 0.000, task1 ratio: 1.000, zero ratio: 0.000, mpl: 1.0
2024-11-14 01:42:05,811 - root - INFO - In train()-> Train Ep. #47 loss: 0.904, accuracy: 64.68, lr: 0.01, sparsity: 0.000, network_width_mpl: 1.0
2024-11-14 01:42:05,928 - root - INFO - In validate()-> Val Ep. #47 loss: 1.183, accuracy: 56.40, sparsity: 0.000, task1 ratio: 1.000, zero ratio: 0.000, mpl: 1.0
2024-11-14 01:42:06,258 - root - INFO - In train()-> Train Ep. #48 loss: 0.888, accuracy: 65.40, lr: 0.01, sparsity: 0.000, network_width_mpl: 1.0
2024-11-14 01:42:06,382 - root - INFO - In validate()-> Val Ep. #48 loss: 1.050, accuracy: 57.40, sparsity: 0.000, task1 ratio: 1.000, zero ratio: 0.000, mpl: 1.0
2024-11-14 01:42:06,692 - root - INFO - In train()-> Train Ep. #49 loss: 0.887, accuracy: 65.44, lr: 0.01, sparsity: 0.000, network_width_mpl: 1.0
2024-11-14 01:42:06,819 - root - INFO - In validate()-> Val Ep. #49 loss: 1.195, accuracy: 54.60, sparsity: 0.000, task1 ratio: 1.000, zero ratio: 0.000, mpl: 1.0
2024-11-14 01:42:07,138 - root - INFO - In train()-> Train Ep. #50 loss: 0.895, accuracy: 65.56, lr: 0.01, sparsity: 0.000, network_width_mpl: 1.0
2024-11-14 01:42:07,266 - root - INFO - In validate()-> Val Ep. #50 loss: 1.069, accuracy: 61.00, sparsity: 0.000, task1 ratio: 1.000, zero ratio: 0.000, mpl: 1.0
2024-11-14 01:42:07,581 - root - INFO - In train()-> Train Ep. #51 loss: 0.837, accuracy: 67.76, lr: 0.001, sparsity: 0.000, network_width_mpl: 1.0
2024-11-14 01:42:07,691 - root - INFO - In validate()-> Val Ep. #51 loss: 0.948, accuracy: 63.60, sparsity: 0.000, task1 ratio: 1.000, zero ratio: 0.000, mpl: 1.0
2024-11-14 01:42:08,007 - root - INFO - In train()-> Train Ep. #52 loss: 0.826, accuracy: 67.96, lr: 0.001, sparsity: 0.000, network_width_mpl: 1.0
2024-11-14 01:42:08,123 - root - INFO - In validate()-> Val Ep. #52 loss: 0.938, accuracy: 61.80, sparsity: 0.000, task1 ratio: 1.000, zero ratio: 0.000, mpl: 1.0
2024-11-14 01:42:08,456 - root - INFO - In train()-> Train Ep. #53 loss: 0.804, accuracy: 69.24, lr: 0.001, sparsity: 0.000, network_width_mpl: 1.0
2024-11-14 01:42:08,568 - root - INFO - In validate()-> Val Ep. #53 loss: 0.952, accuracy: 61.40, sparsity: 0.000, task1 ratio: 1.000, zero ratio: 0.000, mpl: 1.0
2024-11-14 01:42:08,867 - root - INFO - In train()-> Train Ep. #54 loss: 0.812, accuracy: 69.32, lr: 0.001, sparsity: 0.000, network_width_mpl: 1.0
2024-11-14 01:42:08,991 - root - INFO - In validate()-> Val Ep. #54 loss: 0.953, accuracy: 63.60, sparsity: 0.000, task1 ratio: 1.000, zero ratio: 0.000, mpl: 1.0
2024-11-14 01:42:09,313 - root - INFO - In train()-> Train Ep. #55 loss: 0.810, accuracy: 69.00, lr: 0.001, sparsity: 0.000, network_width_mpl: 1.0
2024-11-14 01:42:09,437 - root - INFO - In validate()-> Val Ep. #55 loss: 0.931, accuracy: 62.60, sparsity: 0.000, task1 ratio: 1.000, zero ratio: 0.000, mpl: 1.0
2024-11-14 01:42:09,767 - root - INFO - In train()-> Train Ep. #56 loss: 0.791, accuracy: 70.04, lr: 0.001, sparsity: 0.000, network_width_mpl: 1.0
2024-11-14 01:42:09,892 - root - INFO - In validate()-> Val Ep. #56 loss: 0.924, accuracy: 63.40, sparsity: 0.000, task1 ratio: 1.000, zero ratio: 0.000, mpl: 1.0
2024-11-14 01:42:10,198 - root - INFO - In train()-> Train Ep. #57 loss: 0.801, accuracy: 68.92, lr: 0.001, sparsity: 0.000, network_width_mpl: 1.0
2024-11-14 01:42:10,316 - root - INFO - In validate()-> Val Ep. #57 loss: 0.925, accuracy: 62.40, sparsity: 0.000, task1 ratio: 1.000, zero ratio: 0.000, mpl: 1.0
2024-11-14 01:42:10,661 - root - INFO - In train()-> Train Ep. #58 loss: 0.803, accuracy: 69.08, lr: 0.001, sparsity: 0.000, network_width_mpl: 1.0
2024-11-14 01:42:10,796 - root - INFO - In validate()-> Val Ep. #58 loss: 0.939, accuracy: 62.00, sparsity: 0.000, task1 ratio: 1.000, zero ratio: 0.000, mpl: 1.0
2024-11-14 01:42:11,117 - root - INFO - In train()-> Train Ep. #59 loss: 0.800, accuracy: 69.76, lr: 0.001, sparsity: 0.000, network_width_mpl: 1.0
2024-11-14 01:42:11,230 - root - INFO - In validate()-> Val Ep. #59 loss: 0.921, accuracy: 63.60, sparsity: 0.000, task1 ratio: 1.000, zero ratio: 0.000, mpl: 1.0
2024-11-14 01:42:11,555 - root - INFO - In train()-> Train Ep. #60 loss: 0.787, accuracy: 69.68, lr: 0.001, sparsity: 0.000, network_width_mpl: 1.0
2024-11-14 01:42:11,669 - root - INFO - In validate()-> Val Ep. #60 loss: 0.917, accuracy: 63.20, sparsity: 0.000, task1 ratio: 1.000, zero ratio: 0.000, mpl: 1.0
2024-11-14 01:42:11,966 - root - INFO - In train()-> Train Ep. #61 loss: 0.808, accuracy: 69.00, lr: 0.001, sparsity: 0.000, network_width_mpl: 1.0
2024-11-14 01:42:12,086 - root - INFO - In validate()-> Val Ep. #61 loss: 0.921, accuracy: 62.80, sparsity: 0.000, task1 ratio: 1.000, zero ratio: 0.000, mpl: 1.0
2024-11-14 01:42:12,445 - root - INFO - In train()-> Train Ep. #62 loss: 0.793, accuracy: 69.16, lr: 0.001, sparsity: 0.000, network_width_mpl: 1.0
2024-11-14 01:42:12,567 - root - INFO - In validate()-> Val Ep. #62 loss: 0.929, accuracy: 63.80, sparsity: 0.000, task1 ratio: 1.000, zero ratio: 0.000, mpl: 1.0
2024-11-14 01:42:12,881 - root - INFO - In train()-> Train Ep. #63 loss: 0.787, accuracy: 69.96, lr: 0.001, sparsity: 0.000, network_width_mpl: 1.0
2024-11-14 01:42:13,001 - root - INFO - In validate()-> Val Ep. #63 loss: 0.943, accuracy: 61.80, sparsity: 0.000, task1 ratio: 1.000, zero ratio: 0.000, mpl: 1.0
2024-11-14 01:42:13,298 - root - INFO - In train()-> Train Ep. #64 loss: 0.779, accuracy: 69.60, lr: 0.001, sparsity: 0.000, network_width_mpl: 1.0
2024-11-14 01:42:13,410 - root - INFO - In validate()-> Val Ep. #64 loss: 0.929, accuracy: 64.00, sparsity: 0.000, task1 ratio: 1.000, zero ratio: 0.000, mpl: 1.0
2024-11-14 01:42:13,726 - root - INFO - In train()-> Train Ep. #65 loss: 0.776, accuracy: 70.60, lr: 0.001, sparsity: 0.000, network_width_mpl: 1.0
2024-11-14 01:42:13,842 - root - INFO - In validate()-> Val Ep. #65 loss: 0.934, accuracy: 62.40, sparsity: 0.000, task1 ratio: 1.000, zero ratio: 0.000, mpl: 1.0
2024-11-14 01:42:14,157 - root - INFO - In train()-> Train Ep. #66 loss: 0.772, accuracy: 70.92, lr: 0.001, sparsity: 0.000, network_width_mpl: 1.0
2024-11-14 01:42:14,273 - root - INFO - In validate()-> Val Ep. #66 loss: 0.918, accuracy: 64.40, sparsity: 0.000, task1 ratio: 1.000, zero ratio: 0.000, mpl: 1.0
2024-11-14 01:42:14,598 - root - INFO - In train()-> Train Ep. #67 loss: 0.769, accuracy: 70.72, lr: 0.001, sparsity: 0.000, network_width_mpl: 1.0
2024-11-14 01:42:14,720 - root - INFO - In validate()-> Val Ep. #67 loss: 0.921, accuracy: 64.40, sparsity: 0.000, task1 ratio: 1.000, zero ratio: 0.000, mpl: 1.0
2024-11-14 01:42:15,013 - root - INFO - In train()-> Train Ep. #68 loss: 0.784, accuracy: 70.52, lr: 0.001, sparsity: 0.000, network_width_mpl: 1.0
2024-11-14 01:42:15,128 - root - INFO - In validate()-> Val Ep. #68 loss: 0.925, accuracy: 63.80, sparsity: 0.000, task1 ratio: 1.000, zero ratio: 0.000, mpl: 1.0
2024-11-14 01:42:15,458 - root - INFO - In train()-> Train Ep. #69 loss: 0.760, accuracy: 71.88, lr: 0.001, sparsity: 0.000, network_width_mpl: 1.0
2024-11-14 01:42:15,574 - root - INFO - In validate()-> Val Ep. #69 loss: 0.926, accuracy: 63.00, sparsity: 0.000, task1 ratio: 1.000, zero ratio: 0.000, mpl: 1.0
2024-11-14 01:42:15,932 - root - INFO - In train()-> Train Ep. #70 loss: 0.757, accuracy: 70.64, lr: 0.001, sparsity: 0.000, network_width_mpl: 1.0
2024-11-14 01:42:16,044 - root - INFO - In validate()-> Val Ep. #70 loss: 0.928, accuracy: 63.60, sparsity: 0.000, task1 ratio: 1.000, zero ratio: 0.000, mpl: 1.0
2024-11-14 01:42:16,337 - root - INFO - In train()-> Train Ep. #71 loss: 0.773, accuracy: 70.16, lr: 0.001, sparsity: 0.000, network_width_mpl: 1.0
2024-11-14 01:42:16,456 - root - INFO - In validate()-> Val Ep. #71 loss: 0.922, accuracy: 63.00, sparsity: 0.000, task1 ratio: 1.000, zero ratio: 0.000, mpl: 1.0
2024-11-14 01:42:16,765 - root - INFO - In train()-> Train Ep. #72 loss: 0.770, accuracy: 70.56, lr: 0.001, sparsity: 0.000, network_width_mpl: 1.0
2024-11-14 01:42:16,885 - root - INFO - In validate()-> Val Ep. #72 loss: 0.927, accuracy: 64.00, sparsity: 0.000, task1 ratio: 1.000, zero ratio: 0.000, mpl: 1.0
2024-11-14 01:42:17,222 - root - INFO - In train()-> Train Ep. #73 loss: 0.773, accuracy: 70.28, lr: 0.001, sparsity: 0.000, network_width_mpl: 1.0
2024-11-14 01:42:17,334 - root - INFO - In validate()-> Val Ep. #73 loss: 0.919, accuracy: 64.40, sparsity: 0.000, task1 ratio: 1.000, zero ratio: 0.000, mpl: 1.0
2024-11-14 01:42:17,700 - root - INFO - In train()-> Train Ep. #74 loss: 0.769, accuracy: 70.68, lr: 0.001, sparsity: 0.000, network_width_mpl: 1.0
2024-11-14 01:42:17,812 - root - INFO - In validate()-> Val Ep. #74 loss: 0.948, accuracy: 62.80, sparsity: 0.000, task1 ratio: 1.000, zero ratio: 0.000, mpl: 1.0
2024-11-14 01:42:18,119 - root - INFO - In train()-> Train Ep. #75 loss: 0.778, accuracy: 70.44, lr: 0.001, sparsity: 0.000, network_width_mpl: 1.0
2024-11-14 01:42:18,240 - root - INFO - In validate()-> Val Ep. #75 loss: 0.935, accuracy: 63.20, sparsity: 0.000, task1 ratio: 1.000, zero ratio: 0.000, mpl: 1.0
2024-11-14 01:42:18,546 - root - INFO - In train()-> Train Ep. #76 loss: 0.756, accuracy: 71.08, lr: 0.001, sparsity: 0.000, network_width_mpl: 1.0
2024-11-14 01:42:18,658 - root - INFO - In validate()-> Val Ep. #76 loss: 0.942, accuracy: 62.00, sparsity: 0.000, task1 ratio: 1.000, zero ratio: 0.000, mpl: 1.0
2024-11-14 01:42:18,985 - root - INFO - In train()-> Train Ep. #77 loss: 0.781, accuracy: 69.40, lr: 0.001, sparsity: 0.000, network_width_mpl: 1.0
2024-11-14 01:42:19,107 - root - INFO - In validate()-> Val Ep. #77 loss: 0.913, accuracy: 64.60, sparsity: 0.000, task1 ratio: 1.000, zero ratio: 0.000, mpl: 1.0
2024-11-14 01:42:19,410 - root - INFO - In train()-> Train Ep. #78 loss: 0.764, accuracy: 70.24, lr: 0.001, sparsity: 0.000, network_width_mpl: 1.0
2024-11-14 01:42:19,522 - root - INFO - In validate()-> Val Ep. #78 loss: 0.922, accuracy: 63.00, sparsity: 0.000, task1 ratio: 1.000, zero ratio: 0.000, mpl: 1.0
2024-11-14 01:42:19,821 - root - INFO - In train()-> Train Ep. #79 loss: 0.756, accuracy: 71.36, lr: 0.001, sparsity: 0.000, network_width_mpl: 1.0
2024-11-14 01:42:19,930 - root - INFO - In validate()-> Val Ep. #79 loss: 0.916, accuracy: 65.40, sparsity: 0.000, task1 ratio: 1.000, zero ratio: 0.000, mpl: 1.0
2024-11-14 01:42:20,251 - root - INFO - In train()-> Train Ep. #80 loss: 0.755, accuracy: 70.48, lr: 0.001, sparsity: 0.000, network_width_mpl: 1.0
2024-11-14 01:42:20,361 - root - INFO - In validate()-> Val Ep. #80 loss: 0.918, accuracy: 64.00, sparsity: 0.000, task1 ratio: 1.000, zero ratio: 0.000, mpl: 1.0
2024-11-14 01:42:20,723 - root - INFO - In train()-> Train Ep. #81 loss: 0.766, accuracy: 70.80, lr: 0.0001, sparsity: 0.000, network_width_mpl: 1.0
2024-11-14 01:42:20,854 - root - INFO - In validate()-> Val Ep. #81 loss: 0.922, accuracy: 63.60, sparsity: 0.000, task1 ratio: 1.000, zero ratio: 0.000, mpl: 1.0
2024-11-14 01:42:21,172 - root - INFO - In train()-> Train Ep. #82 loss: 0.750, accuracy: 70.28, lr: 0.0001, sparsity: 0.000, network_width_mpl: 1.0
2024-11-14 01:42:21,286 - root - INFO - In validate()-> Val Ep. #82 loss: 0.919, accuracy: 64.20, sparsity: 0.000, task1 ratio: 1.000, zero ratio: 0.000, mpl: 1.0
2024-11-14 01:42:21,590 - root - INFO - In train()-> Train Ep. #83 loss: 0.747, accuracy: 71.64, lr: 0.0001, sparsity: 0.000, network_width_mpl: 1.0
2024-11-14 01:42:21,725 - root - INFO - In validate()-> Val Ep. #83 loss: 0.922, accuracy: 63.80, sparsity: 0.000, task1 ratio: 1.000, zero ratio: 0.000, mpl: 1.0
2024-11-14 01:42:22,052 - root - INFO - In train()-> Train Ep. #84 loss: 0.760, accuracy: 72.24, lr: 0.0001, sparsity: 0.000, network_width_mpl: 1.0
2024-11-14 01:42:22,179 - root - INFO - In validate()-> Val Ep. #84 loss: 0.917, accuracy: 64.20, sparsity: 0.000, task1 ratio: 1.000, zero ratio: 0.000, mpl: 1.0
2024-11-14 01:42:22,503 - root - INFO - In train()-> Train Ep. #85 loss: 0.762, accuracy: 70.68, lr: 0.0001, sparsity: 0.000, network_width_mpl: 1.0
2024-11-14 01:42:22,623 - root - INFO - In validate()-> Val Ep. #85 loss: 0.925, accuracy: 63.20, sparsity: 0.000, task1 ratio: 1.000, zero ratio: 0.000, mpl: 1.0
2024-11-14 01:42:22,957 - root - INFO - In train()-> Train Ep. #86 loss: 0.739, accuracy: 71.56, lr: 0.0001, sparsity: 0.000, network_width_mpl: 1.0
2024-11-14 01:42:23,087 - root - INFO - In validate()-> Val Ep. #86 loss: 0.927, accuracy: 63.40, sparsity: 0.000, task1 ratio: 1.000, zero ratio: 0.000, mpl: 1.0
2024-11-14 01:42:23,410 - root - INFO - In train()-> Train Ep. #87 loss: 0.735, accuracy: 71.80, lr: 0.0001, sparsity: 0.000, network_width_mpl: 1.0
2024-11-14 01:42:23,522 - root - INFO - In validate()-> Val Ep. #87 loss: 0.924, accuracy: 64.20, sparsity: 0.000, task1 ratio: 1.000, zero ratio: 0.000, mpl: 1.0
2024-11-14 01:42:23,856 - root - INFO - In train()-> Train Ep. #88 loss: 0.747, accuracy: 70.92, lr: 0.0001, sparsity: 0.000, network_width_mpl: 1.0
2024-11-14 01:42:23,971 - root - INFO - In validate()-> Val Ep. #88 loss: 0.926, accuracy: 64.00, sparsity: 0.000, task1 ratio: 1.000, zero ratio: 0.000, mpl: 1.0
2024-11-14 01:42:24,292 - root - INFO - In train()-> Train Ep. #89 loss: 0.721, accuracy: 72.24, lr: 0.0001, sparsity: 0.000, network_width_mpl: 1.0
2024-11-14 01:42:24,419 - root - INFO - In validate()-> Val Ep. #89 loss: 0.921, accuracy: 64.40, sparsity: 0.000, task1 ratio: 1.000, zero ratio: 0.000, mpl: 1.0
2024-11-14 01:42:24,729 - root - INFO - In train()-> Train Ep. #90 loss: 0.732, accuracy: 73.08, lr: 0.0001, sparsity: 0.000, network_width_mpl: 1.0
2024-11-14 01:42:24,856 - root - INFO - In validate()-> Val Ep. #90 loss: 0.923, accuracy: 64.00, sparsity: 0.000, task1 ratio: 1.000, zero ratio: 0.000, mpl: 1.0
2024-11-14 01:42:25,174 - root - INFO - In train()-> Train Ep. #91 loss: 0.729, accuracy: 72.24, lr: 0.0001, sparsity: 0.000, network_width_mpl: 1.0
2024-11-14 01:42:25,288 - root - INFO - In validate()-> Val Ep. #91 loss: 0.932, accuracy: 63.00, sparsity: 0.000, task1 ratio: 1.000, zero ratio: 0.000, mpl: 1.0
2024-11-14 01:42:25,622 - root - INFO - In train()-> Train Ep. #92 loss: 0.763, accuracy: 71.12, lr: 0.0001, sparsity: 0.000, network_width_mpl: 1.0
2024-11-14 01:42:25,736 - root - INFO - In validate()-> Val Ep. #92 loss: 0.925, accuracy: 64.20, sparsity: 0.000, task1 ratio: 1.000, zero ratio: 0.000, mpl: 1.0
2024-11-14 01:42:26,065 - root - INFO - In train()-> Train Ep. #93 loss: 0.747, accuracy: 71.28, lr: 0.0001, sparsity: 0.000, network_width_mpl: 1.0
2024-11-14 01:42:26,176 - root - INFO - In validate()-> Val Ep. #93 loss: 0.920, accuracy: 64.20, sparsity: 0.000, task1 ratio: 1.000, zero ratio: 0.000, mpl: 1.0
2024-11-14 01:42:26,509 - root - INFO - In train()-> Train Ep. #94 loss: 0.755, accuracy: 70.72, lr: 0.0001, sparsity: 0.000, network_width_mpl: 1.0
2024-11-14 01:42:26,616 - root - INFO - In validate()-> Val Ep. #94 loss: 0.919, accuracy: 63.20, sparsity: 0.000, task1 ratio: 1.000, zero ratio: 0.000, mpl: 1.0
2024-11-14 01:42:26,955 - root - INFO - In train()-> Train Ep. #95 loss: 0.762, accuracy: 70.76, lr: 0.0001, sparsity: 0.000, network_width_mpl: 1.0
2024-11-14 01:42:27,070 - root - INFO - In validate()-> Val Ep. #95 loss: 0.926, accuracy: 64.60, sparsity: 0.000, task1 ratio: 1.000, zero ratio: 0.000, mpl: 1.0
2024-11-14 01:42:27,354 - root - INFO - In train()-> Train Ep. #96 loss: 0.755, accuracy: 70.84, lr: 0.0001, sparsity: 0.000, network_width_mpl: 1.0
2024-11-14 01:42:27,472 - root - INFO - In validate()-> Val Ep. #96 loss: 0.934, accuracy: 63.20, sparsity: 0.000, task1 ratio: 1.000, zero ratio: 0.000, mpl: 1.0
2024-11-14 01:42:27,780 - root - INFO - In train()-> Train Ep. #97 loss: 0.749, accuracy: 71.28, lr: 0.0001, sparsity: 0.000, network_width_mpl: 1.0
2024-11-14 01:42:27,898 - root - INFO - In validate()-> Val Ep. #97 loss: 0.932, accuracy: 62.80, sparsity: 0.000, task1 ratio: 1.000, zero ratio: 0.000, mpl: 1.0
2024-11-14 01:42:28,243 - root - INFO - In train()-> Train Ep. #98 loss: 0.770, accuracy: 70.32, lr: 0.0001, sparsity: 0.000, network_width_mpl: 1.0
2024-11-14 01:42:28,355 - root - INFO - In validate()-> Val Ep. #98 loss: 0.927, accuracy: 62.80, sparsity: 0.000, task1 ratio: 1.000, zero ratio: 0.000, mpl: 1.0
2024-11-14 01:42:28,684 - root - INFO - In train()-> Train Ep. #99 loss: 0.735, accuracy: 72.72, lr: 0.0001, sparsity: 0.000, network_width_mpl: 1.0
2024-11-14 01:42:28,796 - root - INFO - In validate()-> Val Ep. #99 loss: 0.928, accuracy: 63.20, sparsity: 0.000, task1 ratio: 1.000, zero ratio: 0.000, mpl: 1.0
2024-11-14 01:42:29,115 - root - INFO - In train()-> Train Ep. #100 loss: 0.748, accuracy: 71.28, lr: 0.0001, sparsity: 0.000, network_width_mpl: 1.0
2024-11-14 01:42:29,235 - root - INFO - In validate()-> Val Ep. #100 loss: 0.913, accuracy: 64.40, sparsity: 0.000, task1 ratio: 1.000, zero ratio: 0.000, mpl: 1.0
2024-11-14 01:42:29,237 - root - INFO - ----------------
2024-11-14 01:42:29,237 - root - INFO - It's time to expand the Network
2024-11-14 01:42:29,237 - root - INFO - Auto expand network
2024-11-14 01:42:31,606 - root - INFO - 
2024-11-14 01:42:31,606 - root - INFO - Before pruning: 
2024-11-14 01:42:31,606 - root - INFO - Sparsity range: 0.0 -> 0.1
2024-11-14 01:42:31,895 - root - INFO - In validate()-> Val Ep. #0 loss: 0.913, accuracy: 64.40, sparsity: 0.000, task1 ratio: 1.000, zero ratio: 0.000, mpl: 1.0
2024-11-14 01:42:31,895 - root - INFO - 
2024-11-14 01:42:32,268 - root - INFO - In train()-> Train Ep. #1 loss: 0.763, accuracy: 70.60, lr: 0.001, sparsity: 0.053, network_width_mpl: 1.0
2024-11-14 01:42:32,377 - root - INFO - In validate()-> Val Ep. #1 loss: 0.931, accuracy: 62.00, sparsity: 0.053, task1 ratio: 0.947, zero ratio: 0.053, mpl: 1.0
2024-11-14 01:42:32,694 - root - INFO - In train()-> Train Ep. #2 loss: 0.758, accuracy: 70.64, lr: 0.001, sparsity: 0.085, network_width_mpl: 1.0
2024-11-14 01:42:32,808 - root - INFO - In validate()-> Val Ep. #2 loss: 0.917, accuracy: 64.00, sparsity: 0.085, task1 ratio: 0.915, zero ratio: 0.085, mpl: 1.0
2024-11-14 01:42:33,150 - root - INFO - In train()-> Train Ep. #3 loss: 0.737, accuracy: 72.24, lr: 0.001, sparsity: 0.098, network_width_mpl: 1.0
2024-11-14 01:42:33,264 - root - INFO - In validate()-> Val Ep. #3 loss: 0.925, accuracy: 64.60, sparsity: 0.098, task1 ratio: 0.902, zero ratio: 0.098, mpl: 1.0
2024-11-14 01:42:33,600 - root - INFO - In train()-> Train Ep. #4 loss: 0.754, accuracy: 70.48, lr: 0.001, sparsity: 0.101, network_width_mpl: 1.0
2024-11-14 01:42:33,724 - root - INFO - In validate()-> Val Ep. #4 loss: 0.915, accuracy: 64.40, sparsity: 0.101, task1 ratio: 0.899, zero ratio: 0.101, mpl: 1.0
2024-11-14 01:42:34,041 - root - INFO - In train()-> Train Ep. #5 loss: 0.759, accuracy: 71.44, lr: 0.001, sparsity: 0.101, network_width_mpl: 1.0
2024-11-14 01:42:34,157 - root - INFO - In validate()-> Val Ep. #5 loss: 0.909, accuracy: 63.00, sparsity: 0.101, task1 ratio: 0.899, zero ratio: 0.101, mpl: 1.0
2024-11-14 01:42:34,478 - root - INFO - In train()-> Train Ep. #6 loss: 0.748, accuracy: 70.96, lr: 0.001, sparsity: 0.101, network_width_mpl: 1.0
2024-11-14 01:42:34,587 - root - INFO - In validate()-> Val Ep. #6 loss: 0.938, accuracy: 64.40, sparsity: 0.101, task1 ratio: 0.899, zero ratio: 0.101, mpl: 1.0
2024-11-14 01:42:34,932 - root - INFO - In train()-> Train Ep. #7 loss: 0.745, accuracy: 71.40, lr: 0.001, sparsity: 0.101, network_width_mpl: 1.0
2024-11-14 01:42:35,050 - root - INFO - In validate()-> Val Ep. #7 loss: 0.906, accuracy: 64.80, sparsity: 0.101, task1 ratio: 0.899, zero ratio: 0.101, mpl: 1.0
2024-11-14 01:42:35,361 - root - INFO - In train()-> Train Ep. #8 loss: 0.748, accuracy: 71.40, lr: 0.001, sparsity: 0.101, network_width_mpl: 1.0
2024-11-14 01:42:35,473 - root - INFO - In validate()-> Val Ep. #8 loss: 0.927, accuracy: 64.00, sparsity: 0.101, task1 ratio: 0.899, zero ratio: 0.101, mpl: 1.0
2024-11-14 01:42:35,801 - root - INFO - In train()-> Train Ep. #9 loss: 0.749, accuracy: 71.24, lr: 0.001, sparsity: 0.101, network_width_mpl: 1.0
2024-11-14 01:42:35,918 - root - INFO - In validate()-> Val Ep. #9 loss: 0.905, accuracy: 63.60, sparsity: 0.101, task1 ratio: 0.899, zero ratio: 0.101, mpl: 1.0
2024-11-14 01:42:36,248 - root - INFO - In train()-> Train Ep. #10 loss: 0.748, accuracy: 71.52, lr: 0.001, sparsity: 0.101, network_width_mpl: 1.0
2024-11-14 01:42:36,380 - root - INFO - In validate()-> Val Ep. #10 loss: 0.907, accuracy: 63.80, sparsity: 0.101, task1 ratio: 0.899, zero ratio: 0.101, mpl: 1.0
2024-11-14 01:42:36,727 - root - INFO - In train()-> Train Ep. #11 loss: 0.757, accuracy: 71.40, lr: 0.001, sparsity: 0.101, network_width_mpl: 1.0
2024-11-14 01:42:36,849 - root - INFO - In validate()-> Val Ep. #11 loss: 0.926, accuracy: 64.00, sparsity: 0.101, task1 ratio: 0.899, zero ratio: 0.101, mpl: 1.0
2024-11-14 01:42:37,182 - root - INFO - In train()-> Train Ep. #12 loss: 0.751, accuracy: 71.56, lr: 0.001, sparsity: 0.101, network_width_mpl: 1.0
2024-11-14 01:42:37,311 - root - INFO - In validate()-> Val Ep. #12 loss: 0.915, accuracy: 63.00, sparsity: 0.101, task1 ratio: 0.899, zero ratio: 0.101, mpl: 1.0
2024-11-14 01:42:37,632 - root - INFO - In train()-> Train Ep. #13 loss: 0.742, accuracy: 70.52, lr: 0.001, sparsity: 0.101, network_width_mpl: 1.0
2024-11-14 01:42:37,753 - root - INFO - In validate()-> Val Ep. #13 loss: 0.910, accuracy: 63.80, sparsity: 0.101, task1 ratio: 0.899, zero ratio: 0.101, mpl: 1.0
2024-11-14 01:42:38,060 - root - INFO - In train()-> Train Ep. #14 loss: 0.748, accuracy: 71.16, lr: 0.001, sparsity: 0.101, network_width_mpl: 1.0
2024-11-14 01:42:38,178 - root - INFO - In validate()-> Val Ep. #14 loss: 0.906, accuracy: 63.40, sparsity: 0.101, task1 ratio: 0.899, zero ratio: 0.101, mpl: 1.0
2024-11-14 01:42:38,523 - root - INFO - In train()-> Train Ep. #15 loss: 0.745, accuracy: 72.00, lr: 0.001, sparsity: 0.101, network_width_mpl: 1.0
2024-11-14 01:42:38,639 - root - INFO - In validate()-> Val Ep. #15 loss: 0.920, accuracy: 64.00, sparsity: 0.101, task1 ratio: 0.899, zero ratio: 0.101, mpl: 1.0
2024-11-14 01:42:38,982 - root - INFO - In train()-> Train Ep. #16 loss: 0.750, accuracy: 72.20, lr: 0.001, sparsity: 0.101, network_width_mpl: 1.0
2024-11-14 01:42:39,095 - root - INFO - In validate()-> Val Ep. #16 loss: 0.914, accuracy: 63.60, sparsity: 0.101, task1 ratio: 0.899, zero ratio: 0.101, mpl: 1.0
2024-11-14 01:42:39,411 - root - INFO - In train()-> Train Ep. #17 loss: 0.741, accuracy: 71.48, lr: 0.001, sparsity: 0.101, network_width_mpl: 1.0
2024-11-14 01:42:39,534 - root - INFO - In validate()-> Val Ep. #17 loss: 0.913, accuracy: 63.80, sparsity: 0.101, task1 ratio: 0.899, zero ratio: 0.101, mpl: 1.0
2024-11-14 01:42:39,848 - root - INFO - In train()-> Train Ep. #18 loss: 0.739, accuracy: 72.12, lr: 0.001, sparsity: 0.101, network_width_mpl: 1.0
2024-11-14 01:42:39,959 - root - INFO - In validate()-> Val Ep. #18 loss: 0.913, accuracy: 64.80, sparsity: 0.101, task1 ratio: 0.899, zero ratio: 0.101, mpl: 1.0
2024-11-14 01:42:40,268 - root - INFO - In train()-> Train Ep. #19 loss: 0.733, accuracy: 71.96, lr: 0.001, sparsity: 0.101, network_width_mpl: 1.0
2024-11-14 01:42:40,392 - root - INFO - In validate()-> Val Ep. #19 loss: 0.928, accuracy: 63.80, sparsity: 0.101, task1 ratio: 0.899, zero ratio: 0.101, mpl: 1.0
2024-11-14 01:42:40,736 - root - INFO - In train()-> Train Ep. #20 loss: 0.743, accuracy: 71.24, lr: 0.001, sparsity: 0.101, network_width_mpl: 1.0
2024-11-14 01:42:40,859 - root - INFO - In validate()-> Val Ep. #20 loss: 0.917, accuracy: 63.60, sparsity: 0.101, task1 ratio: 0.899, zero ratio: 0.101, mpl: 1.0
2024-11-14 01:42:40,863 - root - INFO - ----------------
2024-11-14 01:42:43,227 - root - INFO - 
2024-11-14 01:42:43,227 - root - INFO - Before pruning: 
2024-11-14 01:42:43,227 - root - INFO - Sparsity range: 0.1 -> 0.2
2024-11-14 01:42:43,506 - root - INFO - In validate()-> Val Ep. #0 loss: 0.917, accuracy: 63.60, sparsity: 0.101, task1 ratio: 0.899, zero ratio: 0.101, mpl: 1.0
2024-11-14 01:42:43,506 - root - INFO - 
2024-11-14 01:42:43,884 - root - INFO - In train()-> Train Ep. #1 loss: 0.734, accuracy: 71.80, lr: 0.001, sparsity: 0.153, network_width_mpl: 1.0
2024-11-14 01:42:44,015 - root - INFO - In validate()-> Val Ep. #1 loss: 0.923, accuracy: 62.40, sparsity: 0.153, task1 ratio: 0.847, zero ratio: 0.153, mpl: 1.0
2024-11-14 01:42:44,349 - root - INFO - In train()-> Train Ep. #2 loss: 0.728, accuracy: 72.32, lr: 0.001, sparsity: 0.186, network_width_mpl: 1.0
2024-11-14 01:42:44,462 - root - INFO - In validate()-> Val Ep. #2 loss: 0.920, accuracy: 65.00, sparsity: 0.186, task1 ratio: 0.814, zero ratio: 0.186, mpl: 1.0
2024-11-14 01:42:44,757 - root - INFO - In train()-> Train Ep. #3 loss: 0.708, accuracy: 74.08, lr: 0.001, sparsity: 0.198, network_width_mpl: 1.0
2024-11-14 01:42:44,871 - root - INFO - In validate()-> Val Ep. #3 loss: 0.916, accuracy: 65.60, sparsity: 0.198, task1 ratio: 0.802, zero ratio: 0.198, mpl: 1.0
2024-11-14 01:42:45,180 - root - INFO - In train()-> Train Ep. #4 loss: 0.727, accuracy: 71.68, lr: 0.001, sparsity: 0.201, network_width_mpl: 1.0
2024-11-14 01:42:45,292 - root - INFO - In validate()-> Val Ep. #4 loss: 0.913, accuracy: 64.00, sparsity: 0.201, task1 ratio: 0.799, zero ratio: 0.201, mpl: 1.0
2024-11-14 01:42:45,619 - root - INFO - In train()-> Train Ep. #5 loss: 0.728, accuracy: 72.76, lr: 0.001, sparsity: 0.201, network_width_mpl: 1.0
2024-11-14 01:42:45,755 - root - INFO - In validate()-> Val Ep. #5 loss: 0.899, accuracy: 64.40, sparsity: 0.201, task1 ratio: 0.799, zero ratio: 0.201, mpl: 1.0
2024-11-14 01:42:46,095 - root - INFO - In train()-> Train Ep. #6 loss: 0.720, accuracy: 72.32, lr: 0.001, sparsity: 0.201, network_width_mpl: 1.0
2024-11-14 01:42:46,211 - root - INFO - In validate()-> Val Ep. #6 loss: 0.927, accuracy: 63.00, sparsity: 0.201, task1 ratio: 0.799, zero ratio: 0.201, mpl: 1.0
2024-11-14 01:42:46,562 - root - INFO - In train()-> Train Ep. #7 loss: 0.716, accuracy: 72.36, lr: 0.001, sparsity: 0.201, network_width_mpl: 1.0
2024-11-14 01:42:46,675 - root - INFO - In validate()-> Val Ep. #7 loss: 0.902, accuracy: 64.60, sparsity: 0.201, task1 ratio: 0.799, zero ratio: 0.201, mpl: 1.0
2024-11-14 01:42:47,008 - root - INFO - In train()-> Train Ep. #8 loss: 0.717, accuracy: 72.80, lr: 0.001, sparsity: 0.201, network_width_mpl: 1.0
2024-11-14 01:42:47,123 - root - INFO - In validate()-> Val Ep. #8 loss: 0.919, accuracy: 64.40, sparsity: 0.201, task1 ratio: 0.799, zero ratio: 0.201, mpl: 1.0
2024-11-14 01:42:47,441 - root - INFO - In train()-> Train Ep. #9 loss: 0.720, accuracy: 72.12, lr: 0.001, sparsity: 0.201, network_width_mpl: 1.0
2024-11-14 01:42:47,569 - root - INFO - In validate()-> Val Ep. #9 loss: 0.900, accuracy: 63.00, sparsity: 0.201, task1 ratio: 0.799, zero ratio: 0.201, mpl: 1.0
2024-11-14 01:42:47,902 - root - INFO - In train()-> Train Ep. #10 loss: 0.720, accuracy: 73.12, lr: 0.001, sparsity: 0.201, network_width_mpl: 1.0
2024-11-14 01:42:48,030 - root - INFO - In validate()-> Val Ep. #10 loss: 0.900, accuracy: 63.40, sparsity: 0.201, task1 ratio: 0.799, zero ratio: 0.201, mpl: 1.0
2024-11-14 01:42:48,342 - root - INFO - In train()-> Train Ep. #11 loss: 0.726, accuracy: 71.92, lr: 0.001, sparsity: 0.201, network_width_mpl: 1.0
2024-11-14 01:42:48,456 - root - INFO - In validate()-> Val Ep. #11 loss: 0.918, accuracy: 64.00, sparsity: 0.201, task1 ratio: 0.799, zero ratio: 0.201, mpl: 1.0
2024-11-14 01:42:48,845 - root - INFO - In train()-> Train Ep. #12 loss: 0.721, accuracy: 72.48, lr: 0.001, sparsity: 0.201, network_width_mpl: 1.0
2024-11-14 01:42:48,964 - root - INFO - In validate()-> Val Ep. #12 loss: 0.909, accuracy: 63.00, sparsity: 0.201, task1 ratio: 0.799, zero ratio: 0.201, mpl: 1.0
2024-11-14 01:42:49,276 - root - INFO - In train()-> Train Ep. #13 loss: 0.713, accuracy: 71.20, lr: 0.001, sparsity: 0.201, network_width_mpl: 1.0
2024-11-14 01:42:49,411 - root - INFO - In validate()-> Val Ep. #13 loss: 0.906, accuracy: 62.60, sparsity: 0.201, task1 ratio: 0.799, zero ratio: 0.201, mpl: 1.0
2024-11-14 01:42:49,722 - root - INFO - In train()-> Train Ep. #14 loss: 0.720, accuracy: 72.52, lr: 0.001, sparsity: 0.201, network_width_mpl: 1.0
2024-11-14 01:42:49,851 - root - INFO - In validate()-> Val Ep. #14 loss: 0.900, accuracy: 63.60, sparsity: 0.201, task1 ratio: 0.799, zero ratio: 0.201, mpl: 1.0
2024-11-14 01:42:50,182 - root - INFO - In train()-> Train Ep. #15 loss: 0.719, accuracy: 72.56, lr: 0.001, sparsity: 0.201, network_width_mpl: 1.0
2024-11-14 01:42:50,296 - root - INFO - In validate()-> Val Ep. #15 loss: 0.916, accuracy: 64.20, sparsity: 0.201, task1 ratio: 0.799, zero ratio: 0.201, mpl: 1.0
2024-11-14 01:42:50,598 - root - INFO - In train()-> Train Ep. #16 loss: 0.720, accuracy: 73.12, lr: 0.001, sparsity: 0.201, network_width_mpl: 1.0
2024-11-14 01:42:50,715 - root - INFO - In validate()-> Val Ep. #16 loss: 0.911, accuracy: 64.00, sparsity: 0.201, task1 ratio: 0.799, zero ratio: 0.201, mpl: 1.0
2024-11-14 01:42:51,033 - root - INFO - In train()-> Train Ep. #17 loss: 0.712, accuracy: 72.76, lr: 0.001, sparsity: 0.201, network_width_mpl: 1.0
2024-11-14 01:42:51,171 - root - INFO - In validate()-> Val Ep. #17 loss: 0.910, accuracy: 64.00, sparsity: 0.201, task1 ratio: 0.799, zero ratio: 0.201, mpl: 1.0
2024-11-14 01:42:51,468 - root - INFO - In train()-> Train Ep. #18 loss: 0.709, accuracy: 72.76, lr: 0.001, sparsity: 0.201, network_width_mpl: 1.0
2024-11-14 01:42:51,587 - root - INFO - In validate()-> Val Ep. #18 loss: 0.912, accuracy: 64.40, sparsity: 0.201, task1 ratio: 0.799, zero ratio: 0.201, mpl: 1.0
2024-11-14 01:42:51,916 - root - INFO - In train()-> Train Ep. #19 loss: 0.703, accuracy: 72.72, lr: 0.001, sparsity: 0.201, network_width_mpl: 1.0
2024-11-14 01:42:52,047 - root - INFO - In validate()-> Val Ep. #19 loss: 0.924, accuracy: 63.60, sparsity: 0.201, task1 ratio: 0.799, zero ratio: 0.201, mpl: 1.0
2024-11-14 01:42:52,360 - root - INFO - In train()-> Train Ep. #20 loss: 0.715, accuracy: 72.56, lr: 0.001, sparsity: 0.201, network_width_mpl: 1.0
2024-11-14 01:42:52,476 - root - INFO - In validate()-> Val Ep. #20 loss: 0.918, accuracy: 64.00, sparsity: 0.201, task1 ratio: 0.799, zero ratio: 0.201, mpl: 1.0
2024-11-14 01:42:52,478 - root - INFO - ----------------
2024-11-14 01:42:54,777 - root - INFO - 
2024-11-14 01:42:54,777 - root - INFO - Before pruning: 
2024-11-14 01:42:54,777 - root - INFO - Sparsity range: 0.2 -> 0.3
2024-11-14 01:42:55,063 - root - INFO - In validate()-> Val Ep. #0 loss: 0.918, accuracy: 64.00, sparsity: 0.201, task1 ratio: 0.799, zero ratio: 0.201, mpl: 1.0
2024-11-14 01:42:55,063 - root - INFO - 
2024-11-14 01:42:55,450 - root - INFO - In train()-> Train Ep. #1 loss: 0.709, accuracy: 72.88, lr: 0.001, sparsity: 0.253, network_width_mpl: 1.0
2024-11-14 01:42:55,563 - root - INFO - In validate()-> Val Ep. #1 loss: 0.925, accuracy: 62.40, sparsity: 0.253, task1 ratio: 0.747, zero ratio: 0.253, mpl: 1.0
2024-11-14 01:42:55,902 - root - INFO - In train()-> Train Ep. #2 loss: 0.705, accuracy: 73.20, lr: 0.001, sparsity: 0.286, network_width_mpl: 1.0
2024-11-14 01:42:56,014 - root - INFO - In validate()-> Val Ep. #2 loss: 0.909, accuracy: 65.40, sparsity: 0.286, task1 ratio: 0.714, zero ratio: 0.286, mpl: 1.0
2024-11-14 01:42:56,361 - root - INFO - In train()-> Train Ep. #3 loss: 0.683, accuracy: 74.64, lr: 0.001, sparsity: 0.298, network_width_mpl: 1.0
2024-11-14 01:42:56,495 - root - INFO - In validate()-> Val Ep. #3 loss: 0.908, accuracy: 66.20, sparsity: 0.298, task1 ratio: 0.702, zero ratio: 0.298, mpl: 1.0
2024-11-14 01:42:56,822 - root - INFO - In train()-> Train Ep. #4 loss: 0.701, accuracy: 73.08, lr: 0.001, sparsity: 0.301, network_width_mpl: 1.0
2024-11-14 01:42:56,939 - root - INFO - In validate()-> Val Ep. #4 loss: 0.906, accuracy: 64.60, sparsity: 0.301, task1 ratio: 0.699, zero ratio: 0.301, mpl: 1.0
2024-11-14 01:42:57,267 - root - INFO - In train()-> Train Ep. #5 loss: 0.701, accuracy: 73.52, lr: 0.001, sparsity: 0.301, network_width_mpl: 1.0
2024-11-14 01:42:57,398 - root - INFO - In validate()-> Val Ep. #5 loss: 0.893, accuracy: 65.00, sparsity: 0.301, task1 ratio: 0.699, zero ratio: 0.301, mpl: 1.0
2024-11-14 01:42:57,715 - root - INFO - In train()-> Train Ep. #6 loss: 0.693, accuracy: 73.44, lr: 0.001, sparsity: 0.301, network_width_mpl: 1.0
2024-11-14 01:42:57,832 - root - INFO - In validate()-> Val Ep. #6 loss: 0.922, accuracy: 64.40, sparsity: 0.301, task1 ratio: 0.699, zero ratio: 0.301, mpl: 1.0
2024-11-14 01:42:58,161 - root - INFO - In train()-> Train Ep. #7 loss: 0.689, accuracy: 73.12, lr: 0.001, sparsity: 0.301, network_width_mpl: 1.0
2024-11-14 01:42:58,285 - root - INFO - In validate()-> Val Ep. #7 loss: 0.898, accuracy: 64.00, sparsity: 0.301, task1 ratio: 0.699, zero ratio: 0.301, mpl: 1.0
2024-11-14 01:42:58,657 - root - INFO - In train()-> Train Ep. #8 loss: 0.689, accuracy: 74.00, lr: 0.001, sparsity: 0.301, network_width_mpl: 1.0
2024-11-14 01:42:58,786 - root - INFO - In validate()-> Val Ep. #8 loss: 0.911, accuracy: 63.60, sparsity: 0.301, task1 ratio: 0.699, zero ratio: 0.301, mpl: 1.0
2024-11-14 01:42:59,136 - root - INFO - In train()-> Train Ep. #9 loss: 0.693, accuracy: 73.32, lr: 0.001, sparsity: 0.301, network_width_mpl: 1.0
2024-11-14 01:42:59,249 - root - INFO - In validate()-> Val Ep. #9 loss: 0.896, accuracy: 63.60, sparsity: 0.301, task1 ratio: 0.699, zero ratio: 0.301, mpl: 1.0
2024-11-14 01:42:59,558 - root - INFO - In train()-> Train Ep. #10 loss: 0.693, accuracy: 74.04, lr: 0.001, sparsity: 0.301, network_width_mpl: 1.0
2024-11-14 01:42:59,674 - root - INFO - In validate()-> Val Ep. #10 loss: 0.895, accuracy: 63.40, sparsity: 0.301, task1 ratio: 0.699, zero ratio: 0.301, mpl: 1.0
2024-11-14 01:43:00,011 - root - INFO - In train()-> Train Ep. #11 loss: 0.696, accuracy: 72.92, lr: 0.001, sparsity: 0.301, network_width_mpl: 1.0
2024-11-14 01:43:00,129 - root - INFO - In validate()-> Val Ep. #11 loss: 0.911, accuracy: 63.80, sparsity: 0.301, task1 ratio: 0.699, zero ratio: 0.301, mpl: 1.0
2024-11-14 01:43:00,477 - root - INFO - In train()-> Train Ep. #12 loss: 0.693, accuracy: 73.88, lr: 0.001, sparsity: 0.301, network_width_mpl: 1.0
2024-11-14 01:43:00,596 - root - INFO - In validate()-> Val Ep. #12 loss: 0.904, accuracy: 63.60, sparsity: 0.301, task1 ratio: 0.699, zero ratio: 0.301, mpl: 1.0
2024-11-14 01:43:00,909 - root - INFO - In train()-> Train Ep. #13 loss: 0.687, accuracy: 72.44, lr: 0.001, sparsity: 0.301, network_width_mpl: 1.0
2024-11-14 01:43:01,032 - root - INFO - In validate()-> Val Ep. #13 loss: 0.901, accuracy: 63.20, sparsity: 0.301, task1 ratio: 0.699, zero ratio: 0.301, mpl: 1.0
2024-11-14 01:43:01,358 - root - INFO - In train()-> Train Ep. #14 loss: 0.694, accuracy: 73.44, lr: 0.001, sparsity: 0.301, network_width_mpl: 1.0
2024-11-14 01:43:01,474 - root - INFO - In validate()-> Val Ep. #14 loss: 0.897, accuracy: 64.20, sparsity: 0.301, task1 ratio: 0.699, zero ratio: 0.301, mpl: 1.0
2024-11-14 01:43:01,805 - root - INFO - In train()-> Train Ep. #15 loss: 0.692, accuracy: 73.84, lr: 0.001, sparsity: 0.301, network_width_mpl: 1.0
2024-11-14 01:43:01,931 - root - INFO - In validate()-> Val Ep. #15 loss: 0.917, accuracy: 63.40, sparsity: 0.301, task1 ratio: 0.699, zero ratio: 0.301, mpl: 1.0
2024-11-14 01:43:02,256 - root - INFO - In train()-> Train Ep. #16 loss: 0.692, accuracy: 74.04, lr: 0.001, sparsity: 0.301, network_width_mpl: 1.0
2024-11-14 01:43:02,365 - root - INFO - In validate()-> Val Ep. #16 loss: 0.908, accuracy: 64.20, sparsity: 0.301, task1 ratio: 0.699, zero ratio: 0.301, mpl: 1.0
2024-11-14 01:43:02,698 - root - INFO - In train()-> Train Ep. #17 loss: 0.687, accuracy: 73.04, lr: 0.001, sparsity: 0.301, network_width_mpl: 1.0
2024-11-14 01:43:02,813 - root - INFO - In validate()-> Val Ep. #17 loss: 0.911, accuracy: 64.40, sparsity: 0.301, task1 ratio: 0.699, zero ratio: 0.301, mpl: 1.0
2024-11-14 01:43:03,129 - root - INFO - In train()-> Train Ep. #18 loss: 0.682, accuracy: 74.00, lr: 0.001, sparsity: 0.301, network_width_mpl: 1.0
2024-11-14 01:43:03,246 - root - INFO - In validate()-> Val Ep. #18 loss: 0.910, accuracy: 64.40, sparsity: 0.301, task1 ratio: 0.699, zero ratio: 0.301, mpl: 1.0
2024-11-14 01:43:03,558 - root - INFO - In train()-> Train Ep. #19 loss: 0.675, accuracy: 73.76, lr: 0.001, sparsity: 0.301, network_width_mpl: 1.0
2024-11-14 01:43:03,673 - root - INFO - In validate()-> Val Ep. #19 loss: 0.925, accuracy: 64.40, sparsity: 0.301, task1 ratio: 0.699, zero ratio: 0.301, mpl: 1.0
2024-11-14 01:43:04,001 - root - INFO - In train()-> Train Ep. #20 loss: 0.690, accuracy: 73.40, lr: 0.001, sparsity: 0.301, network_width_mpl: 1.0
2024-11-14 01:43:04,115 - root - INFO - In validate()-> Val Ep. #20 loss: 0.916, accuracy: 64.20, sparsity: 0.301, task1 ratio: 0.699, zero ratio: 0.301, mpl: 1.0
2024-11-14 01:43:04,117 - root - INFO - ----------------
2024-11-14 01:43:06,493 - root - INFO - 
2024-11-14 01:43:06,493 - root - INFO - Before pruning: 
2024-11-14 01:43:06,493 - root - INFO - Sparsity range: 0.3 -> 0.4
2024-11-14 01:43:06,774 - root - INFO - In validate()-> Val Ep. #0 loss: 0.916, accuracy: 64.20, sparsity: 0.301, task1 ratio: 0.699, zero ratio: 0.301, mpl: 1.0
2024-11-14 01:43:06,774 - root - INFO - 
2024-11-14 01:43:07,161 - root - INFO - In train()-> Train Ep. #1 loss: 0.684, accuracy: 73.68, lr: 0.001, sparsity: 0.353, network_width_mpl: 1.0
2024-11-14 01:43:07,272 - root - INFO - In validate()-> Val Ep. #1 loss: 0.935, accuracy: 64.00, sparsity: 0.353, task1 ratio: 0.647, zero ratio: 0.353, mpl: 1.0
2024-11-14 01:43:07,587 - root - INFO - In train()-> Train Ep. #2 loss: 0.688, accuracy: 74.24, lr: 0.001, sparsity: 0.386, network_width_mpl: 1.0
2024-11-14 01:43:07,710 - root - INFO - In validate()-> Val Ep. #2 loss: 0.917, accuracy: 64.40, sparsity: 0.386, task1 ratio: 0.614, zero ratio: 0.386, mpl: 1.0
2024-11-14 01:43:08,035 - root - INFO - In train()-> Train Ep. #3 loss: 0.667, accuracy: 75.28, lr: 0.001, sparsity: 0.398, network_width_mpl: 1.0
2024-11-14 01:43:08,162 - root - INFO - In validate()-> Val Ep. #3 loss: 0.924, accuracy: 65.00, sparsity: 0.398, task1 ratio: 0.602, zero ratio: 0.398, mpl: 1.0
2024-11-14 01:43:08,468 - root - INFO - In train()-> Train Ep. #4 loss: 0.679, accuracy: 74.36, lr: 0.001, sparsity: 0.401, network_width_mpl: 1.0
2024-11-14 01:43:08,599 - root - INFO - In validate()-> Val Ep. #4 loss: 0.908, accuracy: 64.40, sparsity: 0.401, task1 ratio: 0.599, zero ratio: 0.401, mpl: 1.0
2024-11-14 01:43:08,907 - root - INFO - In train()-> Train Ep. #5 loss: 0.680, accuracy: 74.60, lr: 0.001, sparsity: 0.401, network_width_mpl: 1.0
2024-11-14 01:43:09,021 - root - INFO - In validate()-> Val Ep. #5 loss: 0.896, accuracy: 64.60, sparsity: 0.401, task1 ratio: 0.599, zero ratio: 0.401, mpl: 1.0
2024-11-14 01:43:09,377 - root - INFO - In train()-> Train Ep. #6 loss: 0.671, accuracy: 74.80, lr: 0.001, sparsity: 0.401, network_width_mpl: 1.0
2024-11-14 01:43:09,489 - root - INFO - In validate()-> Val Ep. #6 loss: 0.918, accuracy: 64.20, sparsity: 0.401, task1 ratio: 0.599, zero ratio: 0.401, mpl: 1.0
2024-11-14 01:43:09,796 - root - INFO - In train()-> Train Ep. #7 loss: 0.668, accuracy: 74.40, lr: 0.001, sparsity: 0.401, network_width_mpl: 1.0
2024-11-14 01:43:09,911 - root - INFO - In validate()-> Val Ep. #7 loss: 0.897, accuracy: 64.40, sparsity: 0.401, task1 ratio: 0.599, zero ratio: 0.401, mpl: 1.0
2024-11-14 01:43:10,233 - root - INFO - In train()-> Train Ep. #8 loss: 0.667, accuracy: 75.00, lr: 0.001, sparsity: 0.401, network_width_mpl: 1.0
2024-11-14 01:43:10,364 - root - INFO - In validate()-> Val Ep. #8 loss: 0.907, accuracy: 64.40, sparsity: 0.401, task1 ratio: 0.599, zero ratio: 0.401, mpl: 1.0
2024-11-14 01:43:10,689 - root - INFO - In train()-> Train Ep. #9 loss: 0.667, accuracy: 74.04, lr: 0.001, sparsity: 0.401, network_width_mpl: 1.0
2024-11-14 01:43:10,824 - root - INFO - In validate()-> Val Ep. #9 loss: 0.896, accuracy: 64.60, sparsity: 0.401, task1 ratio: 0.599, zero ratio: 0.401, mpl: 1.0
2024-11-14 01:43:11,156 - root - INFO - In train()-> Train Ep. #10 loss: 0.672, accuracy: 74.48, lr: 0.001, sparsity: 0.401, network_width_mpl: 1.0
2024-11-14 01:43:11,279 - root - INFO - In validate()-> Val Ep. #10 loss: 0.899, accuracy: 63.40, sparsity: 0.401, task1 ratio: 0.599, zero ratio: 0.401, mpl: 1.0
2024-11-14 01:43:11,588 - root - INFO - In train()-> Train Ep. #11 loss: 0.670, accuracy: 74.44, lr: 0.001, sparsity: 0.401, network_width_mpl: 1.0
2024-11-14 01:43:11,704 - root - INFO - In validate()-> Val Ep. #11 loss: 0.911, accuracy: 63.40, sparsity: 0.401, task1 ratio: 0.599, zero ratio: 0.401, mpl: 1.0
2024-11-14 01:43:12,054 - root - INFO - In train()-> Train Ep. #12 loss: 0.664, accuracy: 75.20, lr: 0.001, sparsity: 0.401, network_width_mpl: 1.0
2024-11-14 01:43:12,178 - root - INFO - In validate()-> Val Ep. #12 loss: 0.907, accuracy: 63.20, sparsity: 0.401, task1 ratio: 0.599, zero ratio: 0.401, mpl: 1.0
2024-11-14 01:43:12,549 - root - INFO - In train()-> Train Ep. #13 loss: 0.663, accuracy: 73.56, lr: 0.001, sparsity: 0.401, network_width_mpl: 1.0
2024-11-14 01:43:12,659 - root - INFO - In validate()-> Val Ep. #13 loss: 0.903, accuracy: 63.60, sparsity: 0.401, task1 ratio: 0.599, zero ratio: 0.401, mpl: 1.0
2024-11-14 01:43:12,986 - root - INFO - In train()-> Train Ep. #14 loss: 0.668, accuracy: 73.72, lr: 0.001, sparsity: 0.401, network_width_mpl: 1.0
2024-11-14 01:43:13,101 - root - INFO - In validate()-> Val Ep. #14 loss: 0.900, accuracy: 63.80, sparsity: 0.401, task1 ratio: 0.599, zero ratio: 0.401, mpl: 1.0
2024-11-14 01:43:13,408 - root - INFO - In train()-> Train Ep. #15 loss: 0.664, accuracy: 74.88, lr: 0.001, sparsity: 0.401, network_width_mpl: 1.0
2024-11-14 01:43:13,528 - root - INFO - In validate()-> Val Ep. #15 loss: 0.931, accuracy: 63.60, sparsity: 0.401, task1 ratio: 0.599, zero ratio: 0.401, mpl: 1.0
2024-11-14 01:43:13,828 - root - INFO - In train()-> Train Ep. #16 loss: 0.666, accuracy: 75.00, lr: 0.001, sparsity: 0.401, network_width_mpl: 1.0
2024-11-14 01:43:13,960 - root - INFO - In validate()-> Val Ep. #16 loss: 0.912, accuracy: 65.20, sparsity: 0.401, task1 ratio: 0.599, zero ratio: 0.401, mpl: 1.0
2024-11-14 01:43:14,287 - root - INFO - In train()-> Train Ep. #17 loss: 0.660, accuracy: 75.16, lr: 0.001, sparsity: 0.401, network_width_mpl: 1.0
2024-11-14 01:43:14,405 - root - INFO - In validate()-> Val Ep. #17 loss: 0.915, accuracy: 64.40, sparsity: 0.401, task1 ratio: 0.599, zero ratio: 0.401, mpl: 1.0
2024-11-14 01:43:14,736 - root - INFO - In train()-> Train Ep. #18 loss: 0.655, accuracy: 75.04, lr: 0.001, sparsity: 0.401, network_width_mpl: 1.0
2024-11-14 01:43:14,868 - root - INFO - In validate()-> Val Ep. #18 loss: 0.915, accuracy: 65.20, sparsity: 0.401, task1 ratio: 0.599, zero ratio: 0.401, mpl: 1.0
2024-11-14 01:43:15,238 - root - INFO - In train()-> Train Ep. #19 loss: 0.651, accuracy: 74.88, lr: 0.001, sparsity: 0.401, network_width_mpl: 1.0
2024-11-14 01:43:15,358 - root - INFO - In validate()-> Val Ep. #19 loss: 0.928, accuracy: 63.40, sparsity: 0.401, task1 ratio: 0.599, zero ratio: 0.401, mpl: 1.0
2024-11-14 01:43:15,677 - root - INFO - In train()-> Train Ep. #20 loss: 0.667, accuracy: 74.28, lr: 0.001, sparsity: 0.401, network_width_mpl: 1.0
2024-11-14 01:43:15,798 - root - INFO - In validate()-> Val Ep. #20 loss: 0.916, accuracy: 63.60, sparsity: 0.401, task1 ratio: 0.599, zero ratio: 0.401, mpl: 1.0
2024-11-14 01:43:15,800 - root - INFO - ----------------
2024-11-14 01:43:18,135 - root - INFO - 
2024-11-14 01:43:18,135 - root - INFO - Before pruning: 
2024-11-14 01:43:18,135 - root - INFO - Sparsity range: 0.4 -> 0.5
2024-11-14 01:43:18,420 - root - INFO - In validate()-> Val Ep. #0 loss: 0.916, accuracy: 63.60, sparsity: 0.401, task1 ratio: 0.599, zero ratio: 0.401, mpl: 1.0
2024-11-14 01:43:18,421 - root - INFO - 
2024-11-14 01:43:18,828 - root - INFO - In train()-> Train Ep. #1 loss: 0.661, accuracy: 74.52, lr: 0.001, sparsity: 0.453, network_width_mpl: 1.0
2024-11-14 01:43:18,936 - root - INFO - In validate()-> Val Ep. #1 loss: 0.982, accuracy: 60.40, sparsity: 0.453, task1 ratio: 0.547, zero ratio: 0.453, mpl: 1.0
2024-11-14 01:43:19,284 - root - INFO - In train()-> Train Ep. #2 loss: 0.669, accuracy: 74.12, lr: 0.001, sparsity: 0.486, network_width_mpl: 1.0
2024-11-14 01:43:19,408 - root - INFO - In validate()-> Val Ep. #2 loss: 1.010, accuracy: 62.20, sparsity: 0.486, task1 ratio: 0.514, zero ratio: 0.486, mpl: 1.0
2024-11-14 01:43:19,749 - root - INFO - In train()-> Train Ep. #3 loss: 0.656, accuracy: 75.76, lr: 0.001, sparsity: 0.498, network_width_mpl: 1.0
2024-11-14 01:43:19,859 - root - INFO - In validate()-> Val Ep. #3 loss: 0.932, accuracy: 65.60, sparsity: 0.498, task1 ratio: 0.502, zero ratio: 0.498, mpl: 1.0
2024-11-14 01:43:20,168 - root - INFO - In train()-> Train Ep. #4 loss: 0.665, accuracy: 75.28, lr: 0.001, sparsity: 0.501, network_width_mpl: 1.0
2024-11-14 01:43:20,293 - root - INFO - In validate()-> Val Ep. #4 loss: 0.925, accuracy: 63.80, sparsity: 0.501, task1 ratio: 0.499, zero ratio: 0.501, mpl: 1.0
2024-11-14 01:43:20,671 - root - INFO - In train()-> Train Ep. #5 loss: 0.667, accuracy: 73.88, lr: 0.001, sparsity: 0.501, network_width_mpl: 1.0
2024-11-14 01:43:20,803 - root - INFO - In validate()-> Val Ep. #5 loss: 0.900, accuracy: 64.40, sparsity: 0.501, task1 ratio: 0.499, zero ratio: 0.501, mpl: 1.0
2024-11-14 01:43:21,148 - root - INFO - In train()-> Train Ep. #6 loss: 0.652, accuracy: 75.00, lr: 0.001, sparsity: 0.501, network_width_mpl: 1.0
2024-11-14 01:43:21,271 - root - INFO - In validate()-> Val Ep. #6 loss: 0.926, accuracy: 64.60, sparsity: 0.501, task1 ratio: 0.499, zero ratio: 0.501, mpl: 1.0
2024-11-14 01:43:21,602 - root - INFO - In train()-> Train Ep. #7 loss: 0.651, accuracy: 74.40, lr: 0.001, sparsity: 0.501, network_width_mpl: 1.0
2024-11-14 01:43:21,726 - root - INFO - In validate()-> Val Ep. #7 loss: 0.907, accuracy: 63.40, sparsity: 0.501, task1 ratio: 0.499, zero ratio: 0.501, mpl: 1.0
2024-11-14 01:43:22,046 - root - INFO - In train()-> Train Ep. #8 loss: 0.642, accuracy: 75.40, lr: 0.001, sparsity: 0.501, network_width_mpl: 1.0
2024-11-14 01:43:22,161 - root - INFO - In validate()-> Val Ep. #8 loss: 0.914, accuracy: 64.60, sparsity: 0.501, task1 ratio: 0.499, zero ratio: 0.501, mpl: 1.0
2024-11-14 01:43:22,483 - root - INFO - In train()-> Train Ep. #9 loss: 0.647, accuracy: 74.92, lr: 0.001, sparsity: 0.501, network_width_mpl: 1.0
2024-11-14 01:43:22,622 - root - INFO - In validate()-> Val Ep. #9 loss: 0.907, accuracy: 64.40, sparsity: 0.501, task1 ratio: 0.499, zero ratio: 0.501, mpl: 1.0
2024-11-14 01:43:23,019 - root - INFO - In train()-> Train Ep. #10 loss: 0.648, accuracy: 75.24, lr: 0.001, sparsity: 0.501, network_width_mpl: 1.0
2024-11-14 01:43:23,140 - root - INFO - In validate()-> Val Ep. #10 loss: 0.907, accuracy: 63.80, sparsity: 0.501, task1 ratio: 0.499, zero ratio: 0.501, mpl: 1.0
2024-11-14 01:43:23,454 - root - INFO - In train()-> Train Ep. #11 loss: 0.647, accuracy: 75.20, lr: 0.001, sparsity: 0.501, network_width_mpl: 1.0
2024-11-14 01:43:23,579 - root - INFO - In validate()-> Val Ep. #11 loss: 0.919, accuracy: 63.00, sparsity: 0.501, task1 ratio: 0.499, zero ratio: 0.501, mpl: 1.0
2024-11-14 01:43:23,909 - root - INFO - In train()-> Train Ep. #12 loss: 0.644, accuracy: 76.04, lr: 0.001, sparsity: 0.501, network_width_mpl: 1.0
2024-11-14 01:43:24,023 - root - INFO - In validate()-> Val Ep. #12 loss: 0.910, accuracy: 64.20, sparsity: 0.501, task1 ratio: 0.499, zero ratio: 0.501, mpl: 1.0
2024-11-14 01:43:24,363 - root - INFO - In train()-> Train Ep. #13 loss: 0.646, accuracy: 74.52, lr: 0.001, sparsity: 0.501, network_width_mpl: 1.0
2024-11-14 01:43:24,480 - root - INFO - In validate()-> Val Ep. #13 loss: 0.911, accuracy: 63.80, sparsity: 0.501, task1 ratio: 0.499, zero ratio: 0.501, mpl: 1.0
2024-11-14 01:43:24,813 - root - INFO - In train()-> Train Ep. #14 loss: 0.645, accuracy: 75.20, lr: 0.001, sparsity: 0.501, network_width_mpl: 1.0
2024-11-14 01:43:24,939 - root - INFO - In validate()-> Val Ep. #14 loss: 0.907, accuracy: 65.00, sparsity: 0.501, task1 ratio: 0.499, zero ratio: 0.501, mpl: 1.0
2024-11-14 01:43:25,249 - root - INFO - In train()-> Train Ep. #15 loss: 0.643, accuracy: 75.84, lr: 0.001, sparsity: 0.501, network_width_mpl: 1.0
2024-11-14 01:43:25,367 - root - INFO - In validate()-> Val Ep. #15 loss: 0.931, accuracy: 65.00, sparsity: 0.501, task1 ratio: 0.499, zero ratio: 0.501, mpl: 1.0
2024-11-14 01:43:25,683 - root - INFO - In train()-> Train Ep. #16 loss: 0.637, accuracy: 76.64, lr: 0.001, sparsity: 0.501, network_width_mpl: 1.0
2024-11-14 01:43:25,801 - root - INFO - In validate()-> Val Ep. #16 loss: 0.920, accuracy: 64.80, sparsity: 0.501, task1 ratio: 0.499, zero ratio: 0.501, mpl: 1.0
2024-11-14 01:43:26,127 - root - INFO - In train()-> Train Ep. #17 loss: 0.639, accuracy: 75.36, lr: 0.001, sparsity: 0.501, network_width_mpl: 1.0
2024-11-14 01:43:26,243 - root - INFO - In validate()-> Val Ep. #17 loss: 0.922, accuracy: 64.60, sparsity: 0.501, task1 ratio: 0.499, zero ratio: 0.501, mpl: 1.0
2024-11-14 01:43:26,564 - root - INFO - In train()-> Train Ep. #18 loss: 0.629, accuracy: 76.20, lr: 0.001, sparsity: 0.501, network_width_mpl: 1.0
2024-11-14 01:43:26,689 - root - INFO - In validate()-> Val Ep. #18 loss: 0.922, accuracy: 65.40, sparsity: 0.501, task1 ratio: 0.499, zero ratio: 0.501, mpl: 1.0
2024-11-14 01:43:27,012 - root - INFO - In train()-> Train Ep. #19 loss: 0.629, accuracy: 76.04, lr: 0.001, sparsity: 0.501, network_width_mpl: 1.0
2024-11-14 01:43:27,137 - root - INFO - In validate()-> Val Ep. #19 loss: 0.938, accuracy: 64.20, sparsity: 0.501, task1 ratio: 0.499, zero ratio: 0.501, mpl: 1.0
2024-11-14 01:43:27,465 - root - INFO - In train()-> Train Ep. #20 loss: 0.641, accuracy: 75.76, lr: 0.001, sparsity: 0.501, network_width_mpl: 1.0
2024-11-14 01:43:27,589 - root - INFO - In validate()-> Val Ep. #20 loss: 0.923, accuracy: 64.00, sparsity: 0.501, task1 ratio: 0.499, zero ratio: 0.501, mpl: 1.0
2024-11-14 01:43:27,591 - root - INFO - ----------------
2024-11-14 01:43:29,906 - root - INFO - 
2024-11-14 01:43:29,906 - root - INFO - Before pruning: 
2024-11-14 01:43:29,906 - root - INFO - Sparsity range: 0.5 -> 0.6
2024-11-14 01:43:30,188 - root - INFO - In validate()-> Val Ep. #0 loss: 0.923, accuracy: 64.00, sparsity: 0.501, task1 ratio: 0.499, zero ratio: 0.501, mpl: 1.0
2024-11-14 01:43:30,188 - root - INFO - 
2024-11-14 01:43:30,580 - root - INFO - In train()-> Train Ep. #1 loss: 0.641, accuracy: 75.76, lr: 0.001, sparsity: 0.553, network_width_mpl: 1.0
2024-11-14 01:43:30,701 - root - INFO - In validate()-> Val Ep. #1 loss: 1.197, accuracy: 58.60, sparsity: 0.553, task1 ratio: 0.447, zero ratio: 0.553, mpl: 1.0
2024-11-14 01:43:31,003 - root - INFO - In train()-> Train Ep. #2 loss: 0.670, accuracy: 75.00, lr: 0.001, sparsity: 0.586, network_width_mpl: 1.0
2024-11-14 01:43:31,118 - root - INFO - In validate()-> Val Ep. #2 loss: 1.013, accuracy: 63.40, sparsity: 0.586, task1 ratio: 0.414, zero ratio: 0.586, mpl: 1.0
2024-11-14 01:43:31,490 - root - INFO - In train()-> Train Ep. #3 loss: 0.655, accuracy: 75.12, lr: 0.001, sparsity: 0.598, network_width_mpl: 1.0
2024-11-14 01:43:31,610 - root - INFO - In validate()-> Val Ep. #3 loss: 1.007, accuracy: 63.40, sparsity: 0.598, task1 ratio: 0.402, zero ratio: 0.598, mpl: 1.0
2024-11-14 01:43:31,919 - root - INFO - In train()-> Train Ep. #4 loss: 0.661, accuracy: 75.08, lr: 0.001, sparsity: 0.601, network_width_mpl: 1.0
2024-11-14 01:43:32,036 - root - INFO - In validate()-> Val Ep. #4 loss: 0.942, accuracy: 63.20, sparsity: 0.601, task1 ratio: 0.399, zero ratio: 0.601, mpl: 1.0
2024-11-14 01:43:32,340 - root - INFO - In train()-> Train Ep. #5 loss: 0.649, accuracy: 75.60, lr: 0.001, sparsity: 0.601, network_width_mpl: 1.0
2024-11-14 01:43:32,458 - root - INFO - In validate()-> Val Ep. #5 loss: 0.917, accuracy: 62.80, sparsity: 0.601, task1 ratio: 0.399, zero ratio: 0.601, mpl: 1.0
2024-11-14 01:43:32,803 - root - INFO - In train()-> Train Ep. #6 loss: 0.640, accuracy: 75.72, lr: 0.001, sparsity: 0.601, network_width_mpl: 1.0
2024-11-14 01:43:32,926 - root - INFO - In validate()-> Val Ep. #6 loss: 0.943, accuracy: 64.20, sparsity: 0.601, task1 ratio: 0.399, zero ratio: 0.601, mpl: 1.0
2024-11-14 01:43:33,254 - root - INFO - In train()-> Train Ep. #7 loss: 0.636, accuracy: 75.76, lr: 0.001, sparsity: 0.601, network_width_mpl: 1.0
2024-11-14 01:43:33,374 - root - INFO - In validate()-> Val Ep. #7 loss: 0.917, accuracy: 64.80, sparsity: 0.601, task1 ratio: 0.399, zero ratio: 0.601, mpl: 1.0
2024-11-14 01:43:33,686 - root - INFO - In train()-> Train Ep. #8 loss: 0.631, accuracy: 76.24, lr: 0.001, sparsity: 0.601, network_width_mpl: 1.0
2024-11-14 01:43:33,804 - root - INFO - In validate()-> Val Ep. #8 loss: 0.914, accuracy: 63.40, sparsity: 0.601, task1 ratio: 0.399, zero ratio: 0.601, mpl: 1.0
2024-11-14 01:43:34,156 - root - INFO - In train()-> Train Ep. #9 loss: 0.636, accuracy: 76.08, lr: 0.001, sparsity: 0.601, network_width_mpl: 1.0
2024-11-14 01:43:34,292 - root - INFO - In validate()-> Val Ep. #9 loss: 0.910, accuracy: 64.20, sparsity: 0.601, task1 ratio: 0.399, zero ratio: 0.601, mpl: 1.0
2024-11-14 01:43:34,605 - root - INFO - In train()-> Train Ep. #10 loss: 0.632, accuracy: 75.76, lr: 0.001, sparsity: 0.601, network_width_mpl: 1.0
2024-11-14 01:43:34,730 - root - INFO - In validate()-> Val Ep. #10 loss: 0.909, accuracy: 65.00, sparsity: 0.601, task1 ratio: 0.399, zero ratio: 0.601, mpl: 1.0
2024-11-14 01:43:35,038 - root - INFO - In train()-> Train Ep. #11 loss: 0.629, accuracy: 76.40, lr: 0.001, sparsity: 0.601, network_width_mpl: 1.0
2024-11-14 01:43:35,151 - root - INFO - In validate()-> Val Ep. #11 loss: 0.917, accuracy: 63.60, sparsity: 0.601, task1 ratio: 0.399, zero ratio: 0.601, mpl: 1.0
2024-11-14 01:43:35,468 - root - INFO - In train()-> Train Ep. #12 loss: 0.624, accuracy: 77.00, lr: 0.001, sparsity: 0.601, network_width_mpl: 1.0
2024-11-14 01:43:35,583 - root - INFO - In validate()-> Val Ep. #12 loss: 0.910, accuracy: 62.80, sparsity: 0.601, task1 ratio: 0.399, zero ratio: 0.601, mpl: 1.0
2024-11-14 01:43:35,881 - root - INFO - In train()-> Train Ep. #13 loss: 0.631, accuracy: 74.84, lr: 0.001, sparsity: 0.601, network_width_mpl: 1.0
2024-11-14 01:43:35,997 - root - INFO - In validate()-> Val Ep. #13 loss: 0.911, accuracy: 63.60, sparsity: 0.601, task1 ratio: 0.399, zero ratio: 0.601, mpl: 1.0
2024-11-14 01:43:36,298 - root - INFO - In train()-> Train Ep. #14 loss: 0.627, accuracy: 75.88, lr: 0.001, sparsity: 0.601, network_width_mpl: 1.0
2024-11-14 01:43:36,421 - root - INFO - In validate()-> Val Ep. #14 loss: 0.912, accuracy: 65.20, sparsity: 0.601, task1 ratio: 0.399, zero ratio: 0.601, mpl: 1.0
2024-11-14 01:43:36,750 - root - INFO - In train()-> Train Ep. #15 loss: 0.630, accuracy: 76.16, lr: 0.001, sparsity: 0.601, network_width_mpl: 1.0
2024-11-14 01:43:36,867 - root - INFO - In validate()-> Val Ep. #15 loss: 0.938, accuracy: 64.20, sparsity: 0.601, task1 ratio: 0.399, zero ratio: 0.601, mpl: 1.0
2024-11-14 01:43:37,186 - root - INFO - In train()-> Train Ep. #16 loss: 0.624, accuracy: 77.12, lr: 0.001, sparsity: 0.601, network_width_mpl: 1.0
2024-11-14 01:43:37,299 - root - INFO - In validate()-> Val Ep. #16 loss: 0.930, accuracy: 64.40, sparsity: 0.601, task1 ratio: 0.399, zero ratio: 0.601, mpl: 1.0
2024-11-14 01:43:37,623 - root - INFO - In train()-> Train Ep. #17 loss: 0.622, accuracy: 76.48, lr: 0.001, sparsity: 0.601, network_width_mpl: 1.0
2024-11-14 01:43:37,751 - root - INFO - In validate()-> Val Ep. #17 loss: 0.927, accuracy: 64.20, sparsity: 0.601, task1 ratio: 0.399, zero ratio: 0.601, mpl: 1.0
2024-11-14 01:43:38,074 - root - INFO - In train()-> Train Ep. #18 loss: 0.615, accuracy: 77.44, lr: 0.001, sparsity: 0.601, network_width_mpl: 1.0
2024-11-14 01:43:38,187 - root - INFO - In validate()-> Val Ep. #18 loss: 0.931, accuracy: 65.40, sparsity: 0.601, task1 ratio: 0.399, zero ratio: 0.601, mpl: 1.0
2024-11-14 01:43:38,543 - root - INFO - In train()-> Train Ep. #19 loss: 0.616, accuracy: 77.04, lr: 0.001, sparsity: 0.601, network_width_mpl: 1.0
2024-11-14 01:43:38,655 - root - INFO - In validate()-> Val Ep. #19 loss: 0.933, accuracy: 64.00, sparsity: 0.601, task1 ratio: 0.399, zero ratio: 0.601, mpl: 1.0
2024-11-14 01:43:38,984 - root - INFO - In train()-> Train Ep. #20 loss: 0.626, accuracy: 76.16, lr: 0.001, sparsity: 0.601, network_width_mpl: 1.0
2024-11-14 01:43:39,114 - root - INFO - In validate()-> Val Ep. #20 loss: 0.924, accuracy: 63.60, sparsity: 0.601, task1 ratio: 0.399, zero ratio: 0.601, mpl: 1.0
2024-11-14 01:43:39,116 - root - INFO - ----------------
2024-11-14 01:43:41,496 - root - INFO - 
2024-11-14 01:43:41,497 - root - INFO - Before pruning: 
2024-11-14 01:43:41,497 - root - INFO - Sparsity range: 0.6 -> 0.7
2024-11-14 01:43:41,770 - root - INFO - In validate()-> Val Ep. #0 loss: 0.924, accuracy: 63.60, sparsity: 0.601, task1 ratio: 0.399, zero ratio: 0.601, mpl: 1.0
2024-11-14 01:43:41,770 - root - INFO - 
2024-11-14 01:43:42,189 - root - INFO - In train()-> Train Ep. #1 loss: 0.621, accuracy: 76.20, lr: 0.001, sparsity: 0.653, network_width_mpl: 1.0
2024-11-14 01:43:42,306 - root - INFO - In validate()-> Val Ep. #1 loss: 1.015, accuracy: 61.60, sparsity: 0.653, task1 ratio: 0.347, zero ratio: 0.653, mpl: 1.0
2024-11-14 01:43:42,642 - root - INFO - In train()-> Train Ep. #2 loss: 0.678, accuracy: 74.44, lr: 0.001, sparsity: 0.686, network_width_mpl: 1.0
2024-11-14 01:43:42,770 - root - INFO - In validate()-> Val Ep. #2 loss: 1.376, accuracy: 56.60, sparsity: 0.686, task1 ratio: 0.314, zero ratio: 0.686, mpl: 1.0
2024-11-14 01:43:43,090 - root - INFO - In train()-> Train Ep. #3 loss: 0.706, accuracy: 72.12, lr: 0.001, sparsity: 0.698, network_width_mpl: 1.0
2024-11-14 01:43:43,214 - root - INFO - In validate()-> Val Ep. #3 loss: 1.034, accuracy: 59.20, sparsity: 0.698, task1 ratio: 0.302, zero ratio: 0.698, mpl: 1.0
2024-11-14 01:43:43,553 - root - INFO - In train()-> Train Ep. #4 loss: 0.689, accuracy: 73.16, lr: 0.001, sparsity: 0.701, network_width_mpl: 1.0
2024-11-14 01:43:43,663 - root - INFO - In validate()-> Val Ep. #4 loss: 0.931, accuracy: 64.80, sparsity: 0.701, task1 ratio: 0.299, zero ratio: 0.701, mpl: 1.0
2024-11-14 01:43:43,991 - root - INFO - In train()-> Train Ep. #5 loss: 0.668, accuracy: 74.24, lr: 0.001, sparsity: 0.701, network_width_mpl: 1.0
2024-11-14 01:43:44,120 - root - INFO - In validate()-> Val Ep. #5 loss: 0.905, accuracy: 64.80, sparsity: 0.701, task1 ratio: 0.299, zero ratio: 0.701, mpl: 1.0
2024-11-14 01:43:44,444 - root - INFO - In train()-> Train Ep. #6 loss: 0.656, accuracy: 74.40, lr: 0.001, sparsity: 0.701, network_width_mpl: 1.0
2024-11-14 01:43:44,555 - root - INFO - In validate()-> Val Ep. #6 loss: 0.916, accuracy: 63.40, sparsity: 0.701, task1 ratio: 0.299, zero ratio: 0.701, mpl: 1.0
2024-11-14 01:43:44,886 - root - INFO - In train()-> Train Ep. #7 loss: 0.644, accuracy: 75.20, lr: 0.001, sparsity: 0.701, network_width_mpl: 1.0
2024-11-14 01:43:45,000 - root - INFO - In validate()-> Val Ep. #7 loss: 0.902, accuracy: 64.40, sparsity: 0.701, task1 ratio: 0.299, zero ratio: 0.701, mpl: 1.0
2024-11-14 01:43:45,336 - root - INFO - In train()-> Train Ep. #8 loss: 0.643, accuracy: 75.04, lr: 0.001, sparsity: 0.701, network_width_mpl: 1.0
2024-11-14 01:43:45,456 - root - INFO - In validate()-> Val Ep. #8 loss: 0.897, accuracy: 63.60, sparsity: 0.701, task1 ratio: 0.299, zero ratio: 0.701, mpl: 1.0
2024-11-14 01:43:45,803 - root - INFO - In train()-> Train Ep. #9 loss: 0.636, accuracy: 76.16, lr: 0.001, sparsity: 0.701, network_width_mpl: 1.0
2024-11-14 01:43:45,933 - root - INFO - In validate()-> Val Ep. #9 loss: 0.897, accuracy: 65.60, sparsity: 0.701, task1 ratio: 0.299, zero ratio: 0.701, mpl: 1.0
2024-11-14 01:43:46,272 - root - INFO - In train()-> Train Ep. #10 loss: 0.642, accuracy: 75.32, lr: 0.001, sparsity: 0.701, network_width_mpl: 1.0
2024-11-14 01:43:46,389 - root - INFO - In validate()-> Val Ep. #10 loss: 0.898, accuracy: 65.00, sparsity: 0.701, task1 ratio: 0.299, zero ratio: 0.701, mpl: 1.0
2024-11-14 01:43:46,722 - root - INFO - In train()-> Train Ep. #11 loss: 0.634, accuracy: 75.60, lr: 0.001, sparsity: 0.701, network_width_mpl: 1.0
2024-11-14 01:43:46,836 - root - INFO - In validate()-> Val Ep. #11 loss: 0.904, accuracy: 63.40, sparsity: 0.701, task1 ratio: 0.299, zero ratio: 0.701, mpl: 1.0
2024-11-14 01:43:47,152 - root - INFO - In train()-> Train Ep. #12 loss: 0.637, accuracy: 75.48, lr: 0.001, sparsity: 0.701, network_width_mpl: 1.0
2024-11-14 01:43:47,269 - root - INFO - In validate()-> Val Ep. #12 loss: 0.898, accuracy: 63.40, sparsity: 0.701, task1 ratio: 0.299, zero ratio: 0.701, mpl: 1.0
2024-11-14 01:43:47,655 - root - INFO - In train()-> Train Ep. #13 loss: 0.638, accuracy: 75.24, lr: 0.001, sparsity: 0.701, network_width_mpl: 1.0
2024-11-14 01:43:47,773 - root - INFO - In validate()-> Val Ep. #13 loss: 0.898, accuracy: 64.20, sparsity: 0.701, task1 ratio: 0.299, zero ratio: 0.701, mpl: 1.0
2024-11-14 01:43:48,073 - root - INFO - In train()-> Train Ep. #14 loss: 0.636, accuracy: 75.16, lr: 0.001, sparsity: 0.701, network_width_mpl: 1.0
2024-11-14 01:43:48,198 - root - INFO - In validate()-> Val Ep. #14 loss: 0.899, accuracy: 64.40, sparsity: 0.701, task1 ratio: 0.299, zero ratio: 0.701, mpl: 1.0
2024-11-14 01:43:48,540 - root - INFO - In train()-> Train Ep. #15 loss: 0.626, accuracy: 76.12, lr: 0.001, sparsity: 0.701, network_width_mpl: 1.0
2024-11-14 01:43:48,655 - root - INFO - In validate()-> Val Ep. #15 loss: 0.923, accuracy: 64.20, sparsity: 0.701, task1 ratio: 0.299, zero ratio: 0.701, mpl: 1.0
2024-11-14 01:43:48,967 - root - INFO - In train()-> Train Ep. #16 loss: 0.621, accuracy: 77.36, lr: 0.001, sparsity: 0.701, network_width_mpl: 1.0
2024-11-14 01:43:49,083 - root - INFO - In validate()-> Val Ep. #16 loss: 0.917, accuracy: 65.20, sparsity: 0.701, task1 ratio: 0.299, zero ratio: 0.701, mpl: 1.0
2024-11-14 01:43:49,413 - root - INFO - In train()-> Train Ep. #17 loss: 0.627, accuracy: 76.56, lr: 0.001, sparsity: 0.701, network_width_mpl: 1.0
2024-11-14 01:43:49,526 - root - INFO - In validate()-> Val Ep. #17 loss: 0.914, accuracy: 64.80, sparsity: 0.701, task1 ratio: 0.299, zero ratio: 0.701, mpl: 1.0
2024-11-14 01:43:49,839 - root - INFO - In train()-> Train Ep. #18 loss: 0.617, accuracy: 76.96, lr: 0.001, sparsity: 0.701, network_width_mpl: 1.0
2024-11-14 01:43:49,954 - root - INFO - In validate()-> Val Ep. #18 loss: 0.911, accuracy: 65.40, sparsity: 0.701, task1 ratio: 0.299, zero ratio: 0.701, mpl: 1.0
2024-11-14 01:43:50,320 - root - INFO - In train()-> Train Ep. #19 loss: 0.614, accuracy: 76.92, lr: 0.001, sparsity: 0.701, network_width_mpl: 1.0
2024-11-14 01:43:50,445 - root - INFO - In validate()-> Val Ep. #19 loss: 0.913, accuracy: 65.00, sparsity: 0.701, task1 ratio: 0.299, zero ratio: 0.701, mpl: 1.0
2024-11-14 01:43:50,771 - root - INFO - In train()-> Train Ep. #20 loss: 0.627, accuracy: 75.56, lr: 0.001, sparsity: 0.701, network_width_mpl: 1.0
2024-11-14 01:43:50,886 - root - INFO - In validate()-> Val Ep. #20 loss: 0.910, accuracy: 64.60, sparsity: 0.701, task1 ratio: 0.299, zero ratio: 0.701, mpl: 1.0
2024-11-14 01:43:50,888 - root - INFO - ----------------
2024-11-14 01:43:53,256 - root - INFO - 
2024-11-14 01:43:53,256 - root - INFO - Before pruning: 
2024-11-14 01:43:53,256 - root - INFO - Sparsity range: 0.7 -> 0.8
2024-11-14 01:43:53,540 - root - INFO - In validate()-> Val Ep. #0 loss: 0.910, accuracy: 64.60, sparsity: 0.701, task1 ratio: 0.299, zero ratio: 0.701, mpl: 1.0
2024-11-14 01:43:53,541 - root - INFO - 
2024-11-14 01:43:53,919 - root - INFO - In train()-> Train Ep. #1 loss: 0.624, accuracy: 76.16, lr: 0.001, sparsity: 0.753, network_width_mpl: 1.0
2024-11-14 01:43:54,041 - root - INFO - In validate()-> Val Ep. #1 loss: 1.215, accuracy: 53.00, sparsity: 0.753, task1 ratio: 0.247, zero ratio: 0.753, mpl: 1.0
2024-11-14 01:43:54,370 - root - INFO - In train()-> Train Ep. #2 loss: 0.750, accuracy: 70.84, lr: 0.001, sparsity: 0.786, network_width_mpl: 1.0
2024-11-14 01:43:54,494 - root - INFO - In validate()-> Val Ep. #2 loss: 1.621, accuracy: 48.00, sparsity: 0.786, task1 ratio: 0.214, zero ratio: 0.786, mpl: 1.0
2024-11-14 01:43:54,809 - root - INFO - In train()-> Train Ep. #3 loss: 0.786, accuracy: 70.72, lr: 0.001, sparsity: 0.798, network_width_mpl: 1.0
2024-11-14 01:43:54,936 - root - INFO - In validate()-> Val Ep. #3 loss: 1.160, accuracy: 58.40, sparsity: 0.798, task1 ratio: 0.202, zero ratio: 0.798, mpl: 1.0
2024-11-14 01:43:55,228 - root - INFO - In train()-> Train Ep. #4 loss: 0.778, accuracy: 70.56, lr: 0.001, sparsity: 0.801, network_width_mpl: 1.0
2024-11-14 01:43:55,342 - root - INFO - In validate()-> Val Ep. #4 loss: 0.961, accuracy: 61.20, sparsity: 0.801, task1 ratio: 0.199, zero ratio: 0.801, mpl: 1.0
2024-11-14 01:43:55,657 - root - INFO - In train()-> Train Ep. #5 loss: 0.743, accuracy: 72.04, lr: 0.001, sparsity: 0.801, network_width_mpl: 1.0
2024-11-14 01:43:55,765 - root - INFO - In validate()-> Val Ep. #5 loss: 0.933, accuracy: 63.40, sparsity: 0.801, task1 ratio: 0.199, zero ratio: 0.801, mpl: 1.0
2024-11-14 01:43:56,067 - root - INFO - In train()-> Train Ep. #6 loss: 0.713, accuracy: 72.12, lr: 0.001, sparsity: 0.801, network_width_mpl: 1.0
2024-11-14 01:43:56,192 - root - INFO - In validate()-> Val Ep. #6 loss: 0.960, accuracy: 63.60, sparsity: 0.801, task1 ratio: 0.199, zero ratio: 0.801, mpl: 1.0
2024-11-14 01:43:56,496 - root - INFO - In train()-> Train Ep. #7 loss: 0.701, accuracy: 72.56, lr: 0.001, sparsity: 0.801, network_width_mpl: 1.0
2024-11-14 01:43:56,624 - root - INFO - In validate()-> Val Ep. #7 loss: 0.936, accuracy: 64.00, sparsity: 0.801, task1 ratio: 0.199, zero ratio: 0.801, mpl: 1.0
2024-11-14 01:43:56,999 - root - INFO - In train()-> Train Ep. #8 loss: 0.699, accuracy: 73.72, lr: 0.001, sparsity: 0.801, network_width_mpl: 1.0
2024-11-14 01:43:57,121 - root - INFO - In validate()-> Val Ep. #8 loss: 0.934, accuracy: 64.40, sparsity: 0.801, task1 ratio: 0.199, zero ratio: 0.801, mpl: 1.0
2024-11-14 01:43:57,406 - root - INFO - In train()-> Train Ep. #9 loss: 0.695, accuracy: 73.48, lr: 0.001, sparsity: 0.801, network_width_mpl: 1.0
2024-11-14 01:43:57,517 - root - INFO - In validate()-> Val Ep. #9 loss: 0.929, accuracy: 64.60, sparsity: 0.801, task1 ratio: 0.199, zero ratio: 0.801, mpl: 1.0
2024-11-14 01:43:57,819 - root - INFO - In train()-> Train Ep. #10 loss: 0.688, accuracy: 74.00, lr: 0.001, sparsity: 0.801, network_width_mpl: 1.0
2024-11-14 01:43:57,952 - root - INFO - In validate()-> Val Ep. #10 loss: 0.921, accuracy: 63.80, sparsity: 0.801, task1 ratio: 0.199, zero ratio: 0.801, mpl: 1.0
2024-11-14 01:43:58,280 - root - INFO - In train()-> Train Ep. #11 loss: 0.688, accuracy: 74.00, lr: 0.001, sparsity: 0.801, network_width_mpl: 1.0
2024-11-14 01:43:58,414 - root - INFO - In validate()-> Val Ep. #11 loss: 0.932, accuracy: 64.60, sparsity: 0.801, task1 ratio: 0.199, zero ratio: 0.801, mpl: 1.0
2024-11-14 01:43:58,729 - root - INFO - In train()-> Train Ep. #12 loss: 0.679, accuracy: 74.52, lr: 0.001, sparsity: 0.801, network_width_mpl: 1.0
2024-11-14 01:43:58,851 - root - INFO - In validate()-> Val Ep. #12 loss: 0.913, accuracy: 64.00, sparsity: 0.801, task1 ratio: 0.199, zero ratio: 0.801, mpl: 1.0
2024-11-14 01:43:59,192 - root - INFO - In train()-> Train Ep. #13 loss: 0.672, accuracy: 73.12, lr: 0.001, sparsity: 0.801, network_width_mpl: 1.0
2024-11-14 01:43:59,304 - root - INFO - In validate()-> Val Ep. #13 loss: 0.919, accuracy: 64.00, sparsity: 0.801, task1 ratio: 0.199, zero ratio: 0.801, mpl: 1.0
2024-11-14 01:43:59,638 - root - INFO - In train()-> Train Ep. #14 loss: 0.674, accuracy: 74.12, lr: 0.001, sparsity: 0.801, network_width_mpl: 1.0
2024-11-14 01:43:59,767 - root - INFO - In validate()-> Val Ep. #14 loss: 0.922, accuracy: 64.40, sparsity: 0.801, task1 ratio: 0.199, zero ratio: 0.801, mpl: 1.0
2024-11-14 01:44:00,122 - root - INFO - In train()-> Train Ep. #15 loss: 0.665, accuracy: 74.20, lr: 0.001, sparsity: 0.801, network_width_mpl: 1.0
2024-11-14 01:44:00,248 - root - INFO - In validate()-> Val Ep. #15 loss: 0.935, accuracy: 65.00, sparsity: 0.801, task1 ratio: 0.199, zero ratio: 0.801, mpl: 1.0
2024-11-14 01:44:00,590 - root - INFO - In train()-> Train Ep. #16 loss: 0.675, accuracy: 74.44, lr: 0.001, sparsity: 0.801, network_width_mpl: 1.0
2024-11-14 01:44:00,723 - root - INFO - In validate()-> Val Ep. #16 loss: 0.930, accuracy: 64.40, sparsity: 0.801, task1 ratio: 0.199, zero ratio: 0.801, mpl: 1.0
2024-11-14 01:44:01,047 - root - INFO - In train()-> Train Ep. #17 loss: 0.676, accuracy: 73.76, lr: 0.001, sparsity: 0.801, network_width_mpl: 1.0
2024-11-14 01:44:01,159 - root - INFO - In validate()-> Val Ep. #17 loss: 0.928, accuracy: 64.80, sparsity: 0.801, task1 ratio: 0.199, zero ratio: 0.801, mpl: 1.0
2024-11-14 01:44:01,471 - root - INFO - In train()-> Train Ep. #18 loss: 0.660, accuracy: 74.84, lr: 0.001, sparsity: 0.801, network_width_mpl: 1.0
2024-11-14 01:44:01,584 - root - INFO - In validate()-> Val Ep. #18 loss: 0.923, accuracy: 63.00, sparsity: 0.801, task1 ratio: 0.199, zero ratio: 0.801, mpl: 1.0
2024-11-14 01:44:01,945 - root - INFO - In train()-> Train Ep. #19 loss: 0.658, accuracy: 75.28, lr: 0.001, sparsity: 0.801, network_width_mpl: 1.0
2024-11-14 01:44:02,058 - root - INFO - In validate()-> Val Ep. #19 loss: 0.922, accuracy: 63.40, sparsity: 0.801, task1 ratio: 0.199, zero ratio: 0.801, mpl: 1.0
2024-11-14 01:44:02,413 - root - INFO - In train()-> Train Ep. #20 loss: 0.664, accuracy: 74.20, lr: 0.001, sparsity: 0.801, network_width_mpl: 1.0
2024-11-14 01:44:02,526 - root - INFO - In validate()-> Val Ep. #20 loss: 0.917, accuracy: 64.00, sparsity: 0.801, task1 ratio: 0.199, zero ratio: 0.801, mpl: 1.0
2024-11-14 01:44:02,528 - root - INFO - ----------------
2024-11-14 01:44:04,846 - root - INFO - 
2024-11-14 01:44:04,846 - root - INFO - Before pruning: 
2024-11-14 01:44:04,846 - root - INFO - Sparsity range: 0.8 -> 0.9
2024-11-14 01:44:05,128 - root - INFO - In validate()-> Val Ep. #0 loss: 0.917, accuracy: 64.00, sparsity: 0.801, task1 ratio: 0.199, zero ratio: 0.801, mpl: 1.0
2024-11-14 01:44:05,128 - root - INFO - 
2024-11-14 01:44:05,504 - root - INFO - In train()-> Train Ep. #1 loss: 0.660, accuracy: 74.84, lr: 0.001, sparsity: 0.853, network_width_mpl: 1.0
2024-11-14 01:44:05,625 - root - INFO - In validate()-> Val Ep. #1 loss: 1.656, accuracy: 38.60, sparsity: 0.853, task1 ratio: 0.147, zero ratio: 0.853, mpl: 1.0
2024-11-14 01:44:05,963 - root - INFO - In train()-> Train Ep. #2 loss: 0.982, accuracy: 61.60, lr: 0.001, sparsity: 0.885, network_width_mpl: 1.0
2024-11-14 01:44:06,075 - root - INFO - In validate()-> Val Ep. #2 loss: 1.805, accuracy: 43.00, sparsity: 0.885, task1 ratio: 0.115, zero ratio: 0.885, mpl: 1.0
2024-11-14 01:44:06,397 - root - INFO - In train()-> Train Ep. #3 loss: 1.026, accuracy: 59.84, lr: 0.001, sparsity: 0.898, network_width_mpl: 1.0
2024-11-14 01:44:06,510 - root - INFO - In validate()-> Val Ep. #3 loss: 1.518, accuracy: 45.00, sparsity: 0.898, task1 ratio: 0.102, zero ratio: 0.898, mpl: 1.0
2024-11-14 01:44:06,816 - root - INFO - In train()-> Train Ep. #4 loss: 1.061, accuracy: 58.80, lr: 0.001, sparsity: 0.900, network_width_mpl: 1.0
2024-11-14 01:44:06,930 - root - INFO - In validate()-> Val Ep. #4 loss: 1.207, accuracy: 51.00, sparsity: 0.900, task1 ratio: 0.100, zero ratio: 0.900, mpl: 1.0
2024-11-14 01:44:07,252 - root - INFO - In train()-> Train Ep. #5 loss: 1.008, accuracy: 59.88, lr: 0.001, sparsity: 0.900, network_width_mpl: 1.0
2024-11-14 01:44:07,364 - root - INFO - In validate()-> Val Ep. #5 loss: 1.039, accuracy: 60.40, sparsity: 0.900, task1 ratio: 0.100, zero ratio: 0.900, mpl: 1.0
2024-11-14 01:44:07,675 - root - INFO - In train()-> Train Ep. #6 loss: 0.951, accuracy: 62.00, lr: 0.001, sparsity: 0.900, network_width_mpl: 1.0
2024-11-14 01:44:07,802 - root - INFO - In validate()-> Val Ep. #6 loss: 1.031, accuracy: 61.00, sparsity: 0.900, task1 ratio: 0.100, zero ratio: 0.900, mpl: 1.0
2024-11-14 01:44:08,130 - root - INFO - In train()-> Train Ep. #7 loss: 0.921, accuracy: 63.12, lr: 0.001, sparsity: 0.900, network_width_mpl: 1.0
2024-11-14 01:44:08,244 - root - INFO - In validate()-> Val Ep. #7 loss: 1.021, accuracy: 62.00, sparsity: 0.900, task1 ratio: 0.100, zero ratio: 0.900, mpl: 1.0
2024-11-14 01:44:08,546 - root - INFO - In train()-> Train Ep. #8 loss: 0.909, accuracy: 64.24, lr: 0.001, sparsity: 0.900, network_width_mpl: 1.0
2024-11-14 01:44:08,668 - root - INFO - In validate()-> Val Ep. #8 loss: 1.012, accuracy: 61.00, sparsity: 0.900, task1 ratio: 0.100, zero ratio: 0.900, mpl: 1.0
2024-11-14 01:44:09,010 - root - INFO - In train()-> Train Ep. #9 loss: 0.898, accuracy: 64.00, lr: 0.001, sparsity: 0.900, network_width_mpl: 1.0
2024-11-14 01:44:09,133 - root - INFO - In validate()-> Val Ep. #9 loss: 1.009, accuracy: 61.20, sparsity: 0.900, task1 ratio: 0.100, zero ratio: 0.900, mpl: 1.0
2024-11-14 01:44:09,467 - root - INFO - In train()-> Train Ep. #10 loss: 0.893, accuracy: 65.64, lr: 0.001, sparsity: 0.900, network_width_mpl: 1.0
2024-11-14 01:44:09,578 - root - INFO - In validate()-> Val Ep. #10 loss: 1.000, accuracy: 62.20, sparsity: 0.900, task1 ratio: 0.100, zero ratio: 0.900, mpl: 1.0
2024-11-14 01:44:09,893 - root - INFO - In train()-> Train Ep. #11 loss: 0.888, accuracy: 64.72, lr: 0.001, sparsity: 0.900, network_width_mpl: 1.0
2024-11-14 01:44:10,009 - root - INFO - In validate()-> Val Ep. #11 loss: 1.008, accuracy: 60.80, sparsity: 0.900, task1 ratio: 0.100, zero ratio: 0.900, mpl: 1.0
2024-11-14 01:44:10,331 - root - INFO - In train()-> Train Ep. #12 loss: 0.886, accuracy: 65.80, lr: 0.001, sparsity: 0.900, network_width_mpl: 1.0
2024-11-14 01:44:10,457 - root - INFO - In validate()-> Val Ep. #12 loss: 0.987, accuracy: 61.40, sparsity: 0.900, task1 ratio: 0.100, zero ratio: 0.900, mpl: 1.0
2024-11-14 01:44:10,772 - root - INFO - In train()-> Train Ep. #13 loss: 0.874, accuracy: 65.84, lr: 0.001, sparsity: 0.900, network_width_mpl: 1.0
2024-11-14 01:44:10,885 - root - INFO - In validate()-> Val Ep. #13 loss: 0.992, accuracy: 62.20, sparsity: 0.900, task1 ratio: 0.100, zero ratio: 0.900, mpl: 1.0
2024-11-14 01:44:11,194 - root - INFO - In train()-> Train Ep. #14 loss: 0.856, accuracy: 66.60, lr: 0.001, sparsity: 0.900, network_width_mpl: 1.0
2024-11-14 01:44:11,308 - root - INFO - In validate()-> Val Ep. #14 loss: 0.999, accuracy: 61.40, sparsity: 0.900, task1 ratio: 0.100, zero ratio: 0.900, mpl: 1.0
2024-11-14 01:44:11,631 - root - INFO - In train()-> Train Ep. #15 loss: 0.852, accuracy: 66.76, lr: 0.001, sparsity: 0.900, network_width_mpl: 1.0
2024-11-14 01:44:11,747 - root - INFO - In validate()-> Val Ep. #15 loss: 0.990, accuracy: 61.60, sparsity: 0.900, task1 ratio: 0.100, zero ratio: 0.900, mpl: 1.0
2024-11-14 01:44:12,061 - root - INFO - In train()-> Train Ep. #16 loss: 0.856, accuracy: 67.04, lr: 0.001, sparsity: 0.900, network_width_mpl: 1.0
2024-11-14 01:44:12,173 - root - INFO - In validate()-> Val Ep. #16 loss: 0.988, accuracy: 62.00, sparsity: 0.900, task1 ratio: 0.100, zero ratio: 0.900, mpl: 1.0
2024-11-14 01:44:12,521 - root - INFO - In train()-> Train Ep. #17 loss: 0.849, accuracy: 66.68, lr: 0.001, sparsity: 0.900, network_width_mpl: 1.0
2024-11-14 01:44:12,639 - root - INFO - In validate()-> Val Ep. #17 loss: 0.981, accuracy: 62.80, sparsity: 0.900, task1 ratio: 0.100, zero ratio: 0.900, mpl: 1.0
2024-11-14 01:44:12,940 - root - INFO - In train()-> Train Ep. #18 loss: 0.847, accuracy: 66.52, lr: 0.001, sparsity: 0.900, network_width_mpl: 1.0
2024-11-14 01:44:13,057 - root - INFO - In validate()-> Val Ep. #18 loss: 0.975, accuracy: 62.00, sparsity: 0.900, task1 ratio: 0.100, zero ratio: 0.900, mpl: 1.0
2024-11-14 01:44:13,386 - root - INFO - In train()-> Train Ep. #19 loss: 0.834, accuracy: 67.60, lr: 0.001, sparsity: 0.900, network_width_mpl: 1.0
2024-11-14 01:44:13,515 - root - INFO - In validate()-> Val Ep. #19 loss: 0.978, accuracy: 62.80, sparsity: 0.900, task1 ratio: 0.100, zero ratio: 0.900, mpl: 1.0
2024-11-14 01:44:13,833 - root - INFO - In train()-> Train Ep. #20 loss: 0.830, accuracy: 66.60, lr: 0.001, sparsity: 0.900, network_width_mpl: 1.0
2024-11-14 01:44:13,946 - root - INFO - In validate()-> Val Ep. #20 loss: 0.981, accuracy: 62.80, sparsity: 0.900, task1 ratio: 0.100, zero ratio: 0.900, mpl: 1.0
2024-11-14 01:44:13,948 - root - INFO - ----------------
2024-11-14 01:44:16,317 - root - INFO - 
2024-11-14 01:44:16,317 - root - INFO - Before pruning: 
2024-11-14 01:44:16,317 - root - INFO - Sparsity range: 0.9 -> 0.95
2024-11-14 01:44:16,596 - root - INFO - In validate()-> Val Ep. #0 loss: 0.981, accuracy: 62.80, sparsity: 0.900, task1 ratio: 0.100, zero ratio: 0.900, mpl: 1.0
2024-11-14 01:44:16,596 - root - INFO - 
2024-11-14 01:44:16,984 - root - INFO - In train()-> Train Ep. #1 loss: 0.846, accuracy: 66.80, lr: 0.001, sparsity: 0.926, network_width_mpl: 1.0
2024-11-14 01:44:17,093 - root - INFO - In validate()-> Val Ep. #1 loss: 2.418, accuracy: 42.40, sparsity: 0.926, task1 ratio: 0.074, zero ratio: 0.926, mpl: 1.0
2024-11-14 01:44:17,423 - root - INFO - In train()-> Train Ep. #2 loss: 1.344, accuracy: 50.68, lr: 0.001, sparsity: 0.943, network_width_mpl: 1.0
2024-11-14 01:44:17,537 - root - INFO - In validate()-> Val Ep. #2 loss: 2.041, accuracy: 27.60, sparsity: 0.943, task1 ratio: 0.057, zero ratio: 0.943, mpl: 1.0
2024-11-14 01:44:17,898 - root - INFO - In train()-> Train Ep. #3 loss: 1.268, accuracy: 49.04, lr: 0.001, sparsity: 0.949, network_width_mpl: 1.0
2024-11-14 01:44:18,007 - root - INFO - In validate()-> Val Ep. #3 loss: 1.499, accuracy: 40.20, sparsity: 0.949, task1 ratio: 0.051, zero ratio: 0.949, mpl: 1.0
2024-11-14 01:44:18,338 - root - INFO - In train()-> Train Ep. #4 loss: 1.278, accuracy: 47.92, lr: 0.001, sparsity: 0.950, network_width_mpl: 1.0
2024-11-14 01:44:18,452 - root - INFO - In validate()-> Val Ep. #4 loss: 1.284, accuracy: 47.20, sparsity: 0.950, task1 ratio: 0.050, zero ratio: 0.950, mpl: 1.0
2024-11-14 01:44:18,768 - root - INFO - In train()-> Train Ep. #5 loss: 1.206, accuracy: 52.04, lr: 0.001, sparsity: 0.950, network_width_mpl: 1.0
2024-11-14 01:44:18,892 - root - INFO - In validate()-> Val Ep. #5 loss: 1.226, accuracy: 51.00, sparsity: 0.950, task1 ratio: 0.050, zero ratio: 0.950, mpl: 1.0
2024-11-14 01:44:19,197 - root - INFO - In train()-> Train Ep. #6 loss: 1.164, accuracy: 54.24, lr: 0.001, sparsity: 0.950, network_width_mpl: 1.0
2024-11-14 01:44:19,312 - root - INFO - In validate()-> Val Ep. #6 loss: 1.208, accuracy: 52.20, sparsity: 0.950, task1 ratio: 0.050, zero ratio: 0.950, mpl: 1.0
2024-11-14 01:44:19,637 - root - INFO - In train()-> Train Ep. #7 loss: 1.138, accuracy: 54.96, lr: 0.001, sparsity: 0.950, network_width_mpl: 1.0
2024-11-14 01:44:19,762 - root - INFO - In validate()-> Val Ep. #7 loss: 1.186, accuracy: 52.60, sparsity: 0.950, task1 ratio: 0.050, zero ratio: 0.950, mpl: 1.0
2024-11-14 01:44:20,106 - root - INFO - In train()-> Train Ep. #8 loss: 1.113, accuracy: 56.00, lr: 0.001, sparsity: 0.950, network_width_mpl: 1.0
2024-11-14 01:44:20,235 - root - INFO - In validate()-> Val Ep. #8 loss: 1.176, accuracy: 52.80, sparsity: 0.950, task1 ratio: 0.050, zero ratio: 0.950, mpl: 1.0
2024-11-14 01:44:20,538 - root - INFO - In train()-> Train Ep. #9 loss: 1.096, accuracy: 57.16, lr: 0.001, sparsity: 0.950, network_width_mpl: 1.0
2024-11-14 01:44:20,667 - root - INFO - In validate()-> Val Ep. #9 loss: 1.170, accuracy: 54.00, sparsity: 0.950, task1 ratio: 0.050, zero ratio: 0.950, mpl: 1.0
2024-11-14 01:44:20,995 - root - INFO - In train()-> Train Ep. #10 loss: 1.099, accuracy: 57.32, lr: 0.001, sparsity: 0.950, network_width_mpl: 1.0
2024-11-14 01:44:21,109 - root - INFO - In validate()-> Val Ep. #10 loss: 1.162, accuracy: 53.60, sparsity: 0.950, task1 ratio: 0.050, zero ratio: 0.950, mpl: 1.0
2024-11-14 01:44:21,407 - root - INFO - In train()-> Train Ep. #11 loss: 1.085, accuracy: 56.12, lr: 0.001, sparsity: 0.950, network_width_mpl: 1.0
2024-11-14 01:44:21,554 - root - INFO - In validate()-> Val Ep. #11 loss: 1.152, accuracy: 53.80, sparsity: 0.950, task1 ratio: 0.050, zero ratio: 0.950, mpl: 1.0
2024-11-14 01:44:21,853 - root - INFO - In train()-> Train Ep. #12 loss: 1.065, accuracy: 57.92, lr: 0.001, sparsity: 0.950, network_width_mpl: 1.0
2024-11-14 01:44:21,975 - root - INFO - In validate()-> Val Ep. #12 loss: 1.148, accuracy: 54.00, sparsity: 0.950, task1 ratio: 0.050, zero ratio: 0.950, mpl: 1.0
2024-11-14 01:44:22,318 - root - INFO - In train()-> Train Ep. #13 loss: 1.063, accuracy: 58.36, lr: 0.001, sparsity: 0.950, network_width_mpl: 1.0
2024-11-14 01:44:22,439 - root - INFO - In validate()-> Val Ep. #13 loss: 1.145, accuracy: 54.40, sparsity: 0.950, task1 ratio: 0.050, zero ratio: 0.950, mpl: 1.0
2024-11-14 01:44:22,790 - root - INFO - In train()-> Train Ep. #14 loss: 1.039, accuracy: 58.96, lr: 0.001, sparsity: 0.950, network_width_mpl: 1.0
2024-11-14 01:44:22,905 - root - INFO - In validate()-> Val Ep. #14 loss: 1.144, accuracy: 55.20, sparsity: 0.950, task1 ratio: 0.050, zero ratio: 0.950, mpl: 1.0
2024-11-14 01:44:23,209 - root - INFO - In train()-> Train Ep. #15 loss: 1.025, accuracy: 59.96, lr: 0.001, sparsity: 0.950, network_width_mpl: 1.0
2024-11-14 01:44:23,320 - root - INFO - In validate()-> Val Ep. #15 loss: 1.133, accuracy: 55.40, sparsity: 0.950, task1 ratio: 0.050, zero ratio: 0.950, mpl: 1.0
2024-11-14 01:44:23,637 - root - INFO - In train()-> Train Ep. #16 loss: 1.033, accuracy: 59.80, lr: 0.001, sparsity: 0.950, network_width_mpl: 1.0
2024-11-14 01:44:23,752 - root - INFO - In validate()-> Val Ep. #16 loss: 1.129, accuracy: 55.40, sparsity: 0.950, task1 ratio: 0.050, zero ratio: 0.950, mpl: 1.0
2024-11-14 01:44:24,084 - root - INFO - In train()-> Train Ep. #17 loss: 1.016, accuracy: 60.16, lr: 0.001, sparsity: 0.950, network_width_mpl: 1.0
2024-11-14 01:44:24,201 - root - INFO - In validate()-> Val Ep. #17 loss: 1.125, accuracy: 56.20, sparsity: 0.950, task1 ratio: 0.050, zero ratio: 0.950, mpl: 1.0
2024-11-14 01:44:24,558 - root - INFO - In train()-> Train Ep. #18 loss: 1.020, accuracy: 58.96, lr: 0.001, sparsity: 0.950, network_width_mpl: 1.0
2024-11-14 01:44:24,669 - root - INFO - In validate()-> Val Ep. #18 loss: 1.120, accuracy: 55.60, sparsity: 0.950, task1 ratio: 0.050, zero ratio: 0.950, mpl: 1.0
2024-11-14 01:44:24,990 - root - INFO - In train()-> Train Ep. #19 loss: 1.009, accuracy: 59.56, lr: 0.001, sparsity: 0.950, network_width_mpl: 1.0
2024-11-14 01:44:25,122 - root - INFO - In validate()-> Val Ep. #19 loss: 1.119, accuracy: 57.00, sparsity: 0.950, task1 ratio: 0.050, zero ratio: 0.950, mpl: 1.0
2024-11-14 01:44:25,438 - root - INFO - In train()-> Train Ep. #20 loss: 1.012, accuracy: 60.88, lr: 0.001, sparsity: 0.950, network_width_mpl: 1.0
2024-11-14 01:44:25,551 - root - INFO - In validate()-> Val Ep. #20 loss: 1.120, accuracy: 56.80, sparsity: 0.950, task1 ratio: 0.050, zero ratio: 0.950, mpl: 1.0
2024-11-14 01:44:25,553 - root - INFO - ----------------
