2024-11-14 00:56:10,391 - root - INFO - Finetune stage...
2024-11-14 00:56:10,902 - root - INFO - In train()-> Train Ep. #1 loss: 1.610, accuracy: 19.32, lr: 0.01, sparsity: 0.000, network_width_mpl: 1.0
2024-11-14 00:56:10,997 - root - INFO - In validate()-> Val Ep. #1 loss: 1.609, accuracy: 20.00, sparsity: 0.000, task1 ratio: 1.000, zero ratio: 0.000, mpl: 1.0
2024-11-14 00:56:11,281 - root - INFO - In train()-> Train Ep. #2 loss: 1.605, accuracy: 22.36, lr: 0.01, sparsity: 0.000, network_width_mpl: 1.0
2024-11-14 00:56:11,376 - root - INFO - In validate()-> Val Ep. #2 loss: 1.559, accuracy: 22.20, sparsity: 0.000, task1 ratio: 1.000, zero ratio: 0.000, mpl: 1.0
2024-11-14 00:56:11,663 - root - INFO - In train()-> Train Ep. #3 loss: 1.456, accuracy: 35.48, lr: 0.01, sparsity: 0.000, network_width_mpl: 1.0
2024-11-14 00:56:11,759 - root - INFO - In validate()-> Val Ep. #3 loss: 1.387, accuracy: 36.40, sparsity: 0.000, task1 ratio: 1.000, zero ratio: 0.000, mpl: 1.0
2024-11-14 00:56:12,079 - root - INFO - In train()-> Train Ep. #4 loss: 1.353, accuracy: 35.52, lr: 0.01, sparsity: 0.000, network_width_mpl: 1.0
2024-11-14 00:56:12,173 - root - INFO - In validate()-> Val Ep. #4 loss: 1.382, accuracy: 36.20, sparsity: 0.000, task1 ratio: 1.000, zero ratio: 0.000, mpl: 1.0
2024-11-14 00:56:12,467 - root - INFO - In train()-> Train Ep. #5 loss: 1.287, accuracy: 37.76, lr: 0.01, sparsity: 0.000, network_width_mpl: 1.0
2024-11-14 00:56:12,562 - root - INFO - In validate()-> Val Ep. #5 loss: 1.224, accuracy: 40.20, sparsity: 0.000, task1 ratio: 1.000, zero ratio: 0.000, mpl: 1.0
2024-11-14 00:56:12,860 - root - INFO - In train()-> Train Ep. #6 loss: 1.261, accuracy: 37.92, lr: 0.01, sparsity: 0.000, network_width_mpl: 1.0
2024-11-14 00:56:12,959 - root - INFO - In validate()-> Val Ep. #6 loss: 1.246, accuracy: 44.00, sparsity: 0.000, task1 ratio: 1.000, zero ratio: 0.000, mpl: 1.0
2024-11-14 00:56:13,267 - root - INFO - In train()-> Train Ep. #7 loss: 1.247, accuracy: 41.28, lr: 0.01, sparsity: 0.000, network_width_mpl: 1.0
2024-11-14 00:56:13,374 - root - INFO - In validate()-> Val Ep. #7 loss: 1.230, accuracy: 43.20, sparsity: 0.000, task1 ratio: 1.000, zero ratio: 0.000, mpl: 1.0
2024-11-14 00:56:13,656 - root - INFO - In train()-> Train Ep. #8 loss: 1.245, accuracy: 43.72, lr: 0.01, sparsity: 0.000, network_width_mpl: 1.0
2024-11-14 00:56:13,755 - root - INFO - In validate()-> Val Ep. #8 loss: 1.197, accuracy: 48.00, sparsity: 0.000, task1 ratio: 1.000, zero ratio: 0.000, mpl: 1.0
2024-11-14 00:56:14,057 - root - INFO - In train()-> Train Ep. #9 loss: 1.223, accuracy: 44.40, lr: 0.01, sparsity: 0.000, network_width_mpl: 1.0
2024-11-14 00:56:14,152 - root - INFO - In validate()-> Val Ep. #9 loss: 1.199, accuracy: 47.80, sparsity: 0.000, task1 ratio: 1.000, zero ratio: 0.000, mpl: 1.0
2024-11-14 00:56:14,464 - root - INFO - In train()-> Train Ep. #10 loss: 1.213, accuracy: 44.04, lr: 0.01, sparsity: 0.000, network_width_mpl: 1.0
2024-11-14 00:56:14,564 - root - INFO - In validate()-> Val Ep. #10 loss: 1.156, accuracy: 47.60, sparsity: 0.000, task1 ratio: 1.000, zero ratio: 0.000, mpl: 1.0
2024-11-14 00:56:14,861 - root - INFO - In train()-> Train Ep. #11 loss: 1.201, accuracy: 44.52, lr: 0.01, sparsity: 0.000, network_width_mpl: 1.0
2024-11-14 00:56:14,956 - root - INFO - In validate()-> Val Ep. #11 loss: 1.217, accuracy: 46.00, sparsity: 0.000, task1 ratio: 1.000, zero ratio: 0.000, mpl: 1.0
2024-11-14 00:56:15,267 - root - INFO - In train()-> Train Ep. #12 loss: 1.196, accuracy: 45.16, lr: 0.01, sparsity: 0.000, network_width_mpl: 1.0
2024-11-14 00:56:15,364 - root - INFO - In validate()-> Val Ep. #12 loss: 1.149, accuracy: 47.40, sparsity: 0.000, task1 ratio: 1.000, zero ratio: 0.000, mpl: 1.0
2024-11-14 00:56:15,668 - root - INFO - In train()-> Train Ep. #13 loss: 1.197, accuracy: 46.84, lr: 0.01, sparsity: 0.000, network_width_mpl: 1.0
2024-11-14 00:56:15,762 - root - INFO - In validate()-> Val Ep. #13 loss: 1.168, accuracy: 49.20, sparsity: 0.000, task1 ratio: 1.000, zero ratio: 0.000, mpl: 1.0
2024-11-14 00:56:16,064 - root - INFO - In train()-> Train Ep. #14 loss: 1.183, accuracy: 46.76, lr: 0.01, sparsity: 0.000, network_width_mpl: 1.0
2024-11-14 00:56:16,162 - root - INFO - In validate()-> Val Ep. #14 loss: 1.144, accuracy: 49.40, sparsity: 0.000, task1 ratio: 1.000, zero ratio: 0.000, mpl: 1.0
2024-11-14 00:56:16,452 - root - INFO - In train()-> Train Ep. #15 loss: 1.172, accuracy: 47.44, lr: 0.01, sparsity: 0.000, network_width_mpl: 1.0
2024-11-14 00:56:16,543 - root - INFO - In validate()-> Val Ep. #15 loss: 1.182, accuracy: 49.20, sparsity: 0.000, task1 ratio: 1.000, zero ratio: 0.000, mpl: 1.0
2024-11-14 00:56:16,838 - root - INFO - In train()-> Train Ep. #16 loss: 1.165, accuracy: 47.76, lr: 0.01, sparsity: 0.000, network_width_mpl: 1.0
2024-11-14 00:56:16,933 - root - INFO - In validate()-> Val Ep. #16 loss: 1.153, accuracy: 50.20, sparsity: 0.000, task1 ratio: 1.000, zero ratio: 0.000, mpl: 1.0
2024-11-14 00:56:17,226 - root - INFO - In train()-> Train Ep. #17 loss: 1.169, accuracy: 47.92, lr: 0.01, sparsity: 0.000, network_width_mpl: 1.0
2024-11-14 00:56:17,328 - root - INFO - In validate()-> Val Ep. #17 loss: 1.140, accuracy: 49.00, sparsity: 0.000, task1 ratio: 1.000, zero ratio: 0.000, mpl: 1.0
2024-11-14 00:56:17,636 - root - INFO - In train()-> Train Ep. #18 loss: 1.151, accuracy: 49.16, lr: 0.01, sparsity: 0.000, network_width_mpl: 1.0
2024-11-14 00:56:17,729 - root - INFO - In validate()-> Val Ep. #18 loss: 1.181, accuracy: 48.40, sparsity: 0.000, task1 ratio: 1.000, zero ratio: 0.000, mpl: 1.0
2024-11-14 00:56:18,025 - root - INFO - In train()-> Train Ep. #19 loss: 1.177, accuracy: 47.24, lr: 0.01, sparsity: 0.000, network_width_mpl: 1.0
2024-11-14 00:56:18,119 - root - INFO - In validate()-> Val Ep. #19 loss: 1.156, accuracy: 49.20, sparsity: 0.000, task1 ratio: 1.000, zero ratio: 0.000, mpl: 1.0
2024-11-14 00:56:18,446 - root - INFO - In train()-> Train Ep. #20 loss: 1.147, accuracy: 49.08, lr: 0.01, sparsity: 0.000, network_width_mpl: 1.0
2024-11-14 00:56:18,543 - root - INFO - In validate()-> Val Ep. #20 loss: 1.148, accuracy: 48.20, sparsity: 0.000, task1 ratio: 1.000, zero ratio: 0.000, mpl: 1.0
2024-11-14 00:56:18,847 - root - INFO - In train()-> Train Ep. #21 loss: 1.134, accuracy: 49.88, lr: 0.01, sparsity: 0.000, network_width_mpl: 1.0
2024-11-14 00:56:18,950 - root - INFO - In validate()-> Val Ep. #21 loss: 1.141, accuracy: 51.00, sparsity: 0.000, task1 ratio: 1.000, zero ratio: 0.000, mpl: 1.0
2024-11-14 00:56:19,265 - root - INFO - In train()-> Train Ep. #22 loss: 1.150, accuracy: 49.20, lr: 0.01, sparsity: 0.000, network_width_mpl: 1.0
2024-11-14 00:56:19,375 - root - INFO - In validate()-> Val Ep. #22 loss: 1.151, accuracy: 50.20, sparsity: 0.000, task1 ratio: 1.000, zero ratio: 0.000, mpl: 1.0
2024-11-14 00:56:19,663 - root - INFO - In train()-> Train Ep. #23 loss: 1.125, accuracy: 49.88, lr: 0.01, sparsity: 0.000, network_width_mpl: 1.0
2024-11-14 00:56:19,759 - root - INFO - In validate()-> Val Ep. #23 loss: 1.110, accuracy: 51.80, sparsity: 0.000, task1 ratio: 1.000, zero ratio: 0.000, mpl: 1.0
2024-11-14 00:56:20,046 - root - INFO - In train()-> Train Ep. #24 loss: 1.132, accuracy: 50.04, lr: 0.01, sparsity: 0.000, network_width_mpl: 1.0
2024-11-14 00:56:20,144 - root - INFO - In validate()-> Val Ep. #24 loss: 1.131, accuracy: 52.00, sparsity: 0.000, task1 ratio: 1.000, zero ratio: 0.000, mpl: 1.0
2024-11-14 00:56:20,450 - root - INFO - In train()-> Train Ep. #25 loss: 1.114, accuracy: 50.56, lr: 0.01, sparsity: 0.000, network_width_mpl: 1.0
2024-11-14 00:56:20,547 - root - INFO - In validate()-> Val Ep. #25 loss: 1.134, accuracy: 48.60, sparsity: 0.000, task1 ratio: 1.000, zero ratio: 0.000, mpl: 1.0
2024-11-14 00:56:20,845 - root - INFO - In train()-> Train Ep. #26 loss: 1.102, accuracy: 51.24, lr: 0.01, sparsity: 0.000, network_width_mpl: 1.0
2024-11-14 00:56:20,942 - root - INFO - In validate()-> Val Ep. #26 loss: 1.130, accuracy: 49.00, sparsity: 0.000, task1 ratio: 1.000, zero ratio: 0.000, mpl: 1.0
2024-11-14 00:56:21,221 - root - INFO - In train()-> Train Ep. #27 loss: 1.115, accuracy: 50.76, lr: 0.01, sparsity: 0.000, network_width_mpl: 1.0
2024-11-14 00:56:21,313 - root - INFO - In validate()-> Val Ep. #27 loss: 1.201, accuracy: 52.00, sparsity: 0.000, task1 ratio: 1.000, zero ratio: 0.000, mpl: 1.0
2024-11-14 00:56:21,598 - root - INFO - In train()-> Train Ep. #28 loss: 1.113, accuracy: 51.68, lr: 0.01, sparsity: 0.000, network_width_mpl: 1.0
2024-11-14 00:56:21,690 - root - INFO - In validate()-> Val Ep. #28 loss: 1.115, accuracy: 51.80, sparsity: 0.000, task1 ratio: 1.000, zero ratio: 0.000, mpl: 1.0
2024-11-14 00:56:21,995 - root - INFO - In train()-> Train Ep. #29 loss: 1.120, accuracy: 50.60, lr: 0.01, sparsity: 0.000, network_width_mpl: 1.0
2024-11-14 00:56:22,100 - root - INFO - In validate()-> Val Ep. #29 loss: 1.119, accuracy: 51.20, sparsity: 0.000, task1 ratio: 1.000, zero ratio: 0.000, mpl: 1.0
2024-11-14 00:56:22,412 - root - INFO - In train()-> Train Ep. #30 loss: 1.088, accuracy: 53.40, lr: 0.01, sparsity: 0.000, network_width_mpl: 1.0
2024-11-14 00:56:22,514 - root - INFO - In validate()-> Val Ep. #30 loss: 1.156, accuracy: 50.00, sparsity: 0.000, task1 ratio: 1.000, zero ratio: 0.000, mpl: 1.0
2024-11-14 00:56:22,816 - root - INFO - In train()-> Train Ep. #31 loss: 1.106, accuracy: 52.64, lr: 0.01, sparsity: 0.000, network_width_mpl: 1.0
2024-11-14 00:56:22,911 - root - INFO - In validate()-> Val Ep. #31 loss: 1.137, accuracy: 50.40, sparsity: 0.000, task1 ratio: 1.000, zero ratio: 0.000, mpl: 1.0
2024-11-14 00:56:23,260 - root - INFO - In train()-> Train Ep. #32 loss: 1.110, accuracy: 52.28, lr: 0.01, sparsity: 0.000, network_width_mpl: 1.0
2024-11-14 00:56:23,353 - root - INFO - In validate()-> Val Ep. #32 loss: 1.139, accuracy: 48.60, sparsity: 0.000, task1 ratio: 1.000, zero ratio: 0.000, mpl: 1.0
2024-11-14 00:56:23,648 - root - INFO - In train()-> Train Ep. #33 loss: 1.099, accuracy: 52.68, lr: 0.01, sparsity: 0.000, network_width_mpl: 1.0
2024-11-14 00:56:23,743 - root - INFO - In validate()-> Val Ep. #33 loss: 1.114, accuracy: 50.20, sparsity: 0.000, task1 ratio: 1.000, zero ratio: 0.000, mpl: 1.0
2024-11-14 00:56:24,036 - root - INFO - In train()-> Train Ep. #34 loss: 1.089, accuracy: 53.92, lr: 0.01, sparsity: 0.000, network_width_mpl: 1.0
2024-11-14 00:56:24,127 - root - INFO - In validate()-> Val Ep. #34 loss: 1.156, accuracy: 49.80, sparsity: 0.000, task1 ratio: 1.000, zero ratio: 0.000, mpl: 1.0
2024-11-14 00:56:24,438 - root - INFO - In train()-> Train Ep. #35 loss: 1.076, accuracy: 53.80, lr: 0.01, sparsity: 0.000, network_width_mpl: 1.0
2024-11-14 00:56:24,551 - root - INFO - In validate()-> Val Ep. #35 loss: 1.150, accuracy: 49.80, sparsity: 0.000, task1 ratio: 1.000, zero ratio: 0.000, mpl: 1.0
2024-11-14 00:56:24,843 - root - INFO - In train()-> Train Ep. #36 loss: 1.074, accuracy: 53.56, lr: 0.01, sparsity: 0.000, network_width_mpl: 1.0
2024-11-14 00:56:24,949 - root - INFO - In validate()-> Val Ep. #36 loss: 1.123, accuracy: 50.60, sparsity: 0.000, task1 ratio: 1.000, zero ratio: 0.000, mpl: 1.0
2024-11-14 00:56:25,294 - root - INFO - In train()-> Train Ep. #37 loss: 1.058, accuracy: 54.16, lr: 0.01, sparsity: 0.000, network_width_mpl: 1.0
2024-11-14 00:56:25,389 - root - INFO - In validate()-> Val Ep. #37 loss: 1.120, accuracy: 52.80, sparsity: 0.000, task1 ratio: 1.000, zero ratio: 0.000, mpl: 1.0
2024-11-14 00:56:25,698 - root - INFO - In train()-> Train Ep. #38 loss: 1.068, accuracy: 53.96, lr: 0.01, sparsity: 0.000, network_width_mpl: 1.0
2024-11-14 00:56:25,803 - root - INFO - In validate()-> Val Ep. #38 loss: 1.134, accuracy: 52.00, sparsity: 0.000, task1 ratio: 1.000, zero ratio: 0.000, mpl: 1.0
2024-11-14 00:56:26,116 - root - INFO - In train()-> Train Ep. #39 loss: 1.066, accuracy: 53.24, lr: 0.01, sparsity: 0.000, network_width_mpl: 1.0
2024-11-14 00:56:26,208 - root - INFO - In validate()-> Val Ep. #39 loss: 1.142, accuracy: 52.20, sparsity: 0.000, task1 ratio: 1.000, zero ratio: 0.000, mpl: 1.0
2024-11-14 00:56:26,526 - root - INFO - In train()-> Train Ep. #40 loss: 1.058, accuracy: 54.08, lr: 0.01, sparsity: 0.000, network_width_mpl: 1.0
2024-11-14 00:56:26,621 - root - INFO - In validate()-> Val Ep. #40 loss: 1.140, accuracy: 53.20, sparsity: 0.000, task1 ratio: 1.000, zero ratio: 0.000, mpl: 1.0
2024-11-14 00:56:26,919 - root - INFO - In train()-> Train Ep. #41 loss: 1.062, accuracy: 54.32, lr: 0.01, sparsity: 0.000, network_width_mpl: 1.0
2024-11-14 00:56:27,016 - root - INFO - In validate()-> Val Ep. #41 loss: 1.189, accuracy: 51.80, sparsity: 0.000, task1 ratio: 1.000, zero ratio: 0.000, mpl: 1.0
2024-11-14 00:56:27,299 - root - INFO - In train()-> Train Ep. #42 loss: 1.056, accuracy: 54.40, lr: 0.01, sparsity: 0.000, network_width_mpl: 1.0
2024-11-14 00:56:27,402 - root - INFO - In validate()-> Val Ep. #42 loss: 1.110, accuracy: 52.20, sparsity: 0.000, task1 ratio: 1.000, zero ratio: 0.000, mpl: 1.0
2024-11-14 00:56:27,726 - root - INFO - In train()-> Train Ep. #43 loss: 1.044, accuracy: 55.68, lr: 0.01, sparsity: 0.000, network_width_mpl: 1.0
2024-11-14 00:56:27,820 - root - INFO - In validate()-> Val Ep. #43 loss: 1.127, accuracy: 50.20, sparsity: 0.000, task1 ratio: 1.000, zero ratio: 0.000, mpl: 1.0
2024-11-14 00:56:28,134 - root - INFO - In train()-> Train Ep. #44 loss: 1.058, accuracy: 55.64, lr: 0.01, sparsity: 0.000, network_width_mpl: 1.0
2024-11-14 00:56:28,235 - root - INFO - In validate()-> Val Ep. #44 loss: 1.107, accuracy: 51.60, sparsity: 0.000, task1 ratio: 1.000, zero ratio: 0.000, mpl: 1.0
2024-11-14 00:56:28,558 - root - INFO - In train()-> Train Ep. #45 loss: 1.034, accuracy: 54.96, lr: 0.01, sparsity: 0.000, network_width_mpl: 1.0
2024-11-14 00:56:28,650 - root - INFO - In validate()-> Val Ep. #45 loss: 1.124, accuracy: 52.20, sparsity: 0.000, task1 ratio: 1.000, zero ratio: 0.000, mpl: 1.0
2024-11-14 00:56:28,972 - root - INFO - In train()-> Train Ep. #46 loss: 1.024, accuracy: 55.80, lr: 0.01, sparsity: 0.000, network_width_mpl: 1.0
2024-11-14 00:56:29,084 - root - INFO - In validate()-> Val Ep. #46 loss: 1.134, accuracy: 51.00, sparsity: 0.000, task1 ratio: 1.000, zero ratio: 0.000, mpl: 1.0
2024-11-14 00:56:29,404 - root - INFO - In train()-> Train Ep. #47 loss: 1.038, accuracy: 55.04, lr: 0.01, sparsity: 0.000, network_width_mpl: 1.0
2024-11-14 00:56:29,510 - root - INFO - In validate()-> Val Ep. #47 loss: 1.129, accuracy: 51.60, sparsity: 0.000, task1 ratio: 1.000, zero ratio: 0.000, mpl: 1.0
2024-11-14 00:56:29,814 - root - INFO - In train()-> Train Ep. #48 loss: 1.035, accuracy: 55.96, lr: 0.01, sparsity: 0.000, network_width_mpl: 1.0
2024-11-14 00:56:29,914 - root - INFO - In validate()-> Val Ep. #48 loss: 1.116, accuracy: 54.00, sparsity: 0.000, task1 ratio: 1.000, zero ratio: 0.000, mpl: 1.0
2024-11-14 00:56:30,208 - root - INFO - In train()-> Train Ep. #49 loss: 1.030, accuracy: 56.28, lr: 0.01, sparsity: 0.000, network_width_mpl: 1.0
2024-11-14 00:56:30,309 - root - INFO - In validate()-> Val Ep. #49 loss: 1.161, accuracy: 54.40, sparsity: 0.000, task1 ratio: 1.000, zero ratio: 0.000, mpl: 1.0
2024-11-14 00:56:30,608 - root - INFO - In train()-> Train Ep. #50 loss: 1.033, accuracy: 55.88, lr: 0.01, sparsity: 0.000, network_width_mpl: 1.0
2024-11-14 00:56:30,714 - root - INFO - In validate()-> Val Ep. #50 loss: 1.104, accuracy: 53.20, sparsity: 0.000, task1 ratio: 1.000, zero ratio: 0.000, mpl: 1.0
2024-11-14 00:56:31,033 - root - INFO - In train()-> Train Ep. #51 loss: 0.987, accuracy: 58.28, lr: 0.001, sparsity: 0.000, network_width_mpl: 1.0
2024-11-14 00:56:31,141 - root - INFO - In validate()-> Val Ep. #51 loss: 1.094, accuracy: 53.60, sparsity: 0.000, task1 ratio: 1.000, zero ratio: 0.000, mpl: 1.0
2024-11-14 00:56:31,454 - root - INFO - In train()-> Train Ep. #52 loss: 0.984, accuracy: 57.52, lr: 0.001, sparsity: 0.000, network_width_mpl: 1.0
2024-11-14 00:56:31,558 - root - INFO - In validate()-> Val Ep. #52 loss: 1.099, accuracy: 54.20, sparsity: 0.000, task1 ratio: 1.000, zero ratio: 0.000, mpl: 1.0
2024-11-14 00:56:31,862 - root - INFO - In train()-> Train Ep. #53 loss: 0.987, accuracy: 58.16, lr: 0.001, sparsity: 0.000, network_width_mpl: 1.0
2024-11-14 00:56:31,958 - root - INFO - In validate()-> Val Ep. #53 loss: 1.103, accuracy: 54.40, sparsity: 0.000, task1 ratio: 1.000, zero ratio: 0.000, mpl: 1.0
2024-11-14 00:56:32,248 - root - INFO - In train()-> Train Ep. #54 loss: 0.965, accuracy: 59.00, lr: 0.001, sparsity: 0.000, network_width_mpl: 1.0
2024-11-14 00:56:32,353 - root - INFO - In validate()-> Val Ep. #54 loss: 1.099, accuracy: 54.20, sparsity: 0.000, task1 ratio: 1.000, zero ratio: 0.000, mpl: 1.0
2024-11-14 00:56:32,632 - root - INFO - In train()-> Train Ep. #55 loss: 0.967, accuracy: 58.12, lr: 0.001, sparsity: 0.000, network_width_mpl: 1.0
2024-11-14 00:56:32,727 - root - INFO - In validate()-> Val Ep. #55 loss: 1.102, accuracy: 53.40, sparsity: 0.000, task1 ratio: 1.000, zero ratio: 0.000, mpl: 1.0
2024-11-14 00:56:32,996 - root - INFO - In train()-> Train Ep. #56 loss: 0.963, accuracy: 58.20, lr: 0.001, sparsity: 0.000, network_width_mpl: 1.0
2024-11-14 00:56:33,096 - root - INFO - In validate()-> Val Ep. #56 loss: 1.107, accuracy: 54.40, sparsity: 0.000, task1 ratio: 1.000, zero ratio: 0.000, mpl: 1.0
2024-11-14 00:56:33,393 - root - INFO - In train()-> Train Ep. #57 loss: 0.969, accuracy: 58.76, lr: 0.001, sparsity: 0.000, network_width_mpl: 1.0
2024-11-14 00:56:33,499 - root - INFO - In validate()-> Val Ep. #57 loss: 1.105, accuracy: 54.40, sparsity: 0.000, task1 ratio: 1.000, zero ratio: 0.000, mpl: 1.0
2024-11-14 00:56:33,819 - root - INFO - In train()-> Train Ep. #58 loss: 0.977, accuracy: 59.36, lr: 0.001, sparsity: 0.000, network_width_mpl: 1.0
2024-11-14 00:56:33,923 - root - INFO - In validate()-> Val Ep. #58 loss: 1.115, accuracy: 54.20, sparsity: 0.000, task1 ratio: 1.000, zero ratio: 0.000, mpl: 1.0
2024-11-14 00:56:34,236 - root - INFO - In train()-> Train Ep. #59 loss: 0.957, accuracy: 59.32, lr: 0.001, sparsity: 0.000, network_width_mpl: 1.0
2024-11-14 00:56:34,342 - root - INFO - In validate()-> Val Ep. #59 loss: 1.104, accuracy: 54.80, sparsity: 0.000, task1 ratio: 1.000, zero ratio: 0.000, mpl: 1.0
2024-11-14 00:56:34,651 - root - INFO - In train()-> Train Ep. #60 loss: 0.967, accuracy: 58.68, lr: 0.001, sparsity: 0.000, network_width_mpl: 1.0
2024-11-14 00:56:34,759 - root - INFO - In validate()-> Val Ep. #60 loss: 1.102, accuracy: 54.60, sparsity: 0.000, task1 ratio: 1.000, zero ratio: 0.000, mpl: 1.0
2024-11-14 00:56:35,050 - root - INFO - In train()-> Train Ep. #61 loss: 0.950, accuracy: 60.32, lr: 0.001, sparsity: 0.000, network_width_mpl: 1.0
2024-11-14 00:56:35,144 - root - INFO - In validate()-> Val Ep. #61 loss: 1.112, accuracy: 54.80, sparsity: 0.000, task1 ratio: 1.000, zero ratio: 0.000, mpl: 1.0
2024-11-14 00:56:35,416 - root - INFO - In train()-> Train Ep. #62 loss: 0.953, accuracy: 58.92, lr: 0.001, sparsity: 0.000, network_width_mpl: 1.0
2024-11-14 00:56:35,510 - root - INFO - In validate()-> Val Ep. #62 loss: 1.117, accuracy: 56.00, sparsity: 0.000, task1 ratio: 1.000, zero ratio: 0.000, mpl: 1.0
2024-11-14 00:56:35,835 - root - INFO - In train()-> Train Ep. #63 loss: 0.954, accuracy: 60.00, lr: 0.001, sparsity: 0.000, network_width_mpl: 1.0
2024-11-14 00:56:35,941 - root - INFO - In validate()-> Val Ep. #63 loss: 1.112, accuracy: 55.20, sparsity: 0.000, task1 ratio: 1.000, zero ratio: 0.000, mpl: 1.0
2024-11-14 00:56:36,223 - root - INFO - In train()-> Train Ep. #64 loss: 0.960, accuracy: 58.96, lr: 0.001, sparsity: 0.000, network_width_mpl: 1.0
2024-11-14 00:56:36,332 - root - INFO - In validate()-> Val Ep. #64 loss: 1.107, accuracy: 55.60, sparsity: 0.000, task1 ratio: 1.000, zero ratio: 0.000, mpl: 1.0
2024-11-14 00:56:36,628 - root - INFO - In train()-> Train Ep. #65 loss: 0.944, accuracy: 59.28, lr: 0.001, sparsity: 0.000, network_width_mpl: 1.0
2024-11-14 00:56:36,721 - root - INFO - In validate()-> Val Ep. #65 loss: 1.105, accuracy: 54.40, sparsity: 0.000, task1 ratio: 1.000, zero ratio: 0.000, mpl: 1.0
2024-11-14 00:56:37,027 - root - INFO - In train()-> Train Ep. #66 loss: 0.950, accuracy: 59.44, lr: 0.001, sparsity: 0.000, network_width_mpl: 1.0
2024-11-14 00:56:37,130 - root - INFO - In validate()-> Val Ep. #66 loss: 1.113, accuracy: 54.60, sparsity: 0.000, task1 ratio: 1.000, zero ratio: 0.000, mpl: 1.0
2024-11-14 00:56:37,424 - root - INFO - In train()-> Train Ep. #67 loss: 0.963, accuracy: 58.68, lr: 0.001, sparsity: 0.000, network_width_mpl: 1.0
2024-11-14 00:56:37,520 - root - INFO - In validate()-> Val Ep. #67 loss: 1.115, accuracy: 54.80, sparsity: 0.000, task1 ratio: 1.000, zero ratio: 0.000, mpl: 1.0
2024-11-14 00:56:37,876 - root - INFO - In train()-> Train Ep. #68 loss: 0.955, accuracy: 59.96, lr: 0.001, sparsity: 0.000, network_width_mpl: 1.0
2024-11-14 00:56:37,990 - root - INFO - In validate()-> Val Ep. #68 loss: 1.106, accuracy: 55.40, sparsity: 0.000, task1 ratio: 1.000, zero ratio: 0.000, mpl: 1.0
2024-11-14 00:56:38,292 - root - INFO - In train()-> Train Ep. #69 loss: 0.955, accuracy: 60.36, lr: 0.001, sparsity: 0.000, network_width_mpl: 1.0
2024-11-14 00:56:38,386 - root - INFO - In validate()-> Val Ep. #69 loss: 1.108, accuracy: 55.00, sparsity: 0.000, task1 ratio: 1.000, zero ratio: 0.000, mpl: 1.0
2024-11-14 00:56:38,663 - root - INFO - In train()-> Train Ep. #70 loss: 0.927, accuracy: 61.96, lr: 0.001, sparsity: 0.000, network_width_mpl: 1.0
2024-11-14 00:56:38,763 - root - INFO - In validate()-> Val Ep. #70 loss: 1.117, accuracy: 55.40, sparsity: 0.000, task1 ratio: 1.000, zero ratio: 0.000, mpl: 1.0
2024-11-14 00:56:39,069 - root - INFO - In train()-> Train Ep. #71 loss: 0.940, accuracy: 61.04, lr: 0.001, sparsity: 0.000, network_width_mpl: 1.0
2024-11-14 00:56:39,165 - root - INFO - In validate()-> Val Ep. #71 loss: 1.117, accuracy: 55.20, sparsity: 0.000, task1 ratio: 1.000, zero ratio: 0.000, mpl: 1.0
2024-11-14 00:56:39,482 - root - INFO - In train()-> Train Ep. #72 loss: 0.937, accuracy: 60.48, lr: 0.001, sparsity: 0.000, network_width_mpl: 1.0
2024-11-14 00:56:39,588 - root - INFO - In validate()-> Val Ep. #72 loss: 1.116, accuracy: 55.60, sparsity: 0.000, task1 ratio: 1.000, zero ratio: 0.000, mpl: 1.0
2024-11-14 00:56:39,857 - root - INFO - In train()-> Train Ep. #73 loss: 0.958, accuracy: 60.16, lr: 0.001, sparsity: 0.000, network_width_mpl: 1.0
2024-11-14 00:56:39,952 - root - INFO - In validate()-> Val Ep. #73 loss: 1.106, accuracy: 55.40, sparsity: 0.000, task1 ratio: 1.000, zero ratio: 0.000, mpl: 1.0
2024-11-14 00:56:40,253 - root - INFO - In train()-> Train Ep. #74 loss: 0.933, accuracy: 60.44, lr: 0.001, sparsity: 0.000, network_width_mpl: 1.0
2024-11-14 00:56:40,352 - root - INFO - In validate()-> Val Ep. #74 loss: 1.118, accuracy: 54.40, sparsity: 0.000, task1 ratio: 1.000, zero ratio: 0.000, mpl: 1.0
2024-11-14 00:56:40,660 - root - INFO - In train()-> Train Ep. #75 loss: 0.954, accuracy: 58.16, lr: 0.001, sparsity: 0.000, network_width_mpl: 1.0
2024-11-14 00:56:40,754 - root - INFO - In validate()-> Val Ep. #75 loss: 1.104, accuracy: 55.40, sparsity: 0.000, task1 ratio: 1.000, zero ratio: 0.000, mpl: 1.0
2024-11-14 00:56:41,050 - root - INFO - In train()-> Train Ep. #76 loss: 0.944, accuracy: 60.08, lr: 0.001, sparsity: 0.000, network_width_mpl: 1.0
2024-11-14 00:56:41,143 - root - INFO - In validate()-> Val Ep. #76 loss: 1.114, accuracy: 54.60, sparsity: 0.000, task1 ratio: 1.000, zero ratio: 0.000, mpl: 1.0
2024-11-14 00:56:41,469 - root - INFO - In train()-> Train Ep. #77 loss: 0.921, accuracy: 61.44, lr: 0.001, sparsity: 0.000, network_width_mpl: 1.0
2024-11-14 00:56:41,588 - root - INFO - In validate()-> Val Ep. #77 loss: 1.126, accuracy: 55.20, sparsity: 0.000, task1 ratio: 1.000, zero ratio: 0.000, mpl: 1.0
2024-11-14 00:56:41,874 - root - INFO - In train()-> Train Ep. #78 loss: 0.942, accuracy: 59.60, lr: 0.001, sparsity: 0.000, network_width_mpl: 1.0
2024-11-14 00:56:41,970 - root - INFO - In validate()-> Val Ep. #78 loss: 1.109, accuracy: 54.80, sparsity: 0.000, task1 ratio: 1.000, zero ratio: 0.000, mpl: 1.0
2024-11-14 00:56:42,260 - root - INFO - In train()-> Train Ep. #79 loss: 0.931, accuracy: 61.16, lr: 0.001, sparsity: 0.000, network_width_mpl: 1.0
2024-11-14 00:56:42,381 - root - INFO - In validate()-> Val Ep. #79 loss: 1.106, accuracy: 54.60, sparsity: 0.000, task1 ratio: 1.000, zero ratio: 0.000, mpl: 1.0
2024-11-14 00:56:42,695 - root - INFO - In train()-> Train Ep. #80 loss: 0.938, accuracy: 59.84, lr: 0.001, sparsity: 0.000, network_width_mpl: 1.0
2024-11-14 00:56:42,796 - root - INFO - In validate()-> Val Ep. #80 loss: 1.104, accuracy: 56.00, sparsity: 0.000, task1 ratio: 1.000, zero ratio: 0.000, mpl: 1.0
2024-11-14 00:56:43,108 - root - INFO - In train()-> Train Ep. #81 loss: 0.930, accuracy: 60.96, lr: 0.0001, sparsity: 0.000, network_width_mpl: 1.0
2024-11-14 00:56:43,202 - root - INFO - In validate()-> Val Ep. #81 loss: 1.104, accuracy: 55.60, sparsity: 0.000, task1 ratio: 1.000, zero ratio: 0.000, mpl: 1.0
2024-11-14 00:56:43,524 - root - INFO - In train()-> Train Ep. #82 loss: 0.912, accuracy: 61.44, lr: 0.0001, sparsity: 0.000, network_width_mpl: 1.0
2024-11-14 00:56:43,617 - root - INFO - In validate()-> Val Ep. #82 loss: 1.104, accuracy: 55.60, sparsity: 0.000, task1 ratio: 1.000, zero ratio: 0.000, mpl: 1.0
2024-11-14 00:56:43,919 - root - INFO - In train()-> Train Ep. #83 loss: 0.928, accuracy: 61.40, lr: 0.0001, sparsity: 0.000, network_width_mpl: 1.0
2024-11-14 00:56:44,012 - root - INFO - In validate()-> Val Ep. #83 loss: 1.107, accuracy: 55.40, sparsity: 0.000, task1 ratio: 1.000, zero ratio: 0.000, mpl: 1.0
2024-11-14 00:56:44,315 - root - INFO - In train()-> Train Ep. #84 loss: 0.918, accuracy: 61.92, lr: 0.0001, sparsity: 0.000, network_width_mpl: 1.0
2024-11-14 00:56:44,417 - root - INFO - In validate()-> Val Ep. #84 loss: 1.103, accuracy: 56.40, sparsity: 0.000, task1 ratio: 1.000, zero ratio: 0.000, mpl: 1.0
2024-11-14 00:56:44,718 - root - INFO - In train()-> Train Ep. #85 loss: 0.929, accuracy: 60.36, lr: 0.0001, sparsity: 0.000, network_width_mpl: 1.0
2024-11-14 00:56:44,814 - root - INFO - In validate()-> Val Ep. #85 loss: 1.113, accuracy: 55.40, sparsity: 0.000, task1 ratio: 1.000, zero ratio: 0.000, mpl: 1.0
2024-11-14 00:56:45,121 - root - INFO - In train()-> Train Ep. #86 loss: 0.926, accuracy: 61.40, lr: 0.0001, sparsity: 0.000, network_width_mpl: 1.0
2024-11-14 00:56:45,222 - root - INFO - In validate()-> Val Ep. #86 loss: 1.129, accuracy: 56.40, sparsity: 0.000, task1 ratio: 1.000, zero ratio: 0.000, mpl: 1.0
2024-11-14 00:56:45,532 - root - INFO - In train()-> Train Ep. #87 loss: 0.922, accuracy: 61.72, lr: 0.0001, sparsity: 0.000, network_width_mpl: 1.0
2024-11-14 00:56:45,653 - root - INFO - In validate()-> Val Ep. #87 loss: 1.116, accuracy: 55.60, sparsity: 0.000, task1 ratio: 1.000, zero ratio: 0.000, mpl: 1.0
2024-11-14 00:56:45,963 - root - INFO - In train()-> Train Ep. #88 loss: 0.920, accuracy: 60.76, lr: 0.0001, sparsity: 0.000, network_width_mpl: 1.0
2024-11-14 00:56:46,060 - root - INFO - In validate()-> Val Ep. #88 loss: 1.104, accuracy: 55.80, sparsity: 0.000, task1 ratio: 1.000, zero ratio: 0.000, mpl: 1.0
2024-11-14 00:56:46,354 - root - INFO - In train()-> Train Ep. #89 loss: 0.948, accuracy: 59.92, lr: 0.0001, sparsity: 0.000, network_width_mpl: 1.0
2024-11-14 00:56:46,458 - root - INFO - In validate()-> Val Ep. #89 loss: 1.101, accuracy: 56.20, sparsity: 0.000, task1 ratio: 1.000, zero ratio: 0.000, mpl: 1.0
2024-11-14 00:56:46,758 - root - INFO - In train()-> Train Ep. #90 loss: 0.937, accuracy: 60.92, lr: 0.0001, sparsity: 0.000, network_width_mpl: 1.0
2024-11-14 00:56:46,864 - root - INFO - In validate()-> Val Ep. #90 loss: 1.106, accuracy: 55.60, sparsity: 0.000, task1 ratio: 1.000, zero ratio: 0.000, mpl: 1.0
2024-11-14 00:56:47,142 - root - INFO - In train()-> Train Ep. #91 loss: 0.922, accuracy: 61.20, lr: 0.0001, sparsity: 0.000, network_width_mpl: 1.0
2024-11-14 00:56:47,244 - root - INFO - In validate()-> Val Ep. #91 loss: 1.104, accuracy: 56.60, sparsity: 0.000, task1 ratio: 1.000, zero ratio: 0.000, mpl: 1.0
2024-11-14 00:56:47,547 - root - INFO - In train()-> Train Ep. #92 loss: 0.938, accuracy: 59.40, lr: 0.0001, sparsity: 0.000, network_width_mpl: 1.0
2024-11-14 00:56:47,645 - root - INFO - In validate()-> Val Ep. #92 loss: 1.104, accuracy: 55.40, sparsity: 0.000, task1 ratio: 1.000, zero ratio: 0.000, mpl: 1.0
2024-11-14 00:56:47,980 - root - INFO - In train()-> Train Ep. #93 loss: 0.931, accuracy: 61.04, lr: 0.0001, sparsity: 0.000, network_width_mpl: 1.0
2024-11-14 00:56:48,094 - root - INFO - In validate()-> Val Ep. #93 loss: 1.107, accuracy: 56.60, sparsity: 0.000, task1 ratio: 1.000, zero ratio: 0.000, mpl: 1.0
2024-11-14 00:56:48,399 - root - INFO - In train()-> Train Ep. #94 loss: 0.916, accuracy: 61.24, lr: 0.0001, sparsity: 0.000, network_width_mpl: 1.0
2024-11-14 00:56:48,498 - root - INFO - In validate()-> Val Ep. #94 loss: 1.118, accuracy: 55.60, sparsity: 0.000, task1 ratio: 1.000, zero ratio: 0.000, mpl: 1.0
2024-11-14 00:56:48,800 - root - INFO - In train()-> Train Ep. #95 loss: 0.934, accuracy: 60.20, lr: 0.0001, sparsity: 0.000, network_width_mpl: 1.0
2024-11-14 00:56:48,919 - root - INFO - In validate()-> Val Ep. #95 loss: 1.115, accuracy: 56.00, sparsity: 0.000, task1 ratio: 1.000, zero ratio: 0.000, mpl: 1.0
2024-11-14 00:56:49,217 - root - INFO - In train()-> Train Ep. #96 loss: 0.930, accuracy: 61.80, lr: 0.0001, sparsity: 0.000, network_width_mpl: 1.0
2024-11-14 00:56:49,310 - root - INFO - In validate()-> Val Ep. #96 loss: 1.114, accuracy: 53.80, sparsity: 0.000, task1 ratio: 1.000, zero ratio: 0.000, mpl: 1.0
2024-11-14 00:56:49,610 - root - INFO - In train()-> Train Ep. #97 loss: 0.926, accuracy: 61.08, lr: 0.0001, sparsity: 0.000, network_width_mpl: 1.0
2024-11-14 00:56:49,708 - root - INFO - In validate()-> Val Ep. #97 loss: 1.108, accuracy: 55.20, sparsity: 0.000, task1 ratio: 1.000, zero ratio: 0.000, mpl: 1.0
2024-11-14 00:56:50,001 - root - INFO - In train()-> Train Ep. #98 loss: 0.933, accuracy: 60.92, lr: 0.0001, sparsity: 0.000, network_width_mpl: 1.0
2024-11-14 00:56:50,093 - root - INFO - In validate()-> Val Ep. #98 loss: 1.114, accuracy: 55.00, sparsity: 0.000, task1 ratio: 1.000, zero ratio: 0.000, mpl: 1.0
2024-11-14 00:56:50,376 - root - INFO - In train()-> Train Ep. #99 loss: 0.935, accuracy: 60.84, lr: 0.0001, sparsity: 0.000, network_width_mpl: 1.0
2024-11-14 00:56:50,476 - root - INFO - In validate()-> Val Ep. #99 loss: 1.106, accuracy: 55.40, sparsity: 0.000, task1 ratio: 1.000, zero ratio: 0.000, mpl: 1.0
2024-11-14 00:56:50,755 - root - INFO - In train()-> Train Ep. #100 loss: 0.931, accuracy: 60.84, lr: 0.0001, sparsity: 0.000, network_width_mpl: 1.0
2024-11-14 00:56:50,852 - root - INFO - In validate()-> Val Ep. #100 loss: 1.102, accuracy: 55.80, sparsity: 0.000, task1 ratio: 1.000, zero ratio: 0.000, mpl: 1.0
2024-11-14 00:56:50,853 - root - INFO - ----------------
2024-11-14 00:56:53,044 - root - INFO - 
2024-11-14 00:56:53,044 - root - INFO - Before pruning: 
2024-11-14 00:56:53,044 - root - INFO - Sparsity range: 0.0 -> 0.1
2024-11-14 00:56:53,044 - root - INFO - we reach the upperbound and still do not get the accuracy over our target on curr task
2024-11-14 00:56:53,044 - root - INFO - remain_num_tasks: 4
2024-11-14 00:56:53,044 - root - INFO - ratio_allow_for_curr_task: 0.2000
2024-11-14 00:56:53,311 - root - INFO - In validate()-> Val Ep. #0 loss: 1.102, accuracy: 55.80, sparsity: 0.000, task1 ratio: 1.000, zero ratio: 0.000, mpl: 1.0
2024-11-14 00:56:53,311 - root - INFO - 
2024-11-14 00:56:53,702 - root - INFO - In train()-> Train Ep. #1 loss: 0.935, accuracy: 60.40, lr: 0.001, sparsity: 0.053, network_width_mpl: 1.0
2024-11-14 00:56:53,798 - root - INFO - In validate()-> Val Ep. #1 loss: 1.108, accuracy: 56.00, sparsity: 0.053, task1 ratio: 0.947, zero ratio: 0.053, mpl: 1.0
2024-11-14 00:56:54,110 - root - INFO - In train()-> Train Ep. #2 loss: 0.944, accuracy: 59.80, lr: 0.001, sparsity: 0.086, network_width_mpl: 1.0
2024-11-14 00:56:54,207 - root - INFO - In validate()-> Val Ep. #2 loss: 1.115, accuracy: 55.20, sparsity: 0.086, task1 ratio: 0.914, zero ratio: 0.086, mpl: 1.0
2024-11-14 00:56:54,498 - root - INFO - In train()-> Train Ep. #3 loss: 0.942, accuracy: 59.84, lr: 0.001, sparsity: 0.098, network_width_mpl: 1.0
2024-11-14 00:56:54,611 - root - INFO - In validate()-> Val Ep. #3 loss: 1.114, accuracy: 54.80, sparsity: 0.098, task1 ratio: 0.902, zero ratio: 0.098, mpl: 1.0
2024-11-14 00:56:54,894 - root - INFO - In train()-> Train Ep. #4 loss: 0.923, accuracy: 60.68, lr: 0.001, sparsity: 0.101, network_width_mpl: 1.0
2024-11-14 00:56:54,997 - root - INFO - In validate()-> Val Ep. #4 loss: 1.110, accuracy: 56.20, sparsity: 0.101, task1 ratio: 0.899, zero ratio: 0.101, mpl: 1.0
2024-11-14 00:56:55,326 - root - INFO - In train()-> Train Ep. #5 loss: 0.925, accuracy: 61.00, lr: 0.001, sparsity: 0.101, network_width_mpl: 1.0
2024-11-14 00:56:55,437 - root - INFO - In validate()-> Val Ep. #5 loss: 1.116, accuracy: 55.60, sparsity: 0.101, task1 ratio: 0.899, zero ratio: 0.101, mpl: 1.0
2024-11-14 00:56:55,767 - root - INFO - In train()-> Train Ep. #6 loss: 0.928, accuracy: 60.44, lr: 0.001, sparsity: 0.101, network_width_mpl: 1.0
2024-11-14 00:56:55,868 - root - INFO - In validate()-> Val Ep. #6 loss: 1.107, accuracy: 54.80, sparsity: 0.101, task1 ratio: 0.899, zero ratio: 0.101, mpl: 1.0
2024-11-14 00:56:56,166 - root - INFO - In train()-> Train Ep. #7 loss: 0.934, accuracy: 60.16, lr: 0.001, sparsity: 0.101, network_width_mpl: 1.0
2024-11-14 00:56:56,275 - root - INFO - In validate()-> Val Ep. #7 loss: 1.111, accuracy: 55.00, sparsity: 0.101, task1 ratio: 0.899, zero ratio: 0.101, mpl: 1.0
2024-11-14 00:56:56,583 - root - INFO - In train()-> Train Ep. #8 loss: 0.920, accuracy: 61.64, lr: 0.001, sparsity: 0.101, network_width_mpl: 1.0
2024-11-14 00:56:56,684 - root - INFO - In validate()-> Val Ep. #8 loss: 1.112, accuracy: 56.20, sparsity: 0.101, task1 ratio: 0.899, zero ratio: 0.101, mpl: 1.0
2024-11-14 00:56:57,002 - root - INFO - In train()-> Train Ep. #9 loss: 0.915, accuracy: 61.32, lr: 0.001, sparsity: 0.101, network_width_mpl: 1.0
2024-11-14 00:56:57,102 - root - INFO - In validate()-> Val Ep. #9 loss: 1.115, accuracy: 55.60, sparsity: 0.101, task1 ratio: 0.899, zero ratio: 0.101, mpl: 1.0
2024-11-14 00:56:57,408 - root - INFO - In train()-> Train Ep. #10 loss: 0.915, accuracy: 62.04, lr: 0.001, sparsity: 0.101, network_width_mpl: 1.0
2024-11-14 00:56:57,516 - root - INFO - In validate()-> Val Ep. #10 loss: 1.105, accuracy: 55.80, sparsity: 0.101, task1 ratio: 0.899, zero ratio: 0.101, mpl: 1.0
2024-11-14 00:56:57,827 - root - INFO - In train()-> Train Ep. #11 loss: 0.914, accuracy: 62.20, lr: 0.001, sparsity: 0.101, network_width_mpl: 1.0
2024-11-14 00:56:57,926 - root - INFO - In validate()-> Val Ep. #11 loss: 1.116, accuracy: 56.20, sparsity: 0.101, task1 ratio: 0.899, zero ratio: 0.101, mpl: 1.0
2024-11-14 00:56:58,235 - root - INFO - In train()-> Train Ep. #12 loss: 0.932, accuracy: 61.60, lr: 0.001, sparsity: 0.101, network_width_mpl: 1.0
2024-11-14 00:56:58,331 - root - INFO - In validate()-> Val Ep. #12 loss: 1.118, accuracy: 55.60, sparsity: 0.101, task1 ratio: 0.899, zero ratio: 0.101, mpl: 1.0
2024-11-14 00:56:58,635 - root - INFO - In train()-> Train Ep. #13 loss: 0.939, accuracy: 60.36, lr: 0.001, sparsity: 0.101, network_width_mpl: 1.0
2024-11-14 00:56:58,735 - root - INFO - In validate()-> Val Ep. #13 loss: 1.114, accuracy: 56.60, sparsity: 0.101, task1 ratio: 0.899, zero ratio: 0.101, mpl: 1.0
2024-11-14 00:56:59,077 - root - INFO - In train()-> Train Ep. #14 loss: 0.916, accuracy: 61.96, lr: 0.001, sparsity: 0.101, network_width_mpl: 1.0
2024-11-14 00:56:59,179 - root - INFO - In validate()-> Val Ep. #14 loss: 1.096, accuracy: 55.20, sparsity: 0.101, task1 ratio: 0.899, zero ratio: 0.101, mpl: 1.0
2024-11-14 00:56:59,475 - root - INFO - In train()-> Train Ep. #15 loss: 0.910, accuracy: 61.56, lr: 0.001, sparsity: 0.101, network_width_mpl: 1.0
2024-11-14 00:56:59,568 - root - INFO - In validate()-> Val Ep. #15 loss: 1.102, accuracy: 56.40, sparsity: 0.101, task1 ratio: 0.899, zero ratio: 0.101, mpl: 1.0
2024-11-14 00:56:59,905 - root - INFO - In train()-> Train Ep. #16 loss: 0.906, accuracy: 62.68, lr: 0.001, sparsity: 0.101, network_width_mpl: 1.0
2024-11-14 00:57:00,002 - root - INFO - In validate()-> Val Ep. #16 loss: 1.122, accuracy: 56.60, sparsity: 0.101, task1 ratio: 0.899, zero ratio: 0.101, mpl: 1.0
2024-11-14 00:57:00,316 - root - INFO - In train()-> Train Ep. #17 loss: 0.920, accuracy: 61.72, lr: 0.001, sparsity: 0.101, network_width_mpl: 1.0
2024-11-14 00:57:00,415 - root - INFO - In validate()-> Val Ep. #17 loss: 1.116, accuracy: 55.00, sparsity: 0.101, task1 ratio: 0.899, zero ratio: 0.101, mpl: 1.0
2024-11-14 00:57:00,709 - root - INFO - In train()-> Train Ep. #18 loss: 0.921, accuracy: 61.24, lr: 0.001, sparsity: 0.101, network_width_mpl: 1.0
2024-11-14 00:57:00,814 - root - INFO - In validate()-> Val Ep. #18 loss: 1.113, accuracy: 56.80, sparsity: 0.101, task1 ratio: 0.899, zero ratio: 0.101, mpl: 1.0
2024-11-14 00:57:01,118 - root - INFO - In train()-> Train Ep. #19 loss: 0.905, accuracy: 61.48, lr: 0.001, sparsity: 0.101, network_width_mpl: 1.0
2024-11-14 00:57:01,229 - root - INFO - In validate()-> Val Ep. #19 loss: 1.124, accuracy: 54.80, sparsity: 0.101, task1 ratio: 0.899, zero ratio: 0.101, mpl: 1.0
2024-11-14 00:57:01,527 - root - INFO - In train()-> Train Ep. #20 loss: 0.926, accuracy: 61.48, lr: 0.001, sparsity: 0.101, network_width_mpl: 1.0
2024-11-14 00:57:01,625 - root - INFO - In validate()-> Val Ep. #20 loss: 1.108, accuracy: 55.20, sparsity: 0.101, task1 ratio: 0.899, zero ratio: 0.101, mpl: 1.0
2024-11-14 00:57:01,627 - root - INFO - ----------------
2024-11-14 00:57:03,867 - root - INFO - 
2024-11-14 00:57:03,868 - root - INFO - Before pruning: 
2024-11-14 00:57:03,868 - root - INFO - Sparsity range: 0.1 -> 0.2
2024-11-14 00:57:03,868 - root - INFO - we reach the upperbound and still do not get the accuracy over our target on curr task
2024-11-14 00:57:03,868 - root - INFO - remain_num_tasks: 4
2024-11-14 00:57:03,868 - root - INFO - ratio_allow_for_curr_task: 0.2000
2024-11-14 00:57:04,125 - root - INFO - In validate()-> Val Ep. #0 loss: 1.108, accuracy: 55.20, sparsity: 0.101, task1 ratio: 0.899, zero ratio: 0.101, mpl: 1.0
2024-11-14 00:57:04,126 - root - INFO - 
2024-11-14 00:57:04,499 - root - INFO - In train()-> Train Ep. #1 loss: 0.910, accuracy: 62.08, lr: 0.001, sparsity: 0.153, network_width_mpl: 1.0
2024-11-14 00:57:04,600 - root - INFO - In validate()-> Val Ep. #1 loss: 1.111, accuracy: 56.80, sparsity: 0.153, task1 ratio: 0.847, zero ratio: 0.153, mpl: 1.0
2024-11-14 00:57:04,880 - root - INFO - In train()-> Train Ep. #2 loss: 0.917, accuracy: 61.20, lr: 0.001, sparsity: 0.186, network_width_mpl: 1.0
2024-11-14 00:57:04,987 - root - INFO - In validate()-> Val Ep. #2 loss: 1.124, accuracy: 55.20, sparsity: 0.186, task1 ratio: 0.814, zero ratio: 0.186, mpl: 1.0
2024-11-14 00:57:05,290 - root - INFO - In train()-> Train Ep. #3 loss: 0.920, accuracy: 60.76, lr: 0.001, sparsity: 0.198, network_width_mpl: 1.0
2024-11-14 00:57:05,389 - root - INFO - In validate()-> Val Ep. #3 loss: 1.117, accuracy: 54.60, sparsity: 0.198, task1 ratio: 0.802, zero ratio: 0.198, mpl: 1.0
2024-11-14 00:57:05,685 - root - INFO - In train()-> Train Ep. #4 loss: 0.899, accuracy: 61.76, lr: 0.001, sparsity: 0.201, network_width_mpl: 1.0
2024-11-14 00:57:05,779 - root - INFO - In validate()-> Val Ep. #4 loss: 1.113, accuracy: 56.40, sparsity: 0.201, task1 ratio: 0.799, zero ratio: 0.201, mpl: 1.0
2024-11-14 00:57:06,078 - root - INFO - In train()-> Train Ep. #5 loss: 0.899, accuracy: 62.00, lr: 0.001, sparsity: 0.201, network_width_mpl: 1.0
2024-11-14 00:57:06,187 - root - INFO - In validate()-> Val Ep. #5 loss: 1.116, accuracy: 55.20, sparsity: 0.201, task1 ratio: 0.799, zero ratio: 0.201, mpl: 1.0
2024-11-14 00:57:06,510 - root - INFO - In train()-> Train Ep. #6 loss: 0.903, accuracy: 62.00, lr: 0.001, sparsity: 0.201, network_width_mpl: 1.0
2024-11-14 00:57:06,607 - root - INFO - In validate()-> Val Ep. #6 loss: 1.109, accuracy: 54.80, sparsity: 0.201, task1 ratio: 0.799, zero ratio: 0.201, mpl: 1.0
2024-11-14 00:57:06,948 - root - INFO - In train()-> Train Ep. #7 loss: 0.907, accuracy: 61.72, lr: 0.001, sparsity: 0.201, network_width_mpl: 1.0
2024-11-14 00:57:07,050 - root - INFO - In validate()-> Val Ep. #7 loss: 1.114, accuracy: 55.20, sparsity: 0.201, task1 ratio: 0.799, zero ratio: 0.201, mpl: 1.0
2024-11-14 00:57:07,368 - root - INFO - In train()-> Train Ep. #8 loss: 0.893, accuracy: 63.04, lr: 0.001, sparsity: 0.201, network_width_mpl: 1.0
2024-11-14 00:57:07,479 - root - INFO - In validate()-> Val Ep. #8 loss: 1.116, accuracy: 56.40, sparsity: 0.201, task1 ratio: 0.799, zero ratio: 0.201, mpl: 1.0
2024-11-14 00:57:07,763 - root - INFO - In train()-> Train Ep. #9 loss: 0.889, accuracy: 62.68, lr: 0.001, sparsity: 0.201, network_width_mpl: 1.0
2024-11-14 00:57:07,866 - root - INFO - In validate()-> Val Ep. #9 loss: 1.117, accuracy: 56.00, sparsity: 0.201, task1 ratio: 0.799, zero ratio: 0.201, mpl: 1.0
2024-11-14 00:57:08,157 - root - INFO - In train()-> Train Ep. #10 loss: 0.887, accuracy: 63.16, lr: 0.001, sparsity: 0.201, network_width_mpl: 1.0
2024-11-14 00:57:08,267 - root - INFO - In validate()-> Val Ep. #10 loss: 1.107, accuracy: 55.60, sparsity: 0.201, task1 ratio: 0.799, zero ratio: 0.201, mpl: 1.0
2024-11-14 00:57:08,567 - root - INFO - In train()-> Train Ep. #11 loss: 0.888, accuracy: 63.04, lr: 0.001, sparsity: 0.201, network_width_mpl: 1.0
2024-11-14 00:57:08,666 - root - INFO - In validate()-> Val Ep. #11 loss: 1.119, accuracy: 55.00, sparsity: 0.201, task1 ratio: 0.799, zero ratio: 0.201, mpl: 1.0
2024-11-14 00:57:08,955 - root - INFO - In train()-> Train Ep. #12 loss: 0.906, accuracy: 62.80, lr: 0.001, sparsity: 0.201, network_width_mpl: 1.0
2024-11-14 00:57:09,054 - root - INFO - In validate()-> Val Ep. #12 loss: 1.119, accuracy: 55.40, sparsity: 0.201, task1 ratio: 0.799, zero ratio: 0.201, mpl: 1.0
2024-11-14 00:57:09,349 - root - INFO - In train()-> Train Ep. #13 loss: 0.911, accuracy: 61.88, lr: 0.001, sparsity: 0.201, network_width_mpl: 1.0
2024-11-14 00:57:09,450 - root - INFO - In validate()-> Val Ep. #13 loss: 1.118, accuracy: 55.60, sparsity: 0.201, task1 ratio: 0.799, zero ratio: 0.201, mpl: 1.0
2024-11-14 00:57:09,740 - root - INFO - In train()-> Train Ep. #14 loss: 0.887, accuracy: 63.36, lr: 0.001, sparsity: 0.201, network_width_mpl: 1.0
2024-11-14 00:57:09,842 - root - INFO - In validate()-> Val Ep. #14 loss: 1.100, accuracy: 55.60, sparsity: 0.201, task1 ratio: 0.799, zero ratio: 0.201, mpl: 1.0
2024-11-14 00:57:10,140 - root - INFO - In train()-> Train Ep. #15 loss: 0.882, accuracy: 63.12, lr: 0.001, sparsity: 0.201, network_width_mpl: 1.0
2024-11-14 00:57:10,239 - root - INFO - In validate()-> Val Ep. #15 loss: 1.106, accuracy: 57.00, sparsity: 0.201, task1 ratio: 0.799, zero ratio: 0.201, mpl: 1.0
2024-11-14 00:57:10,567 - root - INFO - In train()-> Train Ep. #16 loss: 0.880, accuracy: 64.00, lr: 0.001, sparsity: 0.201, network_width_mpl: 1.0
2024-11-14 00:57:10,663 - root - INFO - In validate()-> Val Ep. #16 loss: 1.131, accuracy: 55.40, sparsity: 0.201, task1 ratio: 0.799, zero ratio: 0.201, mpl: 1.0
2024-11-14 00:57:10,956 - root - INFO - In train()-> Train Ep. #17 loss: 0.897, accuracy: 63.12, lr: 0.001, sparsity: 0.201, network_width_mpl: 1.0
2024-11-14 00:57:11,060 - root - INFO - In validate()-> Val Ep. #17 loss: 1.124, accuracy: 54.80, sparsity: 0.201, task1 ratio: 0.799, zero ratio: 0.201, mpl: 1.0
2024-11-14 00:57:11,351 - root - INFO - In train()-> Train Ep. #18 loss: 0.895, accuracy: 62.16, lr: 0.001, sparsity: 0.201, network_width_mpl: 1.0
2024-11-14 00:57:11,453 - root - INFO - In validate()-> Val Ep. #18 loss: 1.122, accuracy: 56.80, sparsity: 0.201, task1 ratio: 0.799, zero ratio: 0.201, mpl: 1.0
2024-11-14 00:57:11,778 - root - INFO - In train()-> Train Ep. #19 loss: 0.876, accuracy: 62.80, lr: 0.001, sparsity: 0.201, network_width_mpl: 1.0
2024-11-14 00:57:11,880 - root - INFO - In validate()-> Val Ep. #19 loss: 1.128, accuracy: 55.40, sparsity: 0.201, task1 ratio: 0.799, zero ratio: 0.201, mpl: 1.0
2024-11-14 00:57:12,182 - root - INFO - In train()-> Train Ep. #20 loss: 0.900, accuracy: 63.28, lr: 0.001, sparsity: 0.201, network_width_mpl: 1.0
2024-11-14 00:57:12,280 - root - INFO - In validate()-> Val Ep. #20 loss: 1.113, accuracy: 55.20, sparsity: 0.201, task1 ratio: 0.799, zero ratio: 0.201, mpl: 1.0
2024-11-14 00:57:12,282 - root - INFO - ----------------
2024-11-14 00:57:14,555 - root - INFO - 
2024-11-14 00:57:14,555 - root - INFO - Before pruning: 
2024-11-14 00:57:14,555 - root - INFO - Sparsity range: 0.2 -> 0.3
2024-11-14 00:57:14,555 - root - INFO - we reach the upperbound and still do not get the accuracy over our target on curr task
2024-11-14 00:57:14,555 - root - INFO - remain_num_tasks: 4
2024-11-14 00:57:14,555 - root - INFO - ratio_allow_for_curr_task: 0.2000
2024-11-14 00:57:14,811 - root - INFO - In validate()-> Val Ep. #0 loss: 1.113, accuracy: 55.20, sparsity: 0.201, task1 ratio: 0.799, zero ratio: 0.201, mpl: 1.0
2024-11-14 00:57:14,811 - root - INFO - 
2024-11-14 00:57:15,185 - root - INFO - In train()-> Train Ep. #1 loss: 0.884, accuracy: 63.52, lr: 0.001, sparsity: 0.253, network_width_mpl: 1.0
2024-11-14 00:57:15,300 - root - INFO - In validate()-> Val Ep. #1 loss: 1.123, accuracy: 55.80, sparsity: 0.253, task1 ratio: 0.747, zero ratio: 0.253, mpl: 1.0
2024-11-14 00:57:15,619 - root - INFO - In train()-> Train Ep. #2 loss: 0.894, accuracy: 62.48, lr: 0.001, sparsity: 0.286, network_width_mpl: 1.0
2024-11-14 00:57:15,716 - root - INFO - In validate()-> Val Ep. #2 loss: 1.129, accuracy: 55.60, sparsity: 0.286, task1 ratio: 0.714, zero ratio: 0.286, mpl: 1.0
2024-11-14 00:57:16,011 - root - INFO - In train()-> Train Ep. #3 loss: 0.895, accuracy: 62.44, lr: 0.001, sparsity: 0.298, network_width_mpl: 1.0
2024-11-14 00:57:16,113 - root - INFO - In validate()-> Val Ep. #3 loss: 1.124, accuracy: 54.40, sparsity: 0.298, task1 ratio: 0.702, zero ratio: 0.298, mpl: 1.0
2024-11-14 00:57:16,429 - root - INFO - In train()-> Train Ep. #4 loss: 0.878, accuracy: 63.12, lr: 0.001, sparsity: 0.301, network_width_mpl: 1.0
2024-11-14 00:57:16,526 - root - INFO - In validate()-> Val Ep. #4 loss: 1.122, accuracy: 56.00, sparsity: 0.301, task1 ratio: 0.699, zero ratio: 0.301, mpl: 1.0
2024-11-14 00:57:16,846 - root - INFO - In train()-> Train Ep. #5 loss: 0.875, accuracy: 63.40, lr: 0.001, sparsity: 0.301, network_width_mpl: 1.0
2024-11-14 00:57:16,954 - root - INFO - In validate()-> Val Ep. #5 loss: 1.124, accuracy: 55.00, sparsity: 0.301, task1 ratio: 0.699, zero ratio: 0.301, mpl: 1.0
2024-11-14 00:57:17,254 - root - INFO - In train()-> Train Ep. #6 loss: 0.874, accuracy: 64.16, lr: 0.001, sparsity: 0.301, network_width_mpl: 1.0
2024-11-14 00:57:17,353 - root - INFO - In validate()-> Val Ep. #6 loss: 1.114, accuracy: 55.20, sparsity: 0.301, task1 ratio: 0.699, zero ratio: 0.301, mpl: 1.0
2024-11-14 00:57:17,688 - root - INFO - In train()-> Train Ep. #7 loss: 0.879, accuracy: 63.76, lr: 0.001, sparsity: 0.301, network_width_mpl: 1.0
2024-11-14 00:57:17,786 - root - INFO - In validate()-> Val Ep. #7 loss: 1.118, accuracy: 54.20, sparsity: 0.301, task1 ratio: 0.699, zero ratio: 0.301, mpl: 1.0
2024-11-14 00:57:18,126 - root - INFO - In train()-> Train Ep. #8 loss: 0.866, accuracy: 64.44, lr: 0.001, sparsity: 0.301, network_width_mpl: 1.0
2024-11-14 00:57:18,223 - root - INFO - In validate()-> Val Ep. #8 loss: 1.121, accuracy: 55.40, sparsity: 0.301, task1 ratio: 0.699, zero ratio: 0.301, mpl: 1.0
2024-11-14 00:57:18,529 - root - INFO - In train()-> Train Ep. #9 loss: 0.864, accuracy: 64.00, lr: 0.001, sparsity: 0.301, network_width_mpl: 1.0
2024-11-14 00:57:18,626 - root - INFO - In validate()-> Val Ep. #9 loss: 1.121, accuracy: 55.00, sparsity: 0.301, task1 ratio: 0.699, zero ratio: 0.301, mpl: 1.0
2024-11-14 00:57:18,911 - root - INFO - In train()-> Train Ep. #10 loss: 0.859, accuracy: 65.20, lr: 0.001, sparsity: 0.301, network_width_mpl: 1.0
2024-11-14 00:57:19,020 - root - INFO - In validate()-> Val Ep. #10 loss: 1.112, accuracy: 55.60, sparsity: 0.301, task1 ratio: 0.699, zero ratio: 0.301, mpl: 1.0
2024-11-14 00:57:19,348 - root - INFO - In train()-> Train Ep. #11 loss: 0.861, accuracy: 64.72, lr: 0.001, sparsity: 0.301, network_width_mpl: 1.0
2024-11-14 00:57:19,441 - root - INFO - In validate()-> Val Ep. #11 loss: 1.125, accuracy: 54.80, sparsity: 0.301, task1 ratio: 0.699, zero ratio: 0.301, mpl: 1.0
2024-11-14 00:57:19,723 - root - INFO - In train()-> Train Ep. #12 loss: 0.880, accuracy: 64.16, lr: 0.001, sparsity: 0.301, network_width_mpl: 1.0
2024-11-14 00:57:19,817 - root - INFO - In validate()-> Val Ep. #12 loss: 1.123, accuracy: 55.00, sparsity: 0.301, task1 ratio: 0.699, zero ratio: 0.301, mpl: 1.0
2024-11-14 00:57:20,155 - root - INFO - In train()-> Train Ep. #13 loss: 0.886, accuracy: 63.00, lr: 0.001, sparsity: 0.301, network_width_mpl: 1.0
2024-11-14 00:57:20,267 - root - INFO - In validate()-> Val Ep. #13 loss: 1.121, accuracy: 55.80, sparsity: 0.301, task1 ratio: 0.699, zero ratio: 0.301, mpl: 1.0
2024-11-14 00:57:20,560 - root - INFO - In train()-> Train Ep. #14 loss: 0.860, accuracy: 64.68, lr: 0.001, sparsity: 0.301, network_width_mpl: 1.0
2024-11-14 00:57:20,654 - root - INFO - In validate()-> Val Ep. #14 loss: 1.105, accuracy: 55.20, sparsity: 0.301, task1 ratio: 0.699, zero ratio: 0.301, mpl: 1.0
2024-11-14 00:57:20,966 - root - INFO - In train()-> Train Ep. #15 loss: 0.856, accuracy: 64.40, lr: 0.001, sparsity: 0.301, network_width_mpl: 1.0
2024-11-14 00:57:21,063 - root - INFO - In validate()-> Val Ep. #15 loss: 1.110, accuracy: 55.80, sparsity: 0.301, task1 ratio: 0.699, zero ratio: 0.301, mpl: 1.0
2024-11-14 00:57:21,366 - root - INFO - In train()-> Train Ep. #16 loss: 0.853, accuracy: 65.28, lr: 0.001, sparsity: 0.301, network_width_mpl: 1.0
2024-11-14 00:57:21,474 - root - INFO - In validate()-> Val Ep. #16 loss: 1.139, accuracy: 54.80, sparsity: 0.301, task1 ratio: 0.699, zero ratio: 0.301, mpl: 1.0
2024-11-14 00:57:21,777 - root - INFO - In train()-> Train Ep. #17 loss: 0.872, accuracy: 64.16, lr: 0.001, sparsity: 0.301, network_width_mpl: 1.0
2024-11-14 00:57:21,879 - root - INFO - In validate()-> Val Ep. #17 loss: 1.129, accuracy: 55.00, sparsity: 0.301, task1 ratio: 0.699, zero ratio: 0.301, mpl: 1.0
2024-11-14 00:57:22,168 - root - INFO - In train()-> Train Ep. #18 loss: 0.868, accuracy: 63.84, lr: 0.001, sparsity: 0.301, network_width_mpl: 1.0
2024-11-14 00:57:22,265 - root - INFO - In validate()-> Val Ep. #18 loss: 1.129, accuracy: 56.00, sparsity: 0.301, task1 ratio: 0.699, zero ratio: 0.301, mpl: 1.0
2024-11-14 00:57:22,599 - root - INFO - In train()-> Train Ep. #19 loss: 0.848, accuracy: 64.48, lr: 0.001, sparsity: 0.301, network_width_mpl: 1.0
2024-11-14 00:57:22,701 - root - INFO - In validate()-> Val Ep. #19 loss: 1.136, accuracy: 55.20, sparsity: 0.301, task1 ratio: 0.699, zero ratio: 0.301, mpl: 1.0
2024-11-14 00:57:23,017 - root - INFO - In train()-> Train Ep. #20 loss: 0.873, accuracy: 64.60, lr: 0.001, sparsity: 0.301, network_width_mpl: 1.0
2024-11-14 00:57:23,117 - root - INFO - In validate()-> Val Ep. #20 loss: 1.118, accuracy: 55.60, sparsity: 0.301, task1 ratio: 0.699, zero ratio: 0.301, mpl: 1.0
2024-11-14 00:57:23,119 - root - INFO - ----------------
2024-11-14 00:57:25,473 - root - INFO - 
2024-11-14 00:57:25,474 - root - INFO - Before pruning: 
2024-11-14 00:57:25,474 - root - INFO - Sparsity range: 0.3 -> 0.4
2024-11-14 00:57:25,474 - root - INFO - we reach the upperbound and still do not get the accuracy over our target on curr task
2024-11-14 00:57:25,474 - root - INFO - remain_num_tasks: 4
2024-11-14 00:57:25,474 - root - INFO - ratio_allow_for_curr_task: 0.2000
2024-11-14 00:57:25,734 - root - INFO - In validate()-> Val Ep. #0 loss: 1.118, accuracy: 55.60, sparsity: 0.301, task1 ratio: 0.699, zero ratio: 0.301, mpl: 1.0
2024-11-14 00:57:25,734 - root - INFO - 
2024-11-14 00:57:26,101 - root - INFO - In train()-> Train Ep. #1 loss: 0.857, accuracy: 64.56, lr: 0.001, sparsity: 0.353, network_width_mpl: 1.0
2024-11-14 00:57:26,197 - root - INFO - In validate()-> Val Ep. #1 loss: 1.116, accuracy: 57.60, sparsity: 0.353, task1 ratio: 0.647, zero ratio: 0.353, mpl: 1.0
2024-11-14 00:57:26,535 - root - INFO - In train()-> Train Ep. #2 loss: 0.870, accuracy: 63.88, lr: 0.001, sparsity: 0.385, network_width_mpl: 1.0
2024-11-14 00:57:26,634 - root - INFO - In validate()-> Val Ep. #2 loss: 1.152, accuracy: 55.20, sparsity: 0.385, task1 ratio: 0.615, zero ratio: 0.385, mpl: 1.0
2024-11-14 00:57:26,927 - root - INFO - In train()-> Train Ep. #3 loss: 0.874, accuracy: 63.00, lr: 0.001, sparsity: 0.398, network_width_mpl: 1.0
2024-11-14 00:57:27,028 - root - INFO - In validate()-> Val Ep. #3 loss: 1.132, accuracy: 55.60, sparsity: 0.398, task1 ratio: 0.602, zero ratio: 0.398, mpl: 1.0
2024-11-14 00:57:27,358 - root - INFO - In train()-> Train Ep. #4 loss: 0.854, accuracy: 64.04, lr: 0.001, sparsity: 0.401, network_width_mpl: 1.0
2024-11-14 00:57:27,470 - root - INFO - In validate()-> Val Ep. #4 loss: 1.127, accuracy: 57.20, sparsity: 0.401, task1 ratio: 0.599, zero ratio: 0.401, mpl: 1.0
2024-11-14 00:57:27,791 - root - INFO - In train()-> Train Ep. #5 loss: 0.850, accuracy: 64.68, lr: 0.001, sparsity: 0.401, network_width_mpl: 1.0
2024-11-14 00:57:27,910 - root - INFO - In validate()-> Val Ep. #5 loss: 1.119, accuracy: 55.80, sparsity: 0.401, task1 ratio: 0.599, zero ratio: 0.401, mpl: 1.0
2024-11-14 00:57:28,217 - root - INFO - In train()-> Train Ep. #6 loss: 0.846, accuracy: 65.60, lr: 0.001, sparsity: 0.401, network_width_mpl: 1.0
2024-11-14 00:57:28,322 - root - INFO - In validate()-> Val Ep. #6 loss: 1.116, accuracy: 55.00, sparsity: 0.401, task1 ratio: 0.599, zero ratio: 0.401, mpl: 1.0
2024-11-14 00:57:28,634 - root - INFO - In train()-> Train Ep. #7 loss: 0.853, accuracy: 64.80, lr: 0.001, sparsity: 0.401, network_width_mpl: 1.0
2024-11-14 00:57:28,734 - root - INFO - In validate()-> Val Ep. #7 loss: 1.119, accuracy: 55.00, sparsity: 0.401, task1 ratio: 0.599, zero ratio: 0.401, mpl: 1.0
2024-11-14 00:57:29,034 - root - INFO - In train()-> Train Ep. #8 loss: 0.839, accuracy: 64.68, lr: 0.001, sparsity: 0.401, network_width_mpl: 1.0
2024-11-14 00:57:29,133 - root - INFO - In validate()-> Val Ep. #8 loss: 1.124, accuracy: 55.40, sparsity: 0.401, task1 ratio: 0.599, zero ratio: 0.401, mpl: 1.0
2024-11-14 00:57:29,443 - root - INFO - In train()-> Train Ep. #9 loss: 0.834, accuracy: 66.08, lr: 0.001, sparsity: 0.401, network_width_mpl: 1.0
2024-11-14 00:57:29,537 - root - INFO - In validate()-> Val Ep. #9 loss: 1.126, accuracy: 55.40, sparsity: 0.401, task1 ratio: 0.599, zero ratio: 0.401, mpl: 1.0
2024-11-14 00:57:29,829 - root - INFO - In train()-> Train Ep. #10 loss: 0.832, accuracy: 66.04, lr: 0.001, sparsity: 0.401, network_width_mpl: 1.0
2024-11-14 00:57:29,939 - root - INFO - In validate()-> Val Ep. #10 loss: 1.114, accuracy: 56.00, sparsity: 0.401, task1 ratio: 0.599, zero ratio: 0.401, mpl: 1.0
2024-11-14 00:57:30,251 - root - INFO - In train()-> Train Ep. #11 loss: 0.834, accuracy: 65.92, lr: 0.001, sparsity: 0.401, network_width_mpl: 1.0
2024-11-14 00:57:30,359 - root - INFO - In validate()-> Val Ep. #11 loss: 1.135, accuracy: 54.20, sparsity: 0.401, task1 ratio: 0.599, zero ratio: 0.401, mpl: 1.0
2024-11-14 00:57:30,681 - root - INFO - In train()-> Train Ep. #12 loss: 0.853, accuracy: 65.32, lr: 0.001, sparsity: 0.401, network_width_mpl: 1.0
2024-11-14 00:57:30,797 - root - INFO - In validate()-> Val Ep. #12 loss: 1.129, accuracy: 55.00, sparsity: 0.401, task1 ratio: 0.599, zero ratio: 0.401, mpl: 1.0
2024-11-14 00:57:31,088 - root - INFO - In train()-> Train Ep. #13 loss: 0.859, accuracy: 64.36, lr: 0.001, sparsity: 0.401, network_width_mpl: 1.0
2024-11-14 00:57:31,187 - root - INFO - In validate()-> Val Ep. #13 loss: 1.130, accuracy: 55.20, sparsity: 0.401, task1 ratio: 0.599, zero ratio: 0.401, mpl: 1.0
2024-11-14 00:57:31,494 - root - INFO - In train()-> Train Ep. #14 loss: 0.833, accuracy: 66.04, lr: 0.001, sparsity: 0.401, network_width_mpl: 1.0
2024-11-14 00:57:31,597 - root - INFO - In validate()-> Val Ep. #14 loss: 1.112, accuracy: 55.60, sparsity: 0.401, task1 ratio: 0.599, zero ratio: 0.401, mpl: 1.0
2024-11-14 00:57:31,880 - root - INFO - In train()-> Train Ep. #15 loss: 0.828, accuracy: 65.60, lr: 0.001, sparsity: 0.401, network_width_mpl: 1.0
2024-11-14 00:57:31,989 - root - INFO - In validate()-> Val Ep. #15 loss: 1.119, accuracy: 54.80, sparsity: 0.401, task1 ratio: 0.599, zero ratio: 0.401, mpl: 1.0
2024-11-14 00:57:32,291 - root - INFO - In train()-> Train Ep. #16 loss: 0.822, accuracy: 66.84, lr: 0.001, sparsity: 0.401, network_width_mpl: 1.0
2024-11-14 00:57:32,397 - root - INFO - In validate()-> Val Ep. #16 loss: 1.151, accuracy: 54.20, sparsity: 0.401, task1 ratio: 0.599, zero ratio: 0.401, mpl: 1.0
2024-11-14 00:57:32,723 - root - INFO - In train()-> Train Ep. #17 loss: 0.844, accuracy: 65.48, lr: 0.001, sparsity: 0.401, network_width_mpl: 1.0
2024-11-14 00:57:32,830 - root - INFO - In validate()-> Val Ep. #17 loss: 1.136, accuracy: 54.40, sparsity: 0.401, task1 ratio: 0.599, zero ratio: 0.401, mpl: 1.0
2024-11-14 00:57:33,138 - root - INFO - In train()-> Train Ep. #18 loss: 0.841, accuracy: 65.80, lr: 0.001, sparsity: 0.401, network_width_mpl: 1.0
2024-11-14 00:57:33,247 - root - INFO - In validate()-> Val Ep. #18 loss: 1.138, accuracy: 56.00, sparsity: 0.401, task1 ratio: 0.599, zero ratio: 0.401, mpl: 1.0
2024-11-14 00:57:33,546 - root - INFO - In train()-> Train Ep. #19 loss: 0.819, accuracy: 66.44, lr: 0.001, sparsity: 0.401, network_width_mpl: 1.0
2024-11-14 00:57:33,641 - root - INFO - In validate()-> Val Ep. #19 loss: 1.147, accuracy: 54.80, sparsity: 0.401, task1 ratio: 0.599, zero ratio: 0.401, mpl: 1.0
2024-11-14 00:57:33,940 - root - INFO - In train()-> Train Ep. #20 loss: 0.846, accuracy: 65.68, lr: 0.001, sparsity: 0.401, network_width_mpl: 1.0
2024-11-14 00:57:34,041 - root - INFO - In validate()-> Val Ep. #20 loss: 1.131, accuracy: 55.20, sparsity: 0.401, task1 ratio: 0.599, zero ratio: 0.401, mpl: 1.0
2024-11-14 00:57:34,043 - root - INFO - ----------------
2024-11-14 00:57:36,302 - root - INFO - 
2024-11-14 00:57:36,302 - root - INFO - Before pruning: 
2024-11-14 00:57:36,302 - root - INFO - Sparsity range: 0.4 -> 0.5
2024-11-14 00:57:36,302 - root - INFO - we reach the upperbound and still do not get the accuracy over our target on curr task
2024-11-14 00:57:36,302 - root - INFO - remain_num_tasks: 4
2024-11-14 00:57:36,302 - root - INFO - ratio_allow_for_curr_task: 0.2000
2024-11-14 00:57:36,566 - root - INFO - In validate()-> Val Ep. #0 loss: 1.131, accuracy: 55.20, sparsity: 0.401, task1 ratio: 0.599, zero ratio: 0.401, mpl: 1.0
2024-11-14 00:57:36,566 - root - INFO - 
2024-11-14 00:57:36,957 - root - INFO - In train()-> Train Ep. #1 loss: 0.829, accuracy: 65.64, lr: 0.001, sparsity: 0.453, network_width_mpl: 1.0
2024-11-14 00:57:37,086 - root - INFO - In validate()-> Val Ep. #1 loss: 1.145, accuracy: 55.40, sparsity: 0.453, task1 ratio: 0.547, zero ratio: 0.453, mpl: 1.0
2024-11-14 00:57:37,446 - root - INFO - In train()-> Train Ep. #2 loss: 0.850, accuracy: 64.96, lr: 0.001, sparsity: 0.486, network_width_mpl: 1.0
2024-11-14 00:57:37,543 - root - INFO - In validate()-> Val Ep. #2 loss: 1.117, accuracy: 55.40, sparsity: 0.486, task1 ratio: 0.514, zero ratio: 0.486, mpl: 1.0
2024-11-14 00:57:37,829 - root - INFO - In train()-> Train Ep. #3 loss: 0.846, accuracy: 64.28, lr: 0.001, sparsity: 0.498, network_width_mpl: 1.0
2024-11-14 00:57:37,936 - root - INFO - In validate()-> Val Ep. #3 loss: 1.163, accuracy: 55.00, sparsity: 0.498, task1 ratio: 0.502, zero ratio: 0.498, mpl: 1.0
2024-11-14 00:57:38,268 - root - INFO - In train()-> Train Ep. #4 loss: 0.836, accuracy: 64.32, lr: 0.001, sparsity: 0.501, network_width_mpl: 1.0
2024-11-14 00:57:38,367 - root - INFO - In validate()-> Val Ep. #4 loss: 1.140, accuracy: 55.80, sparsity: 0.501, task1 ratio: 0.499, zero ratio: 0.501, mpl: 1.0
2024-11-14 00:57:38,685 - root - INFO - In train()-> Train Ep. #5 loss: 0.827, accuracy: 65.72, lr: 0.001, sparsity: 0.501, network_width_mpl: 1.0
2024-11-14 00:57:38,784 - root - INFO - In validate()-> Val Ep. #5 loss: 1.132, accuracy: 57.60, sparsity: 0.501, task1 ratio: 0.499, zero ratio: 0.501, mpl: 1.0
2024-11-14 00:57:39,085 - root - INFO - In train()-> Train Ep. #6 loss: 0.819, accuracy: 66.16, lr: 0.001, sparsity: 0.501, network_width_mpl: 1.0
2024-11-14 00:57:39,185 - root - INFO - In validate()-> Val Ep. #6 loss: 1.129, accuracy: 54.60, sparsity: 0.501, task1 ratio: 0.499, zero ratio: 0.501, mpl: 1.0
2024-11-14 00:57:39,487 - root - INFO - In train()-> Train Ep. #7 loss: 0.825, accuracy: 66.72, lr: 0.001, sparsity: 0.501, network_width_mpl: 1.0
2024-11-14 00:57:39,594 - root - INFO - In validate()-> Val Ep. #7 loss: 1.133, accuracy: 55.20, sparsity: 0.501, task1 ratio: 0.499, zero ratio: 0.501, mpl: 1.0
2024-11-14 00:57:39,887 - root - INFO - In train()-> Train Ep. #8 loss: 0.813, accuracy: 66.16, lr: 0.001, sparsity: 0.501, network_width_mpl: 1.0
2024-11-14 00:57:39,997 - root - INFO - In validate()-> Val Ep. #8 loss: 1.140, accuracy: 55.80, sparsity: 0.501, task1 ratio: 0.499, zero ratio: 0.501, mpl: 1.0
2024-11-14 00:57:40,329 - root - INFO - In train()-> Train Ep. #9 loss: 0.809, accuracy: 67.60, lr: 0.001, sparsity: 0.501, network_width_mpl: 1.0
2024-11-14 00:57:40,426 - root - INFO - In validate()-> Val Ep. #9 loss: 1.140, accuracy: 55.00, sparsity: 0.501, task1 ratio: 0.499, zero ratio: 0.501, mpl: 1.0
2024-11-14 00:57:40,745 - root - INFO - In train()-> Train Ep. #10 loss: 0.807, accuracy: 67.68, lr: 0.001, sparsity: 0.501, network_width_mpl: 1.0
2024-11-14 00:57:40,872 - root - INFO - In validate()-> Val Ep. #10 loss: 1.133, accuracy: 56.00, sparsity: 0.501, task1 ratio: 0.499, zero ratio: 0.501, mpl: 1.0
2024-11-14 00:57:41,208 - root - INFO - In train()-> Train Ep. #11 loss: 0.803, accuracy: 67.32, lr: 0.001, sparsity: 0.501, network_width_mpl: 1.0
2024-11-14 00:57:41,325 - root - INFO - In validate()-> Val Ep. #11 loss: 1.151, accuracy: 55.20, sparsity: 0.501, task1 ratio: 0.499, zero ratio: 0.501, mpl: 1.0
2024-11-14 00:57:41,629 - root - INFO - In train()-> Train Ep. #12 loss: 0.828, accuracy: 66.76, lr: 0.001, sparsity: 0.501, network_width_mpl: 1.0
2024-11-14 00:57:41,739 - root - INFO - In validate()-> Val Ep. #12 loss: 1.146, accuracy: 54.20, sparsity: 0.501, task1 ratio: 0.499, zero ratio: 0.501, mpl: 1.0
2024-11-14 00:57:42,045 - root - INFO - In train()-> Train Ep. #13 loss: 0.838, accuracy: 65.08, lr: 0.001, sparsity: 0.501, network_width_mpl: 1.0
2024-11-14 00:57:42,144 - root - INFO - In validate()-> Val Ep. #13 loss: 1.145, accuracy: 55.00, sparsity: 0.501, task1 ratio: 0.499, zero ratio: 0.501, mpl: 1.0
2024-11-14 00:57:42,468 - root - INFO - In train()-> Train Ep. #14 loss: 0.807, accuracy: 67.36, lr: 0.001, sparsity: 0.501, network_width_mpl: 1.0
2024-11-14 00:57:42,563 - root - INFO - In validate()-> Val Ep. #14 loss: 1.130, accuracy: 55.40, sparsity: 0.501, task1 ratio: 0.499, zero ratio: 0.501, mpl: 1.0
2024-11-14 00:57:42,886 - root - INFO - In train()-> Train Ep. #15 loss: 0.800, accuracy: 67.40, lr: 0.001, sparsity: 0.501, network_width_mpl: 1.0
2024-11-14 00:57:42,995 - root - INFO - In validate()-> Val Ep. #15 loss: 1.134, accuracy: 54.40, sparsity: 0.501, task1 ratio: 0.499, zero ratio: 0.501, mpl: 1.0
2024-11-14 00:57:43,318 - root - INFO - In train()-> Train Ep. #16 loss: 0.797, accuracy: 67.96, lr: 0.001, sparsity: 0.501, network_width_mpl: 1.0
2024-11-14 00:57:43,426 - root - INFO - In validate()-> Val Ep. #16 loss: 1.172, accuracy: 54.60, sparsity: 0.501, task1 ratio: 0.499, zero ratio: 0.501, mpl: 1.0
2024-11-14 00:57:43,723 - root - INFO - In train()-> Train Ep. #17 loss: 0.819, accuracy: 66.56, lr: 0.001, sparsity: 0.501, network_width_mpl: 1.0
2024-11-14 00:57:43,828 - root - INFO - In validate()-> Val Ep. #17 loss: 1.157, accuracy: 54.40, sparsity: 0.501, task1 ratio: 0.499, zero ratio: 0.501, mpl: 1.0
2024-11-14 00:57:44,135 - root - INFO - In train()-> Train Ep. #18 loss: 0.815, accuracy: 67.12, lr: 0.001, sparsity: 0.501, network_width_mpl: 1.0
2024-11-14 00:57:44,233 - root - INFO - In validate()-> Val Ep. #18 loss: 1.159, accuracy: 55.40, sparsity: 0.501, task1 ratio: 0.499, zero ratio: 0.501, mpl: 1.0
2024-11-14 00:57:44,557 - root - INFO - In train()-> Train Ep. #19 loss: 0.791, accuracy: 68.00, lr: 0.001, sparsity: 0.501, network_width_mpl: 1.0
2024-11-14 00:57:44,662 - root - INFO - In validate()-> Val Ep. #19 loss: 1.166, accuracy: 54.20, sparsity: 0.501, task1 ratio: 0.499, zero ratio: 0.501, mpl: 1.0
2024-11-14 00:57:44,970 - root - INFO - In train()-> Train Ep. #20 loss: 0.817, accuracy: 66.80, lr: 0.001, sparsity: 0.501, network_width_mpl: 1.0
2024-11-14 00:57:45,065 - root - INFO - In validate()-> Val Ep. #20 loss: 1.153, accuracy: 55.20, sparsity: 0.501, task1 ratio: 0.499, zero ratio: 0.501, mpl: 1.0
2024-11-14 00:57:45,067 - root - INFO - ----------------
2024-11-14 00:57:47,324 - root - INFO - 
2024-11-14 00:57:47,324 - root - INFO - Before pruning: 
2024-11-14 00:57:47,324 - root - INFO - Sparsity range: 0.5 -> 0.6
2024-11-14 00:57:47,324 - root - INFO - we reach the upperbound and still do not get the accuracy over our target on curr task
2024-11-14 00:57:47,324 - root - INFO - remain_num_tasks: 4
2024-11-14 00:57:47,324 - root - INFO - ratio_allow_for_curr_task: 0.2000
2024-11-14 00:57:47,589 - root - INFO - In validate()-> Val Ep. #0 loss: 1.153, accuracy: 55.20, sparsity: 0.501, task1 ratio: 0.499, zero ratio: 0.501, mpl: 1.0
2024-11-14 00:57:47,590 - root - INFO - 
2024-11-14 00:57:47,933 - root - INFO - In train()-> Train Ep. #1 loss: 0.800, accuracy: 66.88, lr: 0.001, sparsity: 0.553, network_width_mpl: 1.0
2024-11-14 00:57:48,031 - root - INFO - In validate()-> Val Ep. #1 loss: 1.212, accuracy: 52.60, sparsity: 0.553, task1 ratio: 0.447, zero ratio: 0.553, mpl: 1.0
2024-11-14 00:57:48,357 - root - INFO - In train()-> Train Ep. #2 loss: 0.836, accuracy: 64.84, lr: 0.001, sparsity: 0.586, network_width_mpl: 1.0
2024-11-14 00:57:48,452 - root - INFO - In validate()-> Val Ep. #2 loss: 1.218, accuracy: 53.60, sparsity: 0.586, task1 ratio: 0.414, zero ratio: 0.586, mpl: 1.0
2024-11-14 00:57:48,761 - root - INFO - In train()-> Train Ep. #3 loss: 0.846, accuracy: 64.72, lr: 0.001, sparsity: 0.598, network_width_mpl: 1.0
2024-11-14 00:57:48,867 - root - INFO - In validate()-> Val Ep. #3 loss: 1.146, accuracy: 53.60, sparsity: 0.598, task1 ratio: 0.402, zero ratio: 0.598, mpl: 1.0
2024-11-14 00:57:49,221 - root - INFO - In train()-> Train Ep. #4 loss: 0.828, accuracy: 65.20, lr: 0.001, sparsity: 0.601, network_width_mpl: 1.0
2024-11-14 00:57:49,323 - root - INFO - In validate()-> Val Ep. #4 loss: 1.155, accuracy: 55.00, sparsity: 0.601, task1 ratio: 0.399, zero ratio: 0.601, mpl: 1.0
2024-11-14 00:57:49,624 - root - INFO - In train()-> Train Ep. #5 loss: 0.813, accuracy: 66.76, lr: 0.001, sparsity: 0.601, network_width_mpl: 1.0
2024-11-14 00:57:49,721 - root - INFO - In validate()-> Val Ep. #5 loss: 1.147, accuracy: 54.20, sparsity: 0.601, task1 ratio: 0.399, zero ratio: 0.601, mpl: 1.0
2024-11-14 00:57:50,020 - root - INFO - In train()-> Train Ep. #6 loss: 0.799, accuracy: 67.88, lr: 0.001, sparsity: 0.601, network_width_mpl: 1.0
2024-11-14 00:57:50,116 - root - INFO - In validate()-> Val Ep. #6 loss: 1.153, accuracy: 53.40, sparsity: 0.601, task1 ratio: 0.399, zero ratio: 0.601, mpl: 1.0
2024-11-14 00:57:50,405 - root - INFO - In train()-> Train Ep. #7 loss: 0.798, accuracy: 67.76, lr: 0.001, sparsity: 0.601, network_width_mpl: 1.0
2024-11-14 00:57:50,501 - root - INFO - In validate()-> Val Ep. #7 loss: 1.163, accuracy: 55.00, sparsity: 0.601, task1 ratio: 0.399, zero ratio: 0.601, mpl: 1.0
2024-11-14 00:57:50,831 - root - INFO - In train()-> Train Ep. #8 loss: 0.790, accuracy: 66.80, lr: 0.001, sparsity: 0.601, network_width_mpl: 1.0
2024-11-14 00:57:50,934 - root - INFO - In validate()-> Val Ep. #8 loss: 1.167, accuracy: 54.20, sparsity: 0.601, task1 ratio: 0.399, zero ratio: 0.601, mpl: 1.0
2024-11-14 00:57:51,259 - root - INFO - In train()-> Train Ep. #9 loss: 0.788, accuracy: 68.04, lr: 0.001, sparsity: 0.601, network_width_mpl: 1.0
2024-11-14 00:57:51,358 - root - INFO - In validate()-> Val Ep. #9 loss: 1.167, accuracy: 53.80, sparsity: 0.601, task1 ratio: 0.399, zero ratio: 0.601, mpl: 1.0
2024-11-14 00:57:51,698 - root - INFO - In train()-> Train Ep. #10 loss: 0.787, accuracy: 68.32, lr: 0.001, sparsity: 0.601, network_width_mpl: 1.0
2024-11-14 00:57:51,797 - root - INFO - In validate()-> Val Ep. #10 loss: 1.158, accuracy: 54.20, sparsity: 0.601, task1 ratio: 0.399, zero ratio: 0.601, mpl: 1.0
2024-11-14 00:57:52,091 - root - INFO - In train()-> Train Ep. #11 loss: 0.783, accuracy: 68.00, lr: 0.001, sparsity: 0.601, network_width_mpl: 1.0
2024-11-14 00:57:52,187 - root - INFO - In validate()-> Val Ep. #11 loss: 1.172, accuracy: 54.40, sparsity: 0.601, task1 ratio: 0.399, zero ratio: 0.601, mpl: 1.0
2024-11-14 00:57:52,503 - root - INFO - In train()-> Train Ep. #12 loss: 0.806, accuracy: 67.32, lr: 0.001, sparsity: 0.601, network_width_mpl: 1.0
2024-11-14 00:57:52,609 - root - INFO - In validate()-> Val Ep. #12 loss: 1.168, accuracy: 54.40, sparsity: 0.601, task1 ratio: 0.399, zero ratio: 0.601, mpl: 1.0
2024-11-14 00:57:52,940 - root - INFO - In train()-> Train Ep. #13 loss: 0.815, accuracy: 66.08, lr: 0.001, sparsity: 0.601, network_width_mpl: 1.0
2024-11-14 00:57:53,050 - root - INFO - In validate()-> Val Ep. #13 loss: 1.170, accuracy: 54.80, sparsity: 0.601, task1 ratio: 0.399, zero ratio: 0.601, mpl: 1.0
2024-11-14 00:57:53,335 - root - INFO - In train()-> Train Ep. #14 loss: 0.787, accuracy: 68.04, lr: 0.001, sparsity: 0.601, network_width_mpl: 1.0
2024-11-14 00:57:53,432 - root - INFO - In validate()-> Val Ep. #14 loss: 1.154, accuracy: 55.60, sparsity: 0.601, task1 ratio: 0.399, zero ratio: 0.601, mpl: 1.0
2024-11-14 00:57:53,719 - root - INFO - In train()-> Train Ep. #15 loss: 0.776, accuracy: 68.16, lr: 0.001, sparsity: 0.601, network_width_mpl: 1.0
2024-11-14 00:57:53,819 - root - INFO - In validate()-> Val Ep. #15 loss: 1.159, accuracy: 53.80, sparsity: 0.601, task1 ratio: 0.399, zero ratio: 0.601, mpl: 1.0
2024-11-14 00:57:54,112 - root - INFO - In train()-> Train Ep. #16 loss: 0.773, accuracy: 68.68, lr: 0.001, sparsity: 0.601, network_width_mpl: 1.0
2024-11-14 00:57:54,225 - root - INFO - In validate()-> Val Ep. #16 loss: 1.193, accuracy: 54.20, sparsity: 0.601, task1 ratio: 0.399, zero ratio: 0.601, mpl: 1.0
2024-11-14 00:57:54,519 - root - INFO - In train()-> Train Ep. #17 loss: 0.795, accuracy: 67.08, lr: 0.001, sparsity: 0.601, network_width_mpl: 1.0
2024-11-14 00:57:54,625 - root - INFO - In validate()-> Val Ep. #17 loss: 1.181, accuracy: 53.80, sparsity: 0.601, task1 ratio: 0.399, zero ratio: 0.601, mpl: 1.0
2024-11-14 00:57:54,916 - root - INFO - In train()-> Train Ep. #18 loss: 0.795, accuracy: 68.44, lr: 0.001, sparsity: 0.601, network_width_mpl: 1.0
2024-11-14 00:57:55,011 - root - INFO - In validate()-> Val Ep. #18 loss: 1.193, accuracy: 54.00, sparsity: 0.601, task1 ratio: 0.399, zero ratio: 0.601, mpl: 1.0
2024-11-14 00:57:55,315 - root - INFO - In train()-> Train Ep. #19 loss: 0.771, accuracy: 68.44, lr: 0.001, sparsity: 0.601, network_width_mpl: 1.0
2024-11-14 00:57:55,414 - root - INFO - In validate()-> Val Ep. #19 loss: 1.192, accuracy: 54.80, sparsity: 0.601, task1 ratio: 0.399, zero ratio: 0.601, mpl: 1.0
2024-11-14 00:57:55,727 - root - INFO - In train()-> Train Ep. #20 loss: 0.792, accuracy: 67.96, lr: 0.001, sparsity: 0.601, network_width_mpl: 1.0
2024-11-14 00:57:55,825 - root - INFO - In validate()-> Val Ep. #20 loss: 1.178, accuracy: 54.40, sparsity: 0.601, task1 ratio: 0.399, zero ratio: 0.601, mpl: 1.0
2024-11-14 00:57:55,827 - root - INFO - ----------------
2024-11-14 00:57:58,053 - root - INFO - 
2024-11-14 00:57:58,053 - root - INFO - Before pruning: 
2024-11-14 00:57:58,053 - root - INFO - Sparsity range: 0.6 -> 0.7
2024-11-14 00:57:58,053 - root - INFO - we reach the upperbound and still do not get the accuracy over our target on curr task
2024-11-14 00:57:58,053 - root - INFO - remain_num_tasks: 4
2024-11-14 00:57:58,053 - root - INFO - ratio_allow_for_curr_task: 0.2000
2024-11-14 00:57:58,313 - root - INFO - In validate()-> Val Ep. #0 loss: 1.178, accuracy: 54.40, sparsity: 0.601, task1 ratio: 0.399, zero ratio: 0.601, mpl: 1.0
2024-11-14 00:57:58,313 - root - INFO - 
2024-11-14 00:57:58,694 - root - INFO - In train()-> Train Ep. #1 loss: 0.776, accuracy: 68.92, lr: 0.001, sparsity: 0.653, network_width_mpl: 1.0
2024-11-14 00:57:58,822 - root - INFO - In validate()-> Val Ep. #1 loss: 1.273, accuracy: 52.00, sparsity: 0.653, task1 ratio: 0.347, zero ratio: 0.653, mpl: 1.0
2024-11-14 00:57:59,129 - root - INFO - In train()-> Train Ep. #2 loss: 0.843, accuracy: 64.24, lr: 0.001, sparsity: 0.685, network_width_mpl: 1.0
2024-11-14 00:57:59,231 - root - INFO - In validate()-> Val Ep. #2 loss: 1.241, accuracy: 51.80, sparsity: 0.685, task1 ratio: 0.315, zero ratio: 0.685, mpl: 1.0
2024-11-14 00:57:59,539 - root - INFO - In train()-> Train Ep. #3 loss: 0.842, accuracy: 65.20, lr: 0.001, sparsity: 0.698, network_width_mpl: 1.0
2024-11-14 00:57:59,645 - root - INFO - In validate()-> Val Ep. #3 loss: 1.172, accuracy: 53.40, sparsity: 0.698, task1 ratio: 0.302, zero ratio: 0.698, mpl: 1.0
2024-11-14 00:57:59,943 - root - INFO - In train()-> Train Ep. #4 loss: 0.821, accuracy: 65.24, lr: 0.001, sparsity: 0.701, network_width_mpl: 1.0
2024-11-14 00:58:00,054 - root - INFO - In validate()-> Val Ep. #4 loss: 1.175, accuracy: 54.40, sparsity: 0.701, task1 ratio: 0.299, zero ratio: 0.701, mpl: 1.0
2024-11-14 00:58:00,357 - root - INFO - In train()-> Train Ep. #5 loss: 0.797, accuracy: 67.64, lr: 0.001, sparsity: 0.701, network_width_mpl: 1.0
2024-11-14 00:58:00,455 - root - INFO - In validate()-> Val Ep. #5 loss: 1.157, accuracy: 54.40, sparsity: 0.701, task1 ratio: 0.299, zero ratio: 0.701, mpl: 1.0
2024-11-14 00:58:00,774 - root - INFO - In train()-> Train Ep. #6 loss: 0.788, accuracy: 68.40, lr: 0.001, sparsity: 0.701, network_width_mpl: 1.0
2024-11-14 00:58:00,892 - root - INFO - In validate()-> Val Ep. #6 loss: 1.162, accuracy: 53.20, sparsity: 0.701, task1 ratio: 0.299, zero ratio: 0.701, mpl: 1.0
2024-11-14 00:58:01,208 - root - INFO - In train()-> Train Ep. #7 loss: 0.793, accuracy: 68.00, lr: 0.001, sparsity: 0.701, network_width_mpl: 1.0
2024-11-14 00:58:01,313 - root - INFO - In validate()-> Val Ep. #7 loss: 1.175, accuracy: 53.80, sparsity: 0.701, task1 ratio: 0.299, zero ratio: 0.701, mpl: 1.0
2024-11-14 00:58:01,604 - root - INFO - In train()-> Train Ep. #8 loss: 0.780, accuracy: 67.56, lr: 0.001, sparsity: 0.701, network_width_mpl: 1.0
2024-11-14 00:58:01,712 - root - INFO - In validate()-> Val Ep. #8 loss: 1.183, accuracy: 54.20, sparsity: 0.701, task1 ratio: 0.299, zero ratio: 0.701, mpl: 1.0
2024-11-14 00:58:02,034 - root - INFO - In train()-> Train Ep. #9 loss: 0.771, accuracy: 69.48, lr: 0.001, sparsity: 0.701, network_width_mpl: 1.0
2024-11-14 00:58:02,148 - root - INFO - In validate()-> Val Ep. #9 loss: 1.183, accuracy: 53.20, sparsity: 0.701, task1 ratio: 0.299, zero ratio: 0.701, mpl: 1.0
2024-11-14 00:58:02,462 - root - INFO - In train()-> Train Ep. #10 loss: 0.772, accuracy: 68.92, lr: 0.001, sparsity: 0.701, network_width_mpl: 1.0
2024-11-14 00:58:02,573 - root - INFO - In validate()-> Val Ep. #10 loss: 1.179, accuracy: 54.20, sparsity: 0.701, task1 ratio: 0.299, zero ratio: 0.701, mpl: 1.0
2024-11-14 00:58:02,869 - root - INFO - In train()-> Train Ep. #11 loss: 0.766, accuracy: 69.24, lr: 0.001, sparsity: 0.701, network_width_mpl: 1.0
2024-11-14 00:58:02,988 - root - INFO - In validate()-> Val Ep. #11 loss: 1.191, accuracy: 53.00, sparsity: 0.701, task1 ratio: 0.299, zero ratio: 0.701, mpl: 1.0
2024-11-14 00:58:03,309 - root - INFO - In train()-> Train Ep. #12 loss: 0.789, accuracy: 69.12, lr: 0.001, sparsity: 0.701, network_width_mpl: 1.0
2024-11-14 00:58:03,414 - root - INFO - In validate()-> Val Ep. #12 loss: 1.181, accuracy: 53.20, sparsity: 0.701, task1 ratio: 0.299, zero ratio: 0.701, mpl: 1.0
2024-11-14 00:58:03,736 - root - INFO - In train()-> Train Ep. #13 loss: 0.795, accuracy: 67.76, lr: 0.001, sparsity: 0.701, network_width_mpl: 1.0
2024-11-14 00:58:03,834 - root - INFO - In validate()-> Val Ep. #13 loss: 1.187, accuracy: 53.20, sparsity: 0.701, task1 ratio: 0.299, zero ratio: 0.701, mpl: 1.0
2024-11-14 00:58:04,145 - root - INFO - In train()-> Train Ep. #14 loss: 0.767, accuracy: 69.64, lr: 0.001, sparsity: 0.701, network_width_mpl: 1.0
2024-11-14 00:58:04,245 - root - INFO - In validate()-> Val Ep. #14 loss: 1.173, accuracy: 55.00, sparsity: 0.701, task1 ratio: 0.299, zero ratio: 0.701, mpl: 1.0
2024-11-14 00:58:04,557 - root - INFO - In train()-> Train Ep. #15 loss: 0.759, accuracy: 69.00, lr: 0.001, sparsity: 0.701, network_width_mpl: 1.0
2024-11-14 00:58:04,671 - root - INFO - In validate()-> Val Ep. #15 loss: 1.175, accuracy: 54.00, sparsity: 0.701, task1 ratio: 0.299, zero ratio: 0.701, mpl: 1.0
2024-11-14 00:58:04,952 - root - INFO - In train()-> Train Ep. #16 loss: 0.754, accuracy: 70.52, lr: 0.001, sparsity: 0.701, network_width_mpl: 1.0
2024-11-14 00:58:05,073 - root - INFO - In validate()-> Val Ep. #16 loss: 1.212, accuracy: 53.80, sparsity: 0.701, task1 ratio: 0.299, zero ratio: 0.701, mpl: 1.0
2024-11-14 00:58:05,377 - root - INFO - In train()-> Train Ep. #17 loss: 0.773, accuracy: 68.44, lr: 0.001, sparsity: 0.701, network_width_mpl: 1.0
2024-11-14 00:58:05,487 - root - INFO - In validate()-> Val Ep. #17 loss: 1.196, accuracy: 53.20, sparsity: 0.701, task1 ratio: 0.299, zero ratio: 0.701, mpl: 1.0
2024-11-14 00:58:05,792 - root - INFO - In train()-> Train Ep. #18 loss: 0.772, accuracy: 69.24, lr: 0.001, sparsity: 0.701, network_width_mpl: 1.0
2024-11-14 00:58:05,898 - root - INFO - In validate()-> Val Ep. #18 loss: 1.213, accuracy: 53.20, sparsity: 0.701, task1 ratio: 0.299, zero ratio: 0.701, mpl: 1.0
2024-11-14 00:58:06,191 - root - INFO - In train()-> Train Ep. #19 loss: 0.750, accuracy: 70.00, lr: 0.001, sparsity: 0.701, network_width_mpl: 1.0
2024-11-14 00:58:06,306 - root - INFO - In validate()-> Val Ep. #19 loss: 1.212, accuracy: 52.60, sparsity: 0.701, task1 ratio: 0.299, zero ratio: 0.701, mpl: 1.0
2024-11-14 00:58:06,619 - root - INFO - In train()-> Train Ep. #20 loss: 0.774, accuracy: 68.80, lr: 0.001, sparsity: 0.701, network_width_mpl: 1.0
2024-11-14 00:58:06,733 - root - INFO - In validate()-> Val Ep. #20 loss: 1.204, accuracy: 53.40, sparsity: 0.701, task1 ratio: 0.299, zero ratio: 0.701, mpl: 1.0
2024-11-14 00:58:06,735 - root - INFO - ----------------
2024-11-14 00:58:08,934 - root - INFO - 
2024-11-14 00:58:08,934 - root - INFO - Before pruning: 
2024-11-14 00:58:08,934 - root - INFO - Sparsity range: 0.7 -> 0.8
2024-11-14 00:58:08,934 - root - INFO - we reach the upperbound and still do not get the accuracy over our target on curr task
2024-11-14 00:58:08,934 - root - INFO - remain_num_tasks: 4
2024-11-14 00:58:08,934 - root - INFO - ratio_allow_for_curr_task: 0.2000
2024-11-14 00:58:09,193 - root - INFO - In validate()-> Val Ep. #0 loss: 1.204, accuracy: 53.40, sparsity: 0.701, task1 ratio: 0.299, zero ratio: 0.701, mpl: 1.0
2024-11-14 00:58:09,193 - root - INFO - 
2024-11-14 00:58:09,565 - root - INFO - In train()-> Train Ep. #1 loss: 0.759, accuracy: 69.28, lr: 0.001, sparsity: 0.753, network_width_mpl: 1.0
2024-11-14 00:58:09,669 - root - INFO - In validate()-> Val Ep. #1 loss: 1.289, accuracy: 50.80, sparsity: 0.753, task1 ratio: 0.247, zero ratio: 0.753, mpl: 1.0
2024-11-14 00:58:09,964 - root - INFO - In train()-> Train Ep. #2 loss: 0.880, accuracy: 63.48, lr: 0.001, sparsity: 0.785, network_width_mpl: 1.0
2024-11-14 00:58:10,061 - root - INFO - In validate()-> Val Ep. #2 loss: 1.316, accuracy: 50.20, sparsity: 0.785, task1 ratio: 0.215, zero ratio: 0.785, mpl: 1.0
2024-11-14 00:58:10,426 - root - INFO - In train()-> Train Ep. #3 loss: 0.929, accuracy: 61.08, lr: 0.001, sparsity: 0.798, network_width_mpl: 1.0
2024-11-14 00:58:10,524 - root - INFO - In validate()-> Val Ep. #3 loss: 1.333, accuracy: 48.40, sparsity: 0.798, task1 ratio: 0.202, zero ratio: 0.798, mpl: 1.0
2024-11-14 00:58:10,862 - root - INFO - In train()-> Train Ep. #4 loss: 0.887, accuracy: 62.60, lr: 0.001, sparsity: 0.801, network_width_mpl: 1.0
2024-11-14 00:58:10,960 - root - INFO - In validate()-> Val Ep. #4 loss: 1.167, accuracy: 53.20, sparsity: 0.801, task1 ratio: 0.199, zero ratio: 0.801, mpl: 1.0
2024-11-14 00:58:11,265 - root - INFO - In train()-> Train Ep. #5 loss: 0.843, accuracy: 65.84, lr: 0.001, sparsity: 0.801, network_width_mpl: 1.0
2024-11-14 00:58:11,371 - root - INFO - In validate()-> Val Ep. #5 loss: 1.153, accuracy: 53.40, sparsity: 0.801, task1 ratio: 0.199, zero ratio: 0.801, mpl: 1.0
2024-11-14 00:58:11,686 - root - INFO - In train()-> Train Ep. #6 loss: 0.828, accuracy: 65.84, lr: 0.001, sparsity: 0.801, network_width_mpl: 1.0
2024-11-14 00:58:11,785 - root - INFO - In validate()-> Val Ep. #6 loss: 1.152, accuracy: 53.20, sparsity: 0.801, task1 ratio: 0.199, zero ratio: 0.801, mpl: 1.0
2024-11-14 00:58:12,137 - root - INFO - In train()-> Train Ep. #7 loss: 0.827, accuracy: 65.68, lr: 0.001, sparsity: 0.801, network_width_mpl: 1.0
2024-11-14 00:58:12,250 - root - INFO - In validate()-> Val Ep. #7 loss: 1.154, accuracy: 54.80, sparsity: 0.801, task1 ratio: 0.199, zero ratio: 0.801, mpl: 1.0
2024-11-14 00:58:12,565 - root - INFO - In train()-> Train Ep. #8 loss: 0.797, accuracy: 67.08, lr: 0.001, sparsity: 0.801, network_width_mpl: 1.0
2024-11-14 00:58:12,667 - root - INFO - In validate()-> Val Ep. #8 loss: 1.164, accuracy: 53.80, sparsity: 0.801, task1 ratio: 0.199, zero ratio: 0.801, mpl: 1.0
2024-11-14 00:58:12,983 - root - INFO - In train()-> Train Ep. #9 loss: 0.800, accuracy: 67.56, lr: 0.001, sparsity: 0.801, network_width_mpl: 1.0
2024-11-14 00:58:13,103 - root - INFO - In validate()-> Val Ep. #9 loss: 1.164, accuracy: 54.40, sparsity: 0.801, task1 ratio: 0.199, zero ratio: 0.801, mpl: 1.0
2024-11-14 00:58:13,416 - root - INFO - In train()-> Train Ep. #10 loss: 0.791, accuracy: 67.88, lr: 0.001, sparsity: 0.801, network_width_mpl: 1.0
2024-11-14 00:58:13,519 - root - INFO - In validate()-> Val Ep. #10 loss: 1.163, accuracy: 54.40, sparsity: 0.801, task1 ratio: 0.199, zero ratio: 0.801, mpl: 1.0
2024-11-14 00:58:13,837 - root - INFO - In train()-> Train Ep. #11 loss: 0.782, accuracy: 69.32, lr: 0.001, sparsity: 0.801, network_width_mpl: 1.0
2024-11-14 00:58:13,938 - root - INFO - In validate()-> Val Ep. #11 loss: 1.174, accuracy: 54.20, sparsity: 0.801, task1 ratio: 0.199, zero ratio: 0.801, mpl: 1.0
2024-11-14 00:58:14,258 - root - INFO - In train()-> Train Ep. #12 loss: 0.794, accuracy: 67.68, lr: 0.001, sparsity: 0.801, network_width_mpl: 1.0
2024-11-14 00:58:14,355 - root - INFO - In validate()-> Val Ep. #12 loss: 1.173, accuracy: 54.20, sparsity: 0.801, task1 ratio: 0.199, zero ratio: 0.801, mpl: 1.0
2024-11-14 00:58:14,675 - root - INFO - In train()-> Train Ep. #13 loss: 0.809, accuracy: 66.40, lr: 0.001, sparsity: 0.801, network_width_mpl: 1.0
2024-11-14 00:58:14,770 - root - INFO - In validate()-> Val Ep. #13 loss: 1.180, accuracy: 53.20, sparsity: 0.801, task1 ratio: 0.199, zero ratio: 0.801, mpl: 1.0
2024-11-14 00:58:15,072 - root - INFO - In train()-> Train Ep. #14 loss: 0.787, accuracy: 68.20, lr: 0.001, sparsity: 0.801, network_width_mpl: 1.0
2024-11-14 00:58:15,190 - root - INFO - In validate()-> Val Ep. #14 loss: 1.159, accuracy: 56.00, sparsity: 0.801, task1 ratio: 0.199, zero ratio: 0.801, mpl: 1.0
2024-11-14 00:58:15,527 - root - INFO - In train()-> Train Ep. #15 loss: 0.788, accuracy: 67.64, lr: 0.001, sparsity: 0.801, network_width_mpl: 1.0
2024-11-14 00:58:15,640 - root - INFO - In validate()-> Val Ep. #15 loss: 1.166, accuracy: 55.60, sparsity: 0.801, task1 ratio: 0.199, zero ratio: 0.801, mpl: 1.0
2024-11-14 00:58:15,929 - root - INFO - In train()-> Train Ep. #16 loss: 0.777, accuracy: 68.16, lr: 0.001, sparsity: 0.801, network_width_mpl: 1.0
2024-11-14 00:58:16,046 - root - INFO - In validate()-> Val Ep. #16 loss: 1.191, accuracy: 55.80, sparsity: 0.801, task1 ratio: 0.199, zero ratio: 0.801, mpl: 1.0
2024-11-14 00:58:16,329 - root - INFO - In train()-> Train Ep. #17 loss: 0.787, accuracy: 67.60, lr: 0.001, sparsity: 0.801, network_width_mpl: 1.0
2024-11-14 00:58:16,442 - root - INFO - In validate()-> Val Ep. #17 loss: 1.185, accuracy: 54.60, sparsity: 0.801, task1 ratio: 0.199, zero ratio: 0.801, mpl: 1.0
2024-11-14 00:58:16,752 - root - INFO - In train()-> Train Ep. #18 loss: 0.794, accuracy: 68.28, lr: 0.001, sparsity: 0.801, network_width_mpl: 1.0
2024-11-14 00:58:16,879 - root - INFO - In validate()-> Val Ep. #18 loss: 1.195, accuracy: 54.40, sparsity: 0.801, task1 ratio: 0.199, zero ratio: 0.801, mpl: 1.0
2024-11-14 00:58:17,177 - root - INFO - In train()-> Train Ep. #19 loss: 0.771, accuracy: 68.96, lr: 0.001, sparsity: 0.801, network_width_mpl: 1.0
2024-11-14 00:58:17,274 - root - INFO - In validate()-> Val Ep. #19 loss: 1.202, accuracy: 53.60, sparsity: 0.801, task1 ratio: 0.199, zero ratio: 0.801, mpl: 1.0
2024-11-14 00:58:17,575 - root - INFO - In train()-> Train Ep. #20 loss: 0.788, accuracy: 67.16, lr: 0.001, sparsity: 0.801, network_width_mpl: 1.0
2024-11-14 00:58:17,681 - root - INFO - In validate()-> Val Ep. #20 loss: 1.185, accuracy: 55.60, sparsity: 0.801, task1 ratio: 0.199, zero ratio: 0.801, mpl: 1.0
2024-11-14 00:58:17,683 - root - INFO - ----------------
2024-11-14 00:58:19,926 - root - INFO - 
2024-11-14 00:58:19,927 - root - INFO - Before pruning: 
2024-11-14 00:58:19,927 - root - INFO - Sparsity range: 0.8 -> 0.9
2024-11-14 00:58:19,927 - root - INFO - we reach the upperbound and still do not get the accuracy over our target on curr task
2024-11-14 00:58:19,927 - root - INFO - remain_num_tasks: 4
2024-11-14 00:58:19,927 - root - INFO - ratio_allow_for_curr_task: 0.2000
2024-11-14 00:58:22,053 - root - INFO - 
2024-11-14 00:58:22,053 - root - INFO - Before pruning: 
2024-11-14 00:58:22,053 - root - INFO - Sparsity range: 0.9 -> 0.95
2024-11-14 00:58:22,053 - root - INFO - we reach the upperbound and still do not get the accuracy over our target on curr task
2024-11-14 00:58:22,053 - root - INFO - remain_num_tasks: 4
2024-11-14 00:58:22,053 - root - INFO - ratio_allow_for_curr_task: 0.2000
