2024-11-14 01:30:35,763 - root - INFO - Finetune stage...
2024-11-14 01:30:36,243 - root - INFO - In train()-> Train Ep. #1 loss: 1.610, accuracy: 18.76, lr: 0.01, sparsity: 0.000, network_width_mpl: 1.0
2024-11-14 01:30:36,355 - root - INFO - In validate()-> Val Ep. #1 loss: 1.609, accuracy: 20.00, sparsity: 0.000, task1 ratio: 1.000, zero ratio: 0.000, mpl: 1.0
2024-11-14 01:30:36,662 - root - INFO - In train()-> Train Ep. #2 loss: 1.610, accuracy: 19.68, lr: 0.01, sparsity: 0.000, network_width_mpl: 1.0
2024-11-14 01:30:36,767 - root - INFO - In validate()-> Val Ep. #2 loss: 1.608, accuracy: 20.00, sparsity: 0.000, task1 ratio: 1.000, zero ratio: 0.000, mpl: 1.0
2024-11-14 01:30:37,073 - root - INFO - In train()-> Train Ep. #3 loss: 1.608, accuracy: 22.20, lr: 0.01, sparsity: 0.000, network_width_mpl: 1.0
2024-11-14 01:30:37,192 - root - INFO - In validate()-> Val Ep. #3 loss: 1.598, accuracy: 20.00, sparsity: 0.000, task1 ratio: 1.000, zero ratio: 0.000, mpl: 1.0
2024-11-14 01:30:37,559 - root - INFO - In train()-> Train Ep. #4 loss: 1.580, accuracy: 24.00, lr: 0.01, sparsity: 0.000, network_width_mpl: 1.0
2024-11-14 01:30:37,670 - root - INFO - In validate()-> Val Ep. #4 loss: 1.526, accuracy: 31.80, sparsity: 0.000, task1 ratio: 1.000, zero ratio: 0.000, mpl: 1.0
2024-11-14 01:30:38,005 - root - INFO - In train()-> Train Ep. #5 loss: 1.532, accuracy: 27.76, lr: 0.01, sparsity: 0.000, network_width_mpl: 1.0
2024-11-14 01:30:38,126 - root - INFO - In validate()-> Val Ep. #5 loss: 1.471, accuracy: 33.20, sparsity: 0.000, task1 ratio: 1.000, zero ratio: 0.000, mpl: 1.0
2024-11-14 01:30:38,458 - root - INFO - In train()-> Train Ep. #6 loss: 1.503, accuracy: 32.88, lr: 0.01, sparsity: 0.000, network_width_mpl: 1.0
2024-11-14 01:30:38,576 - root - INFO - In validate()-> Val Ep. #6 loss: 1.448, accuracy: 36.60, sparsity: 0.000, task1 ratio: 1.000, zero ratio: 0.000, mpl: 1.0
2024-11-14 01:30:38,884 - root - INFO - In train()-> Train Ep. #7 loss: 1.448, accuracy: 38.24, lr: 0.01, sparsity: 0.000, network_width_mpl: 1.0
2024-11-14 01:30:38,997 - root - INFO - In validate()-> Val Ep. #7 loss: 1.355, accuracy: 39.00, sparsity: 0.000, task1 ratio: 1.000, zero ratio: 0.000, mpl: 1.0
2024-11-14 01:30:39,289 - root - INFO - In train()-> Train Ep. #8 loss: 1.390, accuracy: 38.48, lr: 0.01, sparsity: 0.000, network_width_mpl: 1.0
2024-11-14 01:30:39,393 - root - INFO - In validate()-> Val Ep. #8 loss: 1.309, accuracy: 45.40, sparsity: 0.000, task1 ratio: 1.000, zero ratio: 0.000, mpl: 1.0
2024-11-14 01:30:39,689 - root - INFO - In train()-> Train Ep. #9 loss: 1.340, accuracy: 41.64, lr: 0.01, sparsity: 0.000, network_width_mpl: 1.0
2024-11-14 01:30:39,801 - root - INFO - In validate()-> Val Ep. #9 loss: 1.294, accuracy: 44.80, sparsity: 0.000, task1 ratio: 1.000, zero ratio: 0.000, mpl: 1.0
2024-11-14 01:30:52,659 - root - INFO - In train()-> Train Ep. #10 loss: 1.301, accuracy: 44.36, lr: 0.01, sparsity: 0.000, network_width_mpl: 1.0
2024-11-14 01:30:52,766 - root - INFO - In validate()-> Val Ep. #10 loss: 1.283, accuracy: 42.80, sparsity: 0.000, task1 ratio: 1.000, zero ratio: 0.000, mpl: 1.0
2024-11-14 01:30:53,071 - root - INFO - In train()-> Train Ep. #11 loss: 1.298, accuracy: 44.00, lr: 0.01, sparsity: 0.000, network_width_mpl: 1.0
2024-11-14 01:30:53,192 - root - INFO - In validate()-> Val Ep. #11 loss: 1.299, accuracy: 46.40, sparsity: 0.000, task1 ratio: 1.000, zero ratio: 0.000, mpl: 1.0
2024-11-14 01:30:53,511 - root - INFO - In train()-> Train Ep. #12 loss: 1.269, accuracy: 46.92, lr: 0.01, sparsity: 0.000, network_width_mpl: 1.0
2024-11-14 01:30:53,625 - root - INFO - In validate()-> Val Ep. #12 loss: 1.186, accuracy: 50.20, sparsity: 0.000, task1 ratio: 1.000, zero ratio: 0.000, mpl: 1.0
2024-11-14 01:30:53,975 - root - INFO - In train()-> Train Ep. #13 loss: 1.254, accuracy: 46.52, lr: 0.01, sparsity: 0.000, network_width_mpl: 1.0
2024-11-14 01:30:54,090 - root - INFO - In validate()-> Val Ep. #13 loss: 1.185, accuracy: 47.60, sparsity: 0.000, task1 ratio: 1.000, zero ratio: 0.000, mpl: 1.0
2024-11-14 01:30:54,395 - root - INFO - In train()-> Train Ep. #14 loss: 1.226, accuracy: 49.60, lr: 0.01, sparsity: 0.000, network_width_mpl: 1.0
2024-11-14 01:30:54,511 - root - INFO - In validate()-> Val Ep. #14 loss: 1.153, accuracy: 50.60, sparsity: 0.000, task1 ratio: 1.000, zero ratio: 0.000, mpl: 1.0
2024-11-14 01:30:54,832 - root - INFO - In train()-> Train Ep. #15 loss: 1.207, accuracy: 48.44, lr: 0.01, sparsity: 0.000, network_width_mpl: 1.0
2024-11-14 01:30:54,947 - root - INFO - In validate()-> Val Ep. #15 loss: 1.164, accuracy: 51.80, sparsity: 0.000, task1 ratio: 1.000, zero ratio: 0.000, mpl: 1.0
2024-11-14 01:30:55,282 - root - INFO - In train()-> Train Ep. #16 loss: 1.206, accuracy: 50.04, lr: 0.01, sparsity: 0.000, network_width_mpl: 1.0
2024-11-14 01:30:55,408 - root - INFO - In validate()-> Val Ep. #16 loss: 1.166, accuracy: 50.60, sparsity: 0.000, task1 ratio: 1.000, zero ratio: 0.000, mpl: 1.0
2024-11-14 01:30:55,714 - root - INFO - In train()-> Train Ep. #17 loss: 1.193, accuracy: 49.88, lr: 0.01, sparsity: 0.000, network_width_mpl: 1.0
2024-11-14 01:30:55,823 - root - INFO - In validate()-> Val Ep. #17 loss: 1.146, accuracy: 52.60, sparsity: 0.000, task1 ratio: 1.000, zero ratio: 0.000, mpl: 1.0
2024-11-14 01:30:56,199 - root - INFO - In train()-> Train Ep. #18 loss: 1.157, accuracy: 52.32, lr: 0.01, sparsity: 0.000, network_width_mpl: 1.0
2024-11-14 01:30:56,315 - root - INFO - In validate()-> Val Ep. #18 loss: 1.089, accuracy: 57.20, sparsity: 0.000, task1 ratio: 1.000, zero ratio: 0.000, mpl: 1.0
2024-11-14 01:30:56,613 - root - INFO - In train()-> Train Ep. #19 loss: 1.136, accuracy: 53.28, lr: 0.01, sparsity: 0.000, network_width_mpl: 1.0
2024-11-14 01:30:56,730 - root - INFO - In validate()-> Val Ep. #19 loss: 1.071, accuracy: 57.00, sparsity: 0.000, task1 ratio: 1.000, zero ratio: 0.000, mpl: 1.0
2024-11-14 01:30:57,058 - root - INFO - In train()-> Train Ep. #20 loss: 1.133, accuracy: 53.80, lr: 0.01, sparsity: 0.000, network_width_mpl: 1.0
2024-11-14 01:30:57,166 - root - INFO - In validate()-> Val Ep. #20 loss: 1.124, accuracy: 56.80, sparsity: 0.000, task1 ratio: 1.000, zero ratio: 0.000, mpl: 1.0
2024-11-14 01:30:57,506 - root - INFO - In train()-> Train Ep. #21 loss: 1.105, accuracy: 55.04, lr: 0.01, sparsity: 0.000, network_width_mpl: 1.0
2024-11-14 01:30:57,626 - root - INFO - In validate()-> Val Ep. #21 loss: 1.094, accuracy: 54.60, sparsity: 0.000, task1 ratio: 1.000, zero ratio: 0.000, mpl: 1.0
2024-11-14 01:30:57,942 - root - INFO - In train()-> Train Ep. #22 loss: 1.099, accuracy: 54.76, lr: 0.01, sparsity: 0.000, network_width_mpl: 1.0
2024-11-14 01:30:58,056 - root - INFO - In validate()-> Val Ep. #22 loss: 1.029, accuracy: 59.60, sparsity: 0.000, task1 ratio: 1.000, zero ratio: 0.000, mpl: 1.0
2024-11-14 01:30:58,354 - root - INFO - In train()-> Train Ep. #23 loss: 1.072, accuracy: 55.04, lr: 0.01, sparsity: 0.000, network_width_mpl: 1.0
2024-11-14 01:30:58,459 - root - INFO - In validate()-> Val Ep. #23 loss: 1.041, accuracy: 58.00, sparsity: 0.000, task1 ratio: 1.000, zero ratio: 0.000, mpl: 1.0
2024-11-14 01:30:58,788 - root - INFO - In train()-> Train Ep. #24 loss: 1.068, accuracy: 56.56, lr: 0.01, sparsity: 0.000, network_width_mpl: 1.0
2024-11-14 01:30:58,895 - root - INFO - In validate()-> Val Ep. #24 loss: 1.194, accuracy: 54.20, sparsity: 0.000, task1 ratio: 1.000, zero ratio: 0.000, mpl: 1.0
2024-11-14 01:30:59,224 - root - INFO - In train()-> Train Ep. #25 loss: 1.076, accuracy: 56.12, lr: 0.01, sparsity: 0.000, network_width_mpl: 1.0
2024-11-14 01:30:59,342 - root - INFO - In validate()-> Val Ep. #25 loss: 1.020, accuracy: 57.80, sparsity: 0.000, task1 ratio: 1.000, zero ratio: 0.000, mpl: 1.0
2024-11-14 01:30:59,665 - root - INFO - In train()-> Train Ep. #26 loss: 1.061, accuracy: 58.20, lr: 0.01, sparsity: 0.000, network_width_mpl: 1.0
2024-11-14 01:30:59,778 - root - INFO - In validate()-> Val Ep. #26 loss: 0.994, accuracy: 62.20, sparsity: 0.000, task1 ratio: 1.000, zero ratio: 0.000, mpl: 1.0
2024-11-14 01:31:00,111 - root - INFO - In train()-> Train Ep. #27 loss: 1.041, accuracy: 59.00, lr: 0.01, sparsity: 0.000, network_width_mpl: 1.0
2024-11-14 01:31:00,227 - root - INFO - In validate()-> Val Ep. #27 loss: 1.031, accuracy: 58.20, sparsity: 0.000, task1 ratio: 1.000, zero ratio: 0.000, mpl: 1.0
2024-11-14 01:31:00,545 - root - INFO - In train()-> Train Ep. #28 loss: 1.029, accuracy: 59.96, lr: 0.01, sparsity: 0.000, network_width_mpl: 1.0
2024-11-14 01:31:00,656 - root - INFO - In validate()-> Val Ep. #28 loss: 1.103, accuracy: 59.20, sparsity: 0.000, task1 ratio: 1.000, zero ratio: 0.000, mpl: 1.0
2024-11-14 01:31:00,961 - root - INFO - In train()-> Train Ep. #29 loss: 1.018, accuracy: 59.44, lr: 0.01, sparsity: 0.000, network_width_mpl: 1.0
2024-11-14 01:31:01,077 - root - INFO - In validate()-> Val Ep. #29 loss: 0.956, accuracy: 62.20, sparsity: 0.000, task1 ratio: 1.000, zero ratio: 0.000, mpl: 1.0
2024-11-14 01:31:01,397 - root - INFO - In train()-> Train Ep. #30 loss: 1.008, accuracy: 59.32, lr: 0.01, sparsity: 0.000, network_width_mpl: 1.0
2024-11-14 01:31:01,510 - root - INFO - In validate()-> Val Ep. #30 loss: 0.949, accuracy: 62.40, sparsity: 0.000, task1 ratio: 1.000, zero ratio: 0.000, mpl: 1.0
2024-11-14 01:31:01,849 - root - INFO - In train()-> Train Ep. #31 loss: 0.988, accuracy: 60.32, lr: 0.01, sparsity: 0.000, network_width_mpl: 1.0
2024-11-14 01:31:01,956 - root - INFO - In validate()-> Val Ep. #31 loss: 0.940, accuracy: 62.60, sparsity: 0.000, task1 ratio: 1.000, zero ratio: 0.000, mpl: 1.0
2024-11-14 01:31:02,289 - root - INFO - In train()-> Train Ep. #32 loss: 0.990, accuracy: 60.36, lr: 0.01, sparsity: 0.000, network_width_mpl: 1.0
2024-11-14 01:31:02,410 - root - INFO - In validate()-> Val Ep. #32 loss: 1.002, accuracy: 62.60, sparsity: 0.000, task1 ratio: 1.000, zero ratio: 0.000, mpl: 1.0
2024-11-14 01:31:02,726 - root - INFO - In train()-> Train Ep. #33 loss: 0.988, accuracy: 61.72, lr: 0.01, sparsity: 0.000, network_width_mpl: 1.0
2024-11-14 01:31:02,846 - root - INFO - In validate()-> Val Ep. #33 loss: 0.961, accuracy: 63.40, sparsity: 0.000, task1 ratio: 1.000, zero ratio: 0.000, mpl: 1.0
2024-11-14 01:31:03,157 - root - INFO - In train()-> Train Ep. #34 loss: 0.986, accuracy: 60.04, lr: 0.01, sparsity: 0.000, network_width_mpl: 1.0
2024-11-14 01:31:03,264 - root - INFO - In validate()-> Val Ep. #34 loss: 1.028, accuracy: 60.20, sparsity: 0.000, task1 ratio: 1.000, zero ratio: 0.000, mpl: 1.0
2024-11-14 01:31:03,562 - root - INFO - In train()-> Train Ep. #35 loss: 0.960, accuracy: 62.68, lr: 0.01, sparsity: 0.000, network_width_mpl: 1.0
2024-11-14 01:31:03,677 - root - INFO - In validate()-> Val Ep. #35 loss: 0.993, accuracy: 60.80, sparsity: 0.000, task1 ratio: 1.000, zero ratio: 0.000, mpl: 1.0
2024-11-14 01:31:04,015 - root - INFO - In train()-> Train Ep. #36 loss: 0.955, accuracy: 62.40, lr: 0.01, sparsity: 0.000, network_width_mpl: 1.0
2024-11-14 01:31:04,123 - root - INFO - In validate()-> Val Ep. #36 loss: 0.936, accuracy: 64.20, sparsity: 0.000, task1 ratio: 1.000, zero ratio: 0.000, mpl: 1.0
2024-11-14 01:31:04,431 - root - INFO - In train()-> Train Ep. #37 loss: 0.933, accuracy: 62.76, lr: 0.01, sparsity: 0.000, network_width_mpl: 1.0
2024-11-14 01:31:04,544 - root - INFO - In validate()-> Val Ep. #37 loss: 0.911, accuracy: 65.40, sparsity: 0.000, task1 ratio: 1.000, zero ratio: 0.000, mpl: 1.0
2024-11-14 01:31:04,886 - root - INFO - In train()-> Train Ep. #38 loss: 0.957, accuracy: 62.16, lr: 0.01, sparsity: 0.000, network_width_mpl: 1.0
2024-11-14 01:31:04,996 - root - INFO - In validate()-> Val Ep. #38 loss: 0.944, accuracy: 64.80, sparsity: 0.000, task1 ratio: 1.000, zero ratio: 0.000, mpl: 1.0
2024-11-14 01:31:05,332 - root - INFO - In train()-> Train Ep. #39 loss: 0.943, accuracy: 63.56, lr: 0.01, sparsity: 0.000, network_width_mpl: 1.0
2024-11-14 01:31:05,443 - root - INFO - In validate()-> Val Ep. #39 loss: 0.931, accuracy: 64.20, sparsity: 0.000, task1 ratio: 1.000, zero ratio: 0.000, mpl: 1.0
2024-11-14 01:31:05,753 - root - INFO - In train()-> Train Ep. #40 loss: 0.921, accuracy: 64.28, lr: 0.01, sparsity: 0.000, network_width_mpl: 1.0
2024-11-14 01:31:05,871 - root - INFO - In validate()-> Val Ep. #40 loss: 0.985, accuracy: 63.20, sparsity: 0.000, task1 ratio: 1.000, zero ratio: 0.000, mpl: 1.0
2024-11-14 01:31:06,183 - root - INFO - In train()-> Train Ep. #41 loss: 0.918, accuracy: 65.00, lr: 0.01, sparsity: 0.000, network_width_mpl: 1.0
2024-11-14 01:31:06,299 - root - INFO - In validate()-> Val Ep. #41 loss: 0.932, accuracy: 64.20, sparsity: 0.000, task1 ratio: 1.000, zero ratio: 0.000, mpl: 1.0
2024-11-14 01:31:06,593 - root - INFO - In train()-> Train Ep. #42 loss: 0.924, accuracy: 64.00, lr: 0.01, sparsity: 0.000, network_width_mpl: 1.0
2024-11-14 01:31:06,703 - root - INFO - In validate()-> Val Ep. #42 loss: 0.935, accuracy: 64.60, sparsity: 0.000, task1 ratio: 1.000, zero ratio: 0.000, mpl: 1.0
2024-11-14 01:31:07,005 - root - INFO - In train()-> Train Ep. #43 loss: 0.897, accuracy: 65.80, lr: 0.01, sparsity: 0.000, network_width_mpl: 1.0
2024-11-14 01:31:07,113 - root - INFO - In validate()-> Val Ep. #43 loss: 0.881, accuracy: 66.80, sparsity: 0.000, task1 ratio: 1.000, zero ratio: 0.000, mpl: 1.0
2024-11-14 01:31:07,431 - root - INFO - In train()-> Train Ep. #44 loss: 0.890, accuracy: 65.48, lr: 0.01, sparsity: 0.000, network_width_mpl: 1.0
2024-11-14 01:31:07,551 - root - INFO - In validate()-> Val Ep. #44 loss: 0.926, accuracy: 67.00, sparsity: 0.000, task1 ratio: 1.000, zero ratio: 0.000, mpl: 1.0
2024-11-14 01:31:07,882 - root - INFO - In train()-> Train Ep. #45 loss: 0.874, accuracy: 66.72, lr: 0.01, sparsity: 0.000, network_width_mpl: 1.0
2024-11-14 01:31:07,994 - root - INFO - In validate()-> Val Ep. #45 loss: 1.011, accuracy: 61.40, sparsity: 0.000, task1 ratio: 1.000, zero ratio: 0.000, mpl: 1.0
2024-11-14 01:31:08,307 - root - INFO - In train()-> Train Ep. #46 loss: 0.870, accuracy: 66.72, lr: 0.01, sparsity: 0.000, network_width_mpl: 1.0
2024-11-14 01:31:08,427 - root - INFO - In validate()-> Val Ep. #46 loss: 0.925, accuracy: 64.20, sparsity: 0.000, task1 ratio: 1.000, zero ratio: 0.000, mpl: 1.0
2024-11-14 01:31:08,718 - root - INFO - In train()-> Train Ep. #47 loss: 0.876, accuracy: 65.04, lr: 0.01, sparsity: 0.000, network_width_mpl: 1.0
2024-11-14 01:31:08,825 - root - INFO - In validate()-> Val Ep. #47 loss: 0.901, accuracy: 66.60, sparsity: 0.000, task1 ratio: 1.000, zero ratio: 0.000, mpl: 1.0
2024-11-14 01:31:09,146 - root - INFO - In train()-> Train Ep. #48 loss: 0.852, accuracy: 66.92, lr: 0.01, sparsity: 0.000, network_width_mpl: 1.0
2024-11-14 01:31:09,273 - root - INFO - In validate()-> Val Ep. #48 loss: 0.881, accuracy: 66.80, sparsity: 0.000, task1 ratio: 1.000, zero ratio: 0.000, mpl: 1.0
2024-11-14 01:31:09,598 - root - INFO - In train()-> Train Ep. #49 loss: 0.855, accuracy: 67.00, lr: 0.01, sparsity: 0.000, network_width_mpl: 1.0
2024-11-14 01:31:09,718 - root - INFO - In validate()-> Val Ep. #49 loss: 0.911, accuracy: 69.00, sparsity: 0.000, task1 ratio: 1.000, zero ratio: 0.000, mpl: 1.0
2024-11-14 01:31:10,041 - root - INFO - In train()-> Train Ep. #50 loss: 0.867, accuracy: 67.56, lr: 0.01, sparsity: 0.000, network_width_mpl: 1.0
2024-11-14 01:31:10,159 - root - INFO - In validate()-> Val Ep. #50 loss: 0.880, accuracy: 69.00, sparsity: 0.000, task1 ratio: 1.000, zero ratio: 0.000, mpl: 1.0
2024-11-14 01:31:10,460 - root - INFO - In train()-> Train Ep. #51 loss: 0.781, accuracy: 70.20, lr: 0.001, sparsity: 0.000, network_width_mpl: 1.0
2024-11-14 01:31:10,567 - root - INFO - In validate()-> Val Ep. #51 loss: 0.846, accuracy: 68.00, sparsity: 0.000, task1 ratio: 1.000, zero ratio: 0.000, mpl: 1.0
2024-11-14 01:31:10,898 - root - INFO - In train()-> Train Ep. #52 loss: 0.757, accuracy: 70.28, lr: 0.001, sparsity: 0.000, network_width_mpl: 1.0
2024-11-14 01:31:11,006 - root - INFO - In validate()-> Val Ep. #52 loss: 0.845, accuracy: 68.00, sparsity: 0.000, task1 ratio: 1.000, zero ratio: 0.000, mpl: 1.0
2024-11-14 01:31:11,312 - root - INFO - In train()-> Train Ep. #53 loss: 0.754, accuracy: 72.20, lr: 0.001, sparsity: 0.000, network_width_mpl: 1.0
2024-11-14 01:31:11,429 - root - INFO - In validate()-> Val Ep. #53 loss: 0.845, accuracy: 69.20, sparsity: 0.000, task1 ratio: 1.000, zero ratio: 0.000, mpl: 1.0
2024-11-14 01:31:11,727 - root - INFO - In train()-> Train Ep. #54 loss: 0.755, accuracy: 72.12, lr: 0.001, sparsity: 0.000, network_width_mpl: 1.0
2024-11-14 01:31:11,836 - root - INFO - In validate()-> Val Ep. #54 loss: 0.835, accuracy: 69.00, sparsity: 0.000, task1 ratio: 1.000, zero ratio: 0.000, mpl: 1.0
2024-11-14 01:31:12,153 - root - INFO - In train()-> Train Ep. #55 loss: 0.748, accuracy: 72.00, lr: 0.001, sparsity: 0.000, network_width_mpl: 1.0
2024-11-14 01:31:12,267 - root - INFO - In validate()-> Val Ep. #55 loss: 0.838, accuracy: 68.80, sparsity: 0.000, task1 ratio: 1.000, zero ratio: 0.000, mpl: 1.0
2024-11-14 01:31:12,587 - root - INFO - In train()-> Train Ep. #56 loss: 0.735, accuracy: 71.84, lr: 0.001, sparsity: 0.000, network_width_mpl: 1.0
2024-11-14 01:31:12,711 - root - INFO - In validate()-> Val Ep. #56 loss: 0.837, accuracy: 69.00, sparsity: 0.000, task1 ratio: 1.000, zero ratio: 0.000, mpl: 1.0
2024-11-14 01:31:13,006 - root - INFO - In train()-> Train Ep. #57 loss: 0.721, accuracy: 72.52, lr: 0.001, sparsity: 0.000, network_width_mpl: 1.0
2024-11-14 01:31:13,131 - root - INFO - In validate()-> Val Ep. #57 loss: 0.839, accuracy: 68.00, sparsity: 0.000, task1 ratio: 1.000, zero ratio: 0.000, mpl: 1.0
2024-11-14 01:31:13,469 - root - INFO - In train()-> Train Ep. #58 loss: 0.718, accuracy: 73.44, lr: 0.001, sparsity: 0.000, network_width_mpl: 1.0
2024-11-14 01:31:13,577 - root - INFO - In validate()-> Val Ep. #58 loss: 0.837, accuracy: 69.00, sparsity: 0.000, task1 ratio: 1.000, zero ratio: 0.000, mpl: 1.0
2024-11-14 01:31:13,910 - root - INFO - In train()-> Train Ep. #59 loss: 0.728, accuracy: 71.96, lr: 0.001, sparsity: 0.000, network_width_mpl: 1.0
2024-11-14 01:31:14,017 - root - INFO - In validate()-> Val Ep. #59 loss: 0.835, accuracy: 69.00, sparsity: 0.000, task1 ratio: 1.000, zero ratio: 0.000, mpl: 1.0
2024-11-14 01:31:14,354 - root - INFO - In train()-> Train Ep. #60 loss: 0.715, accuracy: 72.44, lr: 0.001, sparsity: 0.000, network_width_mpl: 1.0
2024-11-14 01:31:14,459 - root - INFO - In validate()-> Val Ep. #60 loss: 0.833, accuracy: 69.40, sparsity: 0.000, task1 ratio: 1.000, zero ratio: 0.000, mpl: 1.0
2024-11-14 01:31:14,805 - root - INFO - In train()-> Train Ep. #61 loss: 0.734, accuracy: 71.48, lr: 0.001, sparsity: 0.000, network_width_mpl: 1.0
2024-11-14 01:31:14,922 - root - INFO - In validate()-> Val Ep. #61 loss: 0.835, accuracy: 69.00, sparsity: 0.000, task1 ratio: 1.000, zero ratio: 0.000, mpl: 1.0
2024-11-14 01:31:15,256 - root - INFO - In train()-> Train Ep. #62 loss: 0.702, accuracy: 74.52, lr: 0.001, sparsity: 0.000, network_width_mpl: 1.0
2024-11-14 01:31:15,368 - root - INFO - In validate()-> Val Ep. #62 loss: 0.835, accuracy: 68.60, sparsity: 0.000, task1 ratio: 1.000, zero ratio: 0.000, mpl: 1.0
2024-11-14 01:31:15,711 - root - INFO - In train()-> Train Ep. #63 loss: 0.720, accuracy: 71.92, lr: 0.001, sparsity: 0.000, network_width_mpl: 1.0
2024-11-14 01:31:15,822 - root - INFO - In validate()-> Val Ep. #63 loss: 0.836, accuracy: 68.80, sparsity: 0.000, task1 ratio: 1.000, zero ratio: 0.000, mpl: 1.0
2024-11-14 01:31:16,126 - root - INFO - In train()-> Train Ep. #64 loss: 0.727, accuracy: 72.60, lr: 0.001, sparsity: 0.000, network_width_mpl: 1.0
2024-11-14 01:31:16,238 - root - INFO - In validate()-> Val Ep. #64 loss: 0.836, accuracy: 69.60, sparsity: 0.000, task1 ratio: 1.000, zero ratio: 0.000, mpl: 1.0
2024-11-14 01:31:16,549 - root - INFO - In train()-> Train Ep. #65 loss: 0.698, accuracy: 73.28, lr: 0.001, sparsity: 0.000, network_width_mpl: 1.0
2024-11-14 01:31:16,666 - root - INFO - In validate()-> Val Ep. #65 loss: 0.839, accuracy: 69.40, sparsity: 0.000, task1 ratio: 1.000, zero ratio: 0.000, mpl: 1.0
2024-11-14 01:31:17,002 - root - INFO - In train()-> Train Ep. #66 loss: 0.705, accuracy: 72.56, lr: 0.001, sparsity: 0.000, network_width_mpl: 1.0
2024-11-14 01:31:17,134 - root - INFO - In validate()-> Val Ep. #66 loss: 0.828, accuracy: 69.40, sparsity: 0.000, task1 ratio: 1.000, zero ratio: 0.000, mpl: 1.0
2024-11-14 01:31:17,427 - root - INFO - In train()-> Train Ep. #67 loss: 0.705, accuracy: 74.00, lr: 0.001, sparsity: 0.000, network_width_mpl: 1.0
2024-11-14 01:31:17,542 - root - INFO - In validate()-> Val Ep. #67 loss: 0.837, accuracy: 69.40, sparsity: 0.000, task1 ratio: 1.000, zero ratio: 0.000, mpl: 1.0
2024-11-14 01:31:17,837 - root - INFO - In train()-> Train Ep. #68 loss: 0.707, accuracy: 74.00, lr: 0.001, sparsity: 0.000, network_width_mpl: 1.0
2024-11-14 01:31:17,953 - root - INFO - In validate()-> Val Ep. #68 loss: 0.833, accuracy: 69.00, sparsity: 0.000, task1 ratio: 1.000, zero ratio: 0.000, mpl: 1.0
2024-11-14 01:31:18,246 - root - INFO - In train()-> Train Ep. #69 loss: 0.717, accuracy: 72.24, lr: 0.001, sparsity: 0.000, network_width_mpl: 1.0
2024-11-14 01:31:18,363 - root - INFO - In validate()-> Val Ep. #69 loss: 0.834, accuracy: 70.00, sparsity: 0.000, task1 ratio: 1.000, zero ratio: 0.000, mpl: 1.0
2024-11-14 01:31:18,687 - root - INFO - In train()-> Train Ep. #70 loss: 0.702, accuracy: 74.24, lr: 0.001, sparsity: 0.000, network_width_mpl: 1.0
2024-11-14 01:31:18,817 - root - INFO - In validate()-> Val Ep. #70 loss: 0.832, accuracy: 69.60, sparsity: 0.000, task1 ratio: 1.000, zero ratio: 0.000, mpl: 1.0
2024-11-14 01:31:19,133 - root - INFO - In train()-> Train Ep. #71 loss: 0.701, accuracy: 73.40, lr: 0.001, sparsity: 0.000, network_width_mpl: 1.0
2024-11-14 01:31:19,255 - root - INFO - In validate()-> Val Ep. #71 loss: 0.841, accuracy: 69.20, sparsity: 0.000, task1 ratio: 1.000, zero ratio: 0.000, mpl: 1.0
2024-11-14 01:31:19,593 - root - INFO - In train()-> Train Ep. #72 loss: 0.713, accuracy: 73.52, lr: 0.001, sparsity: 0.000, network_width_mpl: 1.0
2024-11-14 01:31:19,714 - root - INFO - In validate()-> Val Ep. #72 loss: 0.840, accuracy: 69.20, sparsity: 0.000, task1 ratio: 1.000, zero ratio: 0.000, mpl: 1.0
2024-11-14 01:31:20,017 - root - INFO - In train()-> Train Ep. #73 loss: 0.689, accuracy: 73.40, lr: 0.001, sparsity: 0.000, network_width_mpl: 1.0
2024-11-14 01:31:20,128 - root - INFO - In validate()-> Val Ep. #73 loss: 0.838, accuracy: 68.60, sparsity: 0.000, task1 ratio: 1.000, zero ratio: 0.000, mpl: 1.0
2024-11-14 01:31:20,475 - root - INFO - In train()-> Train Ep. #74 loss: 0.696, accuracy: 73.80, lr: 0.001, sparsity: 0.000, network_width_mpl: 1.0
2024-11-14 01:31:20,596 - root - INFO - In validate()-> Val Ep. #74 loss: 0.847, accuracy: 69.40, sparsity: 0.000, task1 ratio: 1.000, zero ratio: 0.000, mpl: 1.0
2024-11-14 01:31:20,940 - root - INFO - In train()-> Train Ep. #75 loss: 0.691, accuracy: 73.80, lr: 0.001, sparsity: 0.000, network_width_mpl: 1.0
2024-11-14 01:31:21,055 - root - INFO - In validate()-> Val Ep. #75 loss: 0.839, accuracy: 69.00, sparsity: 0.000, task1 ratio: 1.000, zero ratio: 0.000, mpl: 1.0
2024-11-14 01:31:21,367 - root - INFO - In train()-> Train Ep. #76 loss: 0.694, accuracy: 74.12, lr: 0.001, sparsity: 0.000, network_width_mpl: 1.0
2024-11-14 01:31:21,484 - root - INFO - In validate()-> Val Ep. #76 loss: 0.847, accuracy: 69.20, sparsity: 0.000, task1 ratio: 1.000, zero ratio: 0.000, mpl: 1.0
2024-11-14 01:31:21,816 - root - INFO - In train()-> Train Ep. #77 loss: 0.690, accuracy: 74.52, lr: 0.001, sparsity: 0.000, network_width_mpl: 1.0
2024-11-14 01:31:21,924 - root - INFO - In validate()-> Val Ep. #77 loss: 0.834, accuracy: 69.00, sparsity: 0.000, task1 ratio: 1.000, zero ratio: 0.000, mpl: 1.0
2024-11-14 01:31:22,237 - root - INFO - In train()-> Train Ep. #78 loss: 0.692, accuracy: 72.40, lr: 0.001, sparsity: 0.000, network_width_mpl: 1.0
2024-11-14 01:31:22,348 - root - INFO - In validate()-> Val Ep. #78 loss: 0.839, accuracy: 68.20, sparsity: 0.000, task1 ratio: 1.000, zero ratio: 0.000, mpl: 1.0
2024-11-14 01:31:22,663 - root - INFO - In train()-> Train Ep. #79 loss: 0.696, accuracy: 74.40, lr: 0.001, sparsity: 0.000, network_width_mpl: 1.0
2024-11-14 01:31:22,772 - root - INFO - In validate()-> Val Ep. #79 loss: 0.835, accuracy: 69.00, sparsity: 0.000, task1 ratio: 1.000, zero ratio: 0.000, mpl: 1.0
2024-11-14 01:31:23,087 - root - INFO - In train()-> Train Ep. #80 loss: 0.693, accuracy: 73.64, lr: 0.001, sparsity: 0.000, network_width_mpl: 1.0
2024-11-14 01:31:23,196 - root - INFO - In validate()-> Val Ep. #80 loss: 0.842, accuracy: 69.00, sparsity: 0.000, task1 ratio: 1.000, zero ratio: 0.000, mpl: 1.0
2024-11-14 01:31:23,498 - root - INFO - In train()-> Train Ep. #81 loss: 0.687, accuracy: 74.12, lr: 0.0001, sparsity: 0.000, network_width_mpl: 1.0
2024-11-14 01:31:23,606 - root - INFO - In validate()-> Val Ep. #81 loss: 0.838, accuracy: 68.80, sparsity: 0.000, task1 ratio: 1.000, zero ratio: 0.000, mpl: 1.0
2024-11-14 01:31:23,923 - root - INFO - In train()-> Train Ep. #82 loss: 0.686, accuracy: 73.36, lr: 0.0001, sparsity: 0.000, network_width_mpl: 1.0
2024-11-14 01:31:24,045 - root - INFO - In validate()-> Val Ep. #82 loss: 0.839, accuracy: 69.20, sparsity: 0.000, task1 ratio: 1.000, zero ratio: 0.000, mpl: 1.0
2024-11-14 01:31:24,353 - root - INFO - In train()-> Train Ep. #83 loss: 0.683, accuracy: 74.52, lr: 0.0001, sparsity: 0.000, network_width_mpl: 1.0
2024-11-14 01:31:24,462 - root - INFO - In validate()-> Val Ep. #83 loss: 0.834, accuracy: 69.20, sparsity: 0.000, task1 ratio: 1.000, zero ratio: 0.000, mpl: 1.0
2024-11-14 01:31:24,803 - root - INFO - In train()-> Train Ep. #84 loss: 0.672, accuracy: 73.88, lr: 0.0001, sparsity: 0.000, network_width_mpl: 1.0
2024-11-14 01:31:24,912 - root - INFO - In validate()-> Val Ep. #84 loss: 0.834, accuracy: 70.00, sparsity: 0.000, task1 ratio: 1.000, zero ratio: 0.000, mpl: 1.0
2024-11-14 01:31:25,231 - root - INFO - In train()-> Train Ep. #85 loss: 0.674, accuracy: 73.44, lr: 0.0001, sparsity: 0.000, network_width_mpl: 1.0
2024-11-14 01:31:25,340 - root - INFO - In validate()-> Val Ep. #85 loss: 0.842, accuracy: 68.60, sparsity: 0.000, task1 ratio: 1.000, zero ratio: 0.000, mpl: 1.0
2024-11-14 01:31:25,639 - root - INFO - In train()-> Train Ep. #86 loss: 0.678, accuracy: 73.64, lr: 0.0001, sparsity: 0.000, network_width_mpl: 1.0
2024-11-14 01:31:25,754 - root - INFO - In validate()-> Val Ep. #86 loss: 0.839, accuracy: 69.20, sparsity: 0.000, task1 ratio: 1.000, zero ratio: 0.000, mpl: 1.0
2024-11-14 01:31:26,050 - root - INFO - In train()-> Train Ep. #87 loss: 0.673, accuracy: 74.36, lr: 0.0001, sparsity: 0.000, network_width_mpl: 1.0
2024-11-14 01:31:26,157 - root - INFO - In validate()-> Val Ep. #87 loss: 0.833, accuracy: 68.40, sparsity: 0.000, task1 ratio: 1.000, zero ratio: 0.000, mpl: 1.0
2024-11-14 01:31:26,474 - root - INFO - In train()-> Train Ep. #88 loss: 0.657, accuracy: 74.08, lr: 0.0001, sparsity: 0.000, network_width_mpl: 1.0
2024-11-14 01:31:26,585 - root - INFO - In validate()-> Val Ep. #88 loss: 0.833, accuracy: 69.80, sparsity: 0.000, task1 ratio: 1.000, zero ratio: 0.000, mpl: 1.0
2024-11-14 01:31:26,899 - root - INFO - In train()-> Train Ep. #89 loss: 0.679, accuracy: 73.60, lr: 0.0001, sparsity: 0.000, network_width_mpl: 1.0
2024-11-14 01:31:27,025 - root - INFO - In validate()-> Val Ep. #89 loss: 0.831, accuracy: 70.00, sparsity: 0.000, task1 ratio: 1.000, zero ratio: 0.000, mpl: 1.0
2024-11-14 01:31:27,364 - root - INFO - In train()-> Train Ep. #90 loss: 0.672, accuracy: 73.84, lr: 0.0001, sparsity: 0.000, network_width_mpl: 1.0
2024-11-14 01:31:27,488 - root - INFO - In validate()-> Val Ep. #90 loss: 0.829, accuracy: 68.40, sparsity: 0.000, task1 ratio: 1.000, zero ratio: 0.000, mpl: 1.0
2024-11-14 01:31:27,820 - root - INFO - In train()-> Train Ep. #91 loss: 0.690, accuracy: 72.72, lr: 0.0001, sparsity: 0.000, network_width_mpl: 1.0
2024-11-14 01:31:27,930 - root - INFO - In validate()-> Val Ep. #91 loss: 0.839, accuracy: 69.40, sparsity: 0.000, task1 ratio: 1.000, zero ratio: 0.000, mpl: 1.0
2024-11-14 01:31:28,244 - root - INFO - In train()-> Train Ep. #92 loss: 0.674, accuracy: 74.16, lr: 0.0001, sparsity: 0.000, network_width_mpl: 1.0
2024-11-14 01:31:28,357 - root - INFO - In validate()-> Val Ep. #92 loss: 0.833, accuracy: 68.80, sparsity: 0.000, task1 ratio: 1.000, zero ratio: 0.000, mpl: 1.0
2024-11-14 01:31:28,641 - root - INFO - In train()-> Train Ep. #93 loss: 0.679, accuracy: 74.16, lr: 0.0001, sparsity: 0.000, network_width_mpl: 1.0
2024-11-14 01:31:28,773 - root - INFO - In validate()-> Val Ep. #93 loss: 0.828, accuracy: 69.80, sparsity: 0.000, task1 ratio: 1.000, zero ratio: 0.000, mpl: 1.0
2024-11-14 01:31:29,099 - root - INFO - In train()-> Train Ep. #94 loss: 0.658, accuracy: 74.60, lr: 0.0001, sparsity: 0.000, network_width_mpl: 1.0
2024-11-14 01:31:29,227 - root - INFO - In validate()-> Val Ep. #94 loss: 0.829, accuracy: 68.40, sparsity: 0.000, task1 ratio: 1.000, zero ratio: 0.000, mpl: 1.0
2024-11-14 01:31:29,569 - root - INFO - In train()-> Train Ep. #95 loss: 0.657, accuracy: 74.28, lr: 0.0001, sparsity: 0.000, network_width_mpl: 1.0
2024-11-14 01:31:29,674 - root - INFO - In validate()-> Val Ep. #95 loss: 0.834, accuracy: 68.60, sparsity: 0.000, task1 ratio: 1.000, zero ratio: 0.000, mpl: 1.0
2024-11-14 01:31:29,976 - root - INFO - In train()-> Train Ep. #96 loss: 0.669, accuracy: 74.08, lr: 0.0001, sparsity: 0.000, network_width_mpl: 1.0
2024-11-14 01:31:30,082 - root - INFO - In validate()-> Val Ep. #96 loss: 0.834, accuracy: 69.20, sparsity: 0.000, task1 ratio: 1.000, zero ratio: 0.000, mpl: 1.0
2024-11-14 01:31:30,400 - root - INFO - In train()-> Train Ep. #97 loss: 0.647, accuracy: 75.80, lr: 0.0001, sparsity: 0.000, network_width_mpl: 1.0
2024-11-14 01:31:30,515 - root - INFO - In validate()-> Val Ep. #97 loss: 0.844, accuracy: 69.00, sparsity: 0.000, task1 ratio: 1.000, zero ratio: 0.000, mpl: 1.0
2024-11-14 01:31:30,807 - root - INFO - In train()-> Train Ep. #98 loss: 0.692, accuracy: 73.32, lr: 0.0001, sparsity: 0.000, network_width_mpl: 1.0
2024-11-14 01:31:30,924 - root - INFO - In validate()-> Val Ep. #98 loss: 0.835, accuracy: 68.80, sparsity: 0.000, task1 ratio: 1.000, zero ratio: 0.000, mpl: 1.0
2024-11-14 01:31:31,255 - root - INFO - In train()-> Train Ep. #99 loss: 0.655, accuracy: 75.88, lr: 0.0001, sparsity: 0.000, network_width_mpl: 1.0
2024-11-14 01:31:31,365 - root - INFO - In validate()-> Val Ep. #99 loss: 0.836, accuracy: 69.40, sparsity: 0.000, task1 ratio: 1.000, zero ratio: 0.000, mpl: 1.0
2024-11-14 01:31:31,671 - root - INFO - In train()-> Train Ep. #100 loss: 0.655, accuracy: 75.24, lr: 0.0001, sparsity: 0.000, network_width_mpl: 1.0
2024-11-14 01:31:31,782 - root - INFO - In validate()-> Val Ep. #100 loss: 0.836, accuracy: 69.60, sparsity: 0.000, task1 ratio: 1.000, zero ratio: 0.000, mpl: 1.0
2024-11-14 01:31:31,784 - root - INFO - ----------------
2024-11-14 01:31:31,785 - root - INFO - It's time to expand the Network
2024-11-14 01:31:31,785 - root - INFO - Auto expand network
2024-11-14 01:31:34,101 - root - INFO - 
2024-11-14 01:31:34,102 - root - INFO - Before pruning: 
2024-11-14 01:31:34,102 - root - INFO - Sparsity range: 0.0 -> 0.1
2024-11-14 01:31:34,377 - root - INFO - In validate()-> Val Ep. #0 loss: 0.836, accuracy: 69.60, sparsity: 0.000, task1 ratio: 1.000, zero ratio: 0.000, mpl: 1.0
2024-11-14 01:31:34,377 - root - INFO - 
2024-11-14 01:31:34,747 - root - INFO - In train()-> Train Ep. #1 loss: 0.668, accuracy: 74.56, lr: 0.001, sparsity: 0.053, network_width_mpl: 1.0
2024-11-14 01:31:34,864 - root - INFO - In validate()-> Val Ep. #1 loss: 0.836, accuracy: 70.80, sparsity: 0.053, task1 ratio: 0.947, zero ratio: 0.053, mpl: 1.0
2024-11-14 01:31:35,220 - root - INFO - In train()-> Train Ep. #2 loss: 0.676, accuracy: 74.48, lr: 0.001, sparsity: 0.085, network_width_mpl: 1.0
2024-11-14 01:31:35,353 - root - INFO - In validate()-> Val Ep. #2 loss: 0.833, accuracy: 68.80, sparsity: 0.085, task1 ratio: 0.915, zero ratio: 0.085, mpl: 1.0
2024-11-14 01:31:35,677 - root - INFO - In train()-> Train Ep. #3 loss: 0.687, accuracy: 74.16, lr: 0.001, sparsity: 0.098, network_width_mpl: 1.0
2024-11-14 01:31:35,790 - root - INFO - In validate()-> Val Ep. #3 loss: 0.852, accuracy: 70.00, sparsity: 0.098, task1 ratio: 0.902, zero ratio: 0.098, mpl: 1.0
2024-11-14 01:31:36,106 - root - INFO - In train()-> Train Ep. #4 loss: 0.675, accuracy: 73.60, lr: 0.001, sparsity: 0.101, network_width_mpl: 1.0
2024-11-14 01:31:36,220 - root - INFO - In validate()-> Val Ep. #4 loss: 0.841, accuracy: 69.20, sparsity: 0.101, task1 ratio: 0.899, zero ratio: 0.101, mpl: 1.0
2024-11-14 01:31:36,558 - root - INFO - In train()-> Train Ep. #5 loss: 0.693, accuracy: 74.48, lr: 0.001, sparsity: 0.101, network_width_mpl: 1.0
2024-11-14 01:31:36,688 - root - INFO - In validate()-> Val Ep. #5 loss: 0.835, accuracy: 69.40, sparsity: 0.101, task1 ratio: 0.899, zero ratio: 0.101, mpl: 1.0
2024-11-14 01:31:37,015 - root - INFO - In train()-> Train Ep. #6 loss: 0.683, accuracy: 73.76, lr: 0.001, sparsity: 0.101, network_width_mpl: 1.0
2024-11-14 01:31:37,130 - root - INFO - In validate()-> Val Ep. #6 loss: 0.850, accuracy: 69.00, sparsity: 0.101, task1 ratio: 0.899, zero ratio: 0.101, mpl: 1.0
2024-11-14 01:31:37,425 - root - INFO - In train()-> Train Ep. #7 loss: 0.684, accuracy: 74.40, lr: 0.001, sparsity: 0.101, network_width_mpl: 1.0
2024-11-14 01:31:37,554 - root - INFO - In validate()-> Val Ep. #7 loss: 0.845, accuracy: 68.60, sparsity: 0.101, task1 ratio: 0.899, zero ratio: 0.101, mpl: 1.0
2024-11-14 01:31:37,865 - root - INFO - In train()-> Train Ep. #8 loss: 0.646, accuracy: 75.64, lr: 0.001, sparsity: 0.101, network_width_mpl: 1.0
2024-11-14 01:31:37,985 - root - INFO - In validate()-> Val Ep. #8 loss: 0.844, accuracy: 68.20, sparsity: 0.101, task1 ratio: 0.899, zero ratio: 0.101, mpl: 1.0
2024-11-14 01:31:38,290 - root - INFO - In train()-> Train Ep. #9 loss: 0.685, accuracy: 74.40, lr: 0.001, sparsity: 0.101, network_width_mpl: 1.0
2024-11-14 01:31:38,402 - root - INFO - In validate()-> Val Ep. #9 loss: 0.841, accuracy: 69.20, sparsity: 0.101, task1 ratio: 0.899, zero ratio: 0.101, mpl: 1.0
2024-11-14 01:31:38,714 - root - INFO - In train()-> Train Ep. #10 loss: 0.685, accuracy: 73.56, lr: 0.001, sparsity: 0.101, network_width_mpl: 1.0
2024-11-14 01:31:38,826 - root - INFO - In validate()-> Val Ep. #10 loss: 0.836, accuracy: 69.80, sparsity: 0.101, task1 ratio: 0.899, zero ratio: 0.101, mpl: 1.0
2024-11-14 01:31:39,173 - root - INFO - In train()-> Train Ep. #11 loss: 0.662, accuracy: 74.96, lr: 0.001, sparsity: 0.101, network_width_mpl: 1.0
2024-11-14 01:31:39,292 - root - INFO - In validate()-> Val Ep. #11 loss: 0.844, accuracy: 69.40, sparsity: 0.101, task1 ratio: 0.899, zero ratio: 0.101, mpl: 1.0
2024-11-14 01:31:39,612 - root - INFO - In train()-> Train Ep. #12 loss: 0.679, accuracy: 73.52, lr: 0.001, sparsity: 0.101, network_width_mpl: 1.0
2024-11-14 01:31:39,731 - root - INFO - In validate()-> Val Ep. #12 loss: 0.825, accuracy: 69.20, sparsity: 0.101, task1 ratio: 0.899, zero ratio: 0.101, mpl: 1.0
2024-11-14 01:31:40,050 - root - INFO - In train()-> Train Ep. #13 loss: 0.676, accuracy: 73.88, lr: 0.001, sparsity: 0.101, network_width_mpl: 1.0
2024-11-14 01:31:40,160 - root - INFO - In validate()-> Val Ep. #13 loss: 0.831, accuracy: 68.80, sparsity: 0.101, task1 ratio: 0.899, zero ratio: 0.101, mpl: 1.0
2024-11-14 01:31:40,475 - root - INFO - In train()-> Train Ep. #14 loss: 0.681, accuracy: 73.48, lr: 0.001, sparsity: 0.101, network_width_mpl: 1.0
2024-11-14 01:31:40,583 - root - INFO - In validate()-> Val Ep. #14 loss: 0.838, accuracy: 68.80, sparsity: 0.101, task1 ratio: 0.899, zero ratio: 0.101, mpl: 1.0
2024-11-14 01:31:40,889 - root - INFO - In train()-> Train Ep. #15 loss: 0.662, accuracy: 74.68, lr: 0.001, sparsity: 0.101, network_width_mpl: 1.0
2024-11-14 01:31:41,008 - root - INFO - In validate()-> Val Ep. #15 loss: 0.828, accuracy: 69.00, sparsity: 0.101, task1 ratio: 0.899, zero ratio: 0.101, mpl: 1.0
2024-11-14 01:31:41,315 - root - INFO - In train()-> Train Ep. #16 loss: 0.647, accuracy: 75.28, lr: 0.001, sparsity: 0.101, network_width_mpl: 1.0
2024-11-14 01:31:41,426 - root - INFO - In validate()-> Val Ep. #16 loss: 0.837, accuracy: 68.60, sparsity: 0.101, task1 ratio: 0.899, zero ratio: 0.101, mpl: 1.0
2024-11-14 01:31:41,722 - root - INFO - In train()-> Train Ep. #17 loss: 0.660, accuracy: 74.88, lr: 0.001, sparsity: 0.101, network_width_mpl: 1.0
2024-11-14 01:31:48,209 - root - INFO - In validate()-> Val Ep. #17 loss: 0.829, accuracy: 70.00, sparsity: 0.101, task1 ratio: 0.899, zero ratio: 0.101, mpl: 1.0
2024-11-14 01:31:48,554 - root - INFO - In train()-> Train Ep. #18 loss: 0.649, accuracy: 75.00, lr: 0.001, sparsity: 0.101, network_width_mpl: 1.0
2024-11-14 01:31:48,679 - root - INFO - In validate()-> Val Ep. #18 loss: 0.832, accuracy: 69.20, sparsity: 0.101, task1 ratio: 0.899, zero ratio: 0.101, mpl: 1.0
2024-11-14 01:31:48,979 - root - INFO - In train()-> Train Ep. #19 loss: 0.660, accuracy: 74.72, lr: 0.001, sparsity: 0.101, network_width_mpl: 1.0
2024-11-14 01:31:49,100 - root - INFO - In validate()-> Val Ep. #19 loss: 0.859, accuracy: 67.80, sparsity: 0.101, task1 ratio: 0.899, zero ratio: 0.101, mpl: 1.0
2024-11-14 01:31:49,411 - root - INFO - In train()-> Train Ep. #20 loss: 0.653, accuracy: 75.88, lr: 0.001, sparsity: 0.101, network_width_mpl: 1.0
2024-11-14 01:31:49,539 - root - INFO - In validate()-> Val Ep. #20 loss: 0.838, accuracy: 68.40, sparsity: 0.101, task1 ratio: 0.899, zero ratio: 0.101, mpl: 1.0
2024-11-14 01:31:49,541 - root - INFO - ----------------
2024-11-14 01:31:51,820 - root - INFO - 
2024-11-14 01:31:51,820 - root - INFO - Before pruning: 
2024-11-14 01:31:51,820 - root - INFO - Sparsity range: 0.1 -> 0.2
2024-11-14 01:31:52,092 - root - INFO - In validate()-> Val Ep. #0 loss: 0.838, accuracy: 68.40, sparsity: 0.101, task1 ratio: 0.899, zero ratio: 0.101, mpl: 1.0
2024-11-14 01:31:52,092 - root - INFO - 
2024-11-14 01:31:52,464 - root - INFO - In train()-> Train Ep. #1 loss: 0.630, accuracy: 76.48, lr: 0.001, sparsity: 0.153, network_width_mpl: 1.0
2024-11-14 01:31:52,586 - root - INFO - In validate()-> Val Ep. #1 loss: 0.839, accuracy: 68.40, sparsity: 0.153, task1 ratio: 0.847, zero ratio: 0.153, mpl: 1.0
2024-11-14 01:31:52,899 - root - INFO - In train()-> Train Ep. #2 loss: 0.635, accuracy: 76.12, lr: 0.001, sparsity: 0.186, network_width_mpl: 1.0
2024-11-14 01:31:53,013 - root - INFO - In validate()-> Val Ep. #2 loss: 0.837, accuracy: 69.20, sparsity: 0.186, task1 ratio: 0.814, zero ratio: 0.186, mpl: 1.0
2024-11-14 01:31:53,344 - root - INFO - In train()-> Train Ep. #3 loss: 0.649, accuracy: 75.32, lr: 0.001, sparsity: 0.198, network_width_mpl: 1.0
2024-11-14 01:31:53,459 - root - INFO - In validate()-> Val Ep. #3 loss: 0.855, accuracy: 69.40, sparsity: 0.198, task1 ratio: 0.802, zero ratio: 0.198, mpl: 1.0
2024-11-14 01:31:53,766 - root - INFO - In train()-> Train Ep. #4 loss: 0.639, accuracy: 75.52, lr: 0.001, sparsity: 0.201, network_width_mpl: 1.0
2024-11-14 01:31:53,884 - root - INFO - In validate()-> Val Ep. #4 loss: 0.845, accuracy: 69.20, sparsity: 0.201, task1 ratio: 0.799, zero ratio: 0.201, mpl: 1.0
2024-11-14 01:31:54,219 - root - INFO - In train()-> Train Ep. #5 loss: 0.653, accuracy: 75.68, lr: 0.001, sparsity: 0.201, network_width_mpl: 1.0
2024-11-14 01:31:54,333 - root - INFO - In validate()-> Val Ep. #5 loss: 0.842, accuracy: 68.40, sparsity: 0.201, task1 ratio: 0.799, zero ratio: 0.201, mpl: 1.0
2024-11-14 01:31:54,642 - root - INFO - In train()-> Train Ep. #6 loss: 0.642, accuracy: 75.12, lr: 0.001, sparsity: 0.201, network_width_mpl: 1.0
2024-11-14 01:31:54,760 - root - INFO - In validate()-> Val Ep. #6 loss: 0.859, accuracy: 68.40, sparsity: 0.201, task1 ratio: 0.799, zero ratio: 0.201, mpl: 1.0
2024-11-14 01:31:55,073 - root - INFO - In train()-> Train Ep. #7 loss: 0.643, accuracy: 75.96, lr: 0.001, sparsity: 0.201, network_width_mpl: 1.0
2024-11-14 01:31:55,180 - root - INFO - In validate()-> Val Ep. #7 loss: 0.853, accuracy: 68.20, sparsity: 0.201, task1 ratio: 0.799, zero ratio: 0.201, mpl: 1.0
2024-11-14 01:31:55,540 - root - INFO - In train()-> Train Ep. #8 loss: 0.604, accuracy: 77.24, lr: 0.001, sparsity: 0.201, network_width_mpl: 1.0
2024-11-14 01:31:55,650 - root - INFO - In validate()-> Val Ep. #8 loss: 0.854, accuracy: 68.40, sparsity: 0.201, task1 ratio: 0.799, zero ratio: 0.201, mpl: 1.0
2024-11-14 01:31:55,956 - root - INFO - In train()-> Train Ep. #9 loss: 0.644, accuracy: 76.00, lr: 0.001, sparsity: 0.201, network_width_mpl: 1.0
2024-11-14 01:31:56,074 - root - INFO - In validate()-> Val Ep. #9 loss: 0.849, accuracy: 69.80, sparsity: 0.201, task1 ratio: 0.799, zero ratio: 0.201, mpl: 1.0
2024-11-14 01:31:56,419 - root - INFO - In train()-> Train Ep. #10 loss: 0.644, accuracy: 74.52, lr: 0.001, sparsity: 0.201, network_width_mpl: 1.0
2024-11-14 01:31:56,542 - root - INFO - In validate()-> Val Ep. #10 loss: 0.842, accuracy: 69.40, sparsity: 0.201, task1 ratio: 0.799, zero ratio: 0.201, mpl: 1.0
2024-11-14 01:31:56,894 - root - INFO - In train()-> Train Ep. #11 loss: 0.620, accuracy: 76.20, lr: 0.001, sparsity: 0.201, network_width_mpl: 1.0
2024-11-14 01:31:57,016 - root - INFO - In validate()-> Val Ep. #11 loss: 0.857, accuracy: 69.80, sparsity: 0.201, task1 ratio: 0.799, zero ratio: 0.201, mpl: 1.0
2024-11-14 01:31:57,323 - root - INFO - In train()-> Train Ep. #12 loss: 0.638, accuracy: 75.72, lr: 0.001, sparsity: 0.201, network_width_mpl: 1.0
2024-11-14 01:31:57,446 - root - INFO - In validate()-> Val Ep. #12 loss: 0.831, accuracy: 68.80, sparsity: 0.201, task1 ratio: 0.799, zero ratio: 0.201, mpl: 1.0
2024-11-14 01:31:57,769 - root - INFO - In train()-> Train Ep. #13 loss: 0.637, accuracy: 75.52, lr: 0.001, sparsity: 0.201, network_width_mpl: 1.0
2024-11-14 01:31:57,892 - root - INFO - In validate()-> Val Ep. #13 loss: 0.839, accuracy: 68.00, sparsity: 0.201, task1 ratio: 0.799, zero ratio: 0.201, mpl: 1.0
2024-11-14 01:31:58,194 - root - INFO - In train()-> Train Ep. #14 loss: 0.641, accuracy: 74.56, lr: 0.001, sparsity: 0.201, network_width_mpl: 1.0
2024-11-14 01:31:58,321 - root - INFO - In validate()-> Val Ep. #14 loss: 0.852, accuracy: 68.80, sparsity: 0.201, task1 ratio: 0.799, zero ratio: 0.201, mpl: 1.0
2024-11-14 01:31:58,641 - root - INFO - In train()-> Train Ep. #15 loss: 0.618, accuracy: 76.28, lr: 0.001, sparsity: 0.201, network_width_mpl: 1.0
2024-11-14 01:31:58,756 - root - INFO - In validate()-> Val Ep. #15 loss: 0.841, accuracy: 69.00, sparsity: 0.201, task1 ratio: 0.799, zero ratio: 0.201, mpl: 1.0
2024-11-14 01:31:59,066 - root - INFO - In train()-> Train Ep. #16 loss: 0.603, accuracy: 76.88, lr: 0.001, sparsity: 0.201, network_width_mpl: 1.0
2024-11-14 01:31:59,179 - root - INFO - In validate()-> Val Ep. #16 loss: 0.854, accuracy: 68.80, sparsity: 0.201, task1 ratio: 0.799, zero ratio: 0.201, mpl: 1.0
2024-11-14 01:31:59,481 - root - INFO - In train()-> Train Ep. #17 loss: 0.621, accuracy: 76.68, lr: 0.001, sparsity: 0.201, network_width_mpl: 1.0
2024-11-14 01:31:59,592 - root - INFO - In validate()-> Val Ep. #17 loss: 0.848, accuracy: 69.20, sparsity: 0.201, task1 ratio: 0.799, zero ratio: 0.201, mpl: 1.0
2024-11-14 01:31:59,903 - root - INFO - In train()-> Train Ep. #18 loss: 0.610, accuracy: 76.52, lr: 0.001, sparsity: 0.201, network_width_mpl: 1.0
2024-11-14 01:32:00,036 - root - INFO - In validate()-> Val Ep. #18 loss: 0.852, accuracy: 68.60, sparsity: 0.201, task1 ratio: 0.799, zero ratio: 0.201, mpl: 1.0
2024-11-14 01:32:00,359 - root - INFO - In train()-> Train Ep. #19 loss: 0.619, accuracy: 76.40, lr: 0.001, sparsity: 0.201, network_width_mpl: 1.0
2024-11-14 01:32:00,486 - root - INFO - In validate()-> Val Ep. #19 loss: 0.881, accuracy: 68.20, sparsity: 0.201, task1 ratio: 0.799, zero ratio: 0.201, mpl: 1.0
2024-11-14 01:32:00,805 - root - INFO - In train()-> Train Ep. #20 loss: 0.615, accuracy: 77.04, lr: 0.001, sparsity: 0.201, network_width_mpl: 1.0
2024-11-14 01:32:00,923 - root - INFO - In validate()-> Val Ep. #20 loss: 0.855, accuracy: 67.80, sparsity: 0.201, task1 ratio: 0.799, zero ratio: 0.201, mpl: 1.0
2024-11-14 01:32:00,925 - root - INFO - ----------------
2024-11-14 01:32:03,255 - root - INFO - 
2024-11-14 01:32:03,255 - root - INFO - Before pruning: 
2024-11-14 01:32:03,255 - root - INFO - Sparsity range: 0.2 -> 0.3
2024-11-14 01:32:03,530 - root - INFO - In validate()-> Val Ep. #0 loss: 0.855, accuracy: 67.80, sparsity: 0.201, task1 ratio: 0.799, zero ratio: 0.201, mpl: 1.0
2024-11-14 01:32:03,530 - root - INFO - 
2024-11-14 01:32:03,917 - root - INFO - In train()-> Train Ep. #1 loss: 0.592, accuracy: 77.92, lr: 0.001, sparsity: 0.253, network_width_mpl: 1.0
2024-11-14 01:32:04,041 - root - INFO - In validate()-> Val Ep. #1 loss: 0.860, accuracy: 67.80, sparsity: 0.253, task1 ratio: 0.747, zero ratio: 0.253, mpl: 1.0
2024-11-14 01:32:04,355 - root - INFO - In train()-> Train Ep. #2 loss: 0.602, accuracy: 77.68, lr: 0.001, sparsity: 0.285, network_width_mpl: 1.0
2024-11-14 01:32:04,468 - root - INFO - In validate()-> Val Ep. #2 loss: 0.863, accuracy: 68.60, sparsity: 0.285, task1 ratio: 0.715, zero ratio: 0.285, mpl: 1.0
2024-11-14 01:32:04,797 - root - INFO - In train()-> Train Ep. #3 loss: 0.620, accuracy: 76.32, lr: 0.001, sparsity: 0.298, network_width_mpl: 1.0
2024-11-14 01:32:04,921 - root - INFO - In validate()-> Val Ep. #3 loss: 0.878, accuracy: 68.20, sparsity: 0.298, task1 ratio: 0.702, zero ratio: 0.298, mpl: 1.0
2024-11-14 01:32:05,271 - root - INFO - In train()-> Train Ep. #4 loss: 0.601, accuracy: 77.12, lr: 0.001, sparsity: 0.301, network_width_mpl: 1.0
2024-11-14 01:32:05,393 - root - INFO - In validate()-> Val Ep. #4 loss: 0.864, accuracy: 68.60, sparsity: 0.301, task1 ratio: 0.699, zero ratio: 0.301, mpl: 1.0
2024-11-14 01:32:05,720 - root - INFO - In train()-> Train Ep. #5 loss: 0.617, accuracy: 76.84, lr: 0.001, sparsity: 0.301, network_width_mpl: 1.0
2024-11-14 01:32:05,842 - root - INFO - In validate()-> Val Ep. #5 loss: 0.861, accuracy: 68.40, sparsity: 0.301, task1 ratio: 0.699, zero ratio: 0.301, mpl: 1.0
2024-11-14 01:32:06,181 - root - INFO - In train()-> Train Ep. #6 loss: 0.604, accuracy: 76.96, lr: 0.001, sparsity: 0.301, network_width_mpl: 1.0
2024-11-14 01:32:06,305 - root - INFO - In validate()-> Val Ep. #6 loss: 0.884, accuracy: 68.80, sparsity: 0.301, task1 ratio: 0.699, zero ratio: 0.301, mpl: 1.0
2024-11-14 01:32:06,642 - root - INFO - In train()-> Train Ep. #7 loss: 0.605, accuracy: 77.76, lr: 0.001, sparsity: 0.301, network_width_mpl: 1.0
2024-11-14 01:32:06,763 - root - INFO - In validate()-> Val Ep. #7 loss: 0.870, accuracy: 68.20, sparsity: 0.301, task1 ratio: 0.699, zero ratio: 0.301, mpl: 1.0
2024-11-14 01:32:07,107 - root - INFO - In train()-> Train Ep. #8 loss: 0.566, accuracy: 78.64, lr: 0.001, sparsity: 0.301, network_width_mpl: 1.0
2024-11-14 01:32:07,242 - root - INFO - In validate()-> Val Ep. #8 loss: 0.872, accuracy: 68.60, sparsity: 0.301, task1 ratio: 0.699, zero ratio: 0.301, mpl: 1.0
2024-11-14 01:32:07,592 - root - INFO - In train()-> Train Ep. #9 loss: 0.610, accuracy: 77.44, lr: 0.001, sparsity: 0.301, network_width_mpl: 1.0
2024-11-14 01:32:07,708 - root - INFO - In validate()-> Val Ep. #9 loss: 0.862, accuracy: 70.20, sparsity: 0.301, task1 ratio: 0.699, zero ratio: 0.301, mpl: 1.0
2024-11-14 01:32:08,014 - root - INFO - In train()-> Train Ep. #10 loss: 0.607, accuracy: 76.08, lr: 0.001, sparsity: 0.301, network_width_mpl: 1.0
2024-11-14 01:32:08,129 - root - INFO - In validate()-> Val Ep. #10 loss: 0.854, accuracy: 69.60, sparsity: 0.301, task1 ratio: 0.699, zero ratio: 0.301, mpl: 1.0
2024-11-14 01:32:08,446 - root - INFO - In train()-> Train Ep. #11 loss: 0.583, accuracy: 77.44, lr: 0.001, sparsity: 0.301, network_width_mpl: 1.0
2024-11-14 01:32:08,552 - root - INFO - In validate()-> Val Ep. #11 loss: 0.876, accuracy: 69.60, sparsity: 0.301, task1 ratio: 0.699, zero ratio: 0.301, mpl: 1.0
2024-11-14 01:32:08,864 - root - INFO - In train()-> Train Ep. #12 loss: 0.601, accuracy: 77.48, lr: 0.001, sparsity: 0.301, network_width_mpl: 1.0
2024-11-14 01:32:08,995 - root - INFO - In validate()-> Val Ep. #12 loss: 0.846, accuracy: 69.60, sparsity: 0.301, task1 ratio: 0.699, zero ratio: 0.301, mpl: 1.0
2024-11-14 01:32:09,313 - root - INFO - In train()-> Train Ep. #13 loss: 0.599, accuracy: 77.04, lr: 0.001, sparsity: 0.301, network_width_mpl: 1.0
2024-11-14 01:32:09,422 - root - INFO - In validate()-> Val Ep. #13 loss: 0.859, accuracy: 69.20, sparsity: 0.301, task1 ratio: 0.699, zero ratio: 0.301, mpl: 1.0
2024-11-14 01:32:09,725 - root - INFO - In train()-> Train Ep. #14 loss: 0.607, accuracy: 76.88, lr: 0.001, sparsity: 0.301, network_width_mpl: 1.0
2024-11-14 01:32:09,841 - root - INFO - In validate()-> Val Ep. #14 loss: 0.872, accuracy: 68.80, sparsity: 0.301, task1 ratio: 0.699, zero ratio: 0.301, mpl: 1.0
2024-11-14 01:32:10,149 - root - INFO - In train()-> Train Ep. #15 loss: 0.579, accuracy: 77.28, lr: 0.001, sparsity: 0.301, network_width_mpl: 1.0
2024-11-14 01:32:10,263 - root - INFO - In validate()-> Val Ep. #15 loss: 0.864, accuracy: 70.60, sparsity: 0.301, task1 ratio: 0.699, zero ratio: 0.301, mpl: 1.0
2024-11-14 01:32:10,557 - root - INFO - In train()-> Train Ep. #16 loss: 0.563, accuracy: 78.80, lr: 0.001, sparsity: 0.301, network_width_mpl: 1.0
2024-11-14 01:32:10,677 - root - INFO - In validate()-> Val Ep. #16 loss: 0.874, accuracy: 68.60, sparsity: 0.301, task1 ratio: 0.699, zero ratio: 0.301, mpl: 1.0
2024-11-14 01:32:10,987 - root - INFO - In train()-> Train Ep. #17 loss: 0.586, accuracy: 78.88, lr: 0.001, sparsity: 0.301, network_width_mpl: 1.0
2024-11-14 01:32:11,106 - root - INFO - In validate()-> Val Ep. #17 loss: 0.868, accuracy: 70.40, sparsity: 0.301, task1 ratio: 0.699, zero ratio: 0.301, mpl: 1.0
2024-11-14 01:32:11,422 - root - INFO - In train()-> Train Ep. #18 loss: 0.576, accuracy: 77.84, lr: 0.001, sparsity: 0.301, network_width_mpl: 1.0
2024-11-14 01:32:11,529 - root - INFO - In validate()-> Val Ep. #18 loss: 0.872, accuracy: 69.00, sparsity: 0.301, task1 ratio: 0.699, zero ratio: 0.301, mpl: 1.0
2024-11-14 01:32:11,845 - root - INFO - In train()-> Train Ep. #19 loss: 0.579, accuracy: 78.36, lr: 0.001, sparsity: 0.301, network_width_mpl: 1.0
2024-11-14 01:32:11,955 - root - INFO - In validate()-> Val Ep. #19 loss: 0.899, accuracy: 67.40, sparsity: 0.301, task1 ratio: 0.699, zero ratio: 0.301, mpl: 1.0
2024-11-14 01:32:12,304 - root - INFO - In train()-> Train Ep. #20 loss: 0.580, accuracy: 78.28, lr: 0.001, sparsity: 0.301, network_width_mpl: 1.0
2024-11-14 01:32:12,415 - root - INFO - In validate()-> Val Ep. #20 loss: 0.876, accuracy: 67.80, sparsity: 0.301, task1 ratio: 0.699, zero ratio: 0.301, mpl: 1.0
2024-11-14 01:32:12,417 - root - INFO - ----------------
2024-11-14 01:32:14,770 - root - INFO - 
2024-11-14 01:32:14,770 - root - INFO - Before pruning: 
2024-11-14 01:32:14,770 - root - INFO - Sparsity range: 0.3 -> 0.4
2024-11-14 01:32:15,061 - root - INFO - In validate()-> Val Ep. #0 loss: 0.876, accuracy: 67.80, sparsity: 0.301, task1 ratio: 0.699, zero ratio: 0.301, mpl: 1.0
2024-11-14 01:32:15,061 - root - INFO - 
2024-11-14 01:32:15,507 - root - INFO - In train()-> Train Ep. #1 loss: 0.557, accuracy: 80.04, lr: 0.001, sparsity: 0.353, network_width_mpl: 1.0
2024-11-14 01:32:15,624 - root - INFO - In validate()-> Val Ep. #1 loss: 0.923, accuracy: 69.20, sparsity: 0.353, task1 ratio: 0.647, zero ratio: 0.353, mpl: 1.0
2024-11-14 01:32:15,932 - root - INFO - In train()-> Train Ep. #2 loss: 0.578, accuracy: 78.48, lr: 0.001, sparsity: 0.386, network_width_mpl: 1.0
2024-11-14 01:32:16,059 - root - INFO - In validate()-> Val Ep. #2 loss: 0.897, accuracy: 68.80, sparsity: 0.386, task1 ratio: 0.614, zero ratio: 0.386, mpl: 1.0
2024-11-14 01:32:16,391 - root - INFO - In train()-> Train Ep. #3 loss: 0.584, accuracy: 77.56, lr: 0.001, sparsity: 0.398, network_width_mpl: 1.0
2024-11-14 01:32:16,501 - root - INFO - In validate()-> Val Ep. #3 loss: 0.881, accuracy: 68.80, sparsity: 0.398, task1 ratio: 0.602, zero ratio: 0.398, mpl: 1.0
2024-11-14 01:32:16,823 - root - INFO - In train()-> Train Ep. #4 loss: 0.568, accuracy: 78.88, lr: 0.001, sparsity: 0.401, network_width_mpl: 1.0
2024-11-14 01:32:16,946 - root - INFO - In validate()-> Val Ep. #4 loss: 0.855, accuracy: 70.80, sparsity: 0.401, task1 ratio: 0.599, zero ratio: 0.401, mpl: 1.0
2024-11-14 01:32:17,263 - root - INFO - In train()-> Train Ep. #5 loss: 0.586, accuracy: 77.56, lr: 0.001, sparsity: 0.401, network_width_mpl: 1.0
2024-11-14 01:32:17,387 - root - INFO - In validate()-> Val Ep. #5 loss: 0.869, accuracy: 69.20, sparsity: 0.401, task1 ratio: 0.599, zero ratio: 0.401, mpl: 1.0
2024-11-14 01:32:17,707 - root - INFO - In train()-> Train Ep. #6 loss: 0.571, accuracy: 78.16, lr: 0.001, sparsity: 0.401, network_width_mpl: 1.0
2024-11-14 01:32:17,821 - root - INFO - In validate()-> Val Ep. #6 loss: 0.891, accuracy: 69.60, sparsity: 0.401, task1 ratio: 0.599, zero ratio: 0.401, mpl: 1.0
2024-11-14 01:32:18,117 - root - INFO - In train()-> Train Ep. #7 loss: 0.570, accuracy: 79.08, lr: 0.001, sparsity: 0.401, network_width_mpl: 1.0
2024-11-14 01:32:18,240 - root - INFO - In validate()-> Val Ep. #7 loss: 0.882, accuracy: 68.80, sparsity: 0.401, task1 ratio: 0.599, zero ratio: 0.401, mpl: 1.0
2024-11-14 01:32:18,548 - root - INFO - In train()-> Train Ep. #8 loss: 0.530, accuracy: 79.96, lr: 0.001, sparsity: 0.401, network_width_mpl: 1.0
2024-11-14 01:32:18,665 - root - INFO - In validate()-> Val Ep. #8 loss: 0.880, accuracy: 68.60, sparsity: 0.401, task1 ratio: 0.599, zero ratio: 0.401, mpl: 1.0
2024-11-14 01:32:18,951 - root - INFO - In train()-> Train Ep. #9 loss: 0.574, accuracy: 78.44, lr: 0.001, sparsity: 0.401, network_width_mpl: 1.0
2024-11-14 01:32:19,075 - root - INFO - In validate()-> Val Ep. #9 loss: 0.871, accuracy: 70.40, sparsity: 0.401, task1 ratio: 0.599, zero ratio: 0.401, mpl: 1.0
2024-11-14 01:32:19,403 - root - INFO - In train()-> Train Ep. #10 loss: 0.571, accuracy: 77.84, lr: 0.001, sparsity: 0.401, network_width_mpl: 1.0
2024-11-14 01:32:19,521 - root - INFO - In validate()-> Val Ep. #10 loss: 0.862, accuracy: 71.40, sparsity: 0.401, task1 ratio: 0.599, zero ratio: 0.401, mpl: 1.0
2024-11-14 01:32:19,841 - root - INFO - In train()-> Train Ep. #11 loss: 0.548, accuracy: 79.40, lr: 0.001, sparsity: 0.401, network_width_mpl: 1.0
2024-11-14 01:32:19,951 - root - INFO - In validate()-> Val Ep. #11 loss: 0.890, accuracy: 70.60, sparsity: 0.401, task1 ratio: 0.599, zero ratio: 0.401, mpl: 1.0
2024-11-14 01:32:20,301 - root - INFO - In train()-> Train Ep. #12 loss: 0.564, accuracy: 79.04, lr: 0.001, sparsity: 0.401, network_width_mpl: 1.0
2024-11-14 01:32:20,427 - root - INFO - In validate()-> Val Ep. #12 loss: 0.859, accuracy: 71.60, sparsity: 0.401, task1 ratio: 0.599, zero ratio: 0.401, mpl: 1.0
2024-11-14 01:32:20,737 - root - INFO - In train()-> Train Ep. #13 loss: 0.565, accuracy: 78.48, lr: 0.001, sparsity: 0.401, network_width_mpl: 1.0
2024-11-14 01:32:20,852 - root - INFO - In validate()-> Val Ep. #13 loss: 0.872, accuracy: 70.20, sparsity: 0.401, task1 ratio: 0.599, zero ratio: 0.401, mpl: 1.0
2024-11-14 01:32:21,156 - root - INFO - In train()-> Train Ep. #14 loss: 0.572, accuracy: 78.40, lr: 0.001, sparsity: 0.401, network_width_mpl: 1.0
2024-11-14 01:32:21,285 - root - INFO - In validate()-> Val Ep. #14 loss: 0.889, accuracy: 69.80, sparsity: 0.401, task1 ratio: 0.599, zero ratio: 0.401, mpl: 1.0
2024-11-14 01:32:21,620 - root - INFO - In train()-> Train Ep. #15 loss: 0.542, accuracy: 78.92, lr: 0.001, sparsity: 0.401, network_width_mpl: 1.0
2024-11-14 01:32:21,735 - root - INFO - In validate()-> Val Ep. #15 loss: 0.881, accuracy: 70.80, sparsity: 0.401, task1 ratio: 0.599, zero ratio: 0.401, mpl: 1.0
2024-11-14 01:32:22,070 - root - INFO - In train()-> Train Ep. #16 loss: 0.523, accuracy: 80.00, lr: 0.001, sparsity: 0.401, network_width_mpl: 1.0
2024-11-14 01:32:22,202 - root - INFO - In validate()-> Val Ep. #16 loss: 0.891, accuracy: 68.80, sparsity: 0.401, task1 ratio: 0.599, zero ratio: 0.401, mpl: 1.0
2024-11-14 01:32:22,505 - root - INFO - In train()-> Train Ep. #17 loss: 0.549, accuracy: 80.20, lr: 0.001, sparsity: 0.401, network_width_mpl: 1.0
2024-11-14 01:32:22,615 - root - INFO - In validate()-> Val Ep. #17 loss: 0.887, accuracy: 71.00, sparsity: 0.401, task1 ratio: 0.599, zero ratio: 0.401, mpl: 1.0
2024-11-14 01:32:22,941 - root - INFO - In train()-> Train Ep. #18 loss: 0.543, accuracy: 79.92, lr: 0.001, sparsity: 0.401, network_width_mpl: 1.0
2024-11-14 01:32:23,051 - root - INFO - In validate()-> Val Ep. #18 loss: 0.891, accuracy: 70.00, sparsity: 0.401, task1 ratio: 0.599, zero ratio: 0.401, mpl: 1.0
2024-11-14 01:32:23,345 - root - INFO - In train()-> Train Ep. #19 loss: 0.539, accuracy: 79.44, lr: 0.001, sparsity: 0.401, network_width_mpl: 1.0
2024-11-14 01:32:23,475 - root - INFO - In validate()-> Val Ep. #19 loss: 0.913, accuracy: 69.20, sparsity: 0.401, task1 ratio: 0.599, zero ratio: 0.401, mpl: 1.0
2024-11-14 01:32:23,795 - root - INFO - In train()-> Train Ep. #20 loss: 0.549, accuracy: 79.68, lr: 0.001, sparsity: 0.401, network_width_mpl: 1.0
2024-11-14 01:32:23,911 - root - INFO - In validate()-> Val Ep. #20 loss: 0.891, accuracy: 68.60, sparsity: 0.401, task1 ratio: 0.599, zero ratio: 0.401, mpl: 1.0
2024-11-14 01:32:23,913 - root - INFO - ----------------
2024-11-14 01:32:26,239 - root - INFO - 
2024-11-14 01:32:26,239 - root - INFO - Before pruning: 
2024-11-14 01:32:26,239 - root - INFO - Sparsity range: 0.4 -> 0.5
2024-11-14 01:32:26,519 - root - INFO - In validate()-> Val Ep. #0 loss: 0.891, accuracy: 68.60, sparsity: 0.401, task1 ratio: 0.599, zero ratio: 0.401, mpl: 1.0
2024-11-14 01:32:26,519 - root - INFO - 
2024-11-14 01:32:26,898 - root - INFO - In train()-> Train Ep. #1 loss: 0.524, accuracy: 81.72, lr: 0.001, sparsity: 0.453, network_width_mpl: 1.0
2024-11-14 01:32:27,019 - root - INFO - In validate()-> Val Ep. #1 loss: 0.921, accuracy: 69.40, sparsity: 0.453, task1 ratio: 0.547, zero ratio: 0.453, mpl: 1.0
2024-11-14 01:32:27,358 - root - INFO - In train()-> Train Ep. #2 loss: 0.551, accuracy: 80.00, lr: 0.001, sparsity: 0.486, network_width_mpl: 1.0
2024-11-14 01:32:27,489 - root - INFO - In validate()-> Val Ep. #2 loss: 0.949, accuracy: 68.60, sparsity: 0.486, task1 ratio: 0.514, zero ratio: 0.486, mpl: 1.0
2024-11-14 01:32:27,802 - root - INFO - In train()-> Train Ep. #3 loss: 0.573, accuracy: 78.48, lr: 0.001, sparsity: 0.498, network_width_mpl: 1.0
2024-11-14 01:32:27,911 - root - INFO - In validate()-> Val Ep. #3 loss: 0.915, accuracy: 69.60, sparsity: 0.498, task1 ratio: 0.502, zero ratio: 0.498, mpl: 1.0
2024-11-14 01:32:28,217 - root - INFO - In train()-> Train Ep. #4 loss: 0.541, accuracy: 80.24, lr: 0.001, sparsity: 0.501, network_width_mpl: 1.0
2024-11-14 01:32:28,326 - root - INFO - In validate()-> Val Ep. #4 loss: 0.887, accuracy: 68.80, sparsity: 0.501, task1 ratio: 0.499, zero ratio: 0.501, mpl: 1.0
2024-11-14 01:32:28,656 - root - INFO - In train()-> Train Ep. #5 loss: 0.557, accuracy: 79.40, lr: 0.001, sparsity: 0.501, network_width_mpl: 1.0
2024-11-14 01:32:28,765 - root - INFO - In validate()-> Val Ep. #5 loss: 0.894, accuracy: 69.60, sparsity: 0.501, task1 ratio: 0.499, zero ratio: 0.501, mpl: 1.0
2024-11-14 01:32:29,085 - root - INFO - In train()-> Train Ep. #6 loss: 0.538, accuracy: 79.28, lr: 0.001, sparsity: 0.501, network_width_mpl: 1.0
2024-11-14 01:32:29,205 - root - INFO - In validate()-> Val Ep. #6 loss: 0.909, accuracy: 68.40, sparsity: 0.501, task1 ratio: 0.499, zero ratio: 0.501, mpl: 1.0
2024-11-14 01:32:29,540 - root - INFO - In train()-> Train Ep. #7 loss: 0.548, accuracy: 79.92, lr: 0.001, sparsity: 0.501, network_width_mpl: 1.0
2024-11-14 01:32:29,671 - root - INFO - In validate()-> Val Ep. #7 loss: 0.898, accuracy: 69.20, sparsity: 0.501, task1 ratio: 0.499, zero ratio: 0.501, mpl: 1.0
2024-11-14 01:32:29,990 - root - INFO - In train()-> Train Ep. #8 loss: 0.503, accuracy: 80.96, lr: 0.001, sparsity: 0.501, network_width_mpl: 1.0
2024-11-14 01:32:30,100 - root - INFO - In validate()-> Val Ep. #8 loss: 0.898, accuracy: 69.40, sparsity: 0.501, task1 ratio: 0.499, zero ratio: 0.501, mpl: 1.0
2024-11-14 01:32:30,429 - root - INFO - In train()-> Train Ep. #9 loss: 0.546, accuracy: 80.00, lr: 0.001, sparsity: 0.501, network_width_mpl: 1.0
2024-11-14 01:32:30,550 - root - INFO - In validate()-> Val Ep. #9 loss: 0.898, accuracy: 70.00, sparsity: 0.501, task1 ratio: 0.499, zero ratio: 0.501, mpl: 1.0
2024-11-14 01:32:30,899 - root - INFO - In train()-> Train Ep. #10 loss: 0.544, accuracy: 78.84, lr: 0.001, sparsity: 0.501, network_width_mpl: 1.0
2024-11-14 01:32:31,027 - root - INFO - In validate()-> Val Ep. #10 loss: 0.879, accuracy: 70.80, sparsity: 0.501, task1 ratio: 0.499, zero ratio: 0.501, mpl: 1.0
2024-11-14 01:32:31,363 - root - INFO - In train()-> Train Ep. #11 loss: 0.520, accuracy: 80.24, lr: 0.001, sparsity: 0.501, network_width_mpl: 1.0
2024-11-14 01:32:31,475 - root - INFO - In validate()-> Val Ep. #11 loss: 0.914, accuracy: 69.80, sparsity: 0.501, task1 ratio: 0.499, zero ratio: 0.501, mpl: 1.0
2024-11-14 01:32:31,806 - root - INFO - In train()-> Train Ep. #12 loss: 0.541, accuracy: 80.36, lr: 0.001, sparsity: 0.501, network_width_mpl: 1.0
2024-11-14 01:32:31,922 - root - INFO - In validate()-> Val Ep. #12 loss: 0.883, accuracy: 69.40, sparsity: 0.501, task1 ratio: 0.499, zero ratio: 0.501, mpl: 1.0
2024-11-14 01:32:32,237 - root - INFO - In train()-> Train Ep. #13 loss: 0.539, accuracy: 79.64, lr: 0.001, sparsity: 0.501, network_width_mpl: 1.0
2024-11-14 01:32:32,347 - root - INFO - In validate()-> Val Ep. #13 loss: 0.886, accuracy: 70.20, sparsity: 0.501, task1 ratio: 0.499, zero ratio: 0.501, mpl: 1.0
2024-11-14 01:32:32,656 - root - INFO - In train()-> Train Ep. #14 loss: 0.543, accuracy: 79.72, lr: 0.001, sparsity: 0.501, network_width_mpl: 1.0
2024-11-14 01:32:32,776 - root - INFO - In validate()-> Val Ep. #14 loss: 0.905, accuracy: 69.00, sparsity: 0.501, task1 ratio: 0.499, zero ratio: 0.501, mpl: 1.0
2024-11-14 01:32:33,101 - root - INFO - In train()-> Train Ep. #15 loss: 0.509, accuracy: 80.48, lr: 0.001, sparsity: 0.501, network_width_mpl: 1.0
2024-11-14 01:32:33,222 - root - INFO - In validate()-> Val Ep. #15 loss: 0.901, accuracy: 71.00, sparsity: 0.501, task1 ratio: 0.499, zero ratio: 0.501, mpl: 1.0
2024-11-14 01:32:33,556 - root - INFO - In train()-> Train Ep. #16 loss: 0.492, accuracy: 81.60, lr: 0.001, sparsity: 0.501, network_width_mpl: 1.0
2024-11-14 01:32:33,664 - root - INFO - In validate()-> Val Ep. #16 loss: 0.915, accuracy: 69.60, sparsity: 0.501, task1 ratio: 0.499, zero ratio: 0.501, mpl: 1.0
2024-11-14 01:32:33,975 - root - INFO - In train()-> Train Ep. #17 loss: 0.521, accuracy: 81.08, lr: 0.001, sparsity: 0.501, network_width_mpl: 1.0
2024-11-14 01:32:34,089 - root - INFO - In validate()-> Val Ep. #17 loss: 0.904, accuracy: 70.20, sparsity: 0.501, task1 ratio: 0.499, zero ratio: 0.501, mpl: 1.0
2024-11-14 01:32:34,435 - root - INFO - In train()-> Train Ep. #18 loss: 0.513, accuracy: 80.44, lr: 0.001, sparsity: 0.501, network_width_mpl: 1.0
2024-11-14 01:32:34,561 - root - INFO - In validate()-> Val Ep. #18 loss: 0.912, accuracy: 70.40, sparsity: 0.501, task1 ratio: 0.499, zero ratio: 0.501, mpl: 1.0
2024-11-14 01:32:34,914 - root - INFO - In train()-> Train Ep. #19 loss: 0.505, accuracy: 81.20, lr: 0.001, sparsity: 0.501, network_width_mpl: 1.0
2024-11-14 01:32:35,035 - root - INFO - In validate()-> Val Ep. #19 loss: 0.930, accuracy: 68.60, sparsity: 0.501, task1 ratio: 0.499, zero ratio: 0.501, mpl: 1.0
2024-11-14 01:32:35,336 - root - INFO - In train()-> Train Ep. #20 loss: 0.524, accuracy: 79.72, lr: 0.001, sparsity: 0.501, network_width_mpl: 1.0
2024-11-14 01:32:35,453 - root - INFO - In validate()-> Val Ep. #20 loss: 0.919, accuracy: 69.00, sparsity: 0.501, task1 ratio: 0.499, zero ratio: 0.501, mpl: 1.0
2024-11-14 01:32:35,455 - root - INFO - ----------------
2024-11-14 01:32:37,757 - root - INFO - 
2024-11-14 01:32:37,757 - root - INFO - Before pruning: 
2024-11-14 01:32:37,757 - root - INFO - Sparsity range: 0.5 -> 0.6
2024-11-14 01:32:38,031 - root - INFO - In validate()-> Val Ep. #0 loss: 0.919, accuracy: 69.00, sparsity: 0.501, task1 ratio: 0.499, zero ratio: 0.501, mpl: 1.0
2024-11-14 01:32:38,031 - root - INFO - 
2024-11-14 01:32:38,417 - root - INFO - In train()-> Train Ep. #1 loss: 0.497, accuracy: 82.00, lr: 0.001, sparsity: 0.553, network_width_mpl: 1.0
2024-11-14 01:32:38,538 - root - INFO - In validate()-> Val Ep. #1 loss: 1.065, accuracy: 65.80, sparsity: 0.553, task1 ratio: 0.447, zero ratio: 0.553, mpl: 1.0
2024-11-14 01:32:38,859 - root - INFO - In train()-> Train Ep. #2 loss: 0.562, accuracy: 79.20, lr: 0.001, sparsity: 0.586, network_width_mpl: 1.0
2024-11-14 01:32:38,981 - root - INFO - In validate()-> Val Ep. #2 loss: 1.057, accuracy: 66.20, sparsity: 0.586, task1 ratio: 0.414, zero ratio: 0.586, mpl: 1.0
2024-11-14 01:32:39,314 - root - INFO - In train()-> Train Ep. #3 loss: 0.569, accuracy: 78.52, lr: 0.001, sparsity: 0.598, network_width_mpl: 1.0
2024-11-14 01:32:39,437 - root - INFO - In validate()-> Val Ep. #3 loss: 0.965, accuracy: 67.40, sparsity: 0.598, task1 ratio: 0.402, zero ratio: 0.598, mpl: 1.0
2024-11-14 01:32:39,789 - root - INFO - In train()-> Train Ep. #4 loss: 0.546, accuracy: 79.28, lr: 0.001, sparsity: 0.600, network_width_mpl: 1.0
2024-11-14 01:32:39,908 - root - INFO - In validate()-> Val Ep. #4 loss: 0.916, accuracy: 68.60, sparsity: 0.600, task1 ratio: 0.400, zero ratio: 0.600, mpl: 1.0
2024-11-14 01:32:40,214 - root - INFO - In train()-> Train Ep. #5 loss: 0.547, accuracy: 79.44, lr: 0.001, sparsity: 0.600, network_width_mpl: 1.0
2024-11-14 01:32:40,328 - root - INFO - In validate()-> Val Ep. #5 loss: 0.909, accuracy: 68.80, sparsity: 0.600, task1 ratio: 0.400, zero ratio: 0.600, mpl: 1.0
2024-11-14 01:32:40,645 - root - INFO - In train()-> Train Ep. #6 loss: 0.519, accuracy: 81.32, lr: 0.001, sparsity: 0.600, network_width_mpl: 1.0
2024-11-14 01:32:40,782 - root - INFO - In validate()-> Val Ep. #6 loss: 0.928, accuracy: 68.80, sparsity: 0.600, task1 ratio: 0.400, zero ratio: 0.600, mpl: 1.0
2024-11-14 01:32:41,114 - root - INFO - In train()-> Train Ep. #7 loss: 0.528, accuracy: 80.72, lr: 0.001, sparsity: 0.600, network_width_mpl: 1.0
2024-11-14 01:32:41,225 - root - INFO - In validate()-> Val Ep. #7 loss: 0.925, accuracy: 69.80, sparsity: 0.600, task1 ratio: 0.400, zero ratio: 0.600, mpl: 1.0
2024-11-14 01:32:41,529 - root - INFO - In train()-> Train Ep. #8 loss: 0.486, accuracy: 81.92, lr: 0.001, sparsity: 0.600, network_width_mpl: 1.0
2024-11-14 01:32:41,642 - root - INFO - In validate()-> Val Ep. #8 loss: 0.919, accuracy: 69.80, sparsity: 0.600, task1 ratio: 0.400, zero ratio: 0.600, mpl: 1.0
2024-11-14 01:32:41,996 - root - INFO - In train()-> Train Ep. #9 loss: 0.526, accuracy: 81.04, lr: 0.001, sparsity: 0.600, network_width_mpl: 1.0
2024-11-14 01:32:42,116 - root - INFO - In validate()-> Val Ep. #9 loss: 0.902, accuracy: 70.00, sparsity: 0.600, task1 ratio: 0.400, zero ratio: 0.600, mpl: 1.0
2024-11-14 01:32:42,442 - root - INFO - In train()-> Train Ep. #10 loss: 0.518, accuracy: 80.56, lr: 0.001, sparsity: 0.600, network_width_mpl: 1.0
2024-11-14 01:32:42,554 - root - INFO - In validate()-> Val Ep. #10 loss: 0.898, accuracy: 70.00, sparsity: 0.600, task1 ratio: 0.400, zero ratio: 0.600, mpl: 1.0
2024-11-14 01:32:42,885 - root - INFO - In train()-> Train Ep. #11 loss: 0.502, accuracy: 81.60, lr: 0.001, sparsity: 0.600, network_width_mpl: 1.0
2024-11-14 01:32:43,002 - root - INFO - In validate()-> Val Ep. #11 loss: 0.931, accuracy: 69.40, sparsity: 0.600, task1 ratio: 0.400, zero ratio: 0.600, mpl: 1.0
2024-11-14 01:32:43,332 - root - INFO - In train()-> Train Ep. #12 loss: 0.520, accuracy: 81.08, lr: 0.001, sparsity: 0.600, network_width_mpl: 1.0
2024-11-14 01:32:43,453 - root - INFO - In validate()-> Val Ep. #12 loss: 0.904, accuracy: 69.40, sparsity: 0.600, task1 ratio: 0.400, zero ratio: 0.600, mpl: 1.0
2024-11-14 01:32:43,768 - root - INFO - In train()-> Train Ep. #13 loss: 0.514, accuracy: 80.80, lr: 0.001, sparsity: 0.600, network_width_mpl: 1.0
2024-11-14 01:32:43,888 - root - INFO - In validate()-> Val Ep. #13 loss: 0.906, accuracy: 69.60, sparsity: 0.600, task1 ratio: 0.400, zero ratio: 0.600, mpl: 1.0
2024-11-14 01:32:44,219 - root - INFO - In train()-> Train Ep. #14 loss: 0.525, accuracy: 80.56, lr: 0.001, sparsity: 0.600, network_width_mpl: 1.0
2024-11-14 01:32:44,332 - root - INFO - In validate()-> Val Ep. #14 loss: 0.919, accuracy: 69.60, sparsity: 0.600, task1 ratio: 0.400, zero ratio: 0.600, mpl: 1.0
2024-11-14 01:32:44,666 - root - INFO - In train()-> Train Ep. #15 loss: 0.483, accuracy: 82.20, lr: 0.001, sparsity: 0.600, network_width_mpl: 1.0
2024-11-14 01:32:44,779 - root - INFO - In validate()-> Val Ep. #15 loss: 0.917, accuracy: 69.80, sparsity: 0.600, task1 ratio: 0.400, zero ratio: 0.600, mpl: 1.0
2024-11-14 01:32:45,121 - root - INFO - In train()-> Train Ep. #16 loss: 0.471, accuracy: 82.60, lr: 0.001, sparsity: 0.600, network_width_mpl: 1.0
2024-11-14 01:32:45,250 - root - INFO - In validate()-> Val Ep. #16 loss: 0.930, accuracy: 68.80, sparsity: 0.600, task1 ratio: 0.400, zero ratio: 0.600, mpl: 1.0
2024-11-14 01:32:45,569 - root - INFO - In train()-> Train Ep. #17 loss: 0.499, accuracy: 82.00, lr: 0.001, sparsity: 0.600, network_width_mpl: 1.0
2024-11-14 01:32:45,683 - root - INFO - In validate()-> Val Ep. #17 loss: 0.925, accuracy: 70.60, sparsity: 0.600, task1 ratio: 0.400, zero ratio: 0.600, mpl: 1.0
2024-11-14 01:32:46,014 - root - INFO - In train()-> Train Ep. #18 loss: 0.494, accuracy: 81.52, lr: 0.001, sparsity: 0.600, network_width_mpl: 1.0
2024-11-14 01:32:46,134 - root - INFO - In validate()-> Val Ep. #18 loss: 0.930, accuracy: 71.00, sparsity: 0.600, task1 ratio: 0.400, zero ratio: 0.600, mpl: 1.0
2024-11-14 01:32:46,438 - root - INFO - In train()-> Train Ep. #19 loss: 0.482, accuracy: 82.36, lr: 0.001, sparsity: 0.600, network_width_mpl: 1.0
2024-11-14 01:32:46,562 - root - INFO - In validate()-> Val Ep. #19 loss: 0.957, accuracy: 69.40, sparsity: 0.600, task1 ratio: 0.400, zero ratio: 0.600, mpl: 1.0
2024-11-14 01:32:46,869 - root - INFO - In train()-> Train Ep. #20 loss: 0.505, accuracy: 80.76, lr: 0.001, sparsity: 0.600, network_width_mpl: 1.0
2024-11-14 01:32:46,984 - root - INFO - In validate()-> Val Ep. #20 loss: 0.932, accuracy: 69.40, sparsity: 0.600, task1 ratio: 0.400, zero ratio: 0.600, mpl: 1.0
2024-11-14 01:32:46,985 - root - INFO - ----------------
2024-11-14 01:32:49,344 - root - INFO - 
2024-11-14 01:32:49,345 - root - INFO - Before pruning: 
2024-11-14 01:32:49,345 - root - INFO - Sparsity range: 0.6 -> 0.7
2024-11-14 01:32:49,622 - root - INFO - In validate()-> Val Ep. #0 loss: 0.932, accuracy: 69.40, sparsity: 0.600, task1 ratio: 0.400, zero ratio: 0.600, mpl: 1.0
2024-11-14 01:32:49,622 - root - INFO - 
2024-11-14 01:32:50,018 - root - INFO - In train()-> Train Ep. #1 loss: 0.477, accuracy: 82.92, lr: 0.001, sparsity: 0.653, network_width_mpl: 1.0
2024-11-14 01:32:50,140 - root - INFO - In validate()-> Val Ep. #1 loss: 1.301, accuracy: 61.40, sparsity: 0.653, task1 ratio: 0.347, zero ratio: 0.653, mpl: 1.0
2024-11-14 01:32:50,472 - root - INFO - In train()-> Train Ep. #2 loss: 0.623, accuracy: 76.20, lr: 0.001, sparsity: 0.686, network_width_mpl: 1.0
2024-11-14 01:32:50,589 - root - INFO - In validate()-> Val Ep. #2 loss: 1.073, accuracy: 62.60, sparsity: 0.686, task1 ratio: 0.314, zero ratio: 0.686, mpl: 1.0
2024-11-14 01:32:50,903 - root - INFO - In train()-> Train Ep. #3 loss: 0.602, accuracy: 75.96, lr: 0.001, sparsity: 0.698, network_width_mpl: 1.0
2024-11-14 01:32:51,013 - root - INFO - In validate()-> Val Ep. #3 loss: 0.984, accuracy: 66.40, sparsity: 0.698, task1 ratio: 0.302, zero ratio: 0.698, mpl: 1.0
2024-11-14 01:32:51,317 - root - INFO - In train()-> Train Ep. #4 loss: 0.573, accuracy: 78.12, lr: 0.001, sparsity: 0.701, network_width_mpl: 1.0
2024-11-14 01:32:51,440 - root - INFO - In validate()-> Val Ep. #4 loss: 0.924, accuracy: 68.40, sparsity: 0.701, task1 ratio: 0.299, zero ratio: 0.701, mpl: 1.0
2024-11-14 01:32:51,759 - root - INFO - In train()-> Train Ep. #5 loss: 0.568, accuracy: 78.76, lr: 0.001, sparsity: 0.701, network_width_mpl: 1.0
2024-11-14 01:32:51,880 - root - INFO - In validate()-> Val Ep. #5 loss: 0.909, accuracy: 68.80, sparsity: 0.701, task1 ratio: 0.299, zero ratio: 0.701, mpl: 1.0
2024-11-14 01:32:52,195 - root - INFO - In train()-> Train Ep. #6 loss: 0.535, accuracy: 80.96, lr: 0.001, sparsity: 0.701, network_width_mpl: 1.0
2024-11-14 01:32:52,314 - root - INFO - In validate()-> Val Ep. #6 loss: 0.918, accuracy: 68.80, sparsity: 0.701, task1 ratio: 0.299, zero ratio: 0.701, mpl: 1.0
2024-11-14 01:32:52,639 - root - INFO - In train()-> Train Ep. #7 loss: 0.544, accuracy: 79.72, lr: 0.001, sparsity: 0.701, network_width_mpl: 1.0
2024-11-14 01:32:52,752 - root - INFO - In validate()-> Val Ep. #7 loss: 0.921, accuracy: 69.60, sparsity: 0.701, task1 ratio: 0.299, zero ratio: 0.701, mpl: 1.0
2024-11-14 01:32:53,079 - root - INFO - In train()-> Train Ep. #8 loss: 0.499, accuracy: 82.12, lr: 0.001, sparsity: 0.701, network_width_mpl: 1.0
2024-11-14 01:32:53,195 - root - INFO - In validate()-> Val Ep. #8 loss: 0.904, accuracy: 69.20, sparsity: 0.701, task1 ratio: 0.299, zero ratio: 0.701, mpl: 1.0
2024-11-14 01:32:53,515 - root - INFO - In train()-> Train Ep. #9 loss: 0.538, accuracy: 80.36, lr: 0.001, sparsity: 0.701, network_width_mpl: 1.0
2024-11-14 01:32:53,643 - root - INFO - In validate()-> Val Ep. #9 loss: 0.900, accuracy: 69.40, sparsity: 0.701, task1 ratio: 0.299, zero ratio: 0.701, mpl: 1.0
2024-11-14 01:32:53,962 - root - INFO - In train()-> Train Ep. #10 loss: 0.528, accuracy: 80.00, lr: 0.001, sparsity: 0.701, network_width_mpl: 1.0
2024-11-14 01:32:54,074 - root - INFO - In validate()-> Val Ep. #10 loss: 0.887, accuracy: 70.80, sparsity: 0.701, task1 ratio: 0.299, zero ratio: 0.701, mpl: 1.0
2024-11-14 01:32:54,410 - root - INFO - In train()-> Train Ep. #11 loss: 0.515, accuracy: 80.84, lr: 0.001, sparsity: 0.701, network_width_mpl: 1.0
2024-11-14 01:32:54,522 - root - INFO - In validate()-> Val Ep. #11 loss: 0.914, accuracy: 71.60, sparsity: 0.701, task1 ratio: 0.299, zero ratio: 0.701, mpl: 1.0
2024-11-14 01:32:54,824 - root - INFO - In train()-> Train Ep. #12 loss: 0.529, accuracy: 80.12, lr: 0.001, sparsity: 0.701, network_width_mpl: 1.0
2024-11-14 01:32:54,940 - root - INFO - In validate()-> Val Ep. #12 loss: 0.893, accuracy: 70.60, sparsity: 0.701, task1 ratio: 0.299, zero ratio: 0.701, mpl: 1.0
2024-11-14 01:32:55,266 - root - INFO - In train()-> Train Ep. #13 loss: 0.519, accuracy: 80.12, lr: 0.001, sparsity: 0.701, network_width_mpl: 1.0
2024-11-14 01:32:55,381 - root - INFO - In validate()-> Val Ep. #13 loss: 0.899, accuracy: 70.00, sparsity: 0.701, task1 ratio: 0.299, zero ratio: 0.701, mpl: 1.0
2024-11-14 01:32:55,706 - root - INFO - In train()-> Train Ep. #14 loss: 0.525, accuracy: 80.44, lr: 0.001, sparsity: 0.701, network_width_mpl: 1.0
2024-11-14 01:32:55,822 - root - INFO - In validate()-> Val Ep. #14 loss: 0.909, accuracy: 70.20, sparsity: 0.701, task1 ratio: 0.299, zero ratio: 0.701, mpl: 1.0
2024-11-14 01:32:56,153 - root - INFO - In train()-> Train Ep. #15 loss: 0.486, accuracy: 82.44, lr: 0.001, sparsity: 0.701, network_width_mpl: 1.0
2024-11-14 01:32:56,270 - root - INFO - In validate()-> Val Ep. #15 loss: 0.905, accuracy: 70.40, sparsity: 0.701, task1 ratio: 0.299, zero ratio: 0.701, mpl: 1.0
2024-11-14 01:32:56,629 - root - INFO - In train()-> Train Ep. #16 loss: 0.471, accuracy: 82.60, lr: 0.001, sparsity: 0.701, network_width_mpl: 1.0
2024-11-14 01:32:56,761 - root - INFO - In validate()-> Val Ep. #16 loss: 0.924, accuracy: 70.20, sparsity: 0.701, task1 ratio: 0.299, zero ratio: 0.701, mpl: 1.0
2024-11-14 01:32:57,108 - root - INFO - In train()-> Train Ep. #17 loss: 0.502, accuracy: 81.36, lr: 0.001, sparsity: 0.701, network_width_mpl: 1.0
2024-11-14 01:32:57,225 - root - INFO - In validate()-> Val Ep. #17 loss: 0.920, accuracy: 70.60, sparsity: 0.701, task1 ratio: 0.299, zero ratio: 0.701, mpl: 1.0
2024-11-14 01:32:57,560 - root - INFO - In train()-> Train Ep. #18 loss: 0.496, accuracy: 80.80, lr: 0.001, sparsity: 0.701, network_width_mpl: 1.0
2024-11-14 01:32:57,673 - root - INFO - In validate()-> Val Ep. #18 loss: 0.917, accuracy: 71.80, sparsity: 0.701, task1 ratio: 0.299, zero ratio: 0.701, mpl: 1.0
2024-11-14 01:32:57,977 - root - INFO - In train()-> Train Ep. #19 loss: 0.494, accuracy: 81.44, lr: 0.001, sparsity: 0.701, network_width_mpl: 1.0
2024-11-14 01:32:58,101 - root - INFO - In validate()-> Val Ep. #19 loss: 0.939, accuracy: 69.60, sparsity: 0.701, task1 ratio: 0.299, zero ratio: 0.701, mpl: 1.0
2024-11-14 01:32:58,429 - root - INFO - In train()-> Train Ep. #20 loss: 0.506, accuracy: 80.76, lr: 0.001, sparsity: 0.701, network_width_mpl: 1.0
2024-11-14 01:32:58,564 - root - INFO - In validate()-> Val Ep. #20 loss: 0.934, accuracy: 68.00, sparsity: 0.701, task1 ratio: 0.299, zero ratio: 0.701, mpl: 1.0
2024-11-14 01:32:58,566 - root - INFO - ----------------
2024-11-14 01:33:00,871 - root - INFO - 
2024-11-14 01:33:00,872 - root - INFO - Before pruning: 
2024-11-14 01:33:00,872 - root - INFO - Sparsity range: 0.7 -> 0.8
2024-11-14 01:33:01,147 - root - INFO - In validate()-> Val Ep. #0 loss: 0.934, accuracy: 68.00, sparsity: 0.701, task1 ratio: 0.299, zero ratio: 0.701, mpl: 1.0
2024-11-14 01:33:01,147 - root - INFO - 
2024-11-14 01:33:01,551 - root - INFO - In train()-> Train Ep. #1 loss: 0.475, accuracy: 82.40, lr: 0.001, sparsity: 0.753, network_width_mpl: 1.0
2024-11-14 01:33:01,669 - root - INFO - In validate()-> Val Ep. #1 loss: 1.433, accuracy: 51.00, sparsity: 0.753, task1 ratio: 0.247, zero ratio: 0.753, mpl: 1.0
2024-11-14 01:33:02,002 - root - INFO - In train()-> Train Ep. #2 loss: 0.690, accuracy: 73.52, lr: 0.001, sparsity: 0.785, network_width_mpl: 1.0
2024-11-14 01:33:02,109 - root - INFO - In validate()-> Val Ep. #2 loss: 1.256, accuracy: 62.40, sparsity: 0.785, task1 ratio: 0.215, zero ratio: 0.785, mpl: 1.0
2024-11-14 01:33:02,422 - root - INFO - In train()-> Train Ep. #3 loss: 0.687, accuracy: 74.28, lr: 0.001, sparsity: 0.798, network_width_mpl: 1.0
2024-11-14 01:33:02,540 - root - INFO - In validate()-> Val Ep. #3 loss: 1.269, accuracy: 56.80, sparsity: 0.798, task1 ratio: 0.202, zero ratio: 0.798, mpl: 1.0
2024-11-14 01:33:02,860 - root - INFO - In train()-> Train Ep. #4 loss: 0.656, accuracy: 74.08, lr: 0.001, sparsity: 0.801, network_width_mpl: 1.0
2024-11-14 01:33:02,978 - root - INFO - In validate()-> Val Ep. #4 loss: 0.938, accuracy: 65.80, sparsity: 0.801, task1 ratio: 0.199, zero ratio: 0.801, mpl: 1.0
2024-11-14 01:33:03,289 - root - INFO - In train()-> Train Ep. #5 loss: 0.637, accuracy: 75.12, lr: 0.001, sparsity: 0.801, network_width_mpl: 1.0
2024-11-14 01:33:03,407 - root - INFO - In validate()-> Val Ep. #5 loss: 0.887, accuracy: 67.20, sparsity: 0.801, task1 ratio: 0.199, zero ratio: 0.801, mpl: 1.0
2024-11-14 01:33:03,736 - root - INFO - In train()-> Train Ep. #6 loss: 0.595, accuracy: 77.56, lr: 0.001, sparsity: 0.801, network_width_mpl: 1.0
2024-11-14 01:33:03,849 - root - INFO - In validate()-> Val Ep. #6 loss: 0.891, accuracy: 68.60, sparsity: 0.801, task1 ratio: 0.199, zero ratio: 0.801, mpl: 1.0
2024-11-14 01:33:04,172 - root - INFO - In train()-> Train Ep. #7 loss: 0.592, accuracy: 77.76, lr: 0.001, sparsity: 0.801, network_width_mpl: 1.0
2024-11-14 01:33:04,291 - root - INFO - In validate()-> Val Ep. #7 loss: 0.890, accuracy: 67.60, sparsity: 0.801, task1 ratio: 0.199, zero ratio: 0.801, mpl: 1.0
2024-11-14 01:33:04,609 - root - INFO - In train()-> Train Ep. #8 loss: 0.558, accuracy: 79.92, lr: 0.001, sparsity: 0.801, network_width_mpl: 1.0
2024-11-14 01:33:04,738 - root - INFO - In validate()-> Val Ep. #8 loss: 0.877, accuracy: 69.00, sparsity: 0.801, task1 ratio: 0.199, zero ratio: 0.801, mpl: 1.0
2024-11-14 01:33:05,075 - root - INFO - In train()-> Train Ep. #9 loss: 0.589, accuracy: 78.40, lr: 0.001, sparsity: 0.801, network_width_mpl: 1.0
2024-11-14 01:33:05,189 - root - INFO - In validate()-> Val Ep. #9 loss: 0.877, accuracy: 68.40, sparsity: 0.801, task1 ratio: 0.199, zero ratio: 0.801, mpl: 1.0
2024-11-14 01:33:05,492 - root - INFO - In train()-> Train Ep. #10 loss: 0.585, accuracy: 77.88, lr: 0.001, sparsity: 0.801, network_width_mpl: 1.0
2024-11-14 01:33:05,608 - root - INFO - In validate()-> Val Ep. #10 loss: 0.869, accuracy: 68.40, sparsity: 0.801, task1 ratio: 0.199, zero ratio: 0.801, mpl: 1.0
2024-11-14 01:33:05,935 - root - INFO - In train()-> Train Ep. #11 loss: 0.564, accuracy: 78.60, lr: 0.001, sparsity: 0.801, network_width_mpl: 1.0
2024-11-14 01:33:06,046 - root - INFO - In validate()-> Val Ep. #11 loss: 0.896, accuracy: 68.00, sparsity: 0.801, task1 ratio: 0.199, zero ratio: 0.801, mpl: 1.0
2024-11-14 01:33:06,356 - root - INFO - In train()-> Train Ep. #12 loss: 0.567, accuracy: 78.72, lr: 0.001, sparsity: 0.801, network_width_mpl: 1.0
2024-11-14 01:33:06,472 - root - INFO - In validate()-> Val Ep. #12 loss: 0.879, accuracy: 69.40, sparsity: 0.801, task1 ratio: 0.199, zero ratio: 0.801, mpl: 1.0
2024-11-14 01:33:06,787 - root - INFO - In train()-> Train Ep. #13 loss: 0.583, accuracy: 77.96, lr: 0.001, sparsity: 0.801, network_width_mpl: 1.0
2024-11-14 01:33:06,898 - root - INFO - In validate()-> Val Ep. #13 loss: 0.878, accuracy: 68.00, sparsity: 0.801, task1 ratio: 0.199, zero ratio: 0.801, mpl: 1.0
2024-11-14 01:33:07,197 - root - INFO - In train()-> Train Ep. #14 loss: 0.575, accuracy: 78.68, lr: 0.001, sparsity: 0.801, network_width_mpl: 1.0
2024-11-14 01:33:07,313 - root - INFO - In validate()-> Val Ep. #14 loss: 0.888, accuracy: 68.60, sparsity: 0.801, task1 ratio: 0.199, zero ratio: 0.801, mpl: 1.0
2024-11-14 01:33:07,613 - root - INFO - In train()-> Train Ep. #15 loss: 0.549, accuracy: 79.16, lr: 0.001, sparsity: 0.801, network_width_mpl: 1.0
2024-11-14 01:33:07,734 - root - INFO - In validate()-> Val Ep. #15 loss: 0.878, accuracy: 68.40, sparsity: 0.801, task1 ratio: 0.199, zero ratio: 0.801, mpl: 1.0
2024-11-14 01:33:08,058 - root - INFO - In train()-> Train Ep. #16 loss: 0.521, accuracy: 80.16, lr: 0.001, sparsity: 0.801, network_width_mpl: 1.0
2024-11-14 01:33:08,170 - root - INFO - In validate()-> Val Ep. #16 loss: 0.898, accuracy: 67.00, sparsity: 0.801, task1 ratio: 0.199, zero ratio: 0.801, mpl: 1.0
2024-11-14 01:33:08,466 - root - INFO - In train()-> Train Ep. #17 loss: 0.549, accuracy: 80.20, lr: 0.001, sparsity: 0.801, network_width_mpl: 1.0
2024-11-14 01:33:08,578 - root - INFO - In validate()-> Val Ep. #17 loss: 0.881, accuracy: 69.00, sparsity: 0.801, task1 ratio: 0.199, zero ratio: 0.801, mpl: 1.0
2024-11-14 01:33:08,900 - root - INFO - In train()-> Train Ep. #18 loss: 0.548, accuracy: 78.64, lr: 0.001, sparsity: 0.801, network_width_mpl: 1.0
2024-11-14 01:33:09,034 - root - INFO - In validate()-> Val Ep. #18 loss: 0.893, accuracy: 70.00, sparsity: 0.801, task1 ratio: 0.199, zero ratio: 0.801, mpl: 1.0
2024-11-14 01:33:09,343 - root - INFO - In train()-> Train Ep. #19 loss: 0.543, accuracy: 79.80, lr: 0.001, sparsity: 0.801, network_width_mpl: 1.0
2024-11-14 01:33:09,458 - root - INFO - In validate()-> Val Ep. #19 loss: 0.906, accuracy: 68.20, sparsity: 0.801, task1 ratio: 0.199, zero ratio: 0.801, mpl: 1.0
2024-11-14 01:33:09,785 - root - INFO - In train()-> Train Ep. #20 loss: 0.565, accuracy: 77.92, lr: 0.001, sparsity: 0.801, network_width_mpl: 1.0
2024-11-14 01:33:09,910 - root - INFO - In validate()-> Val Ep. #20 loss: 0.895, accuracy: 68.20, sparsity: 0.801, task1 ratio: 0.199, zero ratio: 0.801, mpl: 1.0
2024-11-14 01:33:09,911 - root - INFO - ----------------
2024-11-14 01:33:12,273 - root - INFO - 
2024-11-14 01:33:12,273 - root - INFO - Before pruning: 
2024-11-14 01:33:12,273 - root - INFO - Sparsity range: 0.8 -> 0.9
2024-11-14 01:33:12,547 - root - INFO - In validate()-> Val Ep. #0 loss: 0.895, accuracy: 68.20, sparsity: 0.801, task1 ratio: 0.199, zero ratio: 0.801, mpl: 1.0
2024-11-14 01:33:12,548 - root - INFO - 
2024-11-14 01:33:12,936 - root - INFO - In train()-> Train Ep. #1 loss: 0.515, accuracy: 81.16, lr: 0.001, sparsity: 0.853, network_width_mpl: 1.0
2024-11-14 01:33:13,070 - root - INFO - In validate()-> Val Ep. #1 loss: 1.491, accuracy: 46.00, sparsity: 0.853, task1 ratio: 0.147, zero ratio: 0.853, mpl: 1.0
2024-11-14 01:33:13,390 - root - INFO - In train()-> Train Ep. #2 loss: 0.903, accuracy: 64.60, lr: 0.001, sparsity: 0.885, network_width_mpl: 1.0
2024-11-14 01:33:13,504 - root - INFO - In validate()-> Val Ep. #2 loss: 1.711, accuracy: 47.80, sparsity: 0.885, task1 ratio: 0.115, zero ratio: 0.885, mpl: 1.0
2024-11-14 01:33:13,863 - root - INFO - In train()-> Train Ep. #3 loss: 1.135, accuracy: 56.24, lr: 0.001, sparsity: 0.898, network_width_mpl: 1.0
2024-11-14 01:33:13,983 - root - INFO - In validate()-> Val Ep. #3 loss: 1.475, accuracy: 47.40, sparsity: 0.898, task1 ratio: 0.102, zero ratio: 0.898, mpl: 1.0
2024-11-14 01:33:14,322 - root - INFO - In train()-> Train Ep. #4 loss: 1.076, accuracy: 57.76, lr: 0.001, sparsity: 0.901, network_width_mpl: 1.0
2024-11-14 01:33:14,437 - root - INFO - In validate()-> Val Ep. #4 loss: 1.024, accuracy: 59.60, sparsity: 0.901, task1 ratio: 0.099, zero ratio: 0.901, mpl: 1.0
2024-11-14 01:33:14,759 - root - INFO - In train()-> Train Ep. #5 loss: 0.948, accuracy: 63.68, lr: 0.001, sparsity: 0.901, network_width_mpl: 1.0
2024-11-14 01:33:14,874 - root - INFO - In validate()-> Val Ep. #5 loss: 0.939, accuracy: 63.80, sparsity: 0.901, task1 ratio: 0.099, zero ratio: 0.901, mpl: 1.0
2024-11-14 01:33:15,199 - root - INFO - In train()-> Train Ep. #6 loss: 0.899, accuracy: 65.44, lr: 0.001, sparsity: 0.901, network_width_mpl: 1.0
2024-11-14 01:33:15,313 - root - INFO - In validate()-> Val Ep. #6 loss: 0.910, accuracy: 63.60, sparsity: 0.901, task1 ratio: 0.099, zero ratio: 0.901, mpl: 1.0
2024-11-14 01:33:17,230 - root - INFO - In train()-> Train Ep. #7 loss: 0.867, accuracy: 66.88, lr: 0.001, sparsity: 0.901, network_width_mpl: 1.0
2024-11-14 01:33:17,346 - root - INFO - In validate()-> Val Ep. #7 loss: 0.894, accuracy: 66.20, sparsity: 0.901, task1 ratio: 0.099, zero ratio: 0.901, mpl: 1.0
2024-11-14 01:33:17,660 - root - INFO - In train()-> Train Ep. #8 loss: 0.826, accuracy: 68.72, lr: 0.001, sparsity: 0.901, network_width_mpl: 1.0
2024-11-14 01:33:17,779 - root - INFO - In validate()-> Val Ep. #8 loss: 0.893, accuracy: 67.60, sparsity: 0.901, task1 ratio: 0.099, zero ratio: 0.901, mpl: 1.0
2024-11-14 01:33:18,090 - root - INFO - In train()-> Train Ep. #9 loss: 0.847, accuracy: 67.44, lr: 0.001, sparsity: 0.901, network_width_mpl: 1.0
2024-11-14 01:33:18,206 - root - INFO - In validate()-> Val Ep. #9 loss: 0.878, accuracy: 68.40, sparsity: 0.901, task1 ratio: 0.099, zero ratio: 0.901, mpl: 1.0
2024-11-14 01:33:18,523 - root - INFO - In train()-> Train Ep. #10 loss: 0.826, accuracy: 67.52, lr: 0.001, sparsity: 0.901, network_width_mpl: 1.0
2024-11-14 01:33:18,640 - root - INFO - In validate()-> Val Ep. #10 loss: 0.866, accuracy: 68.00, sparsity: 0.901, task1 ratio: 0.099, zero ratio: 0.901, mpl: 1.0
2024-11-14 01:33:18,968 - root - INFO - In train()-> Train Ep. #11 loss: 0.828, accuracy: 68.84, lr: 0.001, sparsity: 0.901, network_width_mpl: 1.0
2024-11-14 01:33:19,078 - root - INFO - In validate()-> Val Ep. #11 loss: 0.858, accuracy: 67.40, sparsity: 0.901, task1 ratio: 0.099, zero ratio: 0.901, mpl: 1.0
2024-11-14 01:33:19,421 - root - INFO - In train()-> Train Ep. #12 loss: 0.825, accuracy: 68.32, lr: 0.001, sparsity: 0.901, network_width_mpl: 1.0
2024-11-14 01:33:19,528 - root - INFO - In validate()-> Val Ep. #12 loss: 0.862, accuracy: 67.60, sparsity: 0.901, task1 ratio: 0.099, zero ratio: 0.901, mpl: 1.0
2024-11-14 01:33:19,842 - root - INFO - In train()-> Train Ep. #13 loss: 0.834, accuracy: 66.84, lr: 0.001, sparsity: 0.901, network_width_mpl: 1.0
2024-11-14 01:33:19,967 - root - INFO - In validate()-> Val Ep. #13 loss: 0.860, accuracy: 68.00, sparsity: 0.901, task1 ratio: 0.099, zero ratio: 0.901, mpl: 1.0
2024-11-14 01:33:20,278 - root - INFO - In train()-> Train Ep. #14 loss: 0.814, accuracy: 67.60, lr: 0.001, sparsity: 0.901, network_width_mpl: 1.0
2024-11-14 01:33:20,405 - root - INFO - In validate()-> Val Ep. #14 loss: 0.857, accuracy: 68.80, sparsity: 0.901, task1 ratio: 0.099, zero ratio: 0.901, mpl: 1.0
2024-11-14 01:33:20,713 - root - INFO - In train()-> Train Ep. #15 loss: 0.790, accuracy: 69.56, lr: 0.001, sparsity: 0.901, network_width_mpl: 1.0
2024-11-14 01:33:20,824 - root - INFO - In validate()-> Val Ep. #15 loss: 0.860, accuracy: 68.60, sparsity: 0.901, task1 ratio: 0.099, zero ratio: 0.901, mpl: 1.0
2024-11-14 01:33:21,137 - root - INFO - In train()-> Train Ep. #16 loss: 0.781, accuracy: 69.32, lr: 0.001, sparsity: 0.901, network_width_mpl: 1.0
2024-11-14 01:33:21,245 - root - INFO - In validate()-> Val Ep. #16 loss: 0.856, accuracy: 66.40, sparsity: 0.901, task1 ratio: 0.099, zero ratio: 0.901, mpl: 1.0
2024-11-14 01:33:21,648 - root - INFO - In train()-> Train Ep. #17 loss: 0.783, accuracy: 70.56, lr: 0.001, sparsity: 0.901, network_width_mpl: 1.0
2024-11-14 01:33:21,777 - root - INFO - In validate()-> Val Ep. #17 loss: 0.842, accuracy: 69.00, sparsity: 0.901, task1 ratio: 0.099, zero ratio: 0.901, mpl: 1.0
2024-11-14 01:33:22,086 - root - INFO - In train()-> Train Ep. #18 loss: 0.769, accuracy: 70.28, lr: 0.001, sparsity: 0.901, network_width_mpl: 1.0
2024-11-14 01:33:22,199 - root - INFO - In validate()-> Val Ep. #18 loss: 0.837, accuracy: 69.20, sparsity: 0.901, task1 ratio: 0.099, zero ratio: 0.901, mpl: 1.0
2024-11-14 01:33:22,504 - root - INFO - In train()-> Train Ep. #19 loss: 0.773, accuracy: 69.88, lr: 0.001, sparsity: 0.901, network_width_mpl: 1.0
2024-11-14 01:33:22,624 - root - INFO - In validate()-> Val Ep. #19 loss: 0.860, accuracy: 66.20, sparsity: 0.901, task1 ratio: 0.099, zero ratio: 0.901, mpl: 1.0
2024-11-14 01:33:22,924 - root - INFO - In train()-> Train Ep. #20 loss: 0.780, accuracy: 69.48, lr: 0.001, sparsity: 0.901, network_width_mpl: 1.0
2024-11-14 01:33:23,058 - root - INFO - In validate()-> Val Ep. #20 loss: 0.841, accuracy: 68.40, sparsity: 0.901, task1 ratio: 0.099, zero ratio: 0.901, mpl: 1.0
2024-11-14 01:33:23,060 - root - INFO - ----------------
2024-11-14 01:33:25,403 - root - INFO - 
2024-11-14 01:33:25,403 - root - INFO - Before pruning: 
2024-11-14 01:33:25,403 - root - INFO - Sparsity range: 0.9 -> 0.95
2024-11-14 01:33:25,683 - root - INFO - In validate()-> Val Ep. #0 loss: 0.841, accuracy: 68.40, sparsity: 0.901, task1 ratio: 0.099, zero ratio: 0.901, mpl: 1.0
2024-11-14 01:33:25,683 - root - INFO - 
2024-11-14 01:33:26,050 - root - INFO - In train()-> Train Ep. #1 loss: 0.751, accuracy: 72.16, lr: 0.001, sparsity: 0.926, network_width_mpl: 1.0
2024-11-14 01:33:26,185 - root - INFO - In validate()-> Val Ep. #1 loss: 2.149, accuracy: 36.60, sparsity: 0.926, task1 ratio: 0.074, zero ratio: 0.926, mpl: 1.0
2024-11-14 01:33:26,499 - root - INFO - In train()-> Train Ep. #2 loss: 1.102, accuracy: 57.28, lr: 0.001, sparsity: 0.943, network_width_mpl: 1.0
2024-11-14 01:33:26,617 - root - INFO - In validate()-> Val Ep. #2 loss: 2.356, accuracy: 38.40, sparsity: 0.943, task1 ratio: 0.057, zero ratio: 0.943, mpl: 1.0
2024-11-14 01:33:26,929 - root - INFO - In train()-> Train Ep. #3 loss: 1.253, accuracy: 51.60, lr: 0.001, sparsity: 0.949, network_width_mpl: 1.0
2024-11-14 01:33:27,046 - root - INFO - In validate()-> Val Ep. #3 loss: 2.089, accuracy: 32.80, sparsity: 0.949, task1 ratio: 0.051, zero ratio: 0.949, mpl: 1.0
2024-11-14 01:33:27,348 - root - INFO - In train()-> Train Ep. #4 loss: 1.169, accuracy: 53.52, lr: 0.001, sparsity: 0.950, network_width_mpl: 1.0
2024-11-14 01:33:27,477 - root - INFO - In validate()-> Val Ep. #4 loss: 1.163, accuracy: 55.20, sparsity: 0.950, task1 ratio: 0.050, zero ratio: 0.950, mpl: 1.0
2024-11-14 01:33:27,817 - root - INFO - In train()-> Train Ep. #5 loss: 1.080, accuracy: 57.84, lr: 0.001, sparsity: 0.950, network_width_mpl: 1.0
2024-11-14 01:33:27,925 - root - INFO - In validate()-> Val Ep. #5 loss: 1.040, accuracy: 59.60, sparsity: 0.950, task1 ratio: 0.050, zero ratio: 0.950, mpl: 1.0
2024-11-14 01:33:28,226 - root - INFO - In train()-> Train Ep. #6 loss: 1.041, accuracy: 59.40, lr: 0.001, sparsity: 0.950, network_width_mpl: 1.0
2024-11-14 01:33:28,346 - root - INFO - In validate()-> Val Ep. #6 loss: 1.011, accuracy: 62.20, sparsity: 0.950, task1 ratio: 0.050, zero ratio: 0.950, mpl: 1.0
2024-11-14 01:33:28,652 - root - INFO - In train()-> Train Ep. #7 loss: 1.020, accuracy: 59.36, lr: 0.001, sparsity: 0.950, network_width_mpl: 1.0
2024-11-14 01:33:28,761 - root - INFO - In validate()-> Val Ep. #7 loss: 0.990, accuracy: 62.20, sparsity: 0.950, task1 ratio: 0.050, zero ratio: 0.950, mpl: 1.0
2024-11-14 01:33:29,062 - root - INFO - In train()-> Train Ep. #8 loss: 1.002, accuracy: 60.92, lr: 0.001, sparsity: 0.950, network_width_mpl: 1.0
2024-11-14 01:33:29,178 - root - INFO - In validate()-> Val Ep. #8 loss: 0.986, accuracy: 62.80, sparsity: 0.950, task1 ratio: 0.050, zero ratio: 0.950, mpl: 1.0
2024-11-14 01:33:29,512 - root - INFO - In train()-> Train Ep. #9 loss: 0.997, accuracy: 61.76, lr: 0.001, sparsity: 0.950, network_width_mpl: 1.0
2024-11-14 01:33:29,623 - root - INFO - In validate()-> Val Ep. #9 loss: 0.961, accuracy: 62.00, sparsity: 0.950, task1 ratio: 0.050, zero ratio: 0.950, mpl: 1.0
2024-11-14 01:33:29,944 - root - INFO - In train()-> Train Ep. #10 loss: 0.976, accuracy: 61.88, lr: 0.001, sparsity: 0.950, network_width_mpl: 1.0
2024-11-14 01:33:30,065 - root - INFO - In validate()-> Val Ep. #10 loss: 0.956, accuracy: 63.00, sparsity: 0.950, task1 ratio: 0.050, zero ratio: 0.950, mpl: 1.0
2024-11-14 01:33:30,376 - root - INFO - In train()-> Train Ep. #11 loss: 0.975, accuracy: 61.80, lr: 0.001, sparsity: 0.950, network_width_mpl: 1.0
2024-11-14 01:33:30,488 - root - INFO - In validate()-> Val Ep. #11 loss: 0.944, accuracy: 63.20, sparsity: 0.950, task1 ratio: 0.050, zero ratio: 0.950, mpl: 1.0
2024-11-14 01:33:30,798 - root - INFO - In train()-> Train Ep. #12 loss: 0.979, accuracy: 61.20, lr: 0.001, sparsity: 0.950, network_width_mpl: 1.0
2024-11-14 01:33:30,907 - root - INFO - In validate()-> Val Ep. #12 loss: 0.944, accuracy: 63.00, sparsity: 0.950, task1 ratio: 0.050, zero ratio: 0.950, mpl: 1.0
2024-11-14 01:33:31,242 - root - INFO - In train()-> Train Ep. #13 loss: 0.970, accuracy: 61.36, lr: 0.001, sparsity: 0.950, network_width_mpl: 1.0
2024-11-14 01:33:31,356 - root - INFO - In validate()-> Val Ep. #13 loss: 0.935, accuracy: 64.00, sparsity: 0.950, task1 ratio: 0.050, zero ratio: 0.950, mpl: 1.0
2024-11-14 01:33:31,636 - root - INFO - In train()-> Train Ep. #14 loss: 0.966, accuracy: 62.84, lr: 0.001, sparsity: 0.950, network_width_mpl: 1.0
2024-11-14 01:33:31,756 - root - INFO - In validate()-> Val Ep. #14 loss: 0.937, accuracy: 63.80, sparsity: 0.950, task1 ratio: 0.050, zero ratio: 0.950, mpl: 1.0
2024-11-14 01:33:32,060 - root - INFO - In train()-> Train Ep. #15 loss: 0.944, accuracy: 63.08, lr: 0.001, sparsity: 0.950, network_width_mpl: 1.0
2024-11-14 01:33:32,177 - root - INFO - In validate()-> Val Ep. #15 loss: 0.928, accuracy: 65.20, sparsity: 0.950, task1 ratio: 0.050, zero ratio: 0.950, mpl: 1.0
2024-11-14 01:33:32,518 - root - INFO - In train()-> Train Ep. #16 loss: 0.934, accuracy: 63.52, lr: 0.001, sparsity: 0.950, network_width_mpl: 1.0
2024-11-14 01:33:32,638 - root - INFO - In validate()-> Val Ep. #16 loss: 0.944, accuracy: 64.40, sparsity: 0.950, task1 ratio: 0.050, zero ratio: 0.950, mpl: 1.0
2024-11-14 01:33:32,950 - root - INFO - In train()-> Train Ep. #17 loss: 0.944, accuracy: 63.56, lr: 0.001, sparsity: 0.950, network_width_mpl: 1.0
2024-11-14 01:33:33,076 - root - INFO - In validate()-> Val Ep. #17 loss: 0.917, accuracy: 64.20, sparsity: 0.950, task1 ratio: 0.050, zero ratio: 0.950, mpl: 1.0
2024-11-14 01:33:33,364 - root - INFO - In train()-> Train Ep. #18 loss: 0.922, accuracy: 64.32, lr: 0.001, sparsity: 0.950, network_width_mpl: 1.0
2024-11-14 01:33:33,477 - root - INFO - In validate()-> Val Ep. #18 loss: 0.920, accuracy: 65.60, sparsity: 0.950, task1 ratio: 0.050, zero ratio: 0.950, mpl: 1.0
2024-11-14 01:33:33,784 - root - INFO - In train()-> Train Ep. #19 loss: 0.929, accuracy: 63.16, lr: 0.001, sparsity: 0.950, network_width_mpl: 1.0
2024-11-14 01:33:33,929 - root - INFO - In validate()-> Val Ep. #19 loss: 0.928, accuracy: 66.40, sparsity: 0.950, task1 ratio: 0.050, zero ratio: 0.950, mpl: 1.0
2024-11-14 01:33:34,257 - root - INFO - In train()-> Train Ep. #20 loss: 0.928, accuracy: 63.72, lr: 0.001, sparsity: 0.950, network_width_mpl: 1.0
2024-11-14 01:33:34,376 - root - INFO - In validate()-> Val Ep. #20 loss: 0.910, accuracy: 66.00, sparsity: 0.950, task1 ratio: 0.050, zero ratio: 0.950, mpl: 1.0
2024-11-14 01:33:34,378 - root - INFO - ----------------
