2024-11-14 01:24:54,831 - root - INFO - Finetune stage...
2024-11-14 01:24:55,321 - root - INFO - In train()-> Train Ep. #1 loss: 1.610, accuracy: 18.60, lr: 0.01, sparsity: 0.000, network_width_mpl: 1.0
2024-11-14 01:24:55,444 - root - INFO - In validate()-> Val Ep. #1 loss: 1.609, accuracy: 20.00, sparsity: 0.000, task1 ratio: 1.000, zero ratio: 0.000, mpl: 1.0
2024-11-14 01:24:55,740 - root - INFO - In train()-> Train Ep. #2 loss: 1.610, accuracy: 19.44, lr: 0.01, sparsity: 0.000, network_width_mpl: 1.0
2024-11-14 01:24:55,848 - root - INFO - In validate()-> Val Ep. #2 loss: 1.608, accuracy: 28.20, sparsity: 0.000, task1 ratio: 1.000, zero ratio: 0.000, mpl: 1.0
2024-11-14 01:24:56,161 - root - INFO - In train()-> Train Ep. #3 loss: 1.604, accuracy: 24.64, lr: 0.01, sparsity: 0.000, network_width_mpl: 1.0
2024-11-14 01:24:56,270 - root - INFO - In validate()-> Val Ep. #3 loss: 1.581, accuracy: 33.60, sparsity: 0.000, task1 ratio: 1.000, zero ratio: 0.000, mpl: 1.0
2024-11-14 01:24:56,572 - root - INFO - In train()-> Train Ep. #4 loss: 1.512, accuracy: 33.08, lr: 0.01, sparsity: 0.000, network_width_mpl: 1.0
2024-11-14 01:24:56,682 - root - INFO - In validate()-> Val Ep. #4 loss: 1.427, accuracy: 36.60, sparsity: 0.000, task1 ratio: 1.000, zero ratio: 0.000, mpl: 1.0
2024-11-14 01:24:56,984 - root - INFO - In train()-> Train Ep. #5 loss: 1.432, accuracy: 36.72, lr: 0.01, sparsity: 0.000, network_width_mpl: 1.0
2024-11-14 01:24:57,097 - root - INFO - In validate()-> Val Ep. #5 loss: 1.367, accuracy: 41.20, sparsity: 0.000, task1 ratio: 1.000, zero ratio: 0.000, mpl: 1.0
2024-11-14 01:24:57,422 - root - INFO - In train()-> Train Ep. #6 loss: 1.391, accuracy: 40.00, lr: 0.01, sparsity: 0.000, network_width_mpl: 1.0
2024-11-14 01:24:57,548 - root - INFO - In validate()-> Val Ep. #6 loss: 1.342, accuracy: 42.40, sparsity: 0.000, task1 ratio: 1.000, zero ratio: 0.000, mpl: 1.0
2024-11-14 01:24:57,874 - root - INFO - In train()-> Train Ep. #7 loss: 1.358, accuracy: 43.76, lr: 0.01, sparsity: 0.000, network_width_mpl: 1.0
2024-11-14 01:24:57,991 - root - INFO - In validate()-> Val Ep. #7 loss: 1.275, accuracy: 46.00, sparsity: 0.000, task1 ratio: 1.000, zero ratio: 0.000, mpl: 1.0
2024-11-14 01:24:58,314 - root - INFO - In train()-> Train Ep. #8 loss: 1.332, accuracy: 44.24, lr: 0.01, sparsity: 0.000, network_width_mpl: 1.0
2024-11-14 01:24:58,437 - root - INFO - In validate()-> Val Ep. #8 loss: 1.233, accuracy: 48.40, sparsity: 0.000, task1 ratio: 1.000, zero ratio: 0.000, mpl: 1.0
2024-11-14 01:24:58,740 - root - INFO - In train()-> Train Ep. #9 loss: 1.280, accuracy: 45.20, lr: 0.01, sparsity: 0.000, network_width_mpl: 1.0
2024-11-14 01:24:58,848 - root - INFO - In validate()-> Val Ep. #9 loss: 1.274, accuracy: 42.80, sparsity: 0.000, task1 ratio: 1.000, zero ratio: 0.000, mpl: 1.0
2024-11-14 01:24:59,185 - root - INFO - In train()-> Train Ep. #10 loss: 1.277, accuracy: 46.32, lr: 0.01, sparsity: 0.000, network_width_mpl: 1.0
2024-11-14 01:24:59,305 - root - INFO - In validate()-> Val Ep. #10 loss: 1.181, accuracy: 50.00, sparsity: 0.000, task1 ratio: 1.000, zero ratio: 0.000, mpl: 1.0
2024-11-14 01:24:59,656 - root - INFO - In train()-> Train Ep. #11 loss: 1.236, accuracy: 48.48, lr: 0.01, sparsity: 0.000, network_width_mpl: 1.0
2024-11-14 01:24:59,767 - root - INFO - In validate()-> Val Ep. #11 loss: 1.166, accuracy: 52.40, sparsity: 0.000, task1 ratio: 1.000, zero ratio: 0.000, mpl: 1.0
2024-11-14 01:25:00,096 - root - INFO - In train()-> Train Ep. #12 loss: 1.230, accuracy: 49.52, lr: 0.01, sparsity: 0.000, network_width_mpl: 1.0
2024-11-14 01:25:00,210 - root - INFO - In validate()-> Val Ep. #12 loss: 1.159, accuracy: 50.00, sparsity: 0.000, task1 ratio: 1.000, zero ratio: 0.000, mpl: 1.0
2024-11-14 01:25:00,540 - root - INFO - In train()-> Train Ep. #13 loss: 1.209, accuracy: 49.08, lr: 0.01, sparsity: 0.000, network_width_mpl: 1.0
2024-11-14 01:25:00,650 - root - INFO - In validate()-> Val Ep. #13 loss: 1.164, accuracy: 48.60, sparsity: 0.000, task1 ratio: 1.000, zero ratio: 0.000, mpl: 1.0
2024-11-14 01:25:00,996 - root - INFO - In train()-> Train Ep. #14 loss: 1.204, accuracy: 49.60, lr: 0.01, sparsity: 0.000, network_width_mpl: 1.0
2024-11-14 01:25:01,106 - root - INFO - In validate()-> Val Ep. #14 loss: 1.393, accuracy: 43.80, sparsity: 0.000, task1 ratio: 1.000, zero ratio: 0.000, mpl: 1.0
2024-11-14 01:25:01,428 - root - INFO - In train()-> Train Ep. #15 loss: 1.185, accuracy: 50.32, lr: 0.01, sparsity: 0.000, network_width_mpl: 1.0
2024-11-14 01:25:01,548 - root - INFO - In validate()-> Val Ep. #15 loss: 1.185, accuracy: 50.60, sparsity: 0.000, task1 ratio: 1.000, zero ratio: 0.000, mpl: 1.0
2024-11-14 01:25:01,874 - root - INFO - In train()-> Train Ep. #16 loss: 1.179, accuracy: 51.48, lr: 0.01, sparsity: 0.000, network_width_mpl: 1.0
2024-11-14 01:25:01,987 - root - INFO - In validate()-> Val Ep. #16 loss: 1.117, accuracy: 50.00, sparsity: 0.000, task1 ratio: 1.000, zero ratio: 0.000, mpl: 1.0
2024-11-14 01:25:02,284 - root - INFO - In train()-> Train Ep. #17 loss: 1.168, accuracy: 51.36, lr: 0.01, sparsity: 0.000, network_width_mpl: 1.0
2024-11-14 01:25:02,394 - root - INFO - In validate()-> Val Ep. #17 loss: 1.082, accuracy: 53.20, sparsity: 0.000, task1 ratio: 1.000, zero ratio: 0.000, mpl: 1.0
2024-11-14 01:25:02,727 - root - INFO - In train()-> Train Ep. #18 loss: 1.155, accuracy: 51.92, lr: 0.01, sparsity: 0.000, network_width_mpl: 1.0
2024-11-14 01:25:02,843 - root - INFO - In validate()-> Val Ep. #18 loss: 1.108, accuracy: 53.80, sparsity: 0.000, task1 ratio: 1.000, zero ratio: 0.000, mpl: 1.0
2024-11-14 01:25:03,160 - root - INFO - In train()-> Train Ep. #19 loss: 1.152, accuracy: 52.92, lr: 0.01, sparsity: 0.000, network_width_mpl: 1.0
2024-11-14 01:25:03,273 - root - INFO - In validate()-> Val Ep. #19 loss: 1.209, accuracy: 50.60, sparsity: 0.000, task1 ratio: 1.000, zero ratio: 0.000, mpl: 1.0
2024-11-14 01:25:03,592 - root - INFO - In train()-> Train Ep. #20 loss: 1.117, accuracy: 55.28, lr: 0.01, sparsity: 0.000, network_width_mpl: 1.0
2024-11-14 01:25:03,711 - root - INFO - In validate()-> Val Ep. #20 loss: 1.117, accuracy: 54.20, sparsity: 0.000, task1 ratio: 1.000, zero ratio: 0.000, mpl: 1.0
2024-11-14 01:25:04,025 - root - INFO - In train()-> Train Ep. #21 loss: 1.129, accuracy: 54.80, lr: 0.01, sparsity: 0.000, network_width_mpl: 1.0
2024-11-14 01:25:04,138 - root - INFO - In validate()-> Val Ep. #21 loss: 1.072, accuracy: 55.20, sparsity: 0.000, task1 ratio: 1.000, zero ratio: 0.000, mpl: 1.0
2024-11-14 01:25:04,441 - root - INFO - In train()-> Train Ep. #22 loss: 1.097, accuracy: 56.48, lr: 0.01, sparsity: 0.000, network_width_mpl: 1.0
2024-11-14 01:25:04,560 - root - INFO - In validate()-> Val Ep. #22 loss: 1.098, accuracy: 53.60, sparsity: 0.000, task1 ratio: 1.000, zero ratio: 0.000, mpl: 1.0
2024-11-14 01:25:04,899 - root - INFO - In train()-> Train Ep. #23 loss: 1.076, accuracy: 57.56, lr: 0.01, sparsity: 0.000, network_width_mpl: 1.0
2024-11-14 01:25:05,008 - root - INFO - In validate()-> Val Ep. #23 loss: 1.058, accuracy: 55.00, sparsity: 0.000, task1 ratio: 1.000, zero ratio: 0.000, mpl: 1.0
2024-11-14 01:25:05,322 - root - INFO - In train()-> Train Ep. #24 loss: 1.066, accuracy: 58.52, lr: 0.01, sparsity: 0.000, network_width_mpl: 1.0
2024-11-14 01:25:05,433 - root - INFO - In validate()-> Val Ep. #24 loss: 1.133, accuracy: 54.40, sparsity: 0.000, task1 ratio: 1.000, zero ratio: 0.000, mpl: 1.0
2024-11-14 01:25:05,741 - root - INFO - In train()-> Train Ep. #25 loss: 1.070, accuracy: 57.80, lr: 0.01, sparsity: 0.000, network_width_mpl: 1.0
2024-11-14 01:25:05,850 - root - INFO - In validate()-> Val Ep. #25 loss: 1.074, accuracy: 55.60, sparsity: 0.000, task1 ratio: 1.000, zero ratio: 0.000, mpl: 1.0
2024-11-14 01:25:06,155 - root - INFO - In train()-> Train Ep. #26 loss: 1.054, accuracy: 58.60, lr: 0.01, sparsity: 0.000, network_width_mpl: 1.0
2024-11-14 01:25:06,272 - root - INFO - In validate()-> Val Ep. #26 loss: 1.118, accuracy: 56.60, sparsity: 0.000, task1 ratio: 1.000, zero ratio: 0.000, mpl: 1.0
2024-11-14 01:25:06,612 - root - INFO - In train()-> Train Ep. #27 loss: 1.052, accuracy: 57.36, lr: 0.01, sparsity: 0.000, network_width_mpl: 1.0
2024-11-14 01:25:06,722 - root - INFO - In validate()-> Val Ep. #27 loss: 1.018, accuracy: 59.20, sparsity: 0.000, task1 ratio: 1.000, zero ratio: 0.000, mpl: 1.0
2024-11-14 01:25:07,069 - root - INFO - In train()-> Train Ep. #28 loss: 1.031, accuracy: 59.68, lr: 0.01, sparsity: 0.000, network_width_mpl: 1.0
2024-11-14 01:25:07,177 - root - INFO - In validate()-> Val Ep. #28 loss: 1.077, accuracy: 55.40, sparsity: 0.000, task1 ratio: 1.000, zero ratio: 0.000, mpl: 1.0
2024-11-14 01:25:07,490 - root - INFO - In train()-> Train Ep. #29 loss: 1.024, accuracy: 59.04, lr: 0.01, sparsity: 0.000, network_width_mpl: 1.0
2024-11-14 01:25:07,603 - root - INFO - In validate()-> Val Ep. #29 loss: 1.021, accuracy: 58.00, sparsity: 0.000, task1 ratio: 1.000, zero ratio: 0.000, mpl: 1.0
2024-11-14 01:25:07,923 - root - INFO - In train()-> Train Ep. #30 loss: 1.017, accuracy: 59.48, lr: 0.01, sparsity: 0.000, network_width_mpl: 1.0
2024-11-14 01:25:08,050 - root - INFO - In validate()-> Val Ep. #30 loss: 1.012, accuracy: 58.20, sparsity: 0.000, task1 ratio: 1.000, zero ratio: 0.000, mpl: 1.0
2024-11-14 01:25:08,389 - root - INFO - In train()-> Train Ep. #31 loss: 1.020, accuracy: 60.24, lr: 0.01, sparsity: 0.000, network_width_mpl: 1.0
2024-11-14 01:25:08,499 - root - INFO - In validate()-> Val Ep. #31 loss: 1.023, accuracy: 59.80, sparsity: 0.000, task1 ratio: 1.000, zero ratio: 0.000, mpl: 1.0
2024-11-14 01:25:08,839 - root - INFO - In train()-> Train Ep. #32 loss: 1.016, accuracy: 59.88, lr: 0.01, sparsity: 0.000, network_width_mpl: 1.0
2024-11-14 01:25:08,961 - root - INFO - In validate()-> Val Ep. #32 loss: 1.096, accuracy: 54.40, sparsity: 0.000, task1 ratio: 1.000, zero ratio: 0.000, mpl: 1.0
2024-11-14 01:25:09,260 - root - INFO - In train()-> Train Ep. #33 loss: 1.001, accuracy: 61.12, lr: 0.01, sparsity: 0.000, network_width_mpl: 1.0
2024-11-14 01:25:09,373 - root - INFO - In validate()-> Val Ep. #33 loss: 0.995, accuracy: 59.60, sparsity: 0.000, task1 ratio: 1.000, zero ratio: 0.000, mpl: 1.0
2024-11-14 01:25:09,705 - root - INFO - In train()-> Train Ep. #34 loss: 0.980, accuracy: 62.24, lr: 0.01, sparsity: 0.000, network_width_mpl: 1.0
2024-11-14 01:25:09,817 - root - INFO - In validate()-> Val Ep. #34 loss: 0.993, accuracy: 59.60, sparsity: 0.000, task1 ratio: 1.000, zero ratio: 0.000, mpl: 1.0
2024-11-14 01:25:10,136 - root - INFO - In train()-> Train Ep. #35 loss: 0.983, accuracy: 62.24, lr: 0.01, sparsity: 0.000, network_width_mpl: 1.0
2024-11-14 01:25:10,244 - root - INFO - In validate()-> Val Ep. #35 loss: 1.082, accuracy: 56.40, sparsity: 0.000, task1 ratio: 1.000, zero ratio: 0.000, mpl: 1.0
2024-11-14 01:25:10,565 - root - INFO - In train()-> Train Ep. #36 loss: 0.966, accuracy: 63.00, lr: 0.01, sparsity: 0.000, network_width_mpl: 1.0
2024-11-14 01:25:10,693 - root - INFO - In validate()-> Val Ep. #36 loss: 1.065, accuracy: 55.40, sparsity: 0.000, task1 ratio: 1.000, zero ratio: 0.000, mpl: 1.0
2024-11-14 01:25:11,042 - root - INFO - In train()-> Train Ep. #37 loss: 0.954, accuracy: 63.00, lr: 0.01, sparsity: 0.000, network_width_mpl: 1.0
2024-11-14 01:25:11,151 - root - INFO - In validate()-> Val Ep. #37 loss: 1.050, accuracy: 56.40, sparsity: 0.000, task1 ratio: 1.000, zero ratio: 0.000, mpl: 1.0
2024-11-14 01:25:11,441 - root - INFO - In train()-> Train Ep. #38 loss: 0.951, accuracy: 63.00, lr: 0.01, sparsity: 0.000, network_width_mpl: 1.0
2024-11-14 01:25:11,555 - root - INFO - In validate()-> Val Ep. #38 loss: 0.990, accuracy: 59.40, sparsity: 0.000, task1 ratio: 1.000, zero ratio: 0.000, mpl: 1.0
2024-11-14 01:25:11,872 - root - INFO - In train()-> Train Ep. #39 loss: 0.934, accuracy: 63.36, lr: 0.01, sparsity: 0.000, network_width_mpl: 1.0
2024-11-14 01:25:11,991 - root - INFO - In validate()-> Val Ep. #39 loss: 0.955, accuracy: 62.60, sparsity: 0.000, task1 ratio: 1.000, zero ratio: 0.000, mpl: 1.0
2024-11-14 01:25:12,297 - root - INFO - In train()-> Train Ep. #40 loss: 0.939, accuracy: 62.72, lr: 0.01, sparsity: 0.000, network_width_mpl: 1.0
2024-11-14 01:25:12,411 - root - INFO - In validate()-> Val Ep. #40 loss: 0.981, accuracy: 61.60, sparsity: 0.000, task1 ratio: 1.000, zero ratio: 0.000, mpl: 1.0
2024-11-14 01:25:12,711 - root - INFO - In train()-> Train Ep. #41 loss: 0.944, accuracy: 63.80, lr: 0.01, sparsity: 0.000, network_width_mpl: 1.0
2024-11-14 01:25:12,827 - root - INFO - In validate()-> Val Ep. #41 loss: 0.967, accuracy: 61.20, sparsity: 0.000, task1 ratio: 1.000, zero ratio: 0.000, mpl: 1.0
2024-11-14 01:25:13,163 - root - INFO - In train()-> Train Ep. #42 loss: 0.928, accuracy: 64.56, lr: 0.01, sparsity: 0.000, network_width_mpl: 1.0
2024-11-14 01:25:13,272 - root - INFO - In validate()-> Val Ep. #42 loss: 0.985, accuracy: 59.60, sparsity: 0.000, task1 ratio: 1.000, zero ratio: 0.000, mpl: 1.0
2024-11-14 01:25:13,575 - root - INFO - In train()-> Train Ep. #43 loss: 0.914, accuracy: 64.92, lr: 0.01, sparsity: 0.000, network_width_mpl: 1.0
2024-11-14 01:25:13,695 - root - INFO - In validate()-> Val Ep. #43 loss: 0.953, accuracy: 63.20, sparsity: 0.000, task1 ratio: 1.000, zero ratio: 0.000, mpl: 1.0
2024-11-14 01:25:13,998 - root - INFO - In train()-> Train Ep. #44 loss: 0.910, accuracy: 64.72, lr: 0.01, sparsity: 0.000, network_width_mpl: 1.0
2024-11-14 01:25:14,121 - root - INFO - In validate()-> Val Ep. #44 loss: 1.007, accuracy: 60.80, sparsity: 0.000, task1 ratio: 1.000, zero ratio: 0.000, mpl: 1.0
2024-11-14 01:25:14,446 - root - INFO - In train()-> Train Ep. #45 loss: 0.877, accuracy: 65.76, lr: 0.01, sparsity: 0.000, network_width_mpl: 1.0
2024-11-14 01:25:14,562 - root - INFO - In validate()-> Val Ep. #45 loss: 1.116, accuracy: 58.20, sparsity: 0.000, task1 ratio: 1.000, zero ratio: 0.000, mpl: 1.0
2024-11-14 01:25:14,871 - root - INFO - In train()-> Train Ep. #46 loss: 0.884, accuracy: 65.96, lr: 0.01, sparsity: 0.000, network_width_mpl: 1.0
2024-11-14 01:25:14,988 - root - INFO - In validate()-> Val Ep. #46 loss: 0.963, accuracy: 63.60, sparsity: 0.000, task1 ratio: 1.000, zero ratio: 0.000, mpl: 1.0
2024-11-14 01:25:15,307 - root - INFO - In train()-> Train Ep. #47 loss: 0.907, accuracy: 65.08, lr: 0.01, sparsity: 0.000, network_width_mpl: 1.0
2024-11-14 01:25:15,422 - root - INFO - In validate()-> Val Ep. #47 loss: 0.972, accuracy: 62.20, sparsity: 0.000, task1 ratio: 1.000, zero ratio: 0.000, mpl: 1.0
2024-11-14 01:25:15,746 - root - INFO - In train()-> Train Ep. #48 loss: 0.886, accuracy: 66.20, lr: 0.01, sparsity: 0.000, network_width_mpl: 1.0
2024-11-14 01:25:15,866 - root - INFO - In validate()-> Val Ep. #48 loss: 0.961, accuracy: 63.40, sparsity: 0.000, task1 ratio: 1.000, zero ratio: 0.000, mpl: 1.0
2024-11-14 01:25:16,225 - root - INFO - In train()-> Train Ep. #49 loss: 0.880, accuracy: 65.92, lr: 0.01, sparsity: 0.000, network_width_mpl: 1.0
2024-11-14 01:25:16,331 - root - INFO - In validate()-> Val Ep. #49 loss: 1.067, accuracy: 57.20, sparsity: 0.000, task1 ratio: 1.000, zero ratio: 0.000, mpl: 1.0
2024-11-14 01:25:16,638 - root - INFO - In train()-> Train Ep. #50 loss: 0.888, accuracy: 66.00, lr: 0.01, sparsity: 0.000, network_width_mpl: 1.0
2024-11-14 01:25:16,762 - root - INFO - In validate()-> Val Ep. #50 loss: 0.920, accuracy: 62.20, sparsity: 0.000, task1 ratio: 1.000, zero ratio: 0.000, mpl: 1.0
2024-11-14 01:25:17,089 - root - INFO - In train()-> Train Ep. #51 loss: 0.814, accuracy: 69.96, lr: 0.001, sparsity: 0.000, network_width_mpl: 1.0
2024-11-14 01:25:17,203 - root - INFO - In validate()-> Val Ep. #51 loss: 0.897, accuracy: 64.20, sparsity: 0.000, task1 ratio: 1.000, zero ratio: 0.000, mpl: 1.0
2024-11-14 01:25:17,517 - root - INFO - In train()-> Train Ep. #52 loss: 0.773, accuracy: 71.56, lr: 0.001, sparsity: 0.000, network_width_mpl: 1.0
2024-11-14 01:25:17,634 - root - INFO - In validate()-> Val Ep. #52 loss: 0.895, accuracy: 64.40, sparsity: 0.000, task1 ratio: 1.000, zero ratio: 0.000, mpl: 1.0
2024-11-14 01:25:17,977 - root - INFO - In train()-> Train Ep. #53 loss: 0.757, accuracy: 71.84, lr: 0.001, sparsity: 0.000, network_width_mpl: 1.0
2024-11-14 01:25:18,091 - root - INFO - In validate()-> Val Ep. #53 loss: 0.901, accuracy: 64.60, sparsity: 0.000, task1 ratio: 1.000, zero ratio: 0.000, mpl: 1.0
2024-11-14 01:25:18,408 - root - INFO - In train()-> Train Ep. #54 loss: 0.760, accuracy: 71.32, lr: 0.001, sparsity: 0.000, network_width_mpl: 1.0
2024-11-14 01:25:18,516 - root - INFO - In validate()-> Val Ep. #54 loss: 0.898, accuracy: 65.80, sparsity: 0.000, task1 ratio: 1.000, zero ratio: 0.000, mpl: 1.0
2024-11-14 01:25:18,868 - root - INFO - In train()-> Train Ep. #55 loss: 0.755, accuracy: 71.64, lr: 0.001, sparsity: 0.000, network_width_mpl: 1.0
2024-11-14 01:25:18,976 - root - INFO - In validate()-> Val Ep. #55 loss: 0.896, accuracy: 64.40, sparsity: 0.000, task1 ratio: 1.000, zero ratio: 0.000, mpl: 1.0
2024-11-14 01:25:19,286 - root - INFO - In train()-> Train Ep. #56 loss: 0.762, accuracy: 71.40, lr: 0.001, sparsity: 0.000, network_width_mpl: 1.0
2024-11-14 01:25:19,397 - root - INFO - In validate()-> Val Ep. #56 loss: 0.880, accuracy: 66.80, sparsity: 0.000, task1 ratio: 1.000, zero ratio: 0.000, mpl: 1.0
2024-11-14 01:25:19,743 - root - INFO - In train()-> Train Ep. #57 loss: 0.742, accuracy: 73.00, lr: 0.001, sparsity: 0.000, network_width_mpl: 1.0
2024-11-14 01:25:19,869 - root - INFO - In validate()-> Val Ep. #57 loss: 0.886, accuracy: 65.00, sparsity: 0.000, task1 ratio: 1.000, zero ratio: 0.000, mpl: 1.0
2024-11-14 01:25:20,173 - root - INFO - In train()-> Train Ep. #58 loss: 0.772, accuracy: 70.88, lr: 0.001, sparsity: 0.000, network_width_mpl: 1.0
2024-11-14 01:25:20,291 - root - INFO - In validate()-> Val Ep. #58 loss: 0.875, accuracy: 65.80, sparsity: 0.000, task1 ratio: 1.000, zero ratio: 0.000, mpl: 1.0
2024-11-14 01:25:20,612 - root - INFO - In train()-> Train Ep. #59 loss: 0.756, accuracy: 71.52, lr: 0.001, sparsity: 0.000, network_width_mpl: 1.0
2024-11-14 01:25:20,722 - root - INFO - In validate()-> Val Ep. #59 loss: 0.877, accuracy: 66.60, sparsity: 0.000, task1 ratio: 1.000, zero ratio: 0.000, mpl: 1.0
2024-11-14 01:25:21,026 - root - INFO - In train()-> Train Ep. #60 loss: 0.747, accuracy: 71.80, lr: 0.001, sparsity: 0.000, network_width_mpl: 1.0
2024-11-14 01:25:21,141 - root - INFO - In validate()-> Val Ep. #60 loss: 0.878, accuracy: 65.40, sparsity: 0.000, task1 ratio: 1.000, zero ratio: 0.000, mpl: 1.0
2024-11-14 01:25:21,471 - root - INFO - In train()-> Train Ep. #61 loss: 0.744, accuracy: 72.92, lr: 0.001, sparsity: 0.000, network_width_mpl: 1.0
2024-11-14 01:25:21,586 - root - INFO - In validate()-> Val Ep. #61 loss: 0.876, accuracy: 67.60, sparsity: 0.000, task1 ratio: 1.000, zero ratio: 0.000, mpl: 1.0
2024-11-14 01:25:21,948 - root - INFO - In train()-> Train Ep. #62 loss: 0.736, accuracy: 72.96, lr: 0.001, sparsity: 0.000, network_width_mpl: 1.0
2024-11-14 01:25:22,054 - root - INFO - In validate()-> Val Ep. #62 loss: 0.894, accuracy: 66.80, sparsity: 0.000, task1 ratio: 1.000, zero ratio: 0.000, mpl: 1.0
2024-11-14 01:25:22,338 - root - INFO - In train()-> Train Ep. #63 loss: 0.746, accuracy: 72.08, lr: 0.001, sparsity: 0.000, network_width_mpl: 1.0
2024-11-14 01:25:22,454 - root - INFO - In validate()-> Val Ep. #63 loss: 0.868, accuracy: 67.60, sparsity: 0.000, task1 ratio: 1.000, zero ratio: 0.000, mpl: 1.0
2024-11-14 01:25:22,814 - root - INFO - In train()-> Train Ep. #64 loss: 0.757, accuracy: 72.24, lr: 0.001, sparsity: 0.000, network_width_mpl: 1.0
2024-11-14 01:25:22,924 - root - INFO - In validate()-> Val Ep. #64 loss: 0.870, accuracy: 65.80, sparsity: 0.000, task1 ratio: 1.000, zero ratio: 0.000, mpl: 1.0
2024-11-14 01:25:23,238 - root - INFO - In train()-> Train Ep. #65 loss: 0.725, accuracy: 73.20, lr: 0.001, sparsity: 0.000, network_width_mpl: 1.0
2024-11-14 01:25:23,358 - root - INFO - In validate()-> Val Ep. #65 loss: 0.855, accuracy: 68.20, sparsity: 0.000, task1 ratio: 1.000, zero ratio: 0.000, mpl: 1.0
2024-11-14 01:25:23,671 - root - INFO - In train()-> Train Ep. #66 loss: 0.728, accuracy: 72.84, lr: 0.001, sparsity: 0.000, network_width_mpl: 1.0
2024-11-14 01:25:23,780 - root - INFO - In validate()-> Val Ep. #66 loss: 0.860, accuracy: 67.60, sparsity: 0.000, task1 ratio: 1.000, zero ratio: 0.000, mpl: 1.0
2024-11-14 01:25:24,107 - root - INFO - In train()-> Train Ep. #67 loss: 0.730, accuracy: 73.08, lr: 0.001, sparsity: 0.000, network_width_mpl: 1.0
2024-11-14 01:25:24,237 - root - INFO - In validate()-> Val Ep. #67 loss: 0.872, accuracy: 66.60, sparsity: 0.000, task1 ratio: 1.000, zero ratio: 0.000, mpl: 1.0
2024-11-14 01:25:24,562 - root - INFO - In train()-> Train Ep. #68 loss: 0.720, accuracy: 73.12, lr: 0.001, sparsity: 0.000, network_width_mpl: 1.0
2024-11-14 01:25:24,685 - root - INFO - In validate()-> Val Ep. #68 loss: 0.859, accuracy: 68.00, sparsity: 0.000, task1 ratio: 1.000, zero ratio: 0.000, mpl: 1.0
2024-11-14 01:25:25,016 - root - INFO - In train()-> Train Ep. #69 loss: 0.725, accuracy: 73.04, lr: 0.001, sparsity: 0.000, network_width_mpl: 1.0
2024-11-14 01:25:25,126 - root - INFO - In validate()-> Val Ep. #69 loss: 0.857, accuracy: 66.60, sparsity: 0.000, task1 ratio: 1.000, zero ratio: 0.000, mpl: 1.0
2024-11-14 01:25:25,442 - root - INFO - In train()-> Train Ep. #70 loss: 0.719, accuracy: 74.28, lr: 0.001, sparsity: 0.000, network_width_mpl: 1.0
2024-11-14 01:25:25,557 - root - INFO - In validate()-> Val Ep. #70 loss: 0.852, accuracy: 67.80, sparsity: 0.000, task1 ratio: 1.000, zero ratio: 0.000, mpl: 1.0
2024-11-14 01:25:25,930 - root - INFO - In train()-> Train Ep. #71 loss: 0.704, accuracy: 74.52, lr: 0.001, sparsity: 0.000, network_width_mpl: 1.0
2024-11-14 01:25:26,046 - root - INFO - In validate()-> Val Ep. #71 loss: 0.869, accuracy: 68.20, sparsity: 0.000, task1 ratio: 1.000, zero ratio: 0.000, mpl: 1.0
2024-11-14 01:25:26,352 - root - INFO - In train()-> Train Ep. #72 loss: 0.700, accuracy: 73.88, lr: 0.001, sparsity: 0.000, network_width_mpl: 1.0
2024-11-14 01:25:26,466 - root - INFO - In validate()-> Val Ep. #72 loss: 0.866, accuracy: 66.60, sparsity: 0.000, task1 ratio: 1.000, zero ratio: 0.000, mpl: 1.0
2024-11-14 01:25:26,810 - root - INFO - In train()-> Train Ep. #73 loss: 0.714, accuracy: 74.32, lr: 0.001, sparsity: 0.000, network_width_mpl: 1.0
2024-11-14 01:25:26,934 - root - INFO - In validate()-> Val Ep. #73 loss: 0.876, accuracy: 67.80, sparsity: 0.000, task1 ratio: 1.000, zero ratio: 0.000, mpl: 1.0
2024-11-14 01:25:27,286 - root - INFO - In train()-> Train Ep. #74 loss: 0.719, accuracy: 73.16, lr: 0.001, sparsity: 0.000, network_width_mpl: 1.0
2024-11-14 01:25:27,406 - root - INFO - In validate()-> Val Ep. #74 loss: 0.861, accuracy: 66.40, sparsity: 0.000, task1 ratio: 1.000, zero ratio: 0.000, mpl: 1.0
2024-11-14 01:25:27,736 - root - INFO - In train()-> Train Ep. #75 loss: 0.713, accuracy: 73.64, lr: 0.001, sparsity: 0.000, network_width_mpl: 1.0
2024-11-14 01:25:27,850 - root - INFO - In validate()-> Val Ep. #75 loss: 0.852, accuracy: 69.60, sparsity: 0.000, task1 ratio: 1.000, zero ratio: 0.000, mpl: 1.0
2024-11-14 01:25:28,153 - root - INFO - In train()-> Train Ep. #76 loss: 0.719, accuracy: 73.28, lr: 0.001, sparsity: 0.000, network_width_mpl: 1.0
2024-11-14 01:25:28,273 - root - INFO - In validate()-> Val Ep. #76 loss: 0.854, accuracy: 68.20, sparsity: 0.000, task1 ratio: 1.000, zero ratio: 0.000, mpl: 1.0
2024-11-14 01:25:28,614 - root - INFO - In train()-> Train Ep. #77 loss: 0.721, accuracy: 72.48, lr: 0.001, sparsity: 0.000, network_width_mpl: 1.0
2024-11-14 01:25:28,726 - root - INFO - In validate()-> Val Ep. #77 loss: 0.852, accuracy: 68.80, sparsity: 0.000, task1 ratio: 1.000, zero ratio: 0.000, mpl: 1.0
2024-11-14 01:25:29,029 - root - INFO - In train()-> Train Ep. #78 loss: 0.708, accuracy: 73.12, lr: 0.001, sparsity: 0.000, network_width_mpl: 1.0
2024-11-14 01:25:29,142 - root - INFO - In validate()-> Val Ep. #78 loss: 0.858, accuracy: 67.80, sparsity: 0.000, task1 ratio: 1.000, zero ratio: 0.000, mpl: 1.0
2024-11-14 01:25:29,496 - root - INFO - In train()-> Train Ep. #79 loss: 0.717, accuracy: 73.76, lr: 0.001, sparsity: 0.000, network_width_mpl: 1.0
2024-11-14 01:25:29,605 - root - INFO - In validate()-> Val Ep. #79 loss: 0.850, accuracy: 68.00, sparsity: 0.000, task1 ratio: 1.000, zero ratio: 0.000, mpl: 1.0
2024-11-14 01:25:29,950 - root - INFO - In train()-> Train Ep. #80 loss: 0.713, accuracy: 73.32, lr: 0.001, sparsity: 0.000, network_width_mpl: 1.0
2024-11-14 01:25:30,060 - root - INFO - In validate()-> Val Ep. #80 loss: 0.860, accuracy: 67.80, sparsity: 0.000, task1 ratio: 1.000, zero ratio: 0.000, mpl: 1.0
2024-11-14 01:25:30,366 - root - INFO - In train()-> Train Ep. #81 loss: 0.694, accuracy: 75.08, lr: 0.0001, sparsity: 0.000, network_width_mpl: 1.0
2024-11-14 01:25:30,480 - root - INFO - In validate()-> Val Ep. #81 loss: 0.855, accuracy: 67.60, sparsity: 0.000, task1 ratio: 1.000, zero ratio: 0.000, mpl: 1.0
2024-11-14 01:25:30,803 - root - INFO - In train()-> Train Ep. #82 loss: 0.715, accuracy: 73.40, lr: 0.0001, sparsity: 0.000, network_width_mpl: 1.0
2024-11-14 01:25:30,909 - root - INFO - In validate()-> Val Ep. #82 loss: 0.859, accuracy: 67.00, sparsity: 0.000, task1 ratio: 1.000, zero ratio: 0.000, mpl: 1.0
2024-11-14 01:25:31,260 - root - INFO - In train()-> Train Ep. #83 loss: 0.679, accuracy: 75.12, lr: 0.0001, sparsity: 0.000, network_width_mpl: 1.0
2024-11-14 01:25:31,373 - root - INFO - In validate()-> Val Ep. #83 loss: 0.857, accuracy: 68.00, sparsity: 0.000, task1 ratio: 1.000, zero ratio: 0.000, mpl: 1.0
2024-11-14 01:25:31,678 - root - INFO - In train()-> Train Ep. #84 loss: 0.703, accuracy: 74.16, lr: 0.0001, sparsity: 0.000, network_width_mpl: 1.0
2024-11-14 01:25:31,812 - root - INFO - In validate()-> Val Ep. #84 loss: 0.861, accuracy: 68.00, sparsity: 0.000, task1 ratio: 1.000, zero ratio: 0.000, mpl: 1.0
2024-11-14 01:25:32,139 - root - INFO - In train()-> Train Ep. #85 loss: 0.713, accuracy: 73.40, lr: 0.0001, sparsity: 0.000, network_width_mpl: 1.0
2024-11-14 01:25:32,246 - root - INFO - In validate()-> Val Ep. #85 loss: 0.859, accuracy: 68.20, sparsity: 0.000, task1 ratio: 1.000, zero ratio: 0.000, mpl: 1.0
2024-11-14 01:25:32,553 - root - INFO - In train()-> Train Ep. #86 loss: 0.685, accuracy: 75.64, lr: 0.0001, sparsity: 0.000, network_width_mpl: 1.0
2024-11-14 01:25:32,660 - root - INFO - In validate()-> Val Ep. #86 loss: 0.860, accuracy: 67.80, sparsity: 0.000, task1 ratio: 1.000, zero ratio: 0.000, mpl: 1.0
2024-11-14 01:25:32,978 - root - INFO - In train()-> Train Ep. #87 loss: 0.675, accuracy: 75.40, lr: 0.0001, sparsity: 0.000, network_width_mpl: 1.0
2024-11-14 01:25:33,105 - root - INFO - In validate()-> Val Ep. #87 loss: 0.857, accuracy: 68.00, sparsity: 0.000, task1 ratio: 1.000, zero ratio: 0.000, mpl: 1.0
2024-11-14 01:25:33,388 - root - INFO - In train()-> Train Ep. #88 loss: 0.701, accuracy: 74.12, lr: 0.0001, sparsity: 0.000, network_width_mpl: 1.0
2024-11-14 01:25:33,499 - root - INFO - In validate()-> Val Ep. #88 loss: 0.852, accuracy: 68.80, sparsity: 0.000, task1 ratio: 1.000, zero ratio: 0.000, mpl: 1.0
2024-11-14 01:25:33,822 - root - INFO - In train()-> Train Ep. #89 loss: 0.682, accuracy: 74.20, lr: 0.0001, sparsity: 0.000, network_width_mpl: 1.0
2024-11-14 01:25:33,964 - root - INFO - In validate()-> Val Ep. #89 loss: 0.858, accuracy: 68.80, sparsity: 0.000, task1 ratio: 1.000, zero ratio: 0.000, mpl: 1.0
2024-11-14 01:25:34,277 - root - INFO - In train()-> Train Ep. #90 loss: 0.673, accuracy: 75.12, lr: 0.0001, sparsity: 0.000, network_width_mpl: 1.0
2024-11-14 01:25:34,389 - root - INFO - In validate()-> Val Ep. #90 loss: 0.858, accuracy: 69.80, sparsity: 0.000, task1 ratio: 1.000, zero ratio: 0.000, mpl: 1.0
2024-11-14 01:25:34,699 - root - INFO - In train()-> Train Ep. #91 loss: 0.674, accuracy: 75.20, lr: 0.0001, sparsity: 0.000, network_width_mpl: 1.0
2024-11-14 01:25:34,823 - root - INFO - In validate()-> Val Ep. #91 loss: 0.848, accuracy: 69.60, sparsity: 0.000, task1 ratio: 1.000, zero ratio: 0.000, mpl: 1.0
2024-11-14 01:25:35,116 - root - INFO - In train()-> Train Ep. #92 loss: 0.675, accuracy: 75.00, lr: 0.0001, sparsity: 0.000, network_width_mpl: 1.0
2024-11-14 01:25:35,233 - root - INFO - In validate()-> Val Ep. #92 loss: 0.859, accuracy: 67.80, sparsity: 0.000, task1 ratio: 1.000, zero ratio: 0.000, mpl: 1.0
2024-11-14 01:25:35,589 - root - INFO - In train()-> Train Ep. #93 loss: 0.695, accuracy: 74.80, lr: 0.0001, sparsity: 0.000, network_width_mpl: 1.0
2024-11-14 01:25:35,724 - root - INFO - In validate()-> Val Ep. #93 loss: 0.860, accuracy: 67.40, sparsity: 0.000, task1 ratio: 1.000, zero ratio: 0.000, mpl: 1.0
2024-11-14 01:25:36,039 - root - INFO - In train()-> Train Ep. #94 loss: 0.678, accuracy: 74.56, lr: 0.0001, sparsity: 0.000, network_width_mpl: 1.0
2024-11-14 01:25:36,147 - root - INFO - In validate()-> Val Ep. #94 loss: 0.855, accuracy: 69.00, sparsity: 0.000, task1 ratio: 1.000, zero ratio: 0.000, mpl: 1.0
2024-11-14 01:25:36,460 - root - INFO - In train()-> Train Ep. #95 loss: 0.693, accuracy: 74.08, lr: 0.0001, sparsity: 0.000, network_width_mpl: 1.0
2024-11-14 01:25:36,571 - root - INFO - In validate()-> Val Ep. #95 loss: 0.861, accuracy: 68.60, sparsity: 0.000, task1 ratio: 1.000, zero ratio: 0.000, mpl: 1.0
2024-11-14 01:25:36,889 - root - INFO - In train()-> Train Ep. #96 loss: 0.665, accuracy: 74.96, lr: 0.0001, sparsity: 0.000, network_width_mpl: 1.0
2024-11-14 01:25:37,003 - root - INFO - In validate()-> Val Ep. #96 loss: 0.854, accuracy: 69.40, sparsity: 0.000, task1 ratio: 1.000, zero ratio: 0.000, mpl: 1.0
2024-11-14 01:25:37,299 - root - INFO - In train()-> Train Ep. #97 loss: 0.669, accuracy: 75.12, lr: 0.0001, sparsity: 0.000, network_width_mpl: 1.0
2024-11-14 01:25:37,410 - root - INFO - In validate()-> Val Ep. #97 loss: 0.856, accuracy: 69.40, sparsity: 0.000, task1 ratio: 1.000, zero ratio: 0.000, mpl: 1.0
2024-11-14 01:25:37,733 - root - INFO - In train()-> Train Ep. #98 loss: 0.688, accuracy: 74.40, lr: 0.0001, sparsity: 0.000, network_width_mpl: 1.0
2024-11-14 01:25:37,861 - root - INFO - In validate()-> Val Ep. #98 loss: 0.852, accuracy: 68.40, sparsity: 0.000, task1 ratio: 1.000, zero ratio: 0.000, mpl: 1.0
2024-11-14 01:25:38,172 - root - INFO - In train()-> Train Ep. #99 loss: 0.685, accuracy: 75.04, lr: 0.0001, sparsity: 0.000, network_width_mpl: 1.0
2024-11-14 01:25:38,286 - root - INFO - In validate()-> Val Ep. #99 loss: 0.855, accuracy: 69.80, sparsity: 0.000, task1 ratio: 1.000, zero ratio: 0.000, mpl: 1.0
2024-11-14 01:25:38,603 - root - INFO - In train()-> Train Ep. #100 loss: 0.685, accuracy: 74.48, lr: 0.0001, sparsity: 0.000, network_width_mpl: 1.0
2024-11-14 01:25:38,716 - root - INFO - In validate()-> Val Ep. #100 loss: 0.860, accuracy: 68.60, sparsity: 0.000, task1 ratio: 1.000, zero ratio: 0.000, mpl: 1.0
2024-11-14 01:25:38,718 - root - INFO - ----------------
2024-11-14 01:25:38,718 - root - INFO - It's time to expand the Network
2024-11-14 01:25:38,718 - root - INFO - Auto expand network
2024-11-14 01:25:41,008 - root - INFO - 
2024-11-14 01:25:41,008 - root - INFO - Before pruning: 
2024-11-14 01:25:41,008 - root - INFO - Sparsity range: 0.0 -> 0.1
2024-11-14 01:25:41,284 - root - INFO - In validate()-> Val Ep. #0 loss: 0.860, accuracy: 68.60, sparsity: 0.000, task1 ratio: 1.000, zero ratio: 0.000, mpl: 1.0
2024-11-14 01:25:41,284 - root - INFO - 
2024-11-14 01:25:41,671 - root - INFO - In train()-> Train Ep. #1 loss: 0.696, accuracy: 73.92, lr: 0.001, sparsity: 0.053, network_width_mpl: 1.0
2024-11-14 01:25:41,788 - root - INFO - In validate()-> Val Ep. #1 loss: 0.864, accuracy: 69.00, sparsity: 0.053, task1 ratio: 0.947, zero ratio: 0.053, mpl: 1.0
2024-11-14 01:25:42,098 - root - INFO - In train()-> Train Ep. #2 loss: 0.696, accuracy: 74.00, lr: 0.001, sparsity: 0.086, network_width_mpl: 1.0
2024-11-14 01:25:42,218 - root - INFO - In validate()-> Val Ep. #2 loss: 0.861, accuracy: 68.20, sparsity: 0.086, task1 ratio: 0.914, zero ratio: 0.086, mpl: 1.0
2024-11-14 01:25:42,598 - root - INFO - In train()-> Train Ep. #3 loss: 0.690, accuracy: 73.68, lr: 0.001, sparsity: 0.098, network_width_mpl: 1.0
2024-11-14 01:25:42,717 - root - INFO - In validate()-> Val Ep. #3 loss: 0.862, accuracy: 68.00, sparsity: 0.098, task1 ratio: 0.902, zero ratio: 0.098, mpl: 1.0
2024-11-14 01:25:43,066 - root - INFO - In train()-> Train Ep. #4 loss: 0.690, accuracy: 74.92, lr: 0.001, sparsity: 0.101, network_width_mpl: 1.0
2024-11-14 01:25:43,176 - root - INFO - In validate()-> Val Ep. #4 loss: 0.867, accuracy: 68.40, sparsity: 0.101, task1 ratio: 0.899, zero ratio: 0.101, mpl: 1.0
2024-11-14 01:25:43,467 - root - INFO - In train()-> Train Ep. #5 loss: 0.686, accuracy: 73.56, lr: 0.001, sparsity: 0.101, network_width_mpl: 1.0
2024-11-14 01:25:43,578 - root - INFO - In validate()-> Val Ep. #5 loss: 0.879, accuracy: 67.60, sparsity: 0.101, task1 ratio: 0.899, zero ratio: 0.101, mpl: 1.0
2024-11-14 01:25:43,908 - root - INFO - In train()-> Train Ep. #6 loss: 0.697, accuracy: 73.84, lr: 0.001, sparsity: 0.101, network_width_mpl: 1.0
2024-11-14 01:25:44,035 - root - INFO - In validate()-> Val Ep. #6 loss: 0.880, accuracy: 68.20, sparsity: 0.101, task1 ratio: 0.899, zero ratio: 0.101, mpl: 1.0
2024-11-14 01:25:44,353 - root - INFO - In train()-> Train Ep. #7 loss: 0.683, accuracy: 74.36, lr: 0.001, sparsity: 0.101, network_width_mpl: 1.0
2024-11-14 01:25:44,477 - root - INFO - In validate()-> Val Ep. #7 loss: 0.873, accuracy: 68.00, sparsity: 0.101, task1 ratio: 0.899, zero ratio: 0.101, mpl: 1.0
2024-11-14 01:25:44,811 - root - INFO - In train()-> Train Ep. #8 loss: 0.680, accuracy: 74.40, lr: 0.001, sparsity: 0.101, network_width_mpl: 1.0
2024-11-14 01:25:44,928 - root - INFO - In validate()-> Val Ep. #8 loss: 0.868, accuracy: 68.20, sparsity: 0.101, task1 ratio: 0.899, zero ratio: 0.101, mpl: 1.0
2024-11-14 01:25:45,255 - root - INFO - In train()-> Train Ep. #9 loss: 0.698, accuracy: 74.68, lr: 0.001, sparsity: 0.101, network_width_mpl: 1.0
2024-11-14 01:25:45,372 - root - INFO - In validate()-> Val Ep. #9 loss: 0.875, accuracy: 66.60, sparsity: 0.101, task1 ratio: 0.899, zero ratio: 0.101, mpl: 1.0
2024-11-14 01:25:45,691 - root - INFO - In train()-> Train Ep. #10 loss: 0.685, accuracy: 74.60, lr: 0.001, sparsity: 0.101, network_width_mpl: 1.0
2024-11-14 01:25:45,809 - root - INFO - In validate()-> Val Ep. #10 loss: 0.865, accuracy: 67.40, sparsity: 0.101, task1 ratio: 0.899, zero ratio: 0.101, mpl: 1.0
2024-11-14 01:25:46,110 - root - INFO - In train()-> Train Ep. #11 loss: 0.700, accuracy: 74.28, lr: 0.001, sparsity: 0.101, network_width_mpl: 1.0
2024-11-14 01:25:46,220 - root - INFO - In validate()-> Val Ep. #11 loss: 0.855, accuracy: 67.00, sparsity: 0.101, task1 ratio: 0.899, zero ratio: 0.101, mpl: 1.0
2024-11-14 01:25:46,536 - root - INFO - In train()-> Train Ep. #12 loss: 0.700, accuracy: 73.44, lr: 0.001, sparsity: 0.101, network_width_mpl: 1.0
2024-11-14 01:25:46,662 - root - INFO - In validate()-> Val Ep. #12 loss: 0.868, accuracy: 66.80, sparsity: 0.101, task1 ratio: 0.899, zero ratio: 0.101, mpl: 1.0
2024-11-14 01:25:46,994 - root - INFO - In train()-> Train Ep. #13 loss: 0.691, accuracy: 73.80, lr: 0.001, sparsity: 0.101, network_width_mpl: 1.0
2024-11-14 01:25:47,119 - root - INFO - In validate()-> Val Ep. #13 loss: 0.866, accuracy: 69.00, sparsity: 0.101, task1 ratio: 0.899, zero ratio: 0.101, mpl: 1.0
2024-11-14 01:25:47,458 - root - INFO - In train()-> Train Ep. #14 loss: 0.674, accuracy: 75.04, lr: 0.001, sparsity: 0.101, network_width_mpl: 1.0
2024-11-14 01:25:47,588 - root - INFO - In validate()-> Val Ep. #14 loss: 0.869, accuracy: 67.60, sparsity: 0.101, task1 ratio: 0.899, zero ratio: 0.101, mpl: 1.0
2024-11-14 01:25:47,912 - root - INFO - In train()-> Train Ep. #15 loss: 0.673, accuracy: 76.00, lr: 0.001, sparsity: 0.101, network_width_mpl: 1.0
2024-11-14 01:25:48,028 - root - INFO - In validate()-> Val Ep. #15 loss: 0.860, accuracy: 67.80, sparsity: 0.101, task1 ratio: 0.899, zero ratio: 0.101, mpl: 1.0
2024-11-14 01:25:48,335 - root - INFO - In train()-> Train Ep. #16 loss: 0.668, accuracy: 74.60, lr: 0.001, sparsity: 0.101, network_width_mpl: 1.0
2024-11-14 01:25:48,466 - root - INFO - In validate()-> Val Ep. #16 loss: 0.883, accuracy: 67.20, sparsity: 0.101, task1 ratio: 0.899, zero ratio: 0.101, mpl: 1.0
2024-11-14 01:25:48,782 - root - INFO - In train()-> Train Ep. #17 loss: 0.663, accuracy: 75.72, lr: 0.001, sparsity: 0.101, network_width_mpl: 1.0
2024-11-14 01:25:48,896 - root - INFO - In validate()-> Val Ep. #17 loss: 0.881, accuracy: 66.40, sparsity: 0.101, task1 ratio: 0.899, zero ratio: 0.101, mpl: 1.0
2024-11-14 01:25:49,198 - root - INFO - In train()-> Train Ep. #18 loss: 0.684, accuracy: 74.08, lr: 0.001, sparsity: 0.101, network_width_mpl: 1.0
2024-11-14 01:25:49,320 - root - INFO - In validate()-> Val Ep. #18 loss: 0.881, accuracy: 68.00, sparsity: 0.101, task1 ratio: 0.899, zero ratio: 0.101, mpl: 1.0
2024-11-14 01:25:49,692 - root - INFO - In train()-> Train Ep. #19 loss: 0.674, accuracy: 74.96, lr: 0.001, sparsity: 0.101, network_width_mpl: 1.0
2024-11-14 01:25:49,808 - root - INFO - In validate()-> Val Ep. #19 loss: 0.868, accuracy: 67.40, sparsity: 0.101, task1 ratio: 0.899, zero ratio: 0.101, mpl: 1.0
2024-11-14 01:25:50,108 - root - INFO - In train()-> Train Ep. #20 loss: 0.691, accuracy: 74.28, lr: 0.001, sparsity: 0.101, network_width_mpl: 1.0
2024-11-14 01:25:50,222 - root - INFO - In validate()-> Val Ep. #20 loss: 0.868, accuracy: 67.80, sparsity: 0.101, task1 ratio: 0.899, zero ratio: 0.101, mpl: 1.0
2024-11-14 01:25:50,224 - root - INFO - ----------------
2024-11-14 01:25:52,577 - root - INFO - 
2024-11-14 01:25:52,577 - root - INFO - Before pruning: 
2024-11-14 01:25:52,577 - root - INFO - Sparsity range: 0.1 -> 0.2
2024-11-14 01:25:52,850 - root - INFO - In validate()-> Val Ep. #0 loss: 0.868, accuracy: 67.80, sparsity: 0.101, task1 ratio: 0.899, zero ratio: 0.101, mpl: 1.0
2024-11-14 01:25:52,850 - root - INFO - 
2024-11-14 01:25:53,233 - root - INFO - In train()-> Train Ep. #1 loss: 0.648, accuracy: 76.68, lr: 0.001, sparsity: 0.153, network_width_mpl: 1.0
2024-11-14 01:25:53,359 - root - INFO - In validate()-> Val Ep. #1 loss: 0.876, accuracy: 66.20, sparsity: 0.153, task1 ratio: 0.847, zero ratio: 0.153, mpl: 1.0
2024-11-14 01:25:53,740 - root - INFO - In train()-> Train Ep. #2 loss: 0.655, accuracy: 75.80, lr: 0.001, sparsity: 0.186, network_width_mpl: 1.0
2024-11-14 01:25:53,857 - root - INFO - In validate()-> Val Ep. #2 loss: 0.877, accuracy: 66.60, sparsity: 0.186, task1 ratio: 0.814, zero ratio: 0.186, mpl: 1.0
2024-11-14 01:25:54,189 - root - INFO - In train()-> Train Ep. #3 loss: 0.641, accuracy: 75.48, lr: 0.001, sparsity: 0.198, network_width_mpl: 1.0
2024-11-14 01:25:54,307 - root - INFO - In validate()-> Val Ep. #3 loss: 0.873, accuracy: 66.60, sparsity: 0.198, task1 ratio: 0.802, zero ratio: 0.198, mpl: 1.0
2024-11-14 01:25:54,611 - root - INFO - In train()-> Train Ep. #4 loss: 0.641, accuracy: 76.84, lr: 0.001, sparsity: 0.201, network_width_mpl: 1.0
2024-11-14 01:25:54,730 - root - INFO - In validate()-> Val Ep. #4 loss: 0.887, accuracy: 68.20, sparsity: 0.201, task1 ratio: 0.799, zero ratio: 0.201, mpl: 1.0
2024-11-14 01:25:55,038 - root - INFO - In train()-> Train Ep. #5 loss: 0.637, accuracy: 76.08, lr: 0.001, sparsity: 0.201, network_width_mpl: 1.0
2024-11-14 01:25:55,150 - root - INFO - In validate()-> Val Ep. #5 loss: 0.892, accuracy: 67.00, sparsity: 0.201, task1 ratio: 0.799, zero ratio: 0.201, mpl: 1.0
2024-11-14 01:25:55,463 - root - INFO - In train()-> Train Ep. #6 loss: 0.654, accuracy: 75.72, lr: 0.001, sparsity: 0.201, network_width_mpl: 1.0
2024-11-14 01:25:55,575 - root - INFO - In validate()-> Val Ep. #6 loss: 0.899, accuracy: 67.60, sparsity: 0.201, task1 ratio: 0.799, zero ratio: 0.201, mpl: 1.0
2024-11-14 01:25:55,888 - root - INFO - In train()-> Train Ep. #7 loss: 0.641, accuracy: 75.68, lr: 0.001, sparsity: 0.201, network_width_mpl: 1.0
2024-11-14 01:25:56,001 - root - INFO - In validate()-> Val Ep. #7 loss: 0.893, accuracy: 67.20, sparsity: 0.201, task1 ratio: 0.799, zero ratio: 0.201, mpl: 1.0
2024-11-14 01:25:56,337 - root - INFO - In train()-> Train Ep. #8 loss: 0.635, accuracy: 76.32, lr: 0.001, sparsity: 0.201, network_width_mpl: 1.0
2024-11-14 01:25:56,448 - root - INFO - In validate()-> Val Ep. #8 loss: 0.886, accuracy: 66.40, sparsity: 0.201, task1 ratio: 0.799, zero ratio: 0.201, mpl: 1.0
2024-11-14 01:25:56,775 - root - INFO - In train()-> Train Ep. #9 loss: 0.653, accuracy: 76.92, lr: 0.001, sparsity: 0.201, network_width_mpl: 1.0
2024-11-14 01:25:56,907 - root - INFO - In validate()-> Val Ep. #9 loss: 0.895, accuracy: 66.40, sparsity: 0.201, task1 ratio: 0.799, zero ratio: 0.201, mpl: 1.0
2024-11-14 01:25:57,210 - root - INFO - In train()-> Train Ep. #10 loss: 0.642, accuracy: 76.16, lr: 0.001, sparsity: 0.201, network_width_mpl: 1.0
2024-11-14 01:25:57,343 - root - INFO - In validate()-> Val Ep. #10 loss: 0.880, accuracy: 66.40, sparsity: 0.201, task1 ratio: 0.799, zero ratio: 0.201, mpl: 1.0
2024-11-14 01:25:57,668 - root - INFO - In train()-> Train Ep. #11 loss: 0.655, accuracy: 76.48, lr: 0.001, sparsity: 0.201, network_width_mpl: 1.0
2024-11-14 01:25:57,782 - root - INFO - In validate()-> Val Ep. #11 loss: 0.868, accuracy: 66.40, sparsity: 0.201, task1 ratio: 0.799, zero ratio: 0.201, mpl: 1.0
2024-11-14 01:25:58,080 - root - INFO - In train()-> Train Ep. #12 loss: 0.653, accuracy: 75.48, lr: 0.001, sparsity: 0.201, network_width_mpl: 1.0
2024-11-14 01:25:58,195 - root - INFO - In validate()-> Val Ep. #12 loss: 0.881, accuracy: 66.00, sparsity: 0.201, task1 ratio: 0.799, zero ratio: 0.201, mpl: 1.0
2024-11-14 01:25:58,535 - root - INFO - In train()-> Train Ep. #13 loss: 0.644, accuracy: 76.16, lr: 0.001, sparsity: 0.201, network_width_mpl: 1.0
2024-11-14 01:25:58,653 - root - INFO - In validate()-> Val Ep. #13 loss: 0.886, accuracy: 66.40, sparsity: 0.201, task1 ratio: 0.799, zero ratio: 0.201, mpl: 1.0
2024-11-14 01:25:58,971 - root - INFO - In train()-> Train Ep. #14 loss: 0.626, accuracy: 77.04, lr: 0.001, sparsity: 0.201, network_width_mpl: 1.0
2024-11-14 01:25:59,089 - root - INFO - In validate()-> Val Ep. #14 loss: 0.890, accuracy: 67.00, sparsity: 0.201, task1 ratio: 0.799, zero ratio: 0.201, mpl: 1.0
2024-11-14 01:25:59,387 - root - INFO - In train()-> Train Ep. #15 loss: 0.627, accuracy: 77.80, lr: 0.001, sparsity: 0.201, network_width_mpl: 1.0
2024-11-14 01:25:59,513 - root - INFO - In validate()-> Val Ep. #15 loss: 0.883, accuracy: 67.40, sparsity: 0.201, task1 ratio: 0.799, zero ratio: 0.201, mpl: 1.0
2024-11-14 01:25:59,845 - root - INFO - In train()-> Train Ep. #16 loss: 0.623, accuracy: 77.16, lr: 0.001, sparsity: 0.201, network_width_mpl: 1.0
2024-11-14 01:25:59,972 - root - INFO - In validate()-> Val Ep. #16 loss: 0.904, accuracy: 67.20, sparsity: 0.201, task1 ratio: 0.799, zero ratio: 0.201, mpl: 1.0
2024-11-14 01:26:00,305 - root - INFO - In train()-> Train Ep. #17 loss: 0.617, accuracy: 77.76, lr: 0.001, sparsity: 0.201, network_width_mpl: 1.0
2024-11-14 01:26:00,416 - root - INFO - In validate()-> Val Ep. #17 loss: 0.905, accuracy: 65.40, sparsity: 0.201, task1 ratio: 0.799, zero ratio: 0.201, mpl: 1.0
2024-11-14 01:26:00,741 - root - INFO - In train()-> Train Ep. #18 loss: 0.640, accuracy: 76.60, lr: 0.001, sparsity: 0.201, network_width_mpl: 1.0
2024-11-14 01:26:00,850 - root - INFO - In validate()-> Val Ep. #18 loss: 0.897, accuracy: 67.00, sparsity: 0.201, task1 ratio: 0.799, zero ratio: 0.201, mpl: 1.0
2024-11-14 01:26:01,177 - root - INFO - In train()-> Train Ep. #19 loss: 0.627, accuracy: 76.72, lr: 0.001, sparsity: 0.201, network_width_mpl: 1.0
2024-11-14 01:26:01,296 - root - INFO - In validate()-> Val Ep. #19 loss: 0.885, accuracy: 67.40, sparsity: 0.201, task1 ratio: 0.799, zero ratio: 0.201, mpl: 1.0
2024-11-14 01:26:01,624 - root - INFO - In train()-> Train Ep. #20 loss: 0.645, accuracy: 75.96, lr: 0.001, sparsity: 0.201, network_width_mpl: 1.0
2024-11-14 01:26:01,733 - root - INFO - In validate()-> Val Ep. #20 loss: 0.886, accuracy: 66.20, sparsity: 0.201, task1 ratio: 0.799, zero ratio: 0.201, mpl: 1.0
2024-11-14 01:26:01,735 - root - INFO - ----------------
2024-11-14 01:26:04,094 - root - INFO - 
2024-11-14 01:26:04,094 - root - INFO - Before pruning: 
2024-11-14 01:26:04,094 - root - INFO - Sparsity range: 0.2 -> 0.3
2024-11-14 01:26:04,369 - root - INFO - In validate()-> Val Ep. #0 loss: 0.886, accuracy: 66.20, sparsity: 0.201, task1 ratio: 0.799, zero ratio: 0.201, mpl: 1.0
2024-11-14 01:26:04,369 - root - INFO - 
2024-11-14 01:26:04,759 - root - INFO - In train()-> Train Ep. #1 loss: 0.606, accuracy: 78.32, lr: 0.001, sparsity: 0.253, network_width_mpl: 1.0
2024-11-14 01:26:04,884 - root - INFO - In validate()-> Val Ep. #1 loss: 0.927, accuracy: 66.60, sparsity: 0.253, task1 ratio: 0.747, zero ratio: 0.253, mpl: 1.0
2024-11-14 01:26:05,187 - root - INFO - In train()-> Train Ep. #2 loss: 0.619, accuracy: 77.24, lr: 0.001, sparsity: 0.286, network_width_mpl: 1.0
2024-11-14 01:26:05,309 - root - INFO - In validate()-> Val Ep. #2 loss: 0.895, accuracy: 65.20, sparsity: 0.286, task1 ratio: 0.714, zero ratio: 0.286, mpl: 1.0
2024-11-14 01:26:05,647 - root - INFO - In train()-> Train Ep. #3 loss: 0.602, accuracy: 76.64, lr: 0.001, sparsity: 0.298, network_width_mpl: 1.0
2024-11-14 01:26:05,762 - root - INFO - In validate()-> Val Ep. #3 loss: 0.903, accuracy: 66.00, sparsity: 0.298, task1 ratio: 0.702, zero ratio: 0.298, mpl: 1.0
2024-11-14 01:26:06,085 - root - INFO - In train()-> Train Ep. #4 loss: 0.601, accuracy: 78.12, lr: 0.001, sparsity: 0.301, network_width_mpl: 1.0
2024-11-14 01:26:06,195 - root - INFO - In validate()-> Val Ep. #4 loss: 0.904, accuracy: 66.20, sparsity: 0.301, task1 ratio: 0.699, zero ratio: 0.301, mpl: 1.0
2024-11-14 01:26:06,524 - root - INFO - In train()-> Train Ep. #5 loss: 0.596, accuracy: 77.24, lr: 0.001, sparsity: 0.301, network_width_mpl: 1.0
2024-11-14 01:26:06,659 - root - INFO - In validate()-> Val Ep. #5 loss: 0.909, accuracy: 65.60, sparsity: 0.301, task1 ratio: 0.699, zero ratio: 0.301, mpl: 1.0
2024-11-14 01:26:07,008 - root - INFO - In train()-> Train Ep. #6 loss: 0.618, accuracy: 76.88, lr: 0.001, sparsity: 0.301, network_width_mpl: 1.0
2024-11-14 01:26:07,127 - root - INFO - In validate()-> Val Ep. #6 loss: 0.918, accuracy: 65.40, sparsity: 0.301, task1 ratio: 0.699, zero ratio: 0.301, mpl: 1.0
2024-11-14 01:26:07,437 - root - INFO - In train()-> Train Ep. #7 loss: 0.603, accuracy: 77.68, lr: 0.001, sparsity: 0.301, network_width_mpl: 1.0
2024-11-14 01:26:07,550 - root - INFO - In validate()-> Val Ep. #7 loss: 0.911, accuracy: 66.60, sparsity: 0.301, task1 ratio: 0.699, zero ratio: 0.301, mpl: 1.0
2024-11-14 01:26:07,873 - root - INFO - In train()-> Train Ep. #8 loss: 0.596, accuracy: 78.32, lr: 0.001, sparsity: 0.301, network_width_mpl: 1.0
2024-11-14 01:26:07,985 - root - INFO - In validate()-> Val Ep. #8 loss: 0.904, accuracy: 65.40, sparsity: 0.301, task1 ratio: 0.699, zero ratio: 0.301, mpl: 1.0
2024-11-14 01:26:08,302 - root - INFO - In train()-> Train Ep. #9 loss: 0.607, accuracy: 78.56, lr: 0.001, sparsity: 0.301, network_width_mpl: 1.0
2024-11-14 01:26:08,428 - root - INFO - In validate()-> Val Ep. #9 loss: 0.916, accuracy: 65.80, sparsity: 0.301, task1 ratio: 0.699, zero ratio: 0.301, mpl: 1.0
2024-11-14 01:26:08,751 - root - INFO - In train()-> Train Ep. #10 loss: 0.602, accuracy: 77.28, lr: 0.001, sparsity: 0.301, network_width_mpl: 1.0
2024-11-14 01:26:08,865 - root - INFO - In validate()-> Val Ep. #10 loss: 0.898, accuracy: 65.60, sparsity: 0.301, task1 ratio: 0.699, zero ratio: 0.301, mpl: 1.0
2024-11-14 01:26:09,206 - root - INFO - In train()-> Train Ep. #11 loss: 0.611, accuracy: 77.44, lr: 0.001, sparsity: 0.301, network_width_mpl: 1.0
2024-11-14 01:26:09,323 - root - INFO - In validate()-> Val Ep. #11 loss: 0.880, accuracy: 66.60, sparsity: 0.301, task1 ratio: 0.699, zero ratio: 0.301, mpl: 1.0
2024-11-14 01:26:09,637 - root - INFO - In train()-> Train Ep. #12 loss: 0.609, accuracy: 77.28, lr: 0.001, sparsity: 0.301, network_width_mpl: 1.0
2024-11-14 01:26:09,762 - root - INFO - In validate()-> Val Ep. #12 loss: 0.897, accuracy: 66.00, sparsity: 0.301, task1 ratio: 0.699, zero ratio: 0.301, mpl: 1.0
2024-11-14 01:26:10,090 - root - INFO - In train()-> Train Ep. #13 loss: 0.602, accuracy: 77.96, lr: 0.001, sparsity: 0.301, network_width_mpl: 1.0
2024-11-14 01:26:10,212 - root - INFO - In validate()-> Val Ep. #13 loss: 0.905, accuracy: 67.60, sparsity: 0.301, task1 ratio: 0.699, zero ratio: 0.301, mpl: 1.0
2024-11-14 01:26:10,568 - root - INFO - In train()-> Train Ep. #14 loss: 0.585, accuracy: 79.32, lr: 0.001, sparsity: 0.301, network_width_mpl: 1.0
2024-11-14 01:26:10,679 - root - INFO - In validate()-> Val Ep. #14 loss: 0.910, accuracy: 64.60, sparsity: 0.301, task1 ratio: 0.699, zero ratio: 0.301, mpl: 1.0
2024-11-14 01:26:11,017 - root - INFO - In train()-> Train Ep. #15 loss: 0.584, accuracy: 79.12, lr: 0.001, sparsity: 0.301, network_width_mpl: 1.0
2024-11-14 01:26:11,128 - root - INFO - In validate()-> Val Ep. #15 loss: 0.907, accuracy: 65.80, sparsity: 0.301, task1 ratio: 0.699, zero ratio: 0.301, mpl: 1.0
2024-11-14 01:26:11,434 - root - INFO - In train()-> Train Ep. #16 loss: 0.580, accuracy: 78.84, lr: 0.001, sparsity: 0.301, network_width_mpl: 1.0
2024-11-14 01:26:11,544 - root - INFO - In validate()-> Val Ep. #16 loss: 0.922, accuracy: 66.40, sparsity: 0.301, task1 ratio: 0.699, zero ratio: 0.301, mpl: 1.0
2024-11-14 01:26:11,844 - root - INFO - In train()-> Train Ep. #17 loss: 0.576, accuracy: 79.64, lr: 0.001, sparsity: 0.301, network_width_mpl: 1.0
2024-11-14 01:26:11,955 - root - INFO - In validate()-> Val Ep. #17 loss: 0.926, accuracy: 65.40, sparsity: 0.301, task1 ratio: 0.699, zero ratio: 0.301, mpl: 1.0
2024-11-14 01:26:12,281 - root - INFO - In train()-> Train Ep. #18 loss: 0.598, accuracy: 77.60, lr: 0.001, sparsity: 0.301, network_width_mpl: 1.0
2024-11-14 01:26:12,395 - root - INFO - In validate()-> Val Ep. #18 loss: 0.909, accuracy: 66.00, sparsity: 0.301, task1 ratio: 0.699, zero ratio: 0.301, mpl: 1.0
2024-11-14 01:26:12,714 - root - INFO - In train()-> Train Ep. #19 loss: 0.584, accuracy: 79.00, lr: 0.001, sparsity: 0.301, network_width_mpl: 1.0
2024-11-14 01:26:12,845 - root - INFO - In validate()-> Val Ep. #19 loss: 0.903, accuracy: 66.80, sparsity: 0.301, task1 ratio: 0.699, zero ratio: 0.301, mpl: 1.0
2024-11-14 01:26:13,170 - root - INFO - In train()-> Train Ep. #20 loss: 0.602, accuracy: 77.32, lr: 0.001, sparsity: 0.301, network_width_mpl: 1.0
2024-11-14 01:26:13,289 - root - INFO - In validate()-> Val Ep. #20 loss: 0.904, accuracy: 66.60, sparsity: 0.301, task1 ratio: 0.699, zero ratio: 0.301, mpl: 1.0
2024-11-14 01:26:13,291 - root - INFO - ----------------
2024-11-14 01:26:15,634 - root - INFO - 
2024-11-14 01:26:15,634 - root - INFO - Before pruning: 
2024-11-14 01:26:15,634 - root - INFO - Sparsity range: 0.3 -> 0.4
2024-11-14 01:26:15,914 - root - INFO - In validate()-> Val Ep. #0 loss: 0.904, accuracy: 66.60, sparsity: 0.301, task1 ratio: 0.699, zero ratio: 0.301, mpl: 1.0
2024-11-14 01:26:15,914 - root - INFO - 
2024-11-14 01:26:16,308 - root - INFO - In train()-> Train Ep. #1 loss: 0.563, accuracy: 79.52, lr: 0.001, sparsity: 0.353, network_width_mpl: 1.0
2024-11-14 01:26:16,419 - root - INFO - In validate()-> Val Ep. #1 loss: 0.961, accuracy: 65.40, sparsity: 0.353, task1 ratio: 0.647, zero ratio: 0.353, mpl: 1.0
2024-11-14 01:26:16,739 - root - INFO - In train()-> Train Ep. #2 loss: 0.585, accuracy: 78.60, lr: 0.001, sparsity: 0.386, network_width_mpl: 1.0
2024-11-14 01:26:16,856 - root - INFO - In validate()-> Val Ep. #2 loss: 0.933, accuracy: 66.20, sparsity: 0.386, task1 ratio: 0.614, zero ratio: 0.386, mpl: 1.0
2024-11-14 01:26:17,192 - root - INFO - In train()-> Train Ep. #3 loss: 0.567, accuracy: 78.32, lr: 0.001, sparsity: 0.398, network_width_mpl: 1.0
2024-11-14 01:26:17,320 - root - INFO - In validate()-> Val Ep. #3 loss: 0.942, accuracy: 66.60, sparsity: 0.398, task1 ratio: 0.602, zero ratio: 0.398, mpl: 1.0
2024-11-14 01:26:17,675 - root - INFO - In train()-> Train Ep. #4 loss: 0.567, accuracy: 78.88, lr: 0.001, sparsity: 0.401, network_width_mpl: 1.0
2024-11-14 01:26:17,784 - root - INFO - In validate()-> Val Ep. #4 loss: 0.938, accuracy: 65.60, sparsity: 0.401, task1 ratio: 0.599, zero ratio: 0.401, mpl: 1.0
2024-11-14 01:26:18,086 - root - INFO - In train()-> Train Ep. #5 loss: 0.563, accuracy: 79.48, lr: 0.001, sparsity: 0.401, network_width_mpl: 1.0
2024-11-14 01:26:18,205 - root - INFO - In validate()-> Val Ep. #5 loss: 0.929, accuracy: 65.80, sparsity: 0.401, task1 ratio: 0.599, zero ratio: 0.401, mpl: 1.0
2024-11-14 01:26:18,527 - root - INFO - In train()-> Train Ep. #6 loss: 0.573, accuracy: 78.72, lr: 0.001, sparsity: 0.401, network_width_mpl: 1.0
2024-11-14 01:26:18,639 - root - INFO - In validate()-> Val Ep. #6 loss: 0.940, accuracy: 66.00, sparsity: 0.401, task1 ratio: 0.599, zero ratio: 0.401, mpl: 1.0
2024-11-14 01:26:18,944 - root - INFO - In train()-> Train Ep. #7 loss: 0.565, accuracy: 78.88, lr: 0.001, sparsity: 0.401, network_width_mpl: 1.0
2024-11-14 01:26:19,058 - root - INFO - In validate()-> Val Ep. #7 loss: 0.930, accuracy: 66.00, sparsity: 0.401, task1 ratio: 0.599, zero ratio: 0.401, mpl: 1.0
2024-11-14 01:26:19,349 - root - INFO - In train()-> Train Ep. #8 loss: 0.561, accuracy: 79.00, lr: 0.001, sparsity: 0.401, network_width_mpl: 1.0
2024-11-14 01:26:19,467 - root - INFO - In validate()-> Val Ep. #8 loss: 0.928, accuracy: 67.20, sparsity: 0.401, task1 ratio: 0.599, zero ratio: 0.401, mpl: 1.0
2024-11-14 01:26:19,785 - root - INFO - In train()-> Train Ep. #9 loss: 0.565, accuracy: 79.72, lr: 0.001, sparsity: 0.401, network_width_mpl: 1.0
2024-11-14 01:26:19,902 - root - INFO - In validate()-> Val Ep. #9 loss: 0.940, accuracy: 66.00, sparsity: 0.401, task1 ratio: 0.599, zero ratio: 0.401, mpl: 1.0
2024-11-14 01:26:20,254 - root - INFO - In train()-> Train Ep. #10 loss: 0.567, accuracy: 78.96, lr: 0.001, sparsity: 0.401, network_width_mpl: 1.0
2024-11-14 01:26:20,372 - root - INFO - In validate()-> Val Ep. #10 loss: 0.919, accuracy: 66.40, sparsity: 0.401, task1 ratio: 0.599, zero ratio: 0.401, mpl: 1.0
2024-11-14 01:26:20,730 - root - INFO - In train()-> Train Ep. #11 loss: 0.572, accuracy: 79.28, lr: 0.001, sparsity: 0.401, network_width_mpl: 1.0
2024-11-14 01:26:20,843 - root - INFO - In validate()-> Val Ep. #11 loss: 0.906, accuracy: 67.00, sparsity: 0.401, task1 ratio: 0.599, zero ratio: 0.401, mpl: 1.0
2024-11-14 01:26:21,180 - root - INFO - In train()-> Train Ep. #12 loss: 0.572, accuracy: 78.56, lr: 0.001, sparsity: 0.401, network_width_mpl: 1.0
2024-11-14 01:26:21,297 - root - INFO - In validate()-> Val Ep. #12 loss: 0.926, accuracy: 67.80, sparsity: 0.401, task1 ratio: 0.599, zero ratio: 0.401, mpl: 1.0
2024-11-14 01:26:21,613 - root - INFO - In train()-> Train Ep. #13 loss: 0.561, accuracy: 79.28, lr: 0.001, sparsity: 0.401, network_width_mpl: 1.0
2024-11-14 01:26:21,735 - root - INFO - In validate()-> Val Ep. #13 loss: 0.928, accuracy: 68.20, sparsity: 0.401, task1 ratio: 0.599, zero ratio: 0.401, mpl: 1.0
2024-11-14 01:26:22,067 - root - INFO - In train()-> Train Ep. #14 loss: 0.546, accuracy: 80.20, lr: 0.001, sparsity: 0.401, network_width_mpl: 1.0
2024-11-14 01:26:22,178 - root - INFO - In validate()-> Val Ep. #14 loss: 0.940, accuracy: 65.40, sparsity: 0.401, task1 ratio: 0.599, zero ratio: 0.401, mpl: 1.0
2024-11-14 01:26:22,493 - root - INFO - In train()-> Train Ep. #15 loss: 0.543, accuracy: 80.60, lr: 0.001, sparsity: 0.401, network_width_mpl: 1.0
2024-11-14 01:26:22,606 - root - INFO - In validate()-> Val Ep. #15 loss: 0.937, accuracy: 65.80, sparsity: 0.401, task1 ratio: 0.599, zero ratio: 0.401, mpl: 1.0
2024-11-14 01:26:22,928 - root - INFO - In train()-> Train Ep. #16 loss: 0.541, accuracy: 80.28, lr: 0.001, sparsity: 0.401, network_width_mpl: 1.0
2024-11-14 01:26:23,049 - root - INFO - In validate()-> Val Ep. #16 loss: 0.952, accuracy: 66.00, sparsity: 0.401, task1 ratio: 0.599, zero ratio: 0.401, mpl: 1.0
2024-11-14 01:26:23,371 - root - INFO - In train()-> Train Ep. #17 loss: 0.540, accuracy: 81.40, lr: 0.001, sparsity: 0.401, network_width_mpl: 1.0
2024-11-14 01:26:23,491 - root - INFO - In validate()-> Val Ep. #17 loss: 0.959, accuracy: 65.00, sparsity: 0.401, task1 ratio: 0.599, zero ratio: 0.401, mpl: 1.0
2024-11-14 01:26:23,807 - root - INFO - In train()-> Train Ep. #18 loss: 0.558, accuracy: 79.48, lr: 0.001, sparsity: 0.401, network_width_mpl: 1.0
2024-11-14 01:26:23,926 - root - INFO - In validate()-> Val Ep. #18 loss: 0.932, accuracy: 65.80, sparsity: 0.401, task1 ratio: 0.599, zero ratio: 0.401, mpl: 1.0
2024-11-14 01:26:24,260 - root - INFO - In train()-> Train Ep. #19 loss: 0.541, accuracy: 80.76, lr: 0.001, sparsity: 0.401, network_width_mpl: 1.0
2024-11-14 01:26:24,404 - root - INFO - In validate()-> Val Ep. #19 loss: 0.933, accuracy: 66.40, sparsity: 0.401, task1 ratio: 0.599, zero ratio: 0.401, mpl: 1.0
2024-11-14 01:26:24,726 - root - INFO - In train()-> Train Ep. #20 loss: 0.565, accuracy: 78.64, lr: 0.001, sparsity: 0.401, network_width_mpl: 1.0
2024-11-14 01:26:24,856 - root - INFO - In validate()-> Val Ep. #20 loss: 0.930, accuracy: 66.40, sparsity: 0.401, task1 ratio: 0.599, zero ratio: 0.401, mpl: 1.0
2024-11-14 01:26:24,858 - root - INFO - ----------------
2024-11-14 01:26:27,492 - root - INFO - 
2024-11-14 01:26:27,492 - root - INFO - Before pruning: 
2024-11-14 01:26:27,492 - root - INFO - Sparsity range: 0.4 -> 0.5
2024-11-14 01:26:27,770 - root - INFO - In validate()-> Val Ep. #0 loss: 0.930, accuracy: 66.40, sparsity: 0.401, task1 ratio: 0.599, zero ratio: 0.401, mpl: 1.0
2024-11-14 01:26:27,770 - root - INFO - 
2024-11-14 01:26:28,200 - root - INFO - In train()-> Train Ep. #1 loss: 0.527, accuracy: 80.92, lr: 0.001, sparsity: 0.453, network_width_mpl: 1.0
2024-11-14 01:26:28,316 - root - INFO - In validate()-> Val Ep. #1 loss: 1.052, accuracy: 62.00, sparsity: 0.453, task1 ratio: 0.547, zero ratio: 0.453, mpl: 1.0
2024-11-14 01:26:28,653 - root - INFO - In train()-> Train Ep. #2 loss: 0.568, accuracy: 78.68, lr: 0.001, sparsity: 0.486, network_width_mpl: 1.0
2024-11-14 01:26:28,759 - root - INFO - In validate()-> Val Ep. #2 loss: 1.041, accuracy: 63.20, sparsity: 0.486, task1 ratio: 0.514, zero ratio: 0.486, mpl: 1.0
2024-11-14 01:26:29,072 - root - INFO - In train()-> Train Ep. #3 loss: 0.541, accuracy: 79.52, lr: 0.001, sparsity: 0.498, network_width_mpl: 1.0
2024-11-14 01:26:29,185 - root - INFO - In validate()-> Val Ep. #3 loss: 0.944, accuracy: 65.60, sparsity: 0.498, task1 ratio: 0.502, zero ratio: 0.498, mpl: 1.0
2024-11-14 01:26:29,502 - root - INFO - In train()-> Train Ep. #4 loss: 0.542, accuracy: 79.92, lr: 0.001, sparsity: 0.500, network_width_mpl: 1.0
2024-11-14 01:26:29,620 - root - INFO - In validate()-> Val Ep. #4 loss: 0.963, accuracy: 65.80, sparsity: 0.500, task1 ratio: 0.500, zero ratio: 0.500, mpl: 1.0
2024-11-14 01:26:29,968 - root - INFO - In train()-> Train Ep. #5 loss: 0.541, accuracy: 79.84, lr: 0.001, sparsity: 0.500, network_width_mpl: 1.0
2024-11-14 01:26:30,081 - root - INFO - In validate()-> Val Ep. #5 loss: 0.936, accuracy: 66.40, sparsity: 0.500, task1 ratio: 0.500, zero ratio: 0.500, mpl: 1.0
2024-11-14 01:26:30,384 - root - INFO - In train()-> Train Ep. #6 loss: 0.546, accuracy: 80.52, lr: 0.001, sparsity: 0.500, network_width_mpl: 1.0
2024-11-14 01:26:30,491 - root - INFO - In validate()-> Val Ep. #6 loss: 0.957, accuracy: 66.00, sparsity: 0.500, task1 ratio: 0.500, zero ratio: 0.500, mpl: 1.0
2024-11-14 01:26:30,821 - root - INFO - In train()-> Train Ep. #7 loss: 0.536, accuracy: 80.20, lr: 0.001, sparsity: 0.500, network_width_mpl: 1.0
2024-11-14 01:26:30,930 - root - INFO - In validate()-> Val Ep. #7 loss: 0.945, accuracy: 67.80, sparsity: 0.500, task1 ratio: 0.500, zero ratio: 0.500, mpl: 1.0
2024-11-14 01:26:31,274 - root - INFO - In train()-> Train Ep. #8 loss: 0.530, accuracy: 81.08, lr: 0.001, sparsity: 0.500, network_width_mpl: 1.0
2024-11-14 01:26:31,394 - root - INFO - In validate()-> Val Ep. #8 loss: 0.947, accuracy: 66.40, sparsity: 0.500, task1 ratio: 0.500, zero ratio: 0.500, mpl: 1.0
2024-11-14 01:26:31,710 - root - INFO - In train()-> Train Ep. #9 loss: 0.536, accuracy: 80.60, lr: 0.001, sparsity: 0.500, network_width_mpl: 1.0
2024-11-14 01:26:31,822 - root - INFO - In validate()-> Val Ep. #9 loss: 0.950, accuracy: 65.80, sparsity: 0.500, task1 ratio: 0.500, zero ratio: 0.500, mpl: 1.0
2024-11-14 01:26:32,157 - root - INFO - In train()-> Train Ep. #10 loss: 0.534, accuracy: 79.84, lr: 0.001, sparsity: 0.500, network_width_mpl: 1.0
2024-11-14 01:26:32,279 - root - INFO - In validate()-> Val Ep. #10 loss: 0.940, accuracy: 67.80, sparsity: 0.500, task1 ratio: 0.500, zero ratio: 0.500, mpl: 1.0
2024-11-14 01:26:32,576 - root - INFO - In train()-> Train Ep. #11 loss: 0.539, accuracy: 81.04, lr: 0.001, sparsity: 0.500, network_width_mpl: 1.0
2024-11-14 01:26:32,685 - root - INFO - In validate()-> Val Ep. #11 loss: 0.925, accuracy: 67.40, sparsity: 0.500, task1 ratio: 0.500, zero ratio: 0.500, mpl: 1.0
2024-11-14 01:26:33,028 - root - INFO - In train()-> Train Ep. #12 loss: 0.534, accuracy: 80.24, lr: 0.001, sparsity: 0.500, network_width_mpl: 1.0
2024-11-14 01:26:33,135 - root - INFO - In validate()-> Val Ep. #12 loss: 0.950, accuracy: 67.20, sparsity: 0.500, task1 ratio: 0.500, zero ratio: 0.500, mpl: 1.0
2024-11-14 01:26:33,432 - root - INFO - In train()-> Train Ep. #13 loss: 0.529, accuracy: 80.76, lr: 0.001, sparsity: 0.500, network_width_mpl: 1.0
2024-11-14 01:26:33,549 - root - INFO - In validate()-> Val Ep. #13 loss: 0.943, accuracy: 67.00, sparsity: 0.500, task1 ratio: 0.500, zero ratio: 0.500, mpl: 1.0
2024-11-14 01:26:33,851 - root - INFO - In train()-> Train Ep. #14 loss: 0.511, accuracy: 81.40, lr: 0.001, sparsity: 0.500, network_width_mpl: 1.0
2024-11-14 01:26:33,969 - root - INFO - In validate()-> Val Ep. #14 loss: 0.959, accuracy: 65.00, sparsity: 0.500, task1 ratio: 0.500, zero ratio: 0.500, mpl: 1.0
2024-11-14 01:26:34,272 - root - INFO - In train()-> Train Ep. #15 loss: 0.506, accuracy: 81.64, lr: 0.001, sparsity: 0.500, network_width_mpl: 1.0
2024-11-14 01:26:34,384 - root - INFO - In validate()-> Val Ep. #15 loss: 0.963, accuracy: 65.40, sparsity: 0.500, task1 ratio: 0.500, zero ratio: 0.500, mpl: 1.0
2024-11-14 01:26:34,706 - root - INFO - In train()-> Train Ep. #16 loss: 0.509, accuracy: 81.16, lr: 0.001, sparsity: 0.500, network_width_mpl: 1.0
2024-11-14 01:26:34,822 - root - INFO - In validate()-> Val Ep. #16 loss: 0.968, accuracy: 66.80, sparsity: 0.500, task1 ratio: 0.500, zero ratio: 0.500, mpl: 1.0
2024-11-14 01:26:35,107 - root - INFO - In train()-> Train Ep. #17 loss: 0.507, accuracy: 82.48, lr: 0.001, sparsity: 0.500, network_width_mpl: 1.0
2024-11-14 01:26:35,215 - root - INFO - In validate()-> Val Ep. #17 loss: 0.982, accuracy: 65.40, sparsity: 0.500, task1 ratio: 0.500, zero ratio: 0.500, mpl: 1.0
2024-11-14 01:26:35,539 - root - INFO - In train()-> Train Ep. #18 loss: 0.528, accuracy: 80.52, lr: 0.001, sparsity: 0.500, network_width_mpl: 1.0
2024-11-14 01:26:35,654 - root - INFO - In validate()-> Val Ep. #18 loss: 0.950, accuracy: 67.20, sparsity: 0.500, task1 ratio: 0.500, zero ratio: 0.500, mpl: 1.0
2024-11-14 01:26:35,986 - root - INFO - In train()-> Train Ep. #19 loss: 0.507, accuracy: 81.96, lr: 0.001, sparsity: 0.500, network_width_mpl: 1.0
2024-11-14 01:26:36,096 - root - INFO - In validate()-> Val Ep. #19 loss: 0.958, accuracy: 66.60, sparsity: 0.500, task1 ratio: 0.500, zero ratio: 0.500, mpl: 1.0
2024-11-14 01:26:36,417 - root - INFO - In train()-> Train Ep. #20 loss: 0.533, accuracy: 80.52, lr: 0.001, sparsity: 0.500, network_width_mpl: 1.0
2024-11-14 01:26:36,526 - root - INFO - In validate()-> Val Ep. #20 loss: 0.959, accuracy: 66.40, sparsity: 0.500, task1 ratio: 0.500, zero ratio: 0.500, mpl: 1.0
2024-11-14 01:26:36,528 - root - INFO - ----------------
2024-11-14 01:26:38,873 - root - INFO - 
2024-11-14 01:26:38,873 - root - INFO - Before pruning: 
2024-11-14 01:26:38,874 - root - INFO - Sparsity range: 0.5 -> 0.6
2024-11-14 01:26:39,152 - root - INFO - In validate()-> Val Ep. #0 loss: 0.959, accuracy: 66.40, sparsity: 0.500, task1 ratio: 0.500, zero ratio: 0.500, mpl: 1.0
2024-11-14 01:26:39,152 - root - INFO - 
2024-11-14 01:26:39,517 - root - INFO - In train()-> Train Ep. #1 loss: 0.494, accuracy: 81.84, lr: 0.001, sparsity: 0.553, network_width_mpl: 1.0
2024-11-14 01:26:39,631 - root - INFO - In validate()-> Val Ep. #1 loss: 1.239, accuracy: 59.80, sparsity: 0.553, task1 ratio: 0.447, zero ratio: 0.553, mpl: 1.0
2024-11-14 01:26:39,940 - root - INFO - In train()-> Train Ep. #2 loss: 0.558, accuracy: 79.32, lr: 0.001, sparsity: 0.586, network_width_mpl: 1.0
2024-11-14 01:26:40,064 - root - INFO - In validate()-> Val Ep. #2 loss: 1.089, accuracy: 62.20, sparsity: 0.586, task1 ratio: 0.414, zero ratio: 0.586, mpl: 1.0
2024-11-14 01:26:40,384 - root - INFO - In train()-> Train Ep. #3 loss: 0.552, accuracy: 79.08, lr: 0.001, sparsity: 0.598, network_width_mpl: 1.0
2024-11-14 01:26:40,495 - root - INFO - In validate()-> Val Ep. #3 loss: 1.063, accuracy: 61.00, sparsity: 0.598, task1 ratio: 0.402, zero ratio: 0.598, mpl: 1.0
2024-11-14 01:26:40,832 - root - INFO - In train()-> Train Ep. #4 loss: 0.528, accuracy: 80.72, lr: 0.001, sparsity: 0.601, network_width_mpl: 1.0
2024-11-14 01:26:40,937 - root - INFO - In validate()-> Val Ep. #4 loss: 1.012, accuracy: 63.40, sparsity: 0.601, task1 ratio: 0.399, zero ratio: 0.601, mpl: 1.0
2024-11-14 01:26:41,273 - root - INFO - In train()-> Train Ep. #5 loss: 0.520, accuracy: 80.92, lr: 0.001, sparsity: 0.601, network_width_mpl: 1.0
2024-11-14 01:26:41,403 - root - INFO - In validate()-> Val Ep. #5 loss: 0.993, accuracy: 65.20, sparsity: 0.601, task1 ratio: 0.399, zero ratio: 0.601, mpl: 1.0
2024-11-14 01:26:41,717 - root - INFO - In train()-> Train Ep. #6 loss: 0.532, accuracy: 80.48, lr: 0.001, sparsity: 0.601, network_width_mpl: 1.0
2024-11-14 01:26:41,827 - root - INFO - In validate()-> Val Ep. #6 loss: 1.019, accuracy: 65.60, sparsity: 0.601, task1 ratio: 0.399, zero ratio: 0.601, mpl: 1.0
2024-11-14 01:26:42,153 - root - INFO - In train()-> Train Ep. #7 loss: 0.526, accuracy: 81.08, lr: 0.001, sparsity: 0.601, network_width_mpl: 1.0
2024-11-14 01:26:42,264 - root - INFO - In validate()-> Val Ep. #7 loss: 1.000, accuracy: 66.80, sparsity: 0.601, task1 ratio: 0.399, zero ratio: 0.601, mpl: 1.0
2024-11-14 01:26:42,585 - root - INFO - In train()-> Train Ep. #8 loss: 0.514, accuracy: 81.68, lr: 0.001, sparsity: 0.601, network_width_mpl: 1.0
2024-11-14 01:26:42,700 - root - INFO - In validate()-> Val Ep. #8 loss: 0.997, accuracy: 65.20, sparsity: 0.601, task1 ratio: 0.399, zero ratio: 0.601, mpl: 1.0
2024-11-14 01:26:42,989 - root - INFO - In train()-> Train Ep. #9 loss: 0.514, accuracy: 81.80, lr: 0.001, sparsity: 0.601, network_width_mpl: 1.0
2024-11-14 01:26:43,109 - root - INFO - In validate()-> Val Ep. #9 loss: 0.991, accuracy: 66.00, sparsity: 0.601, task1 ratio: 0.399, zero ratio: 0.601, mpl: 1.0
2024-11-14 01:26:43,482 - root - INFO - In train()-> Train Ep. #10 loss: 0.525, accuracy: 80.40, lr: 0.001, sparsity: 0.601, network_width_mpl: 1.0
2024-11-14 01:26:43,594 - root - INFO - In validate()-> Val Ep. #10 loss: 0.989, accuracy: 66.80, sparsity: 0.601, task1 ratio: 0.399, zero ratio: 0.601, mpl: 1.0
2024-11-14 01:26:43,931 - root - INFO - In train()-> Train Ep. #11 loss: 0.523, accuracy: 81.40, lr: 0.001, sparsity: 0.601, network_width_mpl: 1.0
2024-11-14 01:26:44,041 - root - INFO - In validate()-> Val Ep. #11 loss: 0.958, accuracy: 67.40, sparsity: 0.601, task1 ratio: 0.399, zero ratio: 0.601, mpl: 1.0
2024-11-14 01:26:44,347 - root - INFO - In train()-> Train Ep. #12 loss: 0.515, accuracy: 80.96, lr: 0.001, sparsity: 0.601, network_width_mpl: 1.0
2024-11-14 01:26:44,456 - root - INFO - In validate()-> Val Ep. #12 loss: 0.992, accuracy: 67.80, sparsity: 0.601, task1 ratio: 0.399, zero ratio: 0.601, mpl: 1.0
2024-11-14 01:26:44,776 - root - INFO - In train()-> Train Ep. #13 loss: 0.513, accuracy: 81.64, lr: 0.001, sparsity: 0.601, network_width_mpl: 1.0
2024-11-14 01:26:44,892 - root - INFO - In validate()-> Val Ep. #13 loss: 0.980, accuracy: 67.60, sparsity: 0.601, task1 ratio: 0.399, zero ratio: 0.601, mpl: 1.0
2024-11-14 01:26:45,201 - root - INFO - In train()-> Train Ep. #14 loss: 0.494, accuracy: 82.12, lr: 0.001, sparsity: 0.601, network_width_mpl: 1.0
2024-11-14 01:26:45,329 - root - INFO - In validate()-> Val Ep. #14 loss: 0.997, accuracy: 67.00, sparsity: 0.601, task1 ratio: 0.399, zero ratio: 0.601, mpl: 1.0
2024-11-14 01:26:45,653 - root - INFO - In train()-> Train Ep. #15 loss: 0.490, accuracy: 82.64, lr: 0.001, sparsity: 0.601, network_width_mpl: 1.0
2024-11-14 01:26:45,763 - root - INFO - In validate()-> Val Ep. #15 loss: 0.997, accuracy: 65.60, sparsity: 0.601, task1 ratio: 0.399, zero ratio: 0.601, mpl: 1.0
2024-11-14 01:26:46,051 - root - INFO - In train()-> Train Ep. #16 loss: 0.488, accuracy: 82.68, lr: 0.001, sparsity: 0.601, network_width_mpl: 1.0
2024-11-14 01:26:46,171 - root - INFO - In validate()-> Val Ep. #16 loss: 1.004, accuracy: 65.20, sparsity: 0.601, task1 ratio: 0.399, zero ratio: 0.601, mpl: 1.0
2024-11-14 01:26:46,490 - root - INFO - In train()-> Train Ep. #17 loss: 0.488, accuracy: 82.28, lr: 0.001, sparsity: 0.601, network_width_mpl: 1.0
2024-11-14 01:26:46,613 - root - INFO - In validate()-> Val Ep. #17 loss: 1.014, accuracy: 64.80, sparsity: 0.601, task1 ratio: 0.399, zero ratio: 0.601, mpl: 1.0
2024-11-14 01:26:46,963 - root - INFO - In train()-> Train Ep. #18 loss: 0.509, accuracy: 81.60, lr: 0.001, sparsity: 0.601, network_width_mpl: 1.0
2024-11-14 01:26:47,079 - root - INFO - In validate()-> Val Ep. #18 loss: 0.981, accuracy: 66.00, sparsity: 0.601, task1 ratio: 0.399, zero ratio: 0.601, mpl: 1.0
2024-11-14 01:26:47,388 - root - INFO - In train()-> Train Ep. #19 loss: 0.482, accuracy: 82.84, lr: 0.001, sparsity: 0.601, network_width_mpl: 1.0
2024-11-14 01:26:47,504 - root - INFO - In validate()-> Val Ep. #19 loss: 0.991, accuracy: 65.80, sparsity: 0.601, task1 ratio: 0.399, zero ratio: 0.601, mpl: 1.0
2024-11-14 01:26:47,814 - root - INFO - In train()-> Train Ep. #20 loss: 0.506, accuracy: 81.72, lr: 0.001, sparsity: 0.601, network_width_mpl: 1.0
2024-11-14 01:26:47,934 - root - INFO - In validate()-> Val Ep. #20 loss: 0.987, accuracy: 65.40, sparsity: 0.601, task1 ratio: 0.399, zero ratio: 0.601, mpl: 1.0
2024-11-14 01:26:47,936 - root - INFO - ----------------
2024-11-14 01:26:50,305 - root - INFO - 
2024-11-14 01:26:50,305 - root - INFO - Before pruning: 
2024-11-14 01:26:50,305 - root - INFO - Sparsity range: 0.6 -> 0.7
2024-11-14 01:26:50,580 - root - INFO - In validate()-> Val Ep. #0 loss: 0.987, accuracy: 65.40, sparsity: 0.601, task1 ratio: 0.399, zero ratio: 0.601, mpl: 1.0
2024-11-14 01:26:50,580 - root - INFO - 
2024-11-14 01:26:51,022 - root - INFO - In train()-> Train Ep. #1 loss: 0.481, accuracy: 82.56, lr: 0.001, sparsity: 0.653, network_width_mpl: 1.0
2024-11-14 01:26:51,133 - root - INFO - In validate()-> Val Ep. #1 loss: 1.485, accuracy: 53.80, sparsity: 0.653, task1 ratio: 0.347, zero ratio: 0.653, mpl: 1.0
2024-11-14 01:26:51,441 - root - INFO - In train()-> Train Ep. #2 loss: 0.583, accuracy: 78.04, lr: 0.001, sparsity: 0.685, network_width_mpl: 1.0
2024-11-14 01:26:51,560 - root - INFO - In validate()-> Val Ep. #2 loss: 1.189, accuracy: 60.60, sparsity: 0.685, task1 ratio: 0.315, zero ratio: 0.685, mpl: 1.0
2024-11-14 01:26:51,903 - root - INFO - In train()-> Train Ep. #3 loss: 0.596, accuracy: 78.12, lr: 0.001, sparsity: 0.698, network_width_mpl: 1.0
2024-11-14 01:26:52,008 - root - INFO - In validate()-> Val Ep. #3 loss: 1.030, accuracy: 63.40, sparsity: 0.698, task1 ratio: 0.302, zero ratio: 0.698, mpl: 1.0
2024-11-14 01:26:52,312 - root - INFO - In train()-> Train Ep. #4 loss: 0.554, accuracy: 80.00, lr: 0.001, sparsity: 0.701, network_width_mpl: 1.0
2024-11-14 01:26:52,438 - root - INFO - In validate()-> Val Ep. #4 loss: 0.972, accuracy: 66.00, sparsity: 0.701, task1 ratio: 0.299, zero ratio: 0.701, mpl: 1.0
2024-11-14 01:26:52,741 - root - INFO - In train()-> Train Ep. #5 loss: 0.540, accuracy: 80.12, lr: 0.001, sparsity: 0.701, network_width_mpl: 1.0
2024-11-14 01:26:52,851 - root - INFO - In validate()-> Val Ep. #5 loss: 0.970, accuracy: 65.40, sparsity: 0.701, task1 ratio: 0.299, zero ratio: 0.701, mpl: 1.0
2024-11-14 01:26:53,164 - root - INFO - In train()-> Train Ep. #6 loss: 0.543, accuracy: 80.08, lr: 0.001, sparsity: 0.701, network_width_mpl: 1.0
2024-11-14 01:26:53,278 - root - INFO - In validate()-> Val Ep. #6 loss: 0.983, accuracy: 65.00, sparsity: 0.701, task1 ratio: 0.299, zero ratio: 0.701, mpl: 1.0
2024-11-14 01:26:53,596 - root - INFO - In train()-> Train Ep. #7 loss: 0.534, accuracy: 80.96, lr: 0.001, sparsity: 0.701, network_width_mpl: 1.0
2024-11-14 01:26:53,706 - root - INFO - In validate()-> Val Ep. #7 loss: 0.971, accuracy: 65.60, sparsity: 0.701, task1 ratio: 0.299, zero ratio: 0.701, mpl: 1.0
2024-11-14 01:26:54,052 - root - INFO - In train()-> Train Ep. #8 loss: 0.525, accuracy: 81.12, lr: 0.001, sparsity: 0.701, network_width_mpl: 1.0
2024-11-14 01:26:54,174 - root - INFO - In validate()-> Val Ep. #8 loss: 0.975, accuracy: 66.20, sparsity: 0.701, task1 ratio: 0.299, zero ratio: 0.701, mpl: 1.0
2024-11-14 01:26:54,528 - root - INFO - In train()-> Train Ep. #9 loss: 0.510, accuracy: 80.88, lr: 0.001, sparsity: 0.701, network_width_mpl: 1.0
2024-11-14 01:26:54,646 - root - INFO - In validate()-> Val Ep. #9 loss: 0.972, accuracy: 66.00, sparsity: 0.701, task1 ratio: 0.299, zero ratio: 0.701, mpl: 1.0
2024-11-14 01:26:54,967 - root - INFO - In train()-> Train Ep. #10 loss: 0.519, accuracy: 79.88, lr: 0.001, sparsity: 0.701, network_width_mpl: 1.0
2024-11-14 01:26:55,092 - root - INFO - In validate()-> Val Ep. #10 loss: 0.976, accuracy: 65.60, sparsity: 0.701, task1 ratio: 0.299, zero ratio: 0.701, mpl: 1.0
2024-11-14 01:26:55,424 - root - INFO - In train()-> Train Ep. #11 loss: 0.526, accuracy: 81.28, lr: 0.001, sparsity: 0.701, network_width_mpl: 1.0
2024-11-14 01:26:55,540 - root - INFO - In validate()-> Val Ep. #11 loss: 0.958, accuracy: 66.40, sparsity: 0.701, task1 ratio: 0.299, zero ratio: 0.701, mpl: 1.0
2024-11-14 01:26:55,895 - root - INFO - In train()-> Train Ep. #12 loss: 0.513, accuracy: 81.76, lr: 0.001, sparsity: 0.701, network_width_mpl: 1.0
2024-11-14 01:26:56,007 - root - INFO - In validate()-> Val Ep. #12 loss: 0.976, accuracy: 67.60, sparsity: 0.701, task1 ratio: 0.299, zero ratio: 0.701, mpl: 1.0
2024-11-14 01:26:56,314 - root - INFO - In train()-> Train Ep. #13 loss: 0.522, accuracy: 80.56, lr: 0.001, sparsity: 0.701, network_width_mpl: 1.0
2024-11-14 01:26:56,432 - root - INFO - In validate()-> Val Ep. #13 loss: 0.973, accuracy: 66.60, sparsity: 0.701, task1 ratio: 0.299, zero ratio: 0.701, mpl: 1.0
2024-11-14 01:26:56,719 - root - INFO - In train()-> Train Ep. #14 loss: 0.491, accuracy: 82.60, lr: 0.001, sparsity: 0.701, network_width_mpl: 1.0
2024-11-14 01:26:56,839 - root - INFO - In validate()-> Val Ep. #14 loss: 0.982, accuracy: 66.00, sparsity: 0.701, task1 ratio: 0.299, zero ratio: 0.701, mpl: 1.0
2024-11-14 01:26:57,152 - root - INFO - In train()-> Train Ep. #15 loss: 0.491, accuracy: 82.12, lr: 0.001, sparsity: 0.701, network_width_mpl: 1.0
2024-11-14 01:26:57,280 - root - INFO - In validate()-> Val Ep. #15 loss: 0.995, accuracy: 66.00, sparsity: 0.701, task1 ratio: 0.299, zero ratio: 0.701, mpl: 1.0
2024-11-14 01:26:57,581 - root - INFO - In train()-> Train Ep. #16 loss: 0.497, accuracy: 81.92, lr: 0.001, sparsity: 0.701, network_width_mpl: 1.0
2024-11-14 01:26:57,693 - root - INFO - In validate()-> Val Ep. #16 loss: 0.996, accuracy: 65.60, sparsity: 0.701, task1 ratio: 0.299, zero ratio: 0.701, mpl: 1.0
2024-11-14 01:26:58,029 - root - INFO - In train()-> Train Ep. #17 loss: 0.491, accuracy: 82.52, lr: 0.001, sparsity: 0.701, network_width_mpl: 1.0
2024-11-14 01:26:58,159 - root - INFO - In validate()-> Val Ep. #17 loss: 1.012, accuracy: 63.80, sparsity: 0.701, task1 ratio: 0.299, zero ratio: 0.701, mpl: 1.0
2024-11-14 01:26:58,501 - root - INFO - In train()-> Train Ep. #18 loss: 0.510, accuracy: 81.44, lr: 0.001, sparsity: 0.701, network_width_mpl: 1.0
2024-11-14 01:26:58,614 - root - INFO - In validate()-> Val Ep. #18 loss: 0.998, accuracy: 64.40, sparsity: 0.701, task1 ratio: 0.299, zero ratio: 0.701, mpl: 1.0
2024-11-14 01:26:58,939 - root - INFO - In train()-> Train Ep. #19 loss: 0.491, accuracy: 82.44, lr: 0.001, sparsity: 0.701, network_width_mpl: 1.0
2024-11-14 01:26:59,071 - root - INFO - In validate()-> Val Ep. #19 loss: 1.002, accuracy: 64.80, sparsity: 0.701, task1 ratio: 0.299, zero ratio: 0.701, mpl: 1.0
2024-11-14 01:26:59,379 - root - INFO - In train()-> Train Ep. #20 loss: 0.505, accuracy: 81.72, lr: 0.001, sparsity: 0.701, network_width_mpl: 1.0
2024-11-14 01:26:59,500 - root - INFO - In validate()-> Val Ep. #20 loss: 0.998, accuracy: 65.40, sparsity: 0.701, task1 ratio: 0.299, zero ratio: 0.701, mpl: 1.0
2024-11-14 01:26:59,502 - root - INFO - ----------------
2024-11-14 01:27:01,813 - root - INFO - 
2024-11-14 01:27:01,813 - root - INFO - Before pruning: 
2024-11-14 01:27:01,814 - root - INFO - Sparsity range: 0.7 -> 0.8
2024-11-14 01:27:02,088 - root - INFO - In validate()-> Val Ep. #0 loss: 0.998, accuracy: 65.40, sparsity: 0.701, task1 ratio: 0.299, zero ratio: 0.701, mpl: 1.0
2024-11-14 01:27:02,088 - root - INFO - 
2024-11-14 01:27:02,461 - root - INFO - In train()-> Train Ep. #1 loss: 0.480, accuracy: 83.04, lr: 0.001, sparsity: 0.753, network_width_mpl: 1.0
2024-11-14 01:27:02,576 - root - INFO - In validate()-> Val Ep. #1 loss: 1.249, accuracy: 55.20, sparsity: 0.753, task1 ratio: 0.247, zero ratio: 0.753, mpl: 1.0
2024-11-14 01:27:02,957 - root - INFO - In train()-> Train Ep. #2 loss: 0.688, accuracy: 74.68, lr: 0.001, sparsity: 0.785, network_width_mpl: 1.0
2024-11-14 01:27:03,066 - root - INFO - In validate()-> Val Ep. #2 loss: 1.871, accuracy: 45.00, sparsity: 0.785, task1 ratio: 0.215, zero ratio: 0.785, mpl: 1.0
2024-11-14 01:27:03,405 - root - INFO - In train()-> Train Ep. #3 loss: 0.737, accuracy: 72.00, lr: 0.001, sparsity: 0.798, network_width_mpl: 1.0
2024-11-14 01:27:03,523 - root - INFO - In validate()-> Val Ep. #3 loss: 1.190, accuracy: 55.20, sparsity: 0.798, task1 ratio: 0.202, zero ratio: 0.798, mpl: 1.0
2024-11-14 01:27:03,842 - root - INFO - In train()-> Train Ep. #4 loss: 0.684, accuracy: 74.24, lr: 0.001, sparsity: 0.801, network_width_mpl: 1.0
2024-11-14 01:27:03,964 - root - INFO - In validate()-> Val Ep. #4 loss: 1.007, accuracy: 63.40, sparsity: 0.801, task1 ratio: 0.199, zero ratio: 0.801, mpl: 1.0
2024-11-14 01:27:04,252 - root - INFO - In train()-> Train Ep. #5 loss: 0.639, accuracy: 76.08, lr: 0.001, sparsity: 0.801, network_width_mpl: 1.0
2024-11-14 01:27:04,373 - root - INFO - In validate()-> Val Ep. #5 loss: 0.988, accuracy: 64.40, sparsity: 0.801, task1 ratio: 0.199, zero ratio: 0.801, mpl: 1.0
2024-11-14 01:27:04,695 - root - INFO - In train()-> Train Ep. #6 loss: 0.624, accuracy: 76.80, lr: 0.001, sparsity: 0.801, network_width_mpl: 1.0
2024-11-14 01:27:04,808 - root - INFO - In validate()-> Val Ep. #6 loss: 0.989, accuracy: 63.20, sparsity: 0.801, task1 ratio: 0.199, zero ratio: 0.801, mpl: 1.0
2024-11-14 01:27:05,127 - root - INFO - In train()-> Train Ep. #7 loss: 0.610, accuracy: 77.72, lr: 0.001, sparsity: 0.801, network_width_mpl: 1.0
2024-11-14 01:27:05,240 - root - INFO - In validate()-> Val Ep. #7 loss: 0.987, accuracy: 63.80, sparsity: 0.801, task1 ratio: 0.199, zero ratio: 0.801, mpl: 1.0
2024-11-14 01:27:05,578 - root - INFO - In train()-> Train Ep. #8 loss: 0.605, accuracy: 77.44, lr: 0.001, sparsity: 0.801, network_width_mpl: 1.0
2024-11-14 01:27:05,705 - root - INFO - In validate()-> Val Ep. #8 loss: 0.992, accuracy: 63.20, sparsity: 0.801, task1 ratio: 0.199, zero ratio: 0.801, mpl: 1.0
2024-11-14 01:27:06,025 - root - INFO - In train()-> Train Ep. #9 loss: 0.597, accuracy: 77.20, lr: 0.001, sparsity: 0.801, network_width_mpl: 1.0
2024-11-14 01:27:06,141 - root - INFO - In validate()-> Val Ep. #9 loss: 0.977, accuracy: 63.80, sparsity: 0.801, task1 ratio: 0.199, zero ratio: 0.801, mpl: 1.0
2024-11-14 01:27:06,445 - root - INFO - In train()-> Train Ep. #10 loss: 0.592, accuracy: 77.16, lr: 0.001, sparsity: 0.801, network_width_mpl: 1.0
2024-11-14 01:27:06,558 - root - INFO - In validate()-> Val Ep. #10 loss: 0.976, accuracy: 63.20, sparsity: 0.801, task1 ratio: 0.199, zero ratio: 0.801, mpl: 1.0
2024-11-14 01:27:06,891 - root - INFO - In train()-> Train Ep. #11 loss: 0.595, accuracy: 78.24, lr: 0.001, sparsity: 0.801, network_width_mpl: 1.0
2024-11-14 01:27:07,017 - root - INFO - In validate()-> Val Ep. #11 loss: 0.962, accuracy: 65.00, sparsity: 0.801, task1 ratio: 0.199, zero ratio: 0.801, mpl: 1.0
2024-11-14 01:27:07,321 - root - INFO - In train()-> Train Ep. #12 loss: 0.588, accuracy: 77.96, lr: 0.001, sparsity: 0.801, network_width_mpl: 1.0
2024-11-14 01:27:07,440 - root - INFO - In validate()-> Val Ep. #12 loss: 0.973, accuracy: 65.60, sparsity: 0.801, task1 ratio: 0.199, zero ratio: 0.801, mpl: 1.0
2024-11-14 01:27:07,747 - root - INFO - In train()-> Train Ep. #13 loss: 0.581, accuracy: 78.84, lr: 0.001, sparsity: 0.801, network_width_mpl: 1.0
2024-11-14 01:27:07,862 - root - INFO - In validate()-> Val Ep. #13 loss: 0.974, accuracy: 66.40, sparsity: 0.801, task1 ratio: 0.199, zero ratio: 0.801, mpl: 1.0
2024-11-14 01:27:08,219 - root - INFO - In train()-> Train Ep. #14 loss: 0.555, accuracy: 79.24, lr: 0.001, sparsity: 0.801, network_width_mpl: 1.0
2024-11-14 01:27:08,352 - root - INFO - In validate()-> Val Ep. #14 loss: 0.981, accuracy: 63.40, sparsity: 0.801, task1 ratio: 0.199, zero ratio: 0.801, mpl: 1.0
2024-11-14 01:27:08,673 - root - INFO - In train()-> Train Ep. #15 loss: 0.572, accuracy: 79.40, lr: 0.001, sparsity: 0.801, network_width_mpl: 1.0
2024-11-14 01:27:08,785 - root - INFO - In validate()-> Val Ep. #15 loss: 0.973, accuracy: 66.20, sparsity: 0.801, task1 ratio: 0.199, zero ratio: 0.801, mpl: 1.0
2024-11-14 01:27:09,094 - root - INFO - In train()-> Train Ep. #16 loss: 0.549, accuracy: 79.60, lr: 0.001, sparsity: 0.801, network_width_mpl: 1.0
2024-11-14 01:27:09,219 - root - INFO - In validate()-> Val Ep. #16 loss: 0.973, accuracy: 65.60, sparsity: 0.801, task1 ratio: 0.199, zero ratio: 0.801, mpl: 1.0
2024-11-14 01:27:09,563 - root - INFO - In train()-> Train Ep. #17 loss: 0.545, accuracy: 79.40, lr: 0.001, sparsity: 0.801, network_width_mpl: 1.0
2024-11-14 01:27:09,694 - root - INFO - In validate()-> Val Ep. #17 loss: 0.994, accuracy: 64.00, sparsity: 0.801, task1 ratio: 0.199, zero ratio: 0.801, mpl: 1.0
2024-11-14 01:27:10,030 - root - INFO - In train()-> Train Ep. #18 loss: 0.561, accuracy: 79.60, lr: 0.001, sparsity: 0.801, network_width_mpl: 1.0
2024-11-14 01:27:10,157 - root - INFO - In validate()-> Val Ep. #18 loss: 0.985, accuracy: 65.00, sparsity: 0.801, task1 ratio: 0.199, zero ratio: 0.801, mpl: 1.0
2024-11-14 01:27:10,481 - root - INFO - In train()-> Train Ep. #19 loss: 0.545, accuracy: 80.08, lr: 0.001, sparsity: 0.801, network_width_mpl: 1.0
2024-11-14 01:27:10,593 - root - INFO - In validate()-> Val Ep. #19 loss: 0.985, accuracy: 65.20, sparsity: 0.801, task1 ratio: 0.199, zero ratio: 0.801, mpl: 1.0
2024-11-14 01:27:10,903 - root - INFO - In train()-> Train Ep. #20 loss: 0.554, accuracy: 79.40, lr: 0.001, sparsity: 0.801, network_width_mpl: 1.0
2024-11-14 01:27:11,019 - root - INFO - In validate()-> Val Ep. #20 loss: 0.978, accuracy: 64.60, sparsity: 0.801, task1 ratio: 0.199, zero ratio: 0.801, mpl: 1.0
2024-11-14 01:27:11,021 - root - INFO - ----------------
2024-11-14 01:27:13,378 - root - INFO - 
2024-11-14 01:27:13,378 - root - INFO - Before pruning: 
2024-11-14 01:27:13,378 - root - INFO - Sparsity range: 0.8 -> 0.9
2024-11-14 01:27:13,649 - root - INFO - In validate()-> Val Ep. #0 loss: 0.978, accuracy: 64.60, sparsity: 0.801, task1 ratio: 0.199, zero ratio: 0.801, mpl: 1.0
2024-11-14 01:27:13,649 - root - INFO - 
2024-11-14 01:27:14,036 - root - INFO - In train()-> Train Ep. #1 loss: 0.545, accuracy: 79.08, lr: 0.001, sparsity: 0.853, network_width_mpl: 1.0
2024-11-14 01:27:14,145 - root - INFO - In validate()-> Val Ep. #1 loss: 1.646, accuracy: 40.20, sparsity: 0.853, task1 ratio: 0.147, zero ratio: 0.853, mpl: 1.0
2024-11-14 01:27:14,465 - root - INFO - In train()-> Train Ep. #2 loss: 1.103, accuracy: 59.12, lr: 0.001, sparsity: 0.885, network_width_mpl: 1.0
2024-11-14 01:27:14,586 - root - INFO - In validate()-> Val Ep. #2 loss: 2.298, accuracy: 33.40, sparsity: 0.885, task1 ratio: 0.115, zero ratio: 0.885, mpl: 1.0
2024-11-14 01:27:14,927 - root - INFO - In train()-> Train Ep. #3 loss: 1.113, accuracy: 56.12, lr: 0.001, sparsity: 0.898, network_width_mpl: 1.0
2024-11-14 01:27:15,037 - root - INFO - In validate()-> Val Ep. #3 loss: 1.505, accuracy: 50.20, sparsity: 0.898, task1 ratio: 0.102, zero ratio: 0.898, mpl: 1.0
2024-11-14 01:27:15,367 - root - INFO - In train()-> Train Ep. #4 loss: 1.045, accuracy: 59.48, lr: 0.001, sparsity: 0.901, network_width_mpl: 1.0
2024-11-14 01:27:15,476 - root - INFO - In validate()-> Val Ep. #4 loss: 1.090, accuracy: 57.60, sparsity: 0.901, task1 ratio: 0.099, zero ratio: 0.901, mpl: 1.0
2024-11-14 01:27:15,830 - root - INFO - In train()-> Train Ep. #5 loss: 0.963, accuracy: 61.72, lr: 0.001, sparsity: 0.901, network_width_mpl: 1.0
2024-11-14 01:27:15,941 - root - INFO - In validate()-> Val Ep. #5 loss: 1.042, accuracy: 59.00, sparsity: 0.901, task1 ratio: 0.099, zero ratio: 0.901, mpl: 1.0
2024-11-14 01:27:16,259 - root - INFO - In train()-> Train Ep. #6 loss: 0.930, accuracy: 63.04, lr: 0.001, sparsity: 0.901, network_width_mpl: 1.0
2024-11-14 01:27:16,371 - root - INFO - In validate()-> Val Ep. #6 loss: 1.015, accuracy: 60.80, sparsity: 0.901, task1 ratio: 0.099, zero ratio: 0.901, mpl: 1.0
2024-11-14 01:27:16,717 - root - INFO - In train()-> Train Ep. #7 loss: 0.901, accuracy: 65.84, lr: 0.001, sparsity: 0.901, network_width_mpl: 1.0
2024-11-14 01:27:16,829 - root - INFO - In validate()-> Val Ep. #7 loss: 1.014, accuracy: 59.80, sparsity: 0.901, task1 ratio: 0.099, zero ratio: 0.901, mpl: 1.0
2024-11-14 01:27:17,148 - root - INFO - In train()-> Train Ep. #8 loss: 0.910, accuracy: 64.56, lr: 0.001, sparsity: 0.901, network_width_mpl: 1.0
2024-11-14 01:27:17,262 - root - INFO - In validate()-> Val Ep. #8 loss: 1.003, accuracy: 60.40, sparsity: 0.901, task1 ratio: 0.099, zero ratio: 0.901, mpl: 1.0
2024-11-14 01:27:17,569 - root - INFO - In train()-> Train Ep. #9 loss: 0.900, accuracy: 64.40, lr: 0.001, sparsity: 0.901, network_width_mpl: 1.0
2024-11-14 01:27:17,682 - root - INFO - In validate()-> Val Ep. #9 loss: 0.998, accuracy: 61.80, sparsity: 0.901, task1 ratio: 0.099, zero ratio: 0.901, mpl: 1.0
2024-11-14 01:27:18,024 - root - INFO - In train()-> Train Ep. #10 loss: 0.866, accuracy: 66.60, lr: 0.001, sparsity: 0.901, network_width_mpl: 1.0
2024-11-14 01:27:18,142 - root - INFO - In validate()-> Val Ep. #10 loss: 0.990, accuracy: 61.60, sparsity: 0.901, task1 ratio: 0.099, zero ratio: 0.901, mpl: 1.0
2024-11-14 01:27:18,470 - root - INFO - In train()-> Train Ep. #11 loss: 0.877, accuracy: 66.00, lr: 0.001, sparsity: 0.901, network_width_mpl: 1.0
2024-11-14 01:27:18,582 - root - INFO - In validate()-> Val Ep. #11 loss: 0.977, accuracy: 63.40, sparsity: 0.901, task1 ratio: 0.099, zero ratio: 0.901, mpl: 1.0
2024-11-14 01:27:18,904 - root - INFO - In train()-> Train Ep. #12 loss: 0.848, accuracy: 67.48, lr: 0.001, sparsity: 0.901, network_width_mpl: 1.0
2024-11-14 01:27:19,021 - root - INFO - In validate()-> Val Ep. #12 loss: 0.967, accuracy: 64.80, sparsity: 0.901, task1 ratio: 0.099, zero ratio: 0.901, mpl: 1.0
2024-11-14 01:27:19,379 - root - INFO - In train()-> Train Ep. #13 loss: 0.847, accuracy: 67.12, lr: 0.001, sparsity: 0.901, network_width_mpl: 1.0
2024-11-14 01:27:19,489 - root - INFO - In validate()-> Val Ep. #13 loss: 0.962, accuracy: 64.60, sparsity: 0.901, task1 ratio: 0.099, zero ratio: 0.901, mpl: 1.0
2024-11-14 01:27:19,811 - root - INFO - In train()-> Train Ep. #14 loss: 0.847, accuracy: 67.40, lr: 0.001, sparsity: 0.901, network_width_mpl: 1.0
2024-11-14 01:27:19,946 - root - INFO - In validate()-> Val Ep. #14 loss: 0.975, accuracy: 63.40, sparsity: 0.901, task1 ratio: 0.099, zero ratio: 0.901, mpl: 1.0
2024-11-14 01:27:20,259 - root - INFO - In train()-> Train Ep. #15 loss: 0.833, accuracy: 68.28, lr: 0.001, sparsity: 0.901, network_width_mpl: 1.0
2024-11-14 01:27:20,372 - root - INFO - In validate()-> Val Ep. #15 loss: 0.971, accuracy: 63.80, sparsity: 0.901, task1 ratio: 0.099, zero ratio: 0.901, mpl: 1.0
2024-11-14 01:27:20,703 - root - INFO - In train()-> Train Ep. #16 loss: 0.826, accuracy: 68.20, lr: 0.001, sparsity: 0.901, network_width_mpl: 1.0
2024-11-14 01:27:20,831 - root - INFO - In validate()-> Val Ep. #16 loss: 0.957, accuracy: 64.40, sparsity: 0.901, task1 ratio: 0.099, zero ratio: 0.901, mpl: 1.0
2024-11-14 01:27:21,149 - root - INFO - In train()-> Train Ep. #17 loss: 0.821, accuracy: 68.60, lr: 0.001, sparsity: 0.901, network_width_mpl: 1.0
2024-11-14 01:27:21,264 - root - INFO - In validate()-> Val Ep. #17 loss: 0.982, accuracy: 64.60, sparsity: 0.901, task1 ratio: 0.099, zero ratio: 0.901, mpl: 1.0
2024-11-14 01:27:21,581 - root - INFO - In train()-> Train Ep. #18 loss: 0.821, accuracy: 68.84, lr: 0.001, sparsity: 0.901, network_width_mpl: 1.0
2024-11-14 01:27:21,702 - root - INFO - In validate()-> Val Ep. #18 loss: 0.951, accuracy: 64.40, sparsity: 0.901, task1 ratio: 0.099, zero ratio: 0.901, mpl: 1.0
2024-11-14 01:27:22,044 - root - INFO - In train()-> Train Ep. #19 loss: 0.814, accuracy: 69.08, lr: 0.001, sparsity: 0.901, network_width_mpl: 1.0
2024-11-14 01:27:22,159 - root - INFO - In validate()-> Val Ep. #19 loss: 0.943, accuracy: 66.00, sparsity: 0.901, task1 ratio: 0.099, zero ratio: 0.901, mpl: 1.0
2024-11-14 01:27:22,465 - root - INFO - In train()-> Train Ep. #20 loss: 0.818, accuracy: 68.44, lr: 0.001, sparsity: 0.901, network_width_mpl: 1.0
2024-11-14 01:27:22,576 - root - INFO - In validate()-> Val Ep. #20 loss: 0.944, accuracy: 65.20, sparsity: 0.901, task1 ratio: 0.099, zero ratio: 0.901, mpl: 1.0
2024-11-14 01:27:22,578 - root - INFO - ----------------
2024-11-14 01:27:24,870 - root - INFO - 
2024-11-14 01:27:24,870 - root - INFO - Before pruning: 
2024-11-14 01:27:24,870 - root - INFO - Sparsity range: 0.9 -> 0.95
2024-11-14 01:27:25,146 - root - INFO - In validate()-> Val Ep. #0 loss: 0.944, accuracy: 65.20, sparsity: 0.901, task1 ratio: 0.099, zero ratio: 0.901, mpl: 1.0
2024-11-14 01:27:25,146 - root - INFO - 
2024-11-14 01:27:25,538 - root - INFO - In train()-> Train Ep. #1 loss: 0.800, accuracy: 69.96, lr: 0.001, sparsity: 0.926, network_width_mpl: 1.0
2024-11-14 01:27:25,646 - root - INFO - In validate()-> Val Ep. #1 loss: 2.106, accuracy: 35.20, sparsity: 0.926, task1 ratio: 0.074, zero ratio: 0.926, mpl: 1.0
2024-11-14 01:27:25,972 - root - INFO - In train()-> Train Ep. #2 loss: 1.043, accuracy: 60.68, lr: 0.001, sparsity: 0.943, network_width_mpl: 1.0
2024-11-14 01:27:26,101 - root - INFO - In validate()-> Val Ep. #2 loss: 1.732, accuracy: 40.60, sparsity: 0.943, task1 ratio: 0.057, zero ratio: 0.943, mpl: 1.0
2024-11-14 01:27:26,454 - root - INFO - In train()-> Train Ep. #3 loss: 1.134, accuracy: 56.56, lr: 0.001, sparsity: 0.949, network_width_mpl: 1.0
2024-11-14 01:27:26,580 - root - INFO - In validate()-> Val Ep. #3 loss: 1.506, accuracy: 41.20, sparsity: 0.949, task1 ratio: 0.051, zero ratio: 0.949, mpl: 1.0
2024-11-14 01:27:26,958 - root - INFO - In train()-> Train Ep. #4 loss: 1.161, accuracy: 54.28, lr: 0.001, sparsity: 0.951, network_width_mpl: 1.0
2024-11-14 01:27:27,099 - root - INFO - In validate()-> Val Ep. #4 loss: 1.247, accuracy: 51.00, sparsity: 0.951, task1 ratio: 0.049, zero ratio: 0.951, mpl: 1.0
2024-11-14 01:27:27,483 - root - INFO - In train()-> Train Ep. #5 loss: 1.069, accuracy: 58.96, lr: 0.001, sparsity: 0.951, network_width_mpl: 1.0
2024-11-14 01:27:27,615 - root - INFO - In validate()-> Val Ep. #5 loss: 1.098, accuracy: 55.00, sparsity: 0.951, task1 ratio: 0.049, zero ratio: 0.951, mpl: 1.0
2024-11-14 01:27:27,979 - root - INFO - In train()-> Train Ep. #6 loss: 1.037, accuracy: 59.20, lr: 0.001, sparsity: 0.951, network_width_mpl: 1.0
2024-11-14 01:27:28,093 - root - INFO - In validate()-> Val Ep. #6 loss: 1.069, accuracy: 57.80, sparsity: 0.951, task1 ratio: 0.049, zero ratio: 0.951, mpl: 1.0
2024-11-14 01:27:28,433 - root - INFO - In train()-> Train Ep. #7 loss: 1.034, accuracy: 60.08, lr: 0.001, sparsity: 0.951, network_width_mpl: 1.0
2024-11-14 01:27:28,556 - root - INFO - In validate()-> Val Ep. #7 loss: 1.067, accuracy: 56.80, sparsity: 0.951, task1 ratio: 0.049, zero ratio: 0.951, mpl: 1.0
2024-11-14 01:27:28,884 - root - INFO - In train()-> Train Ep. #8 loss: 1.010, accuracy: 60.04, lr: 0.001, sparsity: 0.951, network_width_mpl: 1.0
2024-11-14 01:27:29,000 - root - INFO - In validate()-> Val Ep. #8 loss: 1.056, accuracy: 57.60, sparsity: 0.951, task1 ratio: 0.049, zero ratio: 0.951, mpl: 1.0
2024-11-14 01:27:29,325 - root - INFO - In train()-> Train Ep. #9 loss: 1.013, accuracy: 60.84, lr: 0.001, sparsity: 0.951, network_width_mpl: 1.0
2024-11-14 01:27:29,463 - root - INFO - In validate()-> Val Ep. #9 loss: 1.056, accuracy: 56.00, sparsity: 0.951, task1 ratio: 0.049, zero ratio: 0.951, mpl: 1.0
2024-11-14 01:27:29,774 - root - INFO - In train()-> Train Ep. #10 loss: 0.997, accuracy: 59.80, lr: 0.001, sparsity: 0.951, network_width_mpl: 1.0
2024-11-14 01:27:29,887 - root - INFO - In validate()-> Val Ep. #10 loss: 1.046, accuracy: 57.00, sparsity: 0.951, task1 ratio: 0.049, zero ratio: 0.951, mpl: 1.0
2024-11-14 01:27:30,196 - root - INFO - In train()-> Train Ep. #11 loss: 1.022, accuracy: 60.72, lr: 0.001, sparsity: 0.951, network_width_mpl: 1.0
2024-11-14 01:27:30,319 - root - INFO - In validate()-> Val Ep. #11 loss: 1.035, accuracy: 57.60, sparsity: 0.951, task1 ratio: 0.049, zero ratio: 0.951, mpl: 1.0
2024-11-14 01:27:30,658 - root - INFO - In train()-> Train Ep. #12 loss: 0.983, accuracy: 63.40, lr: 0.001, sparsity: 0.951, network_width_mpl: 1.0
2024-11-14 01:27:30,790 - root - INFO - In validate()-> Val Ep. #12 loss: 1.038, accuracy: 58.20, sparsity: 0.951, task1 ratio: 0.049, zero ratio: 0.951, mpl: 1.0
2024-11-14 01:27:31,136 - root - INFO - In train()-> Train Ep. #13 loss: 0.988, accuracy: 61.84, lr: 0.001, sparsity: 0.951, network_width_mpl: 1.0
2024-11-14 01:27:31,247 - root - INFO - In validate()-> Val Ep. #13 loss: 1.033, accuracy: 59.60, sparsity: 0.951, task1 ratio: 0.049, zero ratio: 0.951, mpl: 1.0
2024-11-14 01:27:31,573 - root - INFO - In train()-> Train Ep. #14 loss: 0.977, accuracy: 61.96, lr: 0.001, sparsity: 0.951, network_width_mpl: 1.0
2024-11-14 01:27:31,682 - root - INFO - In validate()-> Val Ep. #14 loss: 1.034, accuracy: 57.60, sparsity: 0.951, task1 ratio: 0.049, zero ratio: 0.951, mpl: 1.0
2024-11-14 01:27:31,998 - root - INFO - In train()-> Train Ep. #15 loss: 0.980, accuracy: 62.24, lr: 0.001, sparsity: 0.951, network_width_mpl: 1.0
2024-11-14 01:27:32,121 - root - INFO - In validate()-> Val Ep. #15 loss: 1.027, accuracy: 58.80, sparsity: 0.951, task1 ratio: 0.049, zero ratio: 0.951, mpl: 1.0
2024-11-14 01:27:32,423 - root - INFO - In train()-> Train Ep. #16 loss: 0.976, accuracy: 62.68, lr: 0.001, sparsity: 0.951, network_width_mpl: 1.0
2024-11-14 01:27:32,549 - root - INFO - In validate()-> Val Ep. #16 loss: 1.024, accuracy: 59.80, sparsity: 0.951, task1 ratio: 0.049, zero ratio: 0.951, mpl: 1.0
2024-11-14 01:27:32,866 - root - INFO - In train()-> Train Ep. #17 loss: 0.966, accuracy: 62.76, lr: 0.001, sparsity: 0.951, network_width_mpl: 1.0
2024-11-14 01:27:32,980 - root - INFO - In validate()-> Val Ep. #17 loss: 1.040, accuracy: 58.60, sparsity: 0.951, task1 ratio: 0.049, zero ratio: 0.951, mpl: 1.0
2024-11-14 01:27:33,304 - root - INFO - In train()-> Train Ep. #18 loss: 0.969, accuracy: 63.08, lr: 0.001, sparsity: 0.951, network_width_mpl: 1.0
2024-11-14 01:27:33,416 - root - INFO - In validate()-> Val Ep. #18 loss: 1.022, accuracy: 60.80, sparsity: 0.951, task1 ratio: 0.049, zero ratio: 0.951, mpl: 1.0
2024-11-14 01:27:33,727 - root - INFO - In train()-> Train Ep. #19 loss: 0.958, accuracy: 62.32, lr: 0.001, sparsity: 0.951, network_width_mpl: 1.0
2024-11-14 01:27:33,840 - root - INFO - In validate()-> Val Ep. #19 loss: 1.014, accuracy: 59.80, sparsity: 0.951, task1 ratio: 0.049, zero ratio: 0.951, mpl: 1.0
2024-11-14 01:27:34,155 - root - INFO - In train()-> Train Ep. #20 loss: 0.968, accuracy: 62.52, lr: 0.001, sparsity: 0.951, network_width_mpl: 1.0
2024-11-14 01:27:34,268 - root - INFO - In validate()-> Val Ep. #20 loss: 1.011, accuracy: 61.40, sparsity: 0.951, task1 ratio: 0.049, zero ratio: 0.951, mpl: 1.0
2024-11-14 01:27:34,270 - root - INFO - ----------------
